{"timestamp":"2021-05-06 19:45:38","level":"info",message:{"data":"Server Start"}}
{"timestamp":"2021-05-06 19:47:49","level":"error",message:{"data":{},"request":{"url":"/User/refreshtoken","header":{"host":"localhost:3001","connection":"keep-alive","content-length":"20","sec-ch-ua":"\" Not A;Brand\";v=\"99\", \"Chromium\";v=\"90\", \"Google Chrome\";v=\"90\"","accept":"application/json, text/plain, */*","sec-ch-ua-mobile":"?0","user-agent":"Mozilla/5.0 (Windows NT 10.0; Win64; x64) AppleWebKit/537.36 (KHTML, like Gecko) Chrome/90.0.4430.93 Safari/537.36","content-type":"application/json","origin":"http://localhost:3000","sec-fetch-site":"same-site","sec-fetch-mode":"cors","sec-fetch-dest":"empty","referer":"http://localhost:3000/","accept-encoding":"gzip, deflate, br","accept-language":"vi-VN,vi;q=0.9,fr-FR;q=0.8,fr;q=0.7,en-US;q=0.6,en;q=0.5"},"body":{"refreshToken":"_"},"params":{}}},"stack" : Error: {"data":{},"request":{"url":"/User/refreshtoken","header":{"host":"localhost:3001","connection":"keep-alive","content-length":"20","sec-ch-ua":"\" Not A;Brand\";v=\"99\", \"Chromium\";v=\"90\", \"Google Chrome\";v=\"90\"","accept":"application/json, text/plain, */*","sec-ch-ua-mobile":"?0","user-agent":"Mozilla/5.0 (Windows NT 10.0; Win64; x64) AppleWebKit/537.36 (KHTML, like Gecko) Chrome/90.0.4430.93 Safari/537.36","content-type":"application/json","origin":"http://localhost:3000","sec-fetch-site":"same-site","sec-fetch-mode":"cors","sec-fetch-dest":"empty","referer":"http://localhost:3000/","accept-encoding":"gzip, deflate, br","accept-language":"vi-VN,vi;q=0.9,fr-FR;q=0.8,fr;q=0.7,en-US;q=0.6,en;q=0.5"},"body":{"refreshToken":"_"},"params":{}}}
    at Object.exports.LogError (G:\REACT\serve-xemphim\api\FuncLib\FuncLog.js:23:19)
    at exports.is_user (G:\REACT\serve-xemphim\api\middleware\token.js:79:7)
    at Layer.handle [as handle_request] (G:\REACT\serve-xemphim\node_modules\express\lib\router\layer.js:95:5)
    at next (G:\REACT\serve-xemphim\node_modules\express\lib\router\route.js:137:13)
    at Route.dispatch (G:\REACT\serve-xemphim\node_modules\express\lib\router\route.js:112:3)
    at Layer.handle [as handle_request] (G:\REACT\serve-xemphim\node_modules\express\lib\router\layer.js:95:5)
    at G:\REACT\serve-xemphim\node_modules\express\lib\router\index.js:281:22
    at Function.process_params (G:\REACT\serve-xemphim\node_modules\express\lib\router\index.js:335:12)
    at next (G:\REACT\serve-xemphim\node_modules\express\lib\router\index.js:275:10)
    at Function.handle (G:\REACT\serve-xemphim\node_modules\express\lib\router\index.js:174:3)
    at router (G:\REACT\serve-xemphim\node_modules\express\lib\router\index.js:47:12)
    at Layer.handle [as handle_request] (G:\REACT\serve-xemphim\node_modules\express\lib\router\layer.js:95:5)
    at trim_prefix (G:\REACT\serve-xemphim\node_modules\express\lib\router\index.js:317:13)
    at G:\REACT\serve-xemphim\node_modules\express\lib\router\index.js:284:7
    at Function.process_params (G:\REACT\serve-xemphim\node_modules\express\lib\router\index.js:335:12)
    at next (G:\REACT\serve-xemphim\node_modules\express\lib\router\index.js:275:10)}
{"timestamp":"2021-05-06 19:47:50","level":"info",message:{"data":"/Menu"}}
{"timestamp":"2021-05-06 19:47:50","level":"info",message:{"data":"/User/getuserlogin"}}
{"timestamp":"2021-05-06 19:56:27","level":"info",message:{"data":"/Menu"}}
{"timestamp":"2021-05-06 19:56:27","level":"info",message:{"data":"/User/getuserlogin"}}
{"timestamp":"2021-05-06 19:58:38","level":"error",message:{"request":{"url":"/User/login","header":{"host":"localhost:3001","connection":"keep-alive","content-length":"40","sec-ch-ua":"\" Not A;Brand\";v=\"99\", \"Chromium\";v=\"90\", \"Google Chrome\";v=\"90\"","accept":"application/json, text/plain, */*","sec-ch-ua-mobile":"?0","user-agent":"Mozilla/5.0 (Windows NT 10.0; Win64; x64) AppleWebKit/537.36 (KHTML, like Gecko) Chrome/90.0.4430.93 Safari/537.36","content-type":"application/json","origin":"http://localhost:3000","sec-fetch-site":"same-site","sec-fetch-mode":"cors","sec-fetch-dest":"empty","referer":"http://localhost:3000/","accept-encoding":"gzip, deflate, br","accept-language":"vi-VN,vi;q=0.9,fr-FR;q=0.8,fr;q=0.7,en-US;q=0.6,en;q=0.5"},"body":{"username":"admin","pass":"anhtrong94"},"params":{}}},"stack" : Error: {"request":{"url":"/User/login","header":{"host":"localhost:3001","connection":"keep-alive","content-length":"40","sec-ch-ua":"\" Not A;Brand\";v=\"99\", \"Chromium\";v=\"90\", \"Google Chrome\";v=\"90\"","accept":"application/json, text/plain, */*","sec-ch-ua-mobile":"?0","user-agent":"Mozilla/5.0 (Windows NT 10.0; Win64; x64) AppleWebKit/537.36 (KHTML, like Gecko) Chrome/90.0.4430.93 Safari/537.36","content-type":"application/json","origin":"http://localhost:3000","sec-fetch-site":"same-site","sec-fetch-mode":"cors","sec-fetch-dest":"empty","referer":"http://localhost:3000/","accept-encoding":"gzip, deflate, br","accept-language":"vi-VN,vi;q=0.9,fr-FR;q=0.8,fr;q=0.7,en-US;q=0.6,en;q=0.5"},"body":{"username":"admin","pass":"anhtrong94"},"params":{}}}
    at Object.exports.LogError (G:\REACT\serve-xemphim\api\FuncLib\FuncLog.js:23:19)
    at G:\REACT\serve-xemphim\api\controller\user.js:284:25
    at processTicksAndRejections (internal/process/task_queues.js:97:5)}
{"timestamp":"2021-05-06 19:59:29","level":"error",message:{"request":{"url":"/User/login","header":{"host":"localhost:3001","connection":"keep-alive","content-length":"42","sec-ch-ua":"\" Not A;Brand\";v=\"99\", \"Chromium\";v=\"90\", \"Google Chrome\";v=\"90\"","accept":"application/json, text/plain, */*","sec-ch-ua-mobile":"?0","user-agent":"Mozilla/5.0 (Windows NT 10.0; Win64; x64) AppleWebKit/537.36 (KHTML, like Gecko) Chrome/90.0.4430.93 Safari/537.36","content-type":"application/json","origin":"http://localhost:3000","sec-fetch-site":"same-site","sec-fetch-mode":"cors","sec-fetch-dest":"empty","referer":"http://localhost:3000/","accept-encoding":"gzip, deflate, br","accept-language":"vi-VN,vi;q=0.9,fr-FR;q=0.8,fr;q=0.7,en-US;q=0.6,en;q=0.5"},"body":{"username":"admin","pass":"trongdaica94"},"params":{}}},"stack" : Error: {"request":{"url":"/User/login","header":{"host":"localhost:3001","connection":"keep-alive","content-length":"42","sec-ch-ua":"\" Not A;Brand\";v=\"99\", \"Chromium\";v=\"90\", \"Google Chrome\";v=\"90\"","accept":"application/json, text/plain, */*","sec-ch-ua-mobile":"?0","user-agent":"Mozilla/5.0 (Windows NT 10.0; Win64; x64) AppleWebKit/537.36 (KHTML, like Gecko) Chrome/90.0.4430.93 Safari/537.36","content-type":"application/json","origin":"http://localhost:3000","sec-fetch-site":"same-site","sec-fetch-mode":"cors","sec-fetch-dest":"empty","referer":"http://localhost:3000/","accept-encoding":"gzip, deflate, br","accept-language":"vi-VN,vi;q=0.9,fr-FR;q=0.8,fr;q=0.7,en-US;q=0.6,en;q=0.5"},"body":{"username":"admin","pass":"trongdaica94"},"params":{}}}
    at Object.exports.LogError (G:\REACT\serve-xemphim\api\FuncLib\FuncLog.js:23:19)
    at G:\REACT\serve-xemphim\api\controller\user.js:284:25
    at processTicksAndRejections (internal/process/task_queues.js:97:5)}
{"timestamp":"2021-05-06 20:02:50","level":"info",message:{"data":"/Menu"}}
{"timestamp":"2021-05-06 20:02:50","level":"info",message:{"data":"/User/getuserlogin"}}
{"timestamp":"2021-05-06 20:03:04","level":"error",message:{"request":{"url":"/User/login","header":{"host":"localhost:3001","connection":"keep-alive","content-length":"40","sec-ch-ua":"\" Not A;Brand\";v=\"99\", \"Chromium\";v=\"90\", \"Google Chrome\";v=\"90\"","accept":"application/json, text/plain, */*","sec-ch-ua-mobile":"?0","user-agent":"Mozilla/5.0 (Windows NT 10.0; Win64; x64) AppleWebKit/537.36 (KHTML, like Gecko) Chrome/90.0.4430.93 Safari/537.36","content-type":"application/json","origin":"http://localhost:3000","sec-fetch-site":"same-site","sec-fetch-mode":"cors","sec-fetch-dest":"empty","referer":"http://localhost:3000/","accept-encoding":"gzip, deflate, br","accept-language":"vi-VN,vi;q=0.9,fr-FR;q=0.8,fr;q=0.7,en-US;q=0.6,en;q=0.5"},"body":{"username":"admin","pass":"anhtrong94"},"params":{}}},"stack" : Error: {"request":{"url":"/User/login","header":{"host":"localhost:3001","connection":"keep-alive","content-length":"40","sec-ch-ua":"\" Not A;Brand\";v=\"99\", \"Chromium\";v=\"90\", \"Google Chrome\";v=\"90\"","accept":"application/json, text/plain, */*","sec-ch-ua-mobile":"?0","user-agent":"Mozilla/5.0 (Windows NT 10.0; Win64; x64) AppleWebKit/537.36 (KHTML, like Gecko) Chrome/90.0.4430.93 Safari/537.36","content-type":"application/json","origin":"http://localhost:3000","sec-fetch-site":"same-site","sec-fetch-mode":"cors","sec-fetch-dest":"empty","referer":"http://localhost:3000/","accept-encoding":"gzip, deflate, br","accept-language":"vi-VN,vi;q=0.9,fr-FR;q=0.8,fr;q=0.7,en-US;q=0.6,en;q=0.5"},"body":{"username":"admin","pass":"anhtrong94"},"params":{}}}
    at Object.exports.LogError (G:\REACT\serve-xemphim\api\FuncLib\FuncLog.js:23:19)
    at G:\REACT\serve-xemphim\api\controller\user.js:284:25
    at runMicrotasks (<anonymous>)
    at processTicksAndRejections (internal/process/task_queues.js:97:5)}
{"timestamp":"2021-05-06 20:04:05","level":"info",message:{"data":"/Menu"}}
{"timestamp":"2021-05-06 20:04:06","level":"info",message:{"data":"/User/getuserlogin"}}
{"timestamp":"2021-05-06 20:08:55","level":"info",message:{"data":"Server Start"}}
{"timestamp":"2021-05-06 20:09:19","level":"info",message:{"data":"Server Start"}}
{"timestamp":"2021-05-06 20:14:13","level":"info",message:{"data":"Server Start"}}
{"timestamp":"2021-05-06 20:14:21","level":"info",message:{"data":"/Menu"}}
{"timestamp":"2021-05-06 20:14:21","level":"info",message:{"data":"/User/getuserlogin"}}
{"timestamp":"2021-05-06 20:14:22","level":"error",message:{"data":{"stringValue":"\"a\"","kind":"ObjectId","value":"a","path":"id","reason":{}},"request":{"url":"/User/checkusername/a","header":{"host":"localhost:3001","connection":"keep-alive","sec-ch-ua":"\" Not A;Brand\";v=\"99\", \"Chromium\";v=\"90\", \"Google Chrome\";v=\"90\"","accept":"application/json, text/plain, */*","sec-ch-ua-mobile":"?0","user-agent":"Mozilla/5.0 (Windows NT 10.0; Win64; x64) AppleWebKit/537.36 (KHTML, like Gecko) Chrome/90.0.4430.93 Safari/537.36","origin":"http://localhost:3000","sec-fetch-site":"same-site","sec-fetch-mode":"cors","sec-fetch-dest":"empty","referer":"http://localhost:3000/","accept-encoding":"gzip, deflate, br","accept-language":"vi-VN,vi;q=0.9,fr-FR;q=0.8,fr;q=0.7,en-US;q=0.6,en;q=0.5"},"body":{},"params":{"username":"a"}}},"stack" : Error: {"data":{"stringValue":"\"a\"","kind":"ObjectId","value":"a","path":"id","reason":{}},"request":{"url":"/User/checkusername/a","header":{"host":"localhost:3001","connection":"keep-alive","sec-ch-ua":"\" Not A;Brand\";v=\"99\", \"Chromium\";v=\"90\", \"Google Chrome\";v=\"90\"","accept":"application/json, text/plain, */*","sec-ch-ua-mobile":"?0","user-agent":"Mozilla/5.0 (Windows NT 10.0; Win64; x64) AppleWebKit/537.36 (KHTML, like Gecko) Chrome/90.0.4430.93 Safari/537.36","origin":"http://localhost:3000","sec-fetch-site":"same-site","sec-fetch-mode":"cors","sec-fetch-dest":"empty","referer":"http://localhost:3000/","accept-encoding":"gzip, deflate, br","accept-language":"vi-VN,vi;q=0.9,fr-FR;q=0.8,fr;q=0.7,en-US;q=0.6,en;q=0.5"},"body":{},"params":{"username":"a"}}}
    at Object.exports.LogError (G:\REACT\serve-xemphim\api\FuncLib\FuncLog.js:23:19)
    at G:\REACT\serve-xemphim\api\controller\user.js:75:17
    at processTicksAndRejections (internal/process/task_queues.js:97:5)}
{"timestamp":"2021-05-06 20:15:27","level":"info",message:{"data":"Server Start"}}
{"timestamp":"2021-05-06 20:15:31","level":"info",message:{"data":"/Menu"}}
{"timestamp":"2021-05-06 20:15:31","level":"info",message:{"data":"/User/getuserlogin"}}
{"timestamp":"2021-05-06 20:15:34","level":"info",message:{"data":"/User/checkusername/a"}}
{"timestamp":"2021-05-06 20:15:34","level":"info",message:{"data":"/User/checkusername/ad"}}
{"timestamp":"2021-05-06 20:15:37","level":"info",message:{"data":"/User/checkusername/adm"}}
{"timestamp":"2021-05-06 20:15:38","level":"info",message:{"data":"/User/checkusername/admi"}}
{"timestamp":"2021-05-06 20:15:40","level":"info",message:{"data":"/User/checkusername/admin"}}
{"timestamp":"2021-05-06 20:15:44","level":"info",message:{"data":"/User/checkusername/admin1"}}
{"timestamp":"2021-05-06 20:15:46","level":"info",message:{"data":"/User/checkusername/admin"}}
{"timestamp":"2021-05-06 20:15:47","level":"info",message:{"data":"/User/checkusername/admins"}}
{"timestamp":"2021-05-06 20:15:47","level":"info",message:{"data":"/User/checkusername/adminsta"}}
{"timestamp":"2021-05-06 20:15:47","level":"info",message:{"data":"/User/checkusername/adminsta"}}
{"timestamp":"2021-05-06 20:15:49","level":"info",message:{"data":"/User/checkusername/adminstat"}}
{"timestamp":"2021-05-06 20:15:49","level":"info",message:{"data":"/User/checkusername/adminstato"}}
{"timestamp":"2021-05-06 20:15:50","level":"info",message:{"data":"/User/checkusername/adminstator"}}
{"timestamp":"2021-05-06 20:15:51","level":"info",message:{"data":"/User/checkusername/adminstato"}}
{"timestamp":"2021-05-06 20:15:51","level":"info",message:{"data":"/User/checkusername/adminstat"}}
{"timestamp":"2021-05-06 20:15:51","level":"info",message:{"data":"/User/checkusername/adminsta"}}
{"timestamp":"2021-05-06 20:15:51","level":"info",message:{"data":"/User/checkusername/adminst"}}
{"timestamp":"2021-05-06 20:15:51","level":"info",message:{"data":"/User/checkusername/admins"}}
{"timestamp":"2021-05-06 20:15:52","level":"info",message:{"data":"/User/checkusername/admin"}}
{"timestamp":"2021-05-06 20:16:39","level":"info",message:{"data":"/User/checkusername/admi"}}
{"timestamp":"2021-05-06 20:16:41","level":"info",message:{"data":"/User/checkusername/adm"}}
{"timestamp":"2021-05-06 20:16:41","level":"info",message:{"data":"/User/checkusername/admi"}}
{"timestamp":"2021-05-06 20:16:42","level":"info",message:{"data":"/User/checkusername/admin"}}
