{"timestamp":"2021-05-21 00:00:18","level":"info",message:{"data":"/User/getuserlogin"}}
{"timestamp":"2021-05-21 00:00:18","level":"info",message:{"data":"/User/GetNotification/0"}}
{"timestamp":"2021-05-21 00:00:19","level":"info",message:{"data":"/User/refreshtoken"}}
{"timestamp":"2021-05-21 00:00:19","level":"info",message:{"data":"/User/getuserlogin"}}
{"timestamp":"2021-05-21 00:00:19","level":"info",message:{"data":"/Getdeafult/listReport"}}
{"timestamp":"2021-05-21 00:00:19","level":"info",message:{"data":"/Getdeafult/Getemoj"}}
{"timestamp":"2021-05-21 00:00:19","level":"info",message:{"data":"/Getdeafult/get_lst_bieucamimg"}}
{"timestamp":"2021-05-21 00:00:19","level":"info",message:{"data":"/User/GetApproved/0"}}
{"timestamp":"2021-05-21 00:00:19","level":"info",message:{"data":"/User/getlistemoj"}}
{"timestamp":"2021-05-21 00:00:19","level":"info",message:{"data":"/User/GetListBlockUser"}}
{"timestamp":"2021-05-21 00:00:19","level":"info",message:{"data":"/User/getHistoryEmoj"}}
{"timestamp":"2021-05-21 00:00:19","level":"info",message:{"data":"/User/GetListUserBlockMe"}}
{"timestamp":"2021-05-21 00:00:19","level":"info",message:{"data":"/User/GetNotification/0"}}
{"timestamp":"2021-05-21 00:00:19","level":"info",message:{"data":"/User/getusersetting"}}
{"timestamp":"2021-05-21 00:00:20","level":"info",message:{"data":"/User/getaproved_send"}}
{"timestamp":"2021-05-21 00:00:20","level":"info",message:{"data":"/User/GetApproved/0"}}
{"timestamp":"2021-05-21 00:02:05","level":"info",message:{"data":"/User/getuserlogin"}}
{"timestamp":"2021-05-21 00:02:05","level":"info",message:{"data":"/User/GetNotification/0"}}
{"timestamp":"2021-05-21 00:02:06","level":"info",message:{"data":"/User/getuserlogin"}}
{"timestamp":"2021-05-21 00:02:06","level":"info",message:{"data":"/Getdeafult/listReport"}}
{"timestamp":"2021-05-21 00:02:06","level":"info",message:{"data":"/User/getlistemoj"}}
{"timestamp":"2021-05-21 00:02:06","level":"info",message:{"data":"/User/GetApproved/0"}}
{"timestamp":"2021-05-21 00:02:06","level":"info",message:{"data":"/Getdeafult/get_lst_bieucamimg"}}
{"timestamp":"2021-05-21 00:02:06","level":"info",message:{"data":"/User/refreshtoken"}}
{"timestamp":"2021-05-21 00:02:06","level":"info",message:{"data":"/User/getHistoryEmoj"}}
{"timestamp":"2021-05-21 00:02:06","level":"info",message:{"data":"/Getdeafult/Getemoj"}}
{"timestamp":"2021-05-21 00:02:06","level":"info",message:{"data":"/User/GetListBlockUser"}}
{"timestamp":"2021-05-21 00:02:06","level":"info",message:{"data":"/User/getusersetting"}}
{"timestamp":"2021-05-21 00:02:06","level":"info",message:{"data":"/User/GetListUserBlockMe"}}
{"timestamp":"2021-05-21 00:02:06","level":"info",message:{"data":"/User/getaproved_send"}}
{"timestamp":"2021-05-21 00:02:07","level":"info",message:{"data":"/User/GetNotification/0"}}
{"timestamp":"2021-05-21 00:02:07","level":"info",message:{"data":"/User/GetApproved/0"}}
{"timestamp":"2021-05-21 00:02:31","level":"info",message:{"data":"/User/getuserlogin"}}
{"timestamp":"2021-05-21 00:02:31","level":"info",message:{"data":"/User/GetApproved/0"}}
{"timestamp":"2021-05-21 00:02:31","level":"info",message:{"data":"/User/GetNotification/0"}}
{"timestamp":"2021-05-21 00:02:31","level":"info",message:{"data":"/User/getuserlogin"}}
{"timestamp":"2021-05-21 00:02:32","level":"info",message:{"data":"/Getdeafult/listReport"}}
{"timestamp":"2021-05-21 00:02:32","level":"info",message:{"data":"/User/GetListBlockUser"}}
{"timestamp":"2021-05-21 00:02:32","level":"info",message:{"data":"/User/refreshtoken"}}
{"timestamp":"2021-05-21 00:02:32","level":"info",message:{"data":"/User/getHistoryEmoj"}}
{"timestamp":"2021-05-21 00:02:32","level":"info",message:{"data":"/User/getlistemoj"}}
{"timestamp":"2021-05-21 00:02:32","level":"info",message:{"data":"/User/GetListUserBlockMe"}}
{"timestamp":"2021-05-21 00:02:32","level":"info",message:{"data":"/Getdeafult/get_lst_bieucamimg"}}
{"timestamp":"2021-05-21 00:02:32","level":"info",message:{"data":"/Getdeafult/Getemoj"}}
{"timestamp":"2021-05-21 00:02:32","level":"info",message:{"data":"/User/getusersetting"}}
{"timestamp":"2021-05-21 00:02:32","level":"info",message:{"data":"/User/getaproved_send"}}
{"timestamp":"2021-05-21 00:02:32","level":"info",message:{"data":"/User/GetApproved/0"}}
{"timestamp":"2021-05-21 00:02:32","level":"info",message:{"data":"/User/GetNotification/0"}}
{"timestamp":"2021-05-21 00:05:19","level":"info",message:{"data":"/User/getuserlogin"}}
{"timestamp":"2021-05-21 00:05:19","level":"info",message:{"data":"/User/GetNotification/0"}}
{"timestamp":"2021-05-21 00:05:19","level":"info",message:{"data":"/User/getuserlogin"}}
{"timestamp":"2021-05-21 00:05:20","level":"info",message:{"data":"/User/refreshtoken"}}
{"timestamp":"2021-05-21 00:05:20","level":"info",message:{"data":"/User/GetApproved/0"}}
{"timestamp":"2021-05-21 00:05:20","level":"info",message:{"data":"/Getdeafult/listReport"}}
{"timestamp":"2021-05-21 00:05:20","level":"info",message:{"data":"/User/getlistemoj"}}
{"timestamp":"2021-05-21 00:05:20","level":"info",message:{"data":"/User/getHistoryEmoj"}}
{"timestamp":"2021-05-21 00:05:20","level":"info",message:{"data":"/User/GetListBlockUser"}}
{"timestamp":"2021-05-21 00:05:20","level":"info",message:{"data":"/Getdeafult/get_lst_bieucamimg"}}
{"timestamp":"2021-05-21 00:05:20","level":"info",message:{"data":"/Getdeafult/Getemoj"}}
{"timestamp":"2021-05-21 00:05:20","level":"info",message:{"data":"/User/GetListUserBlockMe"}}
{"timestamp":"2021-05-21 00:05:20","level":"info",message:{"data":"/User/getusersetting"}}
{"timestamp":"2021-05-21 00:05:20","level":"info",message:{"data":"/User/getaproved_send"}}
{"timestamp":"2021-05-21 00:05:20","level":"info",message:{"data":"/User/GetNotification/0"}}
{"timestamp":"2021-05-21 00:05:21","level":"info",message:{"data":"/User/GetApproved/0"}}
{"timestamp":"2021-05-21 00:05:38","level":"info",message:{"data":"/User/getuserlogin"}}
{"timestamp":"2021-05-21 00:05:38","level":"info",message:{"data":"/User/GetNotification/0"}}
{"timestamp":"2021-05-21 00:05:38","level":"info",message:{"data":"/User/refreshtoken"}}
{"timestamp":"2021-05-21 00:05:39","level":"info",message:{"data":"/User/getuserlogin"}}
{"timestamp":"2021-05-21 00:05:39","level":"info",message:{"data":"/User/GetApproved/0"}}
{"timestamp":"2021-05-21 00:05:39","level":"info",message:{"data":"/User/getHistoryEmoj"}}
{"timestamp":"2021-05-21 00:05:39","level":"info",message:{"data":"/User/GetListBlockUser"}}
{"timestamp":"2021-05-21 00:05:39","level":"info",message:{"data":"/Getdeafult/get_lst_bieucamimg"}}
{"timestamp":"2021-05-21 00:05:39","level":"info",message:{"data":"/Getdeafult/listReport"}}
{"timestamp":"2021-05-21 00:05:39","level":"info",message:{"data":"/User/getlistemoj"}}
{"timestamp":"2021-05-21 00:05:39","level":"info",message:{"data":"/Getdeafult/Getemoj"}}
{"timestamp":"2021-05-21 00:05:39","level":"info",message:{"data":"/User/getusersetting"}}
{"timestamp":"2021-05-21 00:05:39","level":"info",message:{"data":"/User/GetListUserBlockMe"}}
{"timestamp":"2021-05-21 00:05:39","level":"info",message:{"data":"/User/getaproved_send"}}
{"timestamp":"2021-05-21 00:05:39","level":"info",message:{"data":"/User/GetNotification/0"}}
{"timestamp":"2021-05-21 00:05:40","level":"info",message:{"data":"/User/GetApproved/0"}}
{"timestamp":"2021-05-21 00:08:35","level":"info",message:{"data":"/User/getuserlogin"}}
{"timestamp":"2021-05-21 00:08:35","level":"info",message:{"data":"/User/GetNotification/0"}}
{"timestamp":"2021-05-21 00:08:35","level":"info",message:{"data":"/User/refreshtoken"}}
{"timestamp":"2021-05-21 00:08:35","level":"info",message:{"data":"/Getdeafult/listReport"}}
{"timestamp":"2021-05-21 00:08:35","level":"info",message:{"data":"/Getdeafult/get_lst_bieucamimg"}}
{"timestamp":"2021-05-21 00:08:35","level":"info",message:{"data":"/Getdeafult/Getemoj"}}
{"timestamp":"2021-05-21 00:08:35","level":"info",message:{"data":"/User/getuserlogin"}}
{"timestamp":"2021-05-21 00:08:35","level":"info",message:{"data":"/User/GetApproved/0"}}
{"timestamp":"2021-05-21 00:08:36","level":"info",message:{"data":"/User/getlistemoj"}}
{"timestamp":"2021-05-21 00:08:36","level":"info",message:{"data":"/User/getHistoryEmoj"}}
{"timestamp":"2021-05-21 00:08:36","level":"info",message:{"data":"/User/GetListBlockUser"}}
{"timestamp":"2021-05-21 00:08:36","level":"info",message:{"data":"/User/GetListUserBlockMe"}}
{"timestamp":"2021-05-21 00:08:36","level":"info",message:{"data":"/User/getusersetting"}}
{"timestamp":"2021-05-21 00:08:36","level":"info",message:{"data":"/User/getaproved_send"}}
{"timestamp":"2021-05-21 00:08:36","level":"info",message:{"data":"/User/GetNotification/0"}}
{"timestamp":"2021-05-21 00:08:36","level":"info",message:{"data":"/User/GetApproved/0"}}
{"timestamp":"2021-05-21 00:09:28","level":"info",message:{"data":"/User/getuserlogin"}}
{"timestamp":"2021-05-21 00:09:29","level":"info",message:{"data":"/User/GetNotification/0"}}
{"timestamp":"2021-05-21 00:09:29","level":"info",message:{"data":"/Getdeafult/listReport"}}
{"timestamp":"2021-05-21 00:09:29","level":"info",message:{"data":"/User/getuserlogin"}}
{"timestamp":"2021-05-21 00:09:29","level":"info",message:{"data":"/User/GetApproved/0"}}
{"timestamp":"2021-05-21 00:09:29","level":"info",message:{"data":"/User/refreshtoken"}}
{"timestamp":"2021-05-21 00:09:29","level":"info",message:{"data":"/User/getlistemoj"}}
{"timestamp":"2021-05-21 00:09:29","level":"info",message:{"data":"/User/getHistoryEmoj"}}
{"timestamp":"2021-05-21 00:09:29","level":"info",message:{"data":"/Getdeafult/get_lst_bieucamimg"}}
{"timestamp":"2021-05-21 00:09:29","level":"info",message:{"data":"/User/GetListBlockUser"}}
{"timestamp":"2021-05-21 00:09:29","level":"info",message:{"data":"/User/GetListUserBlockMe"}}
{"timestamp":"2021-05-21 00:09:29","level":"info",message:{"data":"/Getdeafult/Getemoj"}}
{"timestamp":"2021-05-21 00:09:30","level":"info",message:{"data":"/User/getusersetting"}}
{"timestamp":"2021-05-21 00:09:30","level":"info",message:{"data":"/User/getaproved_send"}}
{"timestamp":"2021-05-21 00:09:30","level":"info",message:{"data":"/User/GetNotification/0"}}
{"timestamp":"2021-05-21 00:09:30","level":"info",message:{"data":"/User/GetApproved/0"}}
{"timestamp":"2021-05-21 00:13:02","level":"info",message:{"data":"/User/getuserlogin"}}
{"timestamp":"2021-05-21 00:13:02","level":"info",message:{"data":"/User/GetApproved/0"}}
{"timestamp":"2021-05-21 00:13:02","level":"info",message:{"data":"/User/GetNotification/0"}}
{"timestamp":"2021-05-21 00:13:02","level":"info",message:{"data":"/User/refreshtoken"}}
{"timestamp":"2021-05-21 00:13:02","level":"info",message:{"data":"/Getdeafult/Getemoj"}}
{"timestamp":"2021-05-21 00:13:02","level":"info",message:{"data":"/Getdeafult/listReport"}}
{"timestamp":"2021-05-21 00:13:02","level":"info",message:{"data":"/Getdeafult/get_lst_bieucamimg"}}
{"timestamp":"2021-05-21 00:13:03","level":"info",message:{"data":"/User/getuserlogin"}}
{"timestamp":"2021-05-21 00:13:03","level":"info",message:{"data":"/User/GetListBlockUser"}}
{"timestamp":"2021-05-21 00:13:03","level":"info",message:{"data":"/User/getlistemoj"}}
{"timestamp":"2021-05-21 00:13:03","level":"info",message:{"data":"/User/getHistoryEmoj"}}
{"timestamp":"2021-05-21 00:13:03","level":"info",message:{"data":"/User/GetListUserBlockMe"}}
{"timestamp":"2021-05-21 00:13:03","level":"info",message:{"data":"/User/GetApproved/0"}}
{"timestamp":"2021-05-21 00:13:03","level":"info",message:{"data":"/User/getusersetting"}}
{"timestamp":"2021-05-21 00:13:03","level":"info",message:{"data":"/User/getaproved_send"}}
{"timestamp":"2021-05-21 00:13:04","level":"info",message:{"data":"/User/GetNotification/0"}}
{"timestamp":"2021-05-21 00:14:29","level":"info",message:{"data":"Server Start"}}
{"timestamp":"2021-05-21 00:14:33","level":"info",message:{"data":"/User/refreshtoken"}}
{"timestamp":"2021-05-21 00:15:39","level":"info",message:{"data":"/User/getuserlogin"}}
{"timestamp":"2021-05-21 00:15:40","level":"info",message:{"data":"/User/GetNotification/0"}}
{"timestamp":"2021-05-21 00:15:40","level":"info",message:{"data":"/User/getuserlogin"}}
{"timestamp":"2021-05-21 00:15:40","level":"info",message:{"data":"/User/GetApproved/0"}}
{"timestamp":"2021-05-21 00:15:40","level":"info",message:{"data":"/User/refreshtoken"}}
{"timestamp":"2021-05-21 00:15:41","level":"info",message:{"data":"/Getdeafult/listReport"}}
{"timestamp":"2021-05-21 00:15:41","level":"info",message:{"data":"/Getdeafult/get_lst_bieucamimg"}}
{"timestamp":"2021-05-21 00:15:41","level":"info",message:{"data":"/User/getlistemoj"}}
{"timestamp":"2021-05-21 00:15:41","level":"info",message:{"data":"/User/GetListBlockUser"}}
{"timestamp":"2021-05-21 00:15:41","level":"info",message:{"data":"/User/GetListUserBlockMe"}}
{"timestamp":"2021-05-21 00:15:41","level":"info",message:{"data":"/User/getHistoryEmoj"}}
{"timestamp":"2021-05-21 00:15:42","level":"info",message:{"data":"/Getdeafult/Getemoj"}}
{"timestamp":"2021-05-21 00:15:42","level":"info",message:{"data":"/User/GetNotification/0"}}
{"timestamp":"2021-05-21 00:15:42","level":"info",message:{"data":"/User/getusersetting"}}
{"timestamp":"2021-05-21 00:15:42","level":"info",message:{"data":"/User/GetApproved/0"}}
{"timestamp":"2021-05-21 00:15:42","level":"info",message:{"data":"/User/getaproved_send"}}
{"timestamp":"2021-05-21 00:18:55","level":"info",message:{"data":"/User/getuserlogin"}}
{"timestamp":"2021-05-21 00:18:56","level":"info",message:{"data":"/User/GetNotification/0"}}
{"timestamp":"2021-05-21 00:18:56","level":"info",message:{"data":"/Getdeafult/listReport"}}
{"timestamp":"2021-05-21 00:18:56","level":"info",message:{"data":"/User/GetApproved/0"}}
{"timestamp":"2021-05-21 00:18:56","level":"info",message:{"data":"/Getdeafult/get_lst_bieucamimg"}}
{"timestamp":"2021-05-21 00:18:56","level":"info",message:{"data":"/User/getuserlogin"}}
{"timestamp":"2021-05-21 00:18:56","level":"info",message:{"data":"/Getdeafult/Getemoj"}}
{"timestamp":"2021-05-21 00:18:56","level":"info",message:{"data":"/User/refreshtoken"}}
{"timestamp":"2021-05-21 00:18:56","level":"info",message:{"data":"/User/getHistoryEmoj"}}
{"timestamp":"2021-05-21 00:18:56","level":"info",message:{"data":"/User/getlistemoj"}}
{"timestamp":"2021-05-21 00:18:56","level":"info",message:{"data":"/User/GetListUserBlockMe"}}
{"timestamp":"2021-05-21 00:18:56","level":"info",message:{"data":"/User/GetListBlockUser"}}
{"timestamp":"2021-05-21 00:18:57","level":"info",message:{"data":"/User/getusersetting"}}
{"timestamp":"2021-05-21 00:18:57","level":"info",message:{"data":"/User/GetNotification/0"}}
{"timestamp":"2021-05-21 00:18:57","level":"info",message:{"data":"/User/getaproved_send"}}
{"timestamp":"2021-05-21 00:18:57","level":"info",message:{"data":"/User/GetApproved/0"}}
{"timestamp":"2021-05-21 00:19:09","level":"info",message:{"data":"/User/getuserlogin"}}
{"timestamp":"2021-05-21 00:19:09","level":"info",message:{"data":"/User/GetNotification/0"}}
{"timestamp":"2021-05-21 00:19:09","level":"info",message:{"data":"/User/getuserlogin"}}
{"timestamp":"2021-05-21 00:19:09","level":"info",message:{"data":"/User/GetApproved/0"}}
{"timestamp":"2021-05-21 00:19:09","level":"info",message:{"data":"/User/refreshtoken"}}
{"timestamp":"2021-05-21 00:19:09","level":"info",message:{"data":"/User/getlistemoj"}}
{"timestamp":"2021-05-21 00:19:09","level":"info",message:{"data":"/User/getHistoryEmoj"}}
{"timestamp":"2021-05-21 00:19:09","level":"info",message:{"data":"/User/GetListBlockUser"}}
{"timestamp":"2021-05-21 00:19:10","level":"info",message:{"data":"/Getdeafult/listReport"}}
{"timestamp":"2021-05-21 00:19:10","level":"info",message:{"data":"/Getdeafult/get_lst_bieucamimg"}}
{"timestamp":"2021-05-21 00:19:10","level":"info",message:{"data":"/User/GetListUserBlockMe"}}
{"timestamp":"2021-05-21 00:19:10","level":"info",message:{"data":"/Getdeafult/Getemoj"}}
{"timestamp":"2021-05-21 00:19:10","level":"info",message:{"data":"/User/getusersetting"}}
{"timestamp":"2021-05-21 00:19:10","level":"info",message:{"data":"/User/getaproved_send"}}
{"timestamp":"2021-05-21 00:19:10","level":"info",message:{"data":"/User/GetNotification/0"}}
{"timestamp":"2021-05-21 00:19:10","level":"info",message:{"data":"/User/GetApproved/0"}}
{"timestamp":"2021-05-21 00:19:54","level":"info",message:{"data":"/User/getuserlogin"}}
{"timestamp":"2021-05-21 00:19:55","level":"info",message:{"data":"/User/GetNotification/0"}}
{"timestamp":"2021-05-21 00:19:55","level":"info",message:{"data":"/User/getuserlogin"}}
{"timestamp":"2021-05-21 00:19:55","level":"info",message:{"data":"/User/getlistemoj"}}
{"timestamp":"2021-05-21 00:19:55","level":"info",message:{"data":"/User/getHistoryEmoj"}}
{"timestamp":"2021-05-21 00:19:55","level":"info",message:{"data":"/User/refreshtoken"}}
{"timestamp":"2021-05-21 00:19:55","level":"info",message:{"data":"/User/GetApproved/0"}}
{"timestamp":"2021-05-21 00:19:55","level":"info",message:{"data":"/Getdeafult/listReport"}}
{"timestamp":"2021-05-21 00:19:55","level":"info",message:{"data":"/Getdeafult/get_lst_bieucamimg"}}
{"timestamp":"2021-05-21 00:19:55","level":"info",message:{"data":"/User/GetListBlockUser"}}
{"timestamp":"2021-05-21 00:19:55","level":"info",message:{"data":"/User/GetListUserBlockMe"}}
{"timestamp":"2021-05-21 00:19:55","level":"info",message:{"data":"/Getdeafult/Getemoj"}}
{"timestamp":"2021-05-21 00:19:56","level":"info",message:{"data":"/User/getusersetting"}}
{"timestamp":"2021-05-21 00:19:56","level":"info",message:{"data":"/User/getaproved_send"}}
{"timestamp":"2021-05-21 00:19:56","level":"info",message:{"data":"/User/GetNotification/0"}}
{"timestamp":"2021-05-21 00:19:56","level":"info",message:{"data":"/User/GetApproved/0"}}
{"timestamp":"2021-05-21 23:48:05","level":"info",message:{"data":"Server Start"}}
{"timestamp":"2021-05-21 23:52:30","level":"info",message:{"data":"/User/refreshtoken"}}
{"timestamp":"2021-05-21 23:52:31","level":"info",message:{"data":"/User/creatusertemp"}}
