{"timestamp":"2021-05-18 00:04:27","level":"info",message:{"data":"/User/refreshtoken"}}
{"timestamp":"2021-05-18 00:19:17","level":"info",message:{"data":"/User/refreshtoken"}}
{"timestamp":"2021-05-18 00:34:07","level":"info",message:{"data":"/User/refreshtoken"}}
{"timestamp":"2021-05-18 00:48:57","level":"info",message:{"data":"/User/refreshtoken"}}
{"timestamp":"2021-05-18 00:50:27","level":"info",message:{"data":"Server Start"}}
{"timestamp":"2021-05-18 19:18:14","level":"info",message:{"data":"Server Start"}}
{"timestamp":"2021-05-18 19:32:44","level":"info",message:{"data":"/Menu"}}
{"timestamp":"2021-05-18 19:32:45","level":"info",message:{"data":"/User/refreshtoken"}}
{"timestamp":"2021-05-18 19:32:45","level":"info",message:{"data":"/User/creatusertemp"}}
{"timestamp":"2021-05-18 19:33:38","level":"error",message:{"data":"","request":{"url":"/User/login","header":{"host":"localhost:3001","connection":"keep-alive","content-length":"41","sec-ch-ua":"\" Not A;Brand\";v=\"99\", \"Chromium\";v=\"90\", \"Google Chrome\";v=\"90\"","accept":"application/json, text/plain, */*","sec-ch-ua-mobile":"?0","user-agent":"Mozilla/5.0 (Windows NT 10.0; Win64; x64) AppleWebKit/537.36 (KHTML, like Gecko) Chrome/90.0.4430.212 Safari/537.36","content-type":"application/json","origin":"http://localhost:3000","sec-fetch-site":"same-site","sec-fetch-mode":"cors","sec-fetch-dest":"empty","referer":"http://localhost:3000/","accept-encoding":"gzip, deflate, br","accept-language":"vi-VN,vi;q=0.9,fr-FR;q=0.8,fr;q=0.7,en-US;q=0.6,en;q=0.5"},"body":{"username":"trong1","pass":"anhtrong94"},"params":{}}},"stack" : Error: {"data":"","request":{"url":"/User/login","header":{"host":"localhost:3001","connection":"keep-alive","content-length":"41","sec-ch-ua":"\" Not A;Brand\";v=\"99\", \"Chromium\";v=\"90\", \"Google Chrome\";v=\"90\"","accept":"application/json, text/plain, */*","sec-ch-ua-mobile":"?0","user-agent":"Mozilla/5.0 (Windows NT 10.0; Win64; x64) AppleWebKit/537.36 (KHTML, like Gecko) Chrome/90.0.4430.212 Safari/537.36","content-type":"application/json","origin":"http://localhost:3000","sec-fetch-site":"same-site","sec-fetch-mode":"cors","sec-fetch-dest":"empty","referer":"http://localhost:3000/","accept-encoding":"gzip, deflate, br","accept-language":"vi-VN,vi;q=0.9,fr-FR;q=0.8,fr;q=0.7,en-US;q=0.6,en;q=0.5"},"body":{"username":"trong1","pass":"anhtrong94"},"params":{}}}
    at Object.exports.LogError (G:\REACT\serve-xemphim\api\FuncLib\FuncLog.js:23:19)
    at G:\REACT\serve-xemphim\api\controller\user.js:336:21
    at processTicksAndRejections (internal/process/task_queues.js:97:5)}
{"timestamp":"2021-05-18 19:33:43","level":"error",message:{"data":"","request":{"url":"/User/login","header":{"host":"localhost:3001","connection":"keep-alive","content-length":"41","sec-ch-ua":"\" Not A;Brand\";v=\"99\", \"Chromium\";v=\"90\", \"Google Chrome\";v=\"90\"","accept":"application/json, text/plain, */*","sec-ch-ua-mobile":"?0","user-agent":"Mozilla/5.0 (Windows NT 10.0; Win64; x64) AppleWebKit/537.36 (KHTML, like Gecko) Chrome/90.0.4430.212 Safari/537.36","content-type":"application/json","origin":"http://localhost:3000","sec-fetch-site":"same-site","sec-fetch-mode":"cors","sec-fetch-dest":"empty","referer":"http://localhost:3000/","accept-encoding":"gzip, deflate, br","accept-language":"vi-VN,vi;q=0.9,fr-FR;q=0.8,fr;q=0.7,en-US;q=0.6,en;q=0.5"},"body":{"username":"trong1","pass":"anhtrong94"},"params":{}}},"stack" : Error: {"data":"","request":{"url":"/User/login","header":{"host":"localhost:3001","connection":"keep-alive","content-length":"41","sec-ch-ua":"\" Not A;Brand\";v=\"99\", \"Chromium\";v=\"90\", \"Google Chrome\";v=\"90\"","accept":"application/json, text/plain, */*","sec-ch-ua-mobile":"?0","user-agent":"Mozilla/5.0 (Windows NT 10.0; Win64; x64) AppleWebKit/537.36 (KHTML, like Gecko) Chrome/90.0.4430.212 Safari/537.36","content-type":"application/json","origin":"http://localhost:3000","sec-fetch-site":"same-site","sec-fetch-mode":"cors","sec-fetch-dest":"empty","referer":"http://localhost:3000/","accept-encoding":"gzip, deflate, br","accept-language":"vi-VN,vi;q=0.9,fr-FR;q=0.8,fr;q=0.7,en-US;q=0.6,en;q=0.5"},"body":{"username":"trong1","pass":"anhtrong94"},"params":{}}}
    at Object.exports.LogError (G:\REACT\serve-xemphim\api\FuncLib\FuncLog.js:23:19)
    at G:\REACT\serve-xemphim\api\controller\user.js:336:21
    at processTicksAndRejections (internal/process/task_queues.js:97:5)}
{"timestamp":"2021-05-18 19:33:48","level":"info",message:{}}
{"timestamp":"2021-05-18 19:33:49","level":"info",message:{"data":"/Getdeafult/get_lst_bieucamimg"}}
{"timestamp":"2021-05-18 19:33:49","level":"info",message:{"data":"/Getdeafult/listReport"}}
{"timestamp":"2021-05-18 19:33:49","level":"info",message:{"data":"/Getdeafult/Getemoj"}}
{"timestamp":"2021-05-18 19:33:49","level":"info",message:{"data":"/User/getHistoryEmoj"}}
{"timestamp":"2021-05-18 19:33:49","level":"info",message:{"data":"/User/GetListBlockUser"}}
{"timestamp":"2021-05-18 19:33:49","level":"info",message:{"data":"/User/getlistemoj"}}
{"timestamp":"2021-05-18 19:33:49","level":"info",message:{"data":"/User/getusersetting"}}
{"timestamp":"2021-05-18 19:33:49","level":"info",message:{"data":"/User/GetListUserBlockMe"}}
{"timestamp":"2021-05-18 19:33:50","level":"info",message:{"data":"/User/GetNotification/0"}}
{"timestamp":"2021-05-18 19:33:50","level":"info",message:{"data":"/User/getaproved_send"}}
{"timestamp":"2021-05-18 19:33:50","level":"info",message:{"data":"/User/GetApproved/0"}}
{"timestamp":"2021-05-18 19:33:53","level":"info",message:{"data":"/User/getuserlogin"}}
{"timestamp":"2021-05-18 19:33:53","level":"info",message:{"data":"/User/refreshtoken"}}
{"timestamp":"2021-05-18 19:33:54","level":"info",message:{"data":"/User/GetApproved/0"}}
{"timestamp":"2021-05-18 19:33:54","level":"info",message:{"data":"/User/GetNotification/0"}}
{"timestamp":"2021-05-18 19:33:54","level":"info",message:{"data":"/User/getuserlogin"}}
{"timestamp":"2021-05-18 19:33:54","level":"info",message:{"data":"/Getdeafult/listReport"}}
{"timestamp":"2021-05-18 19:33:54","level":"info",message:{"data":"/Getdeafult/Getemoj"}}
{"timestamp":"2021-05-18 19:33:54","level":"info",message:{"data":"/Getdeafult/get_lst_bieucamimg"}}
{"timestamp":"2021-05-18 19:33:54","level":"info",message:{"data":"/User/getlistemoj"}}
{"timestamp":"2021-05-18 19:33:54","level":"info",message:{"data":"/User/getHistoryEmoj"}}
{"timestamp":"2021-05-18 19:33:55","level":"info",message:{"data":"/User/GetListBlockUser"}}
{"timestamp":"2021-05-18 19:33:55","level":"info",message:{"data":"/User/GetListUserBlockMe"}}
{"timestamp":"2021-05-18 19:33:55","level":"info",message:{"data":"/User/getusersetting"}}
{"timestamp":"2021-05-18 19:33:55","level":"info",message:{"data":"/User/GetNotification/0"}}
{"timestamp":"2021-05-18 19:33:55","level":"info",message:{"data":"/User/getaproved_send"}}
{"timestamp":"2021-05-18 19:33:55","level":"info",message:{"data":"/User/GetApproved/0"}}
{"timestamp":"2021-05-18 19:33:59","level":"info",message:{"data":"/Menu"}}
{"timestamp":"2021-05-18 19:39:21","level":"info",message:{"data":"/User/getuserlogin"}}
{"timestamp":"2021-05-18 19:39:21","level":"info",message:{"data":"/User/GetNotification/0"}}
{"timestamp":"2021-05-18 19:39:21","level":"info",message:{"data":"/User/GetApproved/0"}}
{"timestamp":"2021-05-18 19:39:21","level":"info",message:{"data":"/User/refreshtoken"}}
{"timestamp":"2021-05-18 19:39:21","level":"info",message:{"data":"/User/getuserlogin"}}
{"timestamp":"2021-05-18 19:39:41","level":"info",message:{"data":"/Getdeafult/get_lst_bieucamimg"}}
{"timestamp":"2021-05-18 19:39:41","level":"info",message:{"data":"/Getdeafult/listReport"}}
{"timestamp":"2021-05-18 19:39:41","level":"info",message:{"data":"/Getdeafult/Getemoj"}}
{"timestamp":"2021-05-18 19:39:41","level":"info",message:{"data":"/User/getHistoryEmoj"}}
{"timestamp":"2021-05-18 19:39:41","level":"info",message:{"data":"/User/getlistemoj"}}
{"timestamp":"2021-05-18 19:39:41","level":"info",message:{"data":"/User/GetListBlockUser"}}
{"timestamp":"2021-05-18 19:39:41","level":"info",message:{"data":"/User/getusersetting"}}
{"timestamp":"2021-05-18 19:39:41","level":"info",message:{"data":"/User/GetListUserBlockMe"}}
{"timestamp":"2021-05-18 19:39:42","level":"info",message:{"data":"/User/getaproved_send"}}
{"timestamp":"2021-05-18 19:39:42","level":"info",message:{"data":"/User/GetNotification/0"}}
{"timestamp":"2021-05-18 19:39:42","level":"info",message:{"data":"/User/GetApproved/0"}}
{"timestamp":"2021-05-18 19:43:02","level":"info",message:{"data":"/User/getuserlogin"}}
{"timestamp":"2021-05-18 19:43:02","level":"info",message:{"data":"/User/refreshtoken"}}
{"timestamp":"2021-05-18 19:43:02","level":"info",message:{"data":"/User/GetNotification/0"}}
{"timestamp":"2021-05-18 19:43:02","level":"info",message:{"data":"/User/GetApproved/0"}}
{"timestamp":"2021-05-18 19:43:02","level":"info",message:{"data":"/User/getuserlogin"}}
{"timestamp":"2021-05-18 19:43:03","level":"info",message:{"data":"/Getdeafult/get_lst_bieucamimg"}}
{"timestamp":"2021-05-18 19:43:03","level":"info",message:{"data":"/Getdeafult/listReport"}}
{"timestamp":"2021-05-18 19:43:03","level":"info",message:{"data":"/Getdeafult/Getemoj"}}
{"timestamp":"2021-05-18 19:43:03","level":"info",message:{"data":"/User/getHistoryEmoj"}}
{"timestamp":"2021-05-18 19:43:03","level":"info",message:{"data":"/User/getlistemoj"}}
{"timestamp":"2021-05-18 19:43:04","level":"info",message:{"data":"/User/GetNotification/0"}}
{"timestamp":"2021-05-18 19:43:04","level":"info",message:{"data":"/User/GetListBlockUser"}}
{"timestamp":"2021-05-18 19:43:04","level":"info",message:{"data":"/User/GetApproved/0"}}
{"timestamp":"2021-05-18 19:43:04","level":"info",message:{"data":"/User/getaproved_send"}}
{"timestamp":"2021-05-18 19:43:04","level":"info",message:{"data":"/User/getusersetting"}}
{"timestamp":"2021-05-18 19:43:04","level":"info",message:{"data":"/User/GetListUserBlockMe"}}
{"timestamp":"2021-05-18 19:44:37","level":"info",message:{"data":"/User/getuserlogin"}}
{"timestamp":"2021-05-18 19:44:38","level":"info",message:{"data":"/User/refreshtoken"}}
{"timestamp":"2021-05-18 19:44:38","level":"info",message:{"data":"/User/GetApproved/0"}}
{"timestamp":"2021-05-18 19:44:38","level":"info",message:{"data":"/User/GetNotification/0"}}
{"timestamp":"2021-05-18 19:44:38","level":"info",message:{"data":"/User/getuserlogin"}}
{"timestamp":"2021-05-18 19:44:39","level":"info",message:{"data":"/Getdeafult/get_lst_bieucamimg"}}
{"timestamp":"2021-05-18 19:44:39","level":"info",message:{"data":"/Getdeafult/listReport"}}
{"timestamp":"2021-05-18 19:44:39","level":"info",message:{"data":"/User/getHistoryEmoj"}}
{"timestamp":"2021-05-18 19:44:39","level":"info",message:{"data":"/User/getlistemoj"}}
{"timestamp":"2021-05-18 19:44:39","level":"info",message:{"data":"/User/GetListBlockUser"}}
{"timestamp":"2021-05-18 19:44:39","level":"info",message:{"data":"/User/getusersetting"}}
{"timestamp":"2021-05-18 19:44:39","level":"info",message:{"data":"/Getdeafult/Getemoj"}}
{"timestamp":"2021-05-18 19:44:39","level":"info",message:{"data":"/User/GetListUserBlockMe"}}
{"timestamp":"2021-05-18 19:44:39","level":"info",message:{"data":"/User/GetNotification/0"}}
{"timestamp":"2021-05-18 19:44:40","level":"info",message:{"data":"/User/getaproved_send"}}
{"timestamp":"2021-05-18 19:44:40","level":"info",message:{"data":"/User/GetApproved/0"}}
{"timestamp":"2021-05-18 19:46:52","level":"info",message:{"data":"/User/getuserlogin"}}
{"timestamp":"2021-05-18 19:46:52","level":"info",message:{"data":"/User/GetNotification/0"}}
{"timestamp":"2021-05-18 19:46:52","level":"info",message:{"data":"/User/GetApproved/0"}}
{"timestamp":"2021-05-18 19:46:52","level":"info",message:{"data":"/User/refreshtoken"}}
{"timestamp":"2021-05-18 19:46:52","level":"info",message:{"data":"/User/getuserlogin"}}
{"timestamp":"2021-05-18 19:47:56","level":"info",message:{"data":"/Getdeafult/get_lst_bieucamimg"}}
{"timestamp":"2021-05-18 19:47:56","level":"info",message:{"data":"/Getdeafult/listReport"}}
{"timestamp":"2021-05-18 19:47:56","level":"info",message:{"data":"/Getdeafult/Getemoj"}}
{"timestamp":"2021-05-18 19:47:56","level":"info",message:{"data":"/User/getHistoryEmoj"}}
{"timestamp":"2021-05-18 19:47:56","level":"info",message:{"data":"/User/getlistemoj"}}
{"timestamp":"2021-05-18 19:47:56","level":"info",message:{"data":"/User/GetListBlockUser"}}
{"timestamp":"2021-05-18 19:47:57","level":"info",message:{"data":"/User/GetListUserBlockMe"}}
{"timestamp":"2021-05-18 19:47:57","level":"info",message:{"data":"/User/getusersetting"}}
{"timestamp":"2021-05-18 19:47:57","level":"info",message:{"data":"/User/GetNotification/0"}}
{"timestamp":"2021-05-18 19:47:57","level":"info",message:{"data":"/User/getaproved_send"}}
{"timestamp":"2021-05-18 19:47:57","level":"info",message:{"data":"/User/GetApproved/0"}}
{"timestamp":"2021-05-18 19:50:59","level":"info",message:{"data":"/User/getuserlogin"}}
{"timestamp":"2021-05-18 19:50:59","level":"info",message:{"data":"/User/GetApproved/0"}}
{"timestamp":"2021-05-18 19:50:59","level":"info",message:{"data":"/User/GetNotification/0"}}
{"timestamp":"2021-05-18 19:50:59","level":"info",message:{"data":"/User/refreshtoken"}}
{"timestamp":"2021-05-18 19:50:59","level":"info",message:{"data":"/User/getuserlogin"}}
{"timestamp":"2021-05-18 19:51:00","level":"info",message:{"data":"/Getdeafult/listReport"}}
{"timestamp":"2021-05-18 19:51:00","level":"info",message:{"data":"/Getdeafult/get_lst_bieucamimg"}}
{"timestamp":"2021-05-18 19:51:01","level":"info",message:{"data":"/User/getHistoryEmoj"}}
{"timestamp":"2021-05-18 19:51:01","level":"info",message:{"data":"/Getdeafult/Getemoj"}}
{"timestamp":"2021-05-18 19:51:01","level":"info",message:{"data":"/User/getlistemoj"}}
{"timestamp":"2021-05-18 19:51:01","level":"info",message:{"data":"/User/GetNotification/0"}}
{"timestamp":"2021-05-18 19:51:01","level":"info",message:{"data":"/User/GetListBlockUser"}}
{"timestamp":"2021-05-18 19:51:01","level":"info",message:{"data":"/User/GetApproved/0"}}
{"timestamp":"2021-05-18 19:51:01","level":"info",message:{"data":"/User/GetListUserBlockMe"}}
{"timestamp":"2021-05-18 19:51:01","level":"info",message:{"data":"/User/getaproved_send"}}
{"timestamp":"2021-05-18 19:51:01","level":"info",message:{"data":"/User/getusersetting"}}
{"timestamp":"2021-05-18 20:01:26","level":"info",message:{"data":"/User/getuserlogin"}}
{"timestamp":"2021-05-18 20:01:26","level":"info",message:{"data":"/User/GetApproved/0"}}
{"timestamp":"2021-05-18 20:01:26","level":"info",message:{"data":"/User/refreshtoken"}}
{"timestamp":"2021-05-18 20:01:26","level":"info",message:{"data":"/User/GetNotification/0"}}
{"timestamp":"2021-05-18 20:01:26","level":"info",message:{"data":"/User/getuserlogin"}}
{"timestamp":"2021-05-18 20:01:27","level":"info",message:{"data":"/Getdeafult/get_lst_bieucamimg"}}
{"timestamp":"2021-05-18 20:01:27","level":"info",message:{"data":"/Getdeafult/listReport"}}
{"timestamp":"2021-05-18 20:01:27","level":"info",message:{"data":"/User/getlistemoj"}}
{"timestamp":"2021-05-18 20:01:27","level":"info",message:{"data":"/Getdeafult/Getemoj"}}
{"timestamp":"2021-05-18 20:01:27","level":"info",message:{"data":"/User/getHistoryEmoj"}}
{"timestamp":"2021-05-18 20:01:28","level":"info",message:{"data":"/User/GetNotification/0"}}
{"timestamp":"2021-05-18 20:01:28","level":"info",message:{"data":"/User/GetApproved/0"}}
{"timestamp":"2021-05-18 20:01:28","level":"info",message:{"data":"/User/GetListBlockUser"}}
{"timestamp":"2021-05-18 20:01:28","level":"info",message:{"data":"/User/GetListUserBlockMe"}}
{"timestamp":"2021-05-18 20:01:28","level":"info",message:{"data":"/User/getaproved_send"}}
{"timestamp":"2021-05-18 20:01:28","level":"info",message:{"data":"/User/getusersetting"}}
{"timestamp":"2021-05-18 20:03:09","level":"info",message:{"data":"/User/getuserlogin"}}
{"timestamp":"2021-05-18 20:03:09","level":"info",message:{"data":"/User/GetApproved/0"}}
{"timestamp":"2021-05-18 20:03:09","level":"info",message:{"data":"/User/refreshtoken"}}
{"timestamp":"2021-05-18 20:03:09","level":"info",message:{"data":"/User/GetNotification/0"}}
{"timestamp":"2021-05-18 20:03:09","level":"info",message:{"data":"/User/getuserlogin"}}
{"timestamp":"2021-05-18 20:03:10","level":"info",message:{"data":"/Getdeafult/get_lst_bieucamimg"}}
{"timestamp":"2021-05-18 20:03:10","level":"info",message:{"data":"/Getdeafult/listReport"}}
{"timestamp":"2021-05-18 20:03:10","level":"info",message:{"data":"/User/getHistoryEmoj"}}
{"timestamp":"2021-05-18 20:03:10","level":"info",message:{"data":"/User/getlistemoj"}}
{"timestamp":"2021-05-18 20:03:10","level":"info",message:{"data":"/Getdeafult/Getemoj"}}
{"timestamp":"2021-05-18 20:03:11","level":"info",message:{"data":"/User/GetNotification/0"}}
{"timestamp":"2021-05-18 20:03:11","level":"info",message:{"data":"/User/GetListBlockUser"}}
{"timestamp":"2021-05-18 20:03:11","level":"info",message:{"data":"/User/GetApproved/0"}}
{"timestamp":"2021-05-18 20:03:11","level":"info",message:{"data":"/User/GetListUserBlockMe"}}
{"timestamp":"2021-05-18 20:03:11","level":"info",message:{"data":"/User/getaproved_send"}}
{"timestamp":"2021-05-18 20:03:11","level":"info",message:{"data":"/User/getusersetting"}}
{"timestamp":"2021-05-18 20:04:10","level":"info",message:{"data":"Server Start"}}
{"timestamp":"2021-05-18 20:04:35","level":"info",message:{"data":"Server Start"}}
{"timestamp":"2021-05-18 20:04:47","level":"info",message:{"data":"Server Start"}}
{"timestamp":"2021-05-18 20:05:32","level":"info",message:{"data":"/User/getuserlogin"}}
{"timestamp":"2021-05-18 20:05:33","level":"info",message:{"data":"/User/GetApproved/0"}}
{"timestamp":"2021-05-18 20:05:33","level":"info",message:{"data":"/User/GetNotification/0"}}
{"timestamp":"2021-05-18 20:05:33","level":"info",message:{"data":"/User/getuserlogin"}}
{"timestamp":"2021-05-18 20:05:33","level":"info",message:{"data":"/User/refreshtoken"}}
{"timestamp":"2021-05-18 20:05:33","level":"info",message:{"data":"/Getdeafult/listReport"}}
{"timestamp":"2021-05-18 20:05:33","level":"info",message:{"data":"/Getdeafult/get_lst_bieucamimg"}}
{"timestamp":"2021-05-18 20:05:33","level":"info",message:{"data":"/User/getlistemoj"}}
{"timestamp":"2021-05-18 20:05:33","level":"info",message:{"data":"/User/getHistoryEmoj"}}
{"timestamp":"2021-05-18 20:05:33","level":"info",message:{"data":"/Getdeafult/Getemoj"}}
{"timestamp":"2021-05-18 20:05:33","level":"info",message:{"data":"/User/GetListBlockUser"}}
{"timestamp":"2021-05-18 20:05:33","level":"info",message:{"data":"/User/GetListUserBlockMe"}}
{"timestamp":"2021-05-18 20:05:33","level":"info",message:{"data":"/User/getusersetting"}}
{"timestamp":"2021-05-18 20:05:33","level":"info",message:{"data":"/User/getaproved_send"}}
{"timestamp":"2021-05-18 20:05:34","level":"info",message:{"data":"/User/GetNotification/0"}}
{"timestamp":"2021-05-18 20:05:34","level":"info",message:{"data":"/User/GetApproved/0"}}
{"timestamp":"2021-05-18 20:05:47","level":"error",message:{"data":"Assignment to constant variable.","request":{"url":"/Actor/UpdateActor/60a146284933780bccf496cd","header":{"host":"localhost:3001","connection":"keep-alive","content-length":"79","sec-ch-ua":"\" Not A;Brand\";v=\"99\", \"Chromium\";v=\"90\", \"Google Chrome\";v=\"90\"","accept":"application/json, text/plain, */*","authorization":"Bearer eyJhbGciOiJIUzI1NiIsInR5cCI6IkpXVCJ9.eyJkYXRhIjp7ImlkIjoiNjA5OGQ1NDEyZTFkOWQyNjY0OGI3N2U2IiwidXNlcm5hbWUiOiJ0cm9uZ2RheTEiLCJsZXZlbCI6NywidHlwZSI6MCwiY3JlYXR0aW1lIjoiMjAyMS0wNS0xOFQxMzowNTozMi44ODdaIn0sImlhdCI6MTYyMTM0MzEzMiwiZXhwIjoxNjIxMzYxMTMyfQ.6_f6cc4BwXzqpbOS5J-6uLhgOTwYOzshPeM46QrPMTw","sec-ch-ua-mobile":"?0","user-agent":"Mozilla/5.0 (Windows NT 10.0; Win64; x64) AppleWebKit/537.36 (KHTML, like Gecko) Chrome/90.0.4430.212 Safari/537.36","content-type":"application/json","origin":"http://localhost:3000","sec-fetch-site":"same-site","sec-fetch-mode":"cors","sec-fetch-dest":"empty","referer":"http://localhost:3000/","accept-encoding":"gzip, deflate, br","accept-language":"vi-VN,vi;q=0.9,fr-FR;q=0.8,fr;q=0.7,en-US;q=0.6,en;q=0.5"},"body":{"userupdate":"6098d5412e1d9d26648b77e6","name":"Mesi4","birtday":"1994-01-18"},"params":{"id":"60a146284933780bccf496cd"}}},"stack" : Error: {"data":"Assignment to constant variable.","request":{"url":"/Actor/UpdateActor/60a146284933780bccf496cd","header":{"host":"localhost:3001","connection":"keep-alive","content-length":"79","sec-ch-ua":"\" Not A;Brand\";v=\"99\", \"Chromium\";v=\"90\", \"Google Chrome\";v=\"90\"","accept":"application/json, text/plain, */*","authorization":"Bearer eyJhbGciOiJIUzI1NiIsInR5cCI6IkpXVCJ9.eyJkYXRhIjp7ImlkIjoiNjA5OGQ1NDEyZTFkOWQyNjY0OGI3N2U2IiwidXNlcm5hbWUiOiJ0cm9uZ2RheTEiLCJsZXZlbCI6NywidHlwZSI6MCwiY3JlYXR0aW1lIjoiMjAyMS0wNS0xOFQxMzowNTozMi44ODdaIn0sImlhdCI6MTYyMTM0MzEzMiwiZXhwIjoxNjIxMzYxMTMyfQ.6_f6cc4BwXzqpbOS5J-6uLhgOTwYOzshPeM46QrPMTw","sec-ch-ua-mobile":"?0","user-agent":"Mozilla/5.0 (Windows NT 10.0; Win64; x64) AppleWebKit/537.36 (KHTML, like Gecko) Chrome/90.0.4430.212 Safari/537.36","content-type":"application/json","origin":"http://localhost:3000","sec-fetch-site":"same-site","sec-fetch-mode":"cors","sec-fetch-dest":"empty","referer":"http://localhost:3000/","accept-encoding":"gzip, deflate, br","accept-language":"vi-VN,vi;q=0.9,fr-FR;q=0.8,fr;q=0.7,en-US;q=0.6,en;q=0.5"},"body":{"userupdate":"6098d5412e1d9d26648b77e6","name":"Mesi4","birtday":"1994-01-18"},"params":{"id":"60a146284933780bccf496cd"}}}
    at Object.exports.LogError (G:\REACT\serve-xemphim\api\FuncLib\FuncLog.js:23:19)
    at exports.UpdateActor (G:\REACT\serve-xemphim\api\controller\actor.js:78:13)
    at Layer.handle [as handle_request] (G:\REACT\serve-xemphim\node_modules\express\lib\router\layer.js:95:5)
    at next (G:\REACT\serve-xemphim\node_modules\express\lib\router\route.js:137:13)
    at exports.is_admin (G:\REACT\serve-xemphim\api\middleware\token.js:103:5)
    at processTicksAndRejections (internal/process/task_queues.js:97:5)}
{"timestamp":"2021-05-18 20:07:30","level":"info",message:{"data":"Server Start"}}
{"timestamp":"2021-05-18 20:07:46","level":"info",message:{"data":"/User/getuserlogin"}}
{"timestamp":"2021-05-18 20:07:46","level":"info",message:{"data":"/User/GetNotification/0"}}
{"timestamp":"2021-05-18 20:07:46","level":"info",message:{"data":"/User/GetApproved/0"}}
{"timestamp":"2021-05-18 20:07:46","level":"info",message:{"data":"/User/refreshtoken"}}
{"timestamp":"2021-05-18 20:07:46","level":"info",message:{"data":"/Getdeafult/listReport"}}
{"timestamp":"2021-05-18 20:07:46","level":"info",message:{"data":"/User/getuserlogin"}}
{"timestamp":"2021-05-18 20:07:46","level":"info",message:{"data":"/Getdeafult/get_lst_bieucamimg"}}
{"timestamp":"2021-05-18 20:07:46","level":"info",message:{"data":"/Getdeafult/Getemoj"}}
{"timestamp":"2021-05-18 20:07:46","level":"info",message:{"data":"/User/getHistoryEmoj"}}
{"timestamp":"2021-05-18 20:07:46","level":"info",message:{"data":"/User/getlistemoj"}}
{"timestamp":"2021-05-18 20:07:47","level":"info",message:{"data":"/User/GetListUserBlockMe"}}
{"timestamp":"2021-05-18 20:07:47","level":"info",message:{"data":"/User/GetListBlockUser"}}
{"timestamp":"2021-05-18 20:07:47","level":"info",message:{"data":"/User/getusersetting"}}
{"timestamp":"2021-05-18 20:07:47","level":"info",message:{"data":"/User/getaproved_send"}}
{"timestamp":"2021-05-18 20:07:47","level":"info",message:{"data":"/User/GetNotification/0"}}
{"timestamp":"2021-05-18 20:07:47","level":"info",message:{"data":"/User/GetApproved/0"}}
{"timestamp":"2021-05-18 20:22:35","level":"info",message:{"data":"/User/refreshtoken"}}
{"timestamp":"2021-05-18 20:37:25","level":"info",message:{"data":"/User/refreshtoken"}}
{"timestamp":"2021-05-18 20:52:15","level":"info",message:{"data":"/User/refreshtoken"}}
{"timestamp":"2021-05-18 21:07:05","level":"info",message:{"data":"/User/refreshtoken"}}
{"timestamp":"2021-05-18 21:21:55","level":"info",message:{"data":"/User/refreshtoken"}}
{"timestamp":"2021-05-18 21:36:45","level":"info",message:{"data":"/User/refreshtoken"}}
{"timestamp":"2021-05-18 21:51:35","level":"info",message:{"data":"/User/refreshtoken"}}
{"timestamp":"2021-05-18 22:06:25","level":"info",message:{"data":"/User/refreshtoken"}}
{"timestamp":"2021-05-18 22:21:15","level":"info",message:{"data":"/User/refreshtoken"}}
{"timestamp":"2021-05-18 22:36:05","level":"info",message:{"data":"/User/refreshtoken"}}
{"timestamp":"2021-05-18 22:50:55","level":"info",message:{"data":"/User/refreshtoken"}}
{"timestamp":"2021-05-18 22:52:51","level":"info",message:{"data":"/User/getuserlogin"}}
{"timestamp":"2021-05-18 22:52:51","level":"info",message:{"data":"/User/refreshtoken"}}
{"timestamp":"2021-05-18 22:52:51","level":"info",message:{"data":"/User/GetNotification/0"}}
{"timestamp":"2021-05-18 22:52:51","level":"info",message:{"data":"/User/GetApproved/0"}}
{"timestamp":"2021-05-18 22:52:52","level":"info",message:{"data":"/User/getuserlogin"}}
{"timestamp":"2021-05-18 22:53:02","level":"info",message:{"data":"/Getdeafult/get_lst_bieucamimg"}}
{"timestamp":"2021-05-18 22:53:02","level":"info",message:{"data":"/Getdeafult/listReport"}}
{"timestamp":"2021-05-18 22:53:02","level":"info",message:{"data":"/Getdeafult/Getemoj"}}
{"timestamp":"2021-05-18 22:53:03","level":"info",message:{"data":"/User/GetListBlockUser"}}
{"timestamp":"2021-05-18 22:53:03","level":"info",message:{"data":"/User/getHistoryEmoj"}}
{"timestamp":"2021-05-18 22:53:03","level":"info",message:{"data":"/User/getlistemoj"}}
{"timestamp":"2021-05-18 22:53:03","level":"info",message:{"data":"/User/getusersetting"}}
{"timestamp":"2021-05-18 22:53:03","level":"info",message:{"data":"/User/GetListUserBlockMe"}}
{"timestamp":"2021-05-18 22:53:03","level":"info",message:{"data":"/User/getaproved_send"}}
{"timestamp":"2021-05-18 22:53:03","level":"info",message:{"data":"/User/GetNotification/0"}}
{"timestamp":"2021-05-18 22:53:03","level":"info",message:{"data":"/User/GetApproved/0"}}
{"timestamp":"2021-05-18 23:05:52","level":"info",message:{"data":"Server Start"}}
{"timestamp":"2021-05-18 23:06:17","level":"info",message:{"data":"/User/getuserlogin"}}
{"timestamp":"2021-05-18 23:06:17","level":"info",message:{"data":"/User/GetNotification/0"}}
{"timestamp":"2021-05-18 23:06:17","level":"info",message:{"data":"/Getdeafult/listReport"}}
{"timestamp":"2021-05-18 23:06:17","level":"info",message:{"data":"/User/refreshtoken"}}
{"timestamp":"2021-05-18 23:06:17","level":"info",message:{"data":"/User/GetApproved/0"}}
{"timestamp":"2021-05-18 23:06:17","level":"info",message:{"data":"/User/getuserlogin"}}
{"timestamp":"2021-05-18 23:06:17","level":"info",message:{"data":"/User/getlistemoj"}}
{"timestamp":"2021-05-18 23:06:17","level":"info",message:{"data":"/Getdeafult/get_lst_bieucamimg"}}
{"timestamp":"2021-05-18 23:06:18","level":"info",message:{"data":"/Getdeafult/Getemoj"}}
{"timestamp":"2021-05-18 23:06:18","level":"info",message:{"data":"/User/getHistoryEmoj"}}
{"timestamp":"2021-05-18 23:06:18","level":"info",message:{"data":"/User/GetListUserBlockMe"}}
{"timestamp":"2021-05-18 23:06:18","level":"info",message:{"data":"/User/GetListBlockUser"}}
{"timestamp":"2021-05-18 23:06:18","level":"info",message:{"data":"/User/getaproved_send"}}
{"timestamp":"2021-05-18 23:06:18","level":"info",message:{"data":"/User/getusersetting"}}
{"timestamp":"2021-05-18 23:06:18","level":"info",message:{"data":"/User/GetNotification/0"}}
{"timestamp":"2021-05-18 23:06:19","level":"info",message:{"data":"/User/GetApproved/0"}}
{"timestamp":"2021-05-18 23:06:38","level":"info",message:{"data":"/User/getuserlogin"}}
{"timestamp":"2021-05-18 23:06:38","level":"info",message:{"data":"/User/GetApproved/0"}}
{"timestamp":"2021-05-18 23:06:38","level":"info",message:{"data":"/User/GetNotification/0"}}
{"timestamp":"2021-05-18 23:06:38","level":"info",message:{"data":"/User/refreshtoken"}}
{"timestamp":"2021-05-18 23:06:38","level":"info",message:{"data":"/User/getuserlogin"}}
{"timestamp":"2021-05-18 23:06:40","level":"info",message:{"data":"/Getdeafult/get_lst_bieucamimg"}}
{"timestamp":"2021-05-18 23:06:40","level":"info",message:{"data":"/Getdeafult/listReport"}}
{"timestamp":"2021-05-18 23:06:40","level":"info",message:{"data":"/Getdeafult/Getemoj"}}
{"timestamp":"2021-05-18 23:06:40","level":"info",message:{"data":"/User/getHistoryEmoj"}}
{"timestamp":"2021-05-18 23:06:40","level":"info",message:{"data":"/User/getlistemoj"}}
{"timestamp":"2021-05-18 23:06:40","level":"info",message:{"data":"/User/GetNotification/0"}}
{"timestamp":"2021-05-18 23:06:40","level":"info",message:{"data":"/User/GetApproved/0"}}
{"timestamp":"2021-05-18 23:06:40","level":"info",message:{"data":"/User/GetListBlockUser"}}
{"timestamp":"2021-05-18 23:06:40","level":"info",message:{"data":"/User/GetListUserBlockMe"}}
{"timestamp":"2021-05-18 23:06:40","level":"info",message:{"data":"/User/getusersetting"}}
{"timestamp":"2021-05-18 23:06:40","level":"info",message:{"data":"/User/getaproved_send"}}
{"timestamp":"2021-05-18 23:11:51","level":"info",message:{"data":"/User/getuserlogin"}}
{"timestamp":"2021-05-18 23:11:52","level":"info",message:{"data":"/User/refreshtoken"}}
{"timestamp":"2021-05-18 23:11:52","level":"info",message:{"data":"/User/GetNotification/0"}}
{"timestamp":"2021-05-18 23:11:52","level":"info",message:{"data":"/User/GetApproved/0"}}
{"timestamp":"2021-05-18 23:11:52","level":"info",message:{"data":"/User/getuserlogin"}}
{"timestamp":"2021-05-18 23:11:53","level":"info",message:{"data":"/Getdeafult/listReport"}}
{"timestamp":"2021-05-18 23:11:53","level":"info",message:{"data":"/Getdeafult/get_lst_bieucamimg"}}
{"timestamp":"2021-05-18 23:11:53","level":"info",message:{"data":"/User/getHistoryEmoj"}}
{"timestamp":"2021-05-18 23:11:53","level":"info",message:{"data":"/Getdeafult/Getemoj"}}
{"timestamp":"2021-05-18 23:11:53","level":"info",message:{"data":"/User/getlistemoj"}}
{"timestamp":"2021-05-18 23:11:53","level":"info",message:{"data":"/User/GetListBlockUser"}}
{"timestamp":"2021-05-18 23:11:53","level":"info",message:{"data":"/User/GetApproved/0"}}
{"timestamp":"2021-05-18 23:11:53","level":"info",message:{"data":"/User/GetNotification/0"}}
{"timestamp":"2021-05-18 23:11:54","level":"info",message:{"data":"/User/GetListUserBlockMe"}}
{"timestamp":"2021-05-18 23:11:54","level":"info",message:{"data":"/User/getusersetting"}}
{"timestamp":"2021-05-18 23:11:54","level":"info",message:{"data":"/User/getaproved_send"}}
{"timestamp":"2021-05-18 23:13:09","level":"info",message:{"data":"/User/getuserlogin"}}
{"timestamp":"2021-05-18 23:13:10","level":"info",message:{"data":"/User/GetNotification/0"}}
{"timestamp":"2021-05-18 23:13:10","level":"info",message:{"data":"/User/refreshtoken"}}
{"timestamp":"2021-05-18 23:13:10","level":"info",message:{"data":"/User/GetApproved/0"}}
{"timestamp":"2021-05-18 23:13:10","level":"info",message:{"data":"/User/getuserlogin"}}
{"timestamp":"2021-05-18 23:13:20","level":"info",message:{"data":"/Getdeafult/listReport"}}
{"timestamp":"2021-05-18 23:13:20","level":"info",message:{"data":"/Getdeafult/get_lst_bieucamimg"}}
{"timestamp":"2021-05-18 23:13:20","level":"info",message:{"data":"/Getdeafult/Getemoj"}}
{"timestamp":"2021-05-18 23:13:20","level":"info",message:{"data":"/User/getHistoryEmoj"}}
{"timestamp":"2021-05-18 23:13:20","level":"info",message:{"data":"/User/getlistemoj"}}
{"timestamp":"2021-05-18 23:13:20","level":"info",message:{"data":"/User/GetListBlockUser"}}
{"timestamp":"2021-05-18 23:13:20","level":"info",message:{"data":"/User/GetListUserBlockMe"}}
{"timestamp":"2021-05-18 23:13:20","level":"info",message:{"data":"/User/getusersetting"}}
{"timestamp":"2021-05-18 23:13:20","level":"info",message:{"data":"/User/GetNotification/0"}}
{"timestamp":"2021-05-18 23:13:20","level":"info",message:{"data":"/User/getaproved_send"}}
{"timestamp":"2021-05-18 23:13:21","level":"info",message:{"data":"/User/GetApproved/0"}}
{"timestamp":"2021-05-18 23:13:23","level":"info",message:{"data":"/User/getuserlogin"}}
{"timestamp":"2021-05-18 23:13:23","level":"info",message:{"data":"/User/GetApproved/0"}}
{"timestamp":"2021-05-18 23:13:23","level":"info",message:{"data":"/User/GetNotification/0"}}
{"timestamp":"2021-05-18 23:13:23","level":"info",message:{"data":"/User/refreshtoken"}}
{"timestamp":"2021-05-18 23:13:23","level":"info",message:{"data":"/User/getuserlogin"}}
{"timestamp":"2021-05-18 23:13:24","level":"info",message:{"data":"/Getdeafult/listReport"}}
{"timestamp":"2021-05-18 23:13:24","level":"info",message:{"data":"/User/GetListBlockUser"}}
{"timestamp":"2021-05-18 23:13:24","level":"info",message:{"data":"/User/getHistoryEmoj"}}
{"timestamp":"2021-05-18 23:13:24","level":"info",message:{"data":"/User/getlistemoj"}}
{"timestamp":"2021-05-18 23:13:24","level":"info",message:{"data":"/User/GetListUserBlockMe"}}
{"timestamp":"2021-05-18 23:13:24","level":"info",message:{"data":"/User/getusersetting"}}
{"timestamp":"2021-05-18 23:13:24","level":"info",message:{"data":"/Getdeafult/get_lst_bieucamimg"}}
{"timestamp":"2021-05-18 23:13:24","level":"info",message:{"data":"/Getdeafult/Getemoj"}}
{"timestamp":"2021-05-18 23:13:25","level":"info",message:{"data":"/User/getaproved_send"}}
{"timestamp":"2021-05-18 23:13:25","level":"info",message:{"data":"/User/GetNotification/0"}}
{"timestamp":"2021-05-18 23:13:25","level":"info",message:{"data":"/User/GetApproved/0"}}
{"timestamp":"2021-05-18 23:22:58","level":"info",message:{"data":"/User/getuserlogin"}}
{"timestamp":"2021-05-18 23:22:58","level":"info",message:{"data":"/User/GetApproved/0"}}
{"timestamp":"2021-05-18 23:22:58","level":"info",message:{"data":"/User/refreshtoken"}}
{"timestamp":"2021-05-18 23:22:58","level":"info",message:{"data":"/User/GetNotification/0"}}
{"timestamp":"2021-05-18 23:22:58","level":"info",message:{"data":"/User/getuserlogin"}}
{"timestamp":"2021-05-18 23:23:30","level":"info",message:{"data":"/Getdeafult/get_lst_bieucamimg"}}
{"timestamp":"2021-05-18 23:23:30","level":"info",message:{"data":"/Getdeafult/listReport"}}
{"timestamp":"2021-05-18 23:23:30","level":"info",message:{"data":"/Getdeafult/Getemoj"}}
{"timestamp":"2021-05-18 23:23:30","level":"info",message:{"data":"/User/getlistemoj"}}
{"timestamp":"2021-05-18 23:23:30","level":"info",message:{"data":"/User/GetListBlockUser"}}
{"timestamp":"2021-05-18 23:23:30","level":"info",message:{"data":"/User/getHistoryEmoj"}}
{"timestamp":"2021-05-18 23:23:30","level":"info",message:{"data":"/User/GetListUserBlockMe"}}
{"timestamp":"2021-05-18 23:23:30","level":"info",message:{"data":"/User/getusersetting"}}
{"timestamp":"2021-05-18 23:23:31","level":"info",message:{"data":"/User/GetNotification/0"}}
{"timestamp":"2021-05-18 23:23:31","level":"info",message:{"data":"/User/getaproved_send"}}
{"timestamp":"2021-05-18 23:23:31","level":"info",message:{"data":"/User/GetApproved/0"}}
{"timestamp":"2021-05-18 23:23:33","level":"info",message:{"data":"/User/getuserlogin"}}
{"timestamp":"2021-05-18 23:23:33","level":"info",message:{"data":"/User/GetApproved/0"}}
{"timestamp":"2021-05-18 23:23:33","level":"info",message:{"data":"/User/refreshtoken"}}
{"timestamp":"2021-05-18 23:23:33","level":"info",message:{"data":"/User/GetNotification/0"}}
{"timestamp":"2021-05-18 23:23:34","level":"info",message:{"data":"/User/getuserlogin"}}
{"timestamp":"2021-05-18 23:23:35","level":"info",message:{"data":"/Getdeafult/listReport"}}
{"timestamp":"2021-05-18 23:23:35","level":"info",message:{"data":"/User/getHistoryEmoj"}}
{"timestamp":"2021-05-18 23:23:35","level":"info",message:{"data":"/User/GetListBlockUser"}}
{"timestamp":"2021-05-18 23:23:35","level":"info",message:{"data":"/User/getlistemoj"}}
{"timestamp":"2021-05-18 23:23:35","level":"info",message:{"data":"/User/GetListUserBlockMe"}}
{"timestamp":"2021-05-18 23:23:35","level":"info",message:{"data":"/Getdeafult/get_lst_bieucamimg"}}
{"timestamp":"2021-05-18 23:23:35","level":"info",message:{"data":"/User/getusersetting"}}
{"timestamp":"2021-05-18 23:23:35","level":"info",message:{"data":"/Getdeafult/Getemoj"}}
{"timestamp":"2021-05-18 23:23:35","level":"info",message:{"data":"/User/getaproved_send"}}
{"timestamp":"2021-05-18 23:23:36","level":"info",message:{"data":"/User/GetNotification/0"}}
{"timestamp":"2021-05-18 23:23:36","level":"info",message:{"data":"/User/GetApproved/0"}}
{"timestamp":"2021-05-18 23:25:07","level":"info",message:{"data":"/User/getuserlogin"}}
{"timestamp":"2021-05-18 23:25:07","level":"info",message:{"data":"/User/GetNotification/0"}}
{"timestamp":"2021-05-18 23:25:07","level":"info",message:{"data":"/User/GetApproved/0"}}
{"timestamp":"2021-05-18 23:25:07","level":"info",message:{"data":"/User/refreshtoken"}}
{"timestamp":"2021-05-18 23:25:07","level":"info",message:{"data":"/User/getuserlogin"}}
{"timestamp":"2021-05-18 23:25:20","level":"info",message:{"data":"/Getdeafult/listReport"}}
{"timestamp":"2021-05-18 23:25:20","level":"info",message:{"data":"/Getdeafult/get_lst_bieucamimg"}}
{"timestamp":"2021-05-18 23:25:20","level":"info",message:{"data":"/Getdeafult/Getemoj"}}
{"timestamp":"2021-05-18 23:25:21","level":"info",message:{"data":"/User/GetListBlockUser"}}
{"timestamp":"2021-05-18 23:25:21","level":"info",message:{"data":"/User/getlistemoj"}}
{"timestamp":"2021-05-18 23:25:21","level":"info",message:{"data":"/User/getHistoryEmoj"}}
{"timestamp":"2021-05-18 23:25:21","level":"info",message:{"data":"/User/GetListUserBlockMe"}}
{"timestamp":"2021-05-18 23:25:21","level":"info",message:{"data":"/User/getusersetting"}}
{"timestamp":"2021-05-18 23:25:21","level":"info",message:{"data":"/User/GetNotification/0"}}
{"timestamp":"2021-05-18 23:25:21","level":"info",message:{"data":"/User/getaproved_send"}}
{"timestamp":"2021-05-18 23:25:21","level":"info",message:{"data":"/User/GetApproved/0"}}
{"timestamp":"2021-05-18 23:32:11","level":"info",message:{"data":"/User/getuserlogin"}}
{"timestamp":"2021-05-18 23:32:11","level":"info",message:{"data":"/User/GetApproved/0"}}
{"timestamp":"2021-05-18 23:32:11","level":"info",message:{"data":"/User/GetNotification/0"}}
{"timestamp":"2021-05-18 23:32:11","level":"info",message:{"data":"/User/refreshtoken"}}
{"timestamp":"2021-05-18 23:32:11","level":"info",message:{"data":"/User/getuserlogin"}}
{"timestamp":"2021-05-18 23:32:16","level":"info",message:{"data":"/Getdeafult/listReport"}}
{"timestamp":"2021-05-18 23:32:16","level":"info",message:{"data":"/Getdeafult/get_lst_bieucamimg"}}
{"timestamp":"2021-05-18 23:32:16","level":"info",message:{"data":"/Getdeafult/Getemoj"}}
{"timestamp":"2021-05-18 23:32:16","level":"info",message:{"data":"/User/getHistoryEmoj"}}
{"timestamp":"2021-05-18 23:32:16","level":"info",message:{"data":"/User/GetListBlockUser"}}
{"timestamp":"2021-05-18 23:32:16","level":"info",message:{"data":"/User/getlistemoj"}}
{"timestamp":"2021-05-18 23:32:17","level":"info",message:{"data":"/User/getusersetting"}}
{"timestamp":"2021-05-18 23:32:17","level":"info",message:{"data":"/User/GetListUserBlockMe"}}
{"timestamp":"2021-05-18 23:32:17","level":"info",message:{"data":"/User/GetNotification/0"}}
{"timestamp":"2021-05-18 23:32:17","level":"info",message:{"data":"/User/getaproved_send"}}
{"timestamp":"2021-05-18 23:32:17","level":"info",message:{"data":"/User/GetApproved/0"}}
{"timestamp":"2021-05-18 23:44:58","level":"info",message:{"data":"/User/getuserlogin"}}
{"timestamp":"2021-05-18 23:44:58","level":"info",message:{"data":"/User/GetApproved/0"}}
{"timestamp":"2021-05-18 23:44:58","level":"info",message:{"data":"/User/GetNotification/0"}}
{"timestamp":"2021-05-18 23:44:58","level":"info",message:{"data":"/User/refreshtoken"}}
{"timestamp":"2021-05-18 23:44:58","level":"info",message:{"data":"/User/getuserlogin"}}
{"timestamp":"2021-05-18 23:45:00","level":"info",message:{"data":"/Getdeafult/get_lst_bieucamimg"}}
{"timestamp":"2021-05-18 23:45:00","level":"info",message:{"data":"/Getdeafult/listReport"}}
{"timestamp":"2021-05-18 23:45:01","level":"info",message:{"data":"/Getdeafult/Getemoj"}}
{"timestamp":"2021-05-18 23:45:01","level":"info",message:{"data":"/User/getlistemoj"}}
{"timestamp":"2021-05-18 23:45:01","level":"info",message:{"data":"/User/getHistoryEmoj"}}
{"timestamp":"2021-05-18 23:45:01","level":"info",message:{"data":"/User/GetApproved/0"}}
{"timestamp":"2021-05-18 23:45:01","level":"info",message:{"data":"/User/GetNotification/0"}}
{"timestamp":"2021-05-18 23:45:01","level":"info",message:{"data":"/User/GetListBlockUser"}}
{"timestamp":"2021-05-18 23:45:01","level":"info",message:{"data":"/User/GetListUserBlockMe"}}
{"timestamp":"2021-05-18 23:45:01","level":"info",message:{"data":"/User/getaproved_send"}}
{"timestamp":"2021-05-18 23:45:01","level":"info",message:{"data":"/User/getusersetting"}}
