{"timestamp":"2021-05-15 14:04:49","level":"info",message:{"data":"Server Start"}}
{"timestamp":"2021-05-15 14:07:13","level":"error",message:{"data":"UserToken is not defined","request":{"url":"/User/refreshtoken","header":{"host":"localhost:3001","connection":"keep-alive","content-length":"310","sec-ch-ua":"\" Not A;Brand\";v=\"99\", \"Chromium\";v=\"90\", \"Google Chrome\";v=\"90\"","accept":"application/json, text/plain, */*","authorization":"Bearer eyJhbGciOiJIUzI1NiIsInR5cCI6IkpXVCJ9.eyJkYXRhIjp7ImlkIjoiNjA5OGQ1NDEyZTFkOWQyNjY0OGI3N2U2IiwidXNlcm5hbWUiOiJ0cm9uZ2RheTEiLCJsZXZlbCI6NywidHlwZSI6MCwiY3JlYXR0aW1lIjoiMjAyMS0wNS0xM1QxNTowNDo1Mi43MjRaIn0sImlhdCI6MTYyMDkxODI5MiwiZXhwIjoxNjUyNDU0MjkyfQ.lZKmBBD_loT4o6UvlS2k1xIN37r-OUSW48gAvj0moxg","sec-ch-ua-mobile":"?0","user-agent":"Mozilla/5.0 (Windows NT 10.0; Win64; x64) AppleWebKit/537.36 (KHTML, like Gecko) Chrome/90.0.4430.212 Safari/537.36","content-type":"application/json","origin":"http://localhost:3000","sec-fetch-site":"same-site","sec-fetch-mode":"cors","sec-fetch-dest":"empty","referer":"http://localhost:3000/","accept-encoding":"gzip, deflate, br","accept-language":"vi-VN,vi;q=0.9,fr-FR;q=0.8,fr;q=0.7,en-US;q=0.6,en;q=0.5"},"body":{"refreshtoken":"eyJhbGciOiJIUzI1NiIsInR5cCI6IkpXVCJ9.eyJkYXRhIjp7ImlkIjoiNjA5OGQ1NDEyZTFkOWQyNjY0OGI3N2U2IiwidXNlcm5hbWUiOiJ0cm9uZ2RheTEiLCJsZXZlbCI6NywidHlwZSI6MCwiY3JlYXR0aW1lIjoiMjAyMS0wNS0xM1QxNTowNDo1Mi43MjRaIn0sImlhdCI6MTYyMDkxODI5MiwiZXhwIjoxNjUyNDU0MjkyfQ.lZKmBBD_loT4o6UvlS2k1xIN37r-OUSW48gAvj0moxg"},"params":{}}},"stack" : Error: {"data":"UserToken is not defined","request":{"url":"/User/refreshtoken","header":{"host":"localhost:3001","connection":"keep-alive","content-length":"310","sec-ch-ua":"\" Not A;Brand\";v=\"99\", \"Chromium\";v=\"90\", \"Google Chrome\";v=\"90\"","accept":"application/json, text/plain, */*","authorization":"Bearer eyJhbGciOiJIUzI1NiIsInR5cCI6IkpXVCJ9.eyJkYXRhIjp7ImlkIjoiNjA5OGQ1NDEyZTFkOWQyNjY0OGI3N2U2IiwidXNlcm5hbWUiOiJ0cm9uZ2RheTEiLCJsZXZlbCI6NywidHlwZSI6MCwiY3JlYXR0aW1lIjoiMjAyMS0wNS0xM1QxNTowNDo1Mi43MjRaIn0sImlhdCI6MTYyMDkxODI5MiwiZXhwIjoxNjUyNDU0MjkyfQ.lZKmBBD_loT4o6UvlS2k1xIN37r-OUSW48gAvj0moxg","sec-ch-ua-mobile":"?0","user-agent":"Mozilla/5.0 (Windows NT 10.0; Win64; x64) AppleWebKit/537.36 (KHTML, like Gecko) Chrome/90.0.4430.212 Safari/537.36","content-type":"application/json","origin":"http://localhost:3000","sec-fetch-site":"same-site","sec-fetch-mode":"cors","sec-fetch-dest":"empty","referer":"http://localhost:3000/","accept-encoding":"gzip, deflate, br","accept-language":"vi-VN,vi;q=0.9,fr-FR;q=0.8,fr;q=0.7,en-US;q=0.6,en;q=0.5"},"body":{"refreshtoken":"eyJhbGciOiJIUzI1NiIsInR5cCI6IkpXVCJ9.eyJkYXRhIjp7ImlkIjoiNjA5OGQ1NDEyZTFkOWQyNjY0OGI3N2U2IiwidXNlcm5hbWUiOiJ0cm9uZ2RheTEiLCJsZXZlbCI6NywidHlwZSI6MCwiY3JlYXR0aW1lIjoiMjAyMS0wNS0xM1QxNTowNDo1Mi43MjRaIn0sImlhdCI6MTYyMDkxODI5MiwiZXhwIjoxNjUyNDU0MjkyfQ.lZKmBBD_loT4o6UvlS2k1xIN37r-OUSW48gAvj0moxg"},"params":{}}}
    at Object.exports.LogError (G:\REACT\serve-xemphim\api\FuncLib\FuncLog.js:23:19)
    at exports.refreshtoken (G:\REACT\serve-xemphim\api\controller\user.js:437:13)
    at processTicksAndRejections (internal/process/task_queues.js:97:5)}
{"timestamp":"2021-05-15 14:07:14","level":"info",message:{"data":"/Menu"}}
{"timestamp":"2021-05-15 14:07:15","level":"info",message:{"data":"/User/creatusertemp"}}
{"timestamp":"2021-05-15 14:09:01","level":"info",message:{"data":"Server Start"}}
{"timestamp":"2021-05-15 14:09:05","level":"info",message:{"data":"/User/refreshtoken"}}
{"timestamp":"2021-05-15 14:09:10","level":"info",message:{"data":"/Menu"}}
{"timestamp":"2021-05-15 14:09:10","level":"info",message:{"data":"/User/getuserlogin"}}
{"timestamp":"2021-05-15 14:09:11","level":"info",message:{"data":"/Getdeafult/listReport"}}
{"timestamp":"2021-05-15 14:09:11","level":"info",message:{"data":"/Getdeafult/get_lst_bieucamimg"}}
{"timestamp":"2021-05-15 14:09:11","level":"info",message:{"data":"/Getdeafult/Getemoj"}}
{"timestamp":"2021-05-15 14:09:11","level":"info",message:{"data":"/User/getlistemoj"}}
{"timestamp":"2021-05-15 14:09:11","level":"info",message:{"data":"/User/getHistoryEmoj"}}
{"timestamp":"2021-05-15 14:09:11","level":"info",message:{"data":"/User/GetListBlockUser"}}
{"timestamp":"2021-05-15 14:09:11","level":"info",message:{"data":"/User/GetListUserBlockMe"}}
{"timestamp":"2021-05-15 14:09:12","level":"info",message:{"data":"/User/getusersetting"}}
{"timestamp":"2021-05-15 14:09:12","level":"info",message:{"data":"/User/GetNotification/0"}}
{"timestamp":"2021-05-15 14:09:12","level":"info",message:{"data":"/User/GetApproved/0"}}
{"timestamp":"2021-05-15 14:09:12","level":"info",message:{"data":"/User/getaproved_send"}}
{"timestamp":"2021-05-15 15:07:19","level":"error",message:{"data":"jwt malformed","request":{"url":"/User/GetNotification/0","header":{"host":"localhost:3001","connection":"keep-alive","sec-ch-ua":"\" Not A;Brand\";v=\"99\", \"Chromium\";v=\"90\", \"Google Chrome\";v=\"90\"","accept":"application/json, text/plain, */*","authorization":"Bearer undefined","sec-ch-ua-mobile":"?0","user-agent":"Mozilla/5.0 (Windows NT 10.0; Win64; x64) AppleWebKit/537.36 (KHTML, like Gecko) Chrome/90.0.4430.212 Safari/537.36","origin":"http://localhost:3000","sec-fetch-site":"same-site","sec-fetch-mode":"cors","sec-fetch-dest":"empty","referer":"http://localhost:3000/","accept-encoding":"gzip, deflate, br","accept-language":"vi-VN,vi;q=0.9,fr-FR;q=0.8,fr;q=0.7,en-US;q=0.6,en;q=0.5","if-none-match":"W/\"23-eJU0pUIpwAQbeiJ9l2iZbmnQU+w\""},"body":{},"params":{"limit":"0"}}},"stack" : Error: {"data":"jwt malformed","request":{"url":"/User/GetNotification/0","header":{"host":"localhost:3001","connection":"keep-alive","sec-ch-ua":"\" Not A;Brand\";v=\"99\", \"Chromium\";v=\"90\", \"Google Chrome\";v=\"90\"","accept":"application/json, text/plain, */*","authorization":"Bearer undefined","sec-ch-ua-mobile":"?0","user-agent":"Mozilla/5.0 (Windows NT 10.0; Win64; x64) AppleWebKit/537.36 (KHTML, like Gecko) Chrome/90.0.4430.212 Safari/537.36","origin":"http://localhost:3000","sec-fetch-site":"same-site","sec-fetch-mode":"cors","sec-fetch-dest":"empty","referer":"http://localhost:3000/","accept-encoding":"gzip, deflate, br","accept-language":"vi-VN,vi;q=0.9,fr-FR;q=0.8,fr;q=0.7,en-US;q=0.6,en;q=0.5","if-none-match":"W/\"23-eJU0pUIpwAQbeiJ9l2iZbmnQU+w\""},"body":{},"params":{"limit":"0"}}}
    at Object.exports.LogError (G:\REACT\serve-xemphim\api\FuncLib\FuncLog.js:23:19)
    at exports.is_user (G:\REACT\serve-xemphim\api\middleware\token.js:69:9)
    at runMicrotasks (<anonymous>)
    at processTicksAndRejections (internal/process/task_queues.js:97:5)}
{"timestamp":"2021-05-15 15:07:19","level":"error",message:{"data":"jwt malformed","request":{"url":"/User/GetApproved/0","header":{"host":"localhost:3001","connection":"keep-alive","sec-ch-ua":"\" Not A;Brand\";v=\"99\", \"Chromium\";v=\"90\", \"Google Chrome\";v=\"90\"","accept":"application/json, text/plain, */*","authorization":"Bearer undefined","sec-ch-ua-mobile":"?0","user-agent":"Mozilla/5.0 (Windows NT 10.0; Win64; x64) AppleWebKit/537.36 (KHTML, like Gecko) Chrome/90.0.4430.212 Safari/537.36","origin":"http://localhost:3000","sec-fetch-site":"same-site","sec-fetch-mode":"cors","sec-fetch-dest":"empty","referer":"http://localhost:3000/","accept-encoding":"gzip, deflate, br","accept-language":"vi-VN,vi;q=0.9,fr-FR;q=0.8,fr;q=0.7,en-US;q=0.6,en;q=0.5","if-none-match":"W/\"23-eJU0pUIpwAQbeiJ9l2iZbmnQU+w\""},"body":{},"params":{"limit":"0"}}},"stack" : Error: {"data":"jwt malformed","request":{"url":"/User/GetApproved/0","header":{"host":"localhost:3001","connection":"keep-alive","sec-ch-ua":"\" Not A;Brand\";v=\"99\", \"Chromium\";v=\"90\", \"Google Chrome\";v=\"90\"","accept":"application/json, text/plain, */*","authorization":"Bearer undefined","sec-ch-ua-mobile":"?0","user-agent":"Mozilla/5.0 (Windows NT 10.0; Win64; x64) AppleWebKit/537.36 (KHTML, like Gecko) Chrome/90.0.4430.212 Safari/537.36","origin":"http://localhost:3000","sec-fetch-site":"same-site","sec-fetch-mode":"cors","sec-fetch-dest":"empty","referer":"http://localhost:3000/","accept-encoding":"gzip, deflate, br","accept-language":"vi-VN,vi;q=0.9,fr-FR;q=0.8,fr;q=0.7,en-US;q=0.6,en;q=0.5","if-none-match":"W/\"23-eJU0pUIpwAQbeiJ9l2iZbmnQU+w\""},"body":{},"params":{"limit":"0"}}}
    at Object.exports.LogError (G:\REACT\serve-xemphim\api\FuncLib\FuncLog.js:23:19)
    at exports.is_user (G:\REACT\serve-xemphim\api\middleware\token.js:69:9)
    at runMicrotasks (<anonymous>)
    at processTicksAndRejections (internal/process/task_queues.js:97:5)}
{"timestamp":"2021-05-15 15:07:21","level":"info",message:{"data":"/User/creatusertemp"}}
{"timestamp":"2021-05-15 15:07:21","level":"info",message:{"data":"/User/creatusertemp"}}
{"timestamp":"2021-05-15 15:07:28","level":"error",message:{"data":"Unauthorized","request":{"url":"/User/GetNotification/0","header":{"host":"localhost:3001","connection":"keep-alive","sec-ch-ua":"\" Not A;Brand\";v=\"99\", \"Chromium\";v=\"90\", \"Google Chrome\";v=\"90\"","accept":"application/json, text/plain, */*","authorization":"Bearer eyJhbGciOiJIUzI1NiIsInR5cCI6IkpXVCJ9.eyJkYXRhIjp7ImlkIjoiNjA5ZjgxMzg3MGUxYjAwOTEwZDgxYWUzIiwidXNlcm5hbWUiOiJkWE5sY2w5MFpXMXdYelk0WHpJd01qRXRNRFV0TVRWVU1EZzZNRGM2TWpBdU9EYzNXZz09IiwibGV2ZWwiOjAsInR5cGUiOjEsImNyZWF0dGltZSI6IjIwMjEtMDUtMTVUMDg6MDc6MjEuMTcxWiJ9LCJpYXQiOjE2MjEwNjYwNDEsImV4cCI6MTYyMjM4MDA0MX0.9ksT4higmmIoRBUx_cz5sZyX0Yrfkm5Zg3KvhxyCF5M","sec-ch-ua-mobile":"?0","user-agent":"Mozilla/5.0 (Windows NT 10.0; Win64; x64) AppleWebKit/537.36 (KHTML, like Gecko) Chrome/90.0.4430.212 Safari/537.36","origin":"http://localhost:3000","sec-fetch-site":"same-site","sec-fetch-mode":"cors","sec-fetch-dest":"empty","referer":"http://localhost:3000/","accept-encoding":"gzip, deflate, br","accept-language":"vi-VN,vi;q=0.9,fr-FR;q=0.8,fr;q=0.7,en-US;q=0.6,en;q=0.5","if-none-match":"W/\"23-eJU0pUIpwAQbeiJ9l2iZbmnQU+w\""},"body":{},"params":{"limit":"0"}}},"stack" : Error: {"data":"Unauthorized","request":{"url":"/User/GetNotification/0","header":{"host":"localhost:3001","connection":"keep-alive","sec-ch-ua":"\" Not A;Brand\";v=\"99\", \"Chromium\";v=\"90\", \"Google Chrome\";v=\"90\"","accept":"application/json, text/plain, */*","authorization":"Bearer eyJhbGciOiJIUzI1NiIsInR5cCI6IkpXVCJ9.eyJkYXRhIjp7ImlkIjoiNjA5ZjgxMzg3MGUxYjAwOTEwZDgxYWUzIiwidXNlcm5hbWUiOiJkWE5sY2w5MFpXMXdYelk0WHpJd01qRXRNRFV0TVRWVU1EZzZNRGM2TWpBdU9EYzNXZz09IiwibGV2ZWwiOjAsInR5cGUiOjEsImNyZWF0dGltZSI6IjIwMjEtMDUtMTVUMDg6MDc6MjEuMTcxWiJ9LCJpYXQiOjE2MjEwNjYwNDEsImV4cCI6MTYyMjM4MDA0MX0.9ksT4higmmIoRBUx_cz5sZyX0Yrfkm5Zg3KvhxyCF5M","sec-ch-ua-mobile":"?0","user-agent":"Mozilla/5.0 (Windows NT 10.0; Win64; x64) AppleWebKit/537.36 (KHTML, like Gecko) Chrome/90.0.4430.212 Safari/537.36","origin":"http://localhost:3000","sec-fetch-site":"same-site","sec-fetch-mode":"cors","sec-fetch-dest":"empty","referer":"http://localhost:3000/","accept-encoding":"gzip, deflate, br","accept-language":"vi-VN,vi;q=0.9,fr-FR;q=0.8,fr;q=0.7,en-US;q=0.6,en;q=0.5","if-none-match":"W/\"23-eJU0pUIpwAQbeiJ9l2iZbmnQU+w\""},"body":{},"params":{"limit":"0"}}}
    at Object.exports.LogError (G:\REACT\serve-xemphim\api\FuncLib\FuncLog.js:23:19)
    at exports.is_user (G:\REACT\serve-xemphim\api\middleware\token.js:52:10)
    at runMicrotasks (<anonymous>)
    at processTicksAndRejections (internal/process/task_queues.js:97:5)}
{"timestamp":"2021-05-15 15:07:28","level":"error",message:{"data":"Unauthorized","request":{"url":"/User/GetApproved/0","header":{"host":"localhost:3001","connection":"keep-alive","sec-ch-ua":"\" Not A;Brand\";v=\"99\", \"Chromium\";v=\"90\", \"Google Chrome\";v=\"90\"","accept":"application/json, text/plain, */*","authorization":"Bearer eyJhbGciOiJIUzI1NiIsInR5cCI6IkpXVCJ9.eyJkYXRhIjp7ImlkIjoiNjA5ZjgxMzg3MGUxYjAwOTEwZDgxYWUzIiwidXNlcm5hbWUiOiJkWE5sY2w5MFpXMXdYelk0WHpJd01qRXRNRFV0TVRWVU1EZzZNRGM2TWpBdU9EYzNXZz09IiwibGV2ZWwiOjAsInR5cGUiOjEsImNyZWF0dGltZSI6IjIwMjEtMDUtMTVUMDg6MDc6MjEuMTcxWiJ9LCJpYXQiOjE2MjEwNjYwNDEsImV4cCI6MTYyMjM4MDA0MX0.9ksT4higmmIoRBUx_cz5sZyX0Yrfkm5Zg3KvhxyCF5M","sec-ch-ua-mobile":"?0","user-agent":"Mozilla/5.0 (Windows NT 10.0; Win64; x64) AppleWebKit/537.36 (KHTML, like Gecko) Chrome/90.0.4430.212 Safari/537.36","origin":"http://localhost:3000","sec-fetch-site":"same-site","sec-fetch-mode":"cors","sec-fetch-dest":"empty","referer":"http://localhost:3000/","accept-encoding":"gzip, deflate, br","accept-language":"vi-VN,vi;q=0.9,fr-FR;q=0.8,fr;q=0.7,en-US;q=0.6,en;q=0.5","if-none-match":"W/\"23-eJU0pUIpwAQbeiJ9l2iZbmnQU+w\""},"body":{},"params":{"limit":"0"}}},"stack" : Error: {"data":"Unauthorized","request":{"url":"/User/GetApproved/0","header":{"host":"localhost:3001","connection":"keep-alive","sec-ch-ua":"\" Not A;Brand\";v=\"99\", \"Chromium\";v=\"90\", \"Google Chrome\";v=\"90\"","accept":"application/json, text/plain, */*","authorization":"Bearer eyJhbGciOiJIUzI1NiIsInR5cCI6IkpXVCJ9.eyJkYXRhIjp7ImlkIjoiNjA5ZjgxMzg3MGUxYjAwOTEwZDgxYWUzIiwidXNlcm5hbWUiOiJkWE5sY2w5MFpXMXdYelk0WHpJd01qRXRNRFV0TVRWVU1EZzZNRGM2TWpBdU9EYzNXZz09IiwibGV2ZWwiOjAsInR5cGUiOjEsImNyZWF0dGltZSI6IjIwMjEtMDUtMTVUMDg6MDc6MjEuMTcxWiJ9LCJpYXQiOjE2MjEwNjYwNDEsImV4cCI6MTYyMjM4MDA0MX0.9ksT4higmmIoRBUx_cz5sZyX0Yrfkm5Zg3KvhxyCF5M","sec-ch-ua-mobile":"?0","user-agent":"Mozilla/5.0 (Windows NT 10.0; Win64; x64) AppleWebKit/537.36 (KHTML, like Gecko) Chrome/90.0.4430.212 Safari/537.36","origin":"http://localhost:3000","sec-fetch-site":"same-site","sec-fetch-mode":"cors","sec-fetch-dest":"empty","referer":"http://localhost:3000/","accept-encoding":"gzip, deflate, br","accept-language":"vi-VN,vi;q=0.9,fr-FR;q=0.8,fr;q=0.7,en-US;q=0.6,en;q=0.5","if-none-match":"W/\"23-eJU0pUIpwAQbeiJ9l2iZbmnQU+w\""},"body":{},"params":{"limit":"0"}}}
    at Object.exports.LogError (G:\REACT\serve-xemphim\api\FuncLib\FuncLog.js:23:19)
    at exports.is_user (G:\REACT\serve-xemphim\api\middleware\token.js:52:10)
    at runMicrotasks (<anonymous>)
    at processTicksAndRejections (internal/process/task_queues.js:97:5)}
{"timestamp":"2021-05-15 15:07:29","level":"info",message:{"data":"/User/getuserlogin"}}
{"timestamp":"2021-05-15 15:07:30","level":"info",message:{"data":"/User/getuserlogin"}}
{"timestamp":"2021-05-15 15:07:45","level":"error",message:{"data":"Unauthorized","request":{"url":"/User/GetApproved/0","header":{"host":"localhost:3001","connection":"keep-alive","sec-ch-ua":"\" Not A;Brand\";v=\"99\", \"Chromium\";v=\"90\", \"Google Chrome\";v=\"90\"","accept":"application/json, text/plain, */*","authorization":"Bearer eyJhbGciOiJIUzI1NiIsInR5cCI6IkpXVCJ9.eyJkYXRhIjp7ImlkIjoiNjA5ZjgxMzg3MGUxYjAwOTEwZDgxYWUzIiwidXNlcm5hbWUiOiJkWE5sY2w5MFpXMXdYelk0WHpJd01qRXRNRFV0TVRWVU1EZzZNRGM2TWpBdU9EYzNXZz09IiwibGV2ZWwiOjAsInR5cGUiOjEsImNyZWF0dGltZSI6IjIwMjEtMDUtMTVUMDg6MDc6MjEuMTcxWiJ9LCJpYXQiOjE2MjEwNjYwNDEsImV4cCI6MTYyMjM4MDA0MX0.9ksT4higmmIoRBUx_cz5sZyX0Yrfkm5Zg3KvhxyCF5M","sec-ch-ua-mobile":"?0","user-agent":"Mozilla/5.0 (Windows NT 10.0; Win64; x64) AppleWebKit/537.36 (KHTML, like Gecko) Chrome/90.0.4430.212 Safari/537.36","origin":"http://localhost:3000","sec-fetch-site":"same-site","sec-fetch-mode":"cors","sec-fetch-dest":"empty","referer":"http://localhost:3000/","accept-encoding":"gzip, deflate, br","accept-language":"vi-VN,vi;q=0.9,fr-FR;q=0.8,fr;q=0.7,en-US;q=0.6,en;q=0.5","if-none-match":"W/\"23-eJU0pUIpwAQbeiJ9l2iZbmnQU+w\""},"body":{},"params":{"limit":"0"}}},"stack" : Error: {"data":"Unauthorized","request":{"url":"/User/GetApproved/0","header":{"host":"localhost:3001","connection":"keep-alive","sec-ch-ua":"\" Not A;Brand\";v=\"99\", \"Chromium\";v=\"90\", \"Google Chrome\";v=\"90\"","accept":"application/json, text/plain, */*","authorization":"Bearer eyJhbGciOiJIUzI1NiIsInR5cCI6IkpXVCJ9.eyJkYXRhIjp7ImlkIjoiNjA5ZjgxMzg3MGUxYjAwOTEwZDgxYWUzIiwidXNlcm5hbWUiOiJkWE5sY2w5MFpXMXdYelk0WHpJd01qRXRNRFV0TVRWVU1EZzZNRGM2TWpBdU9EYzNXZz09IiwibGV2ZWwiOjAsInR5cGUiOjEsImNyZWF0dGltZSI6IjIwMjEtMDUtMTVUMDg6MDc6MjEuMTcxWiJ9LCJpYXQiOjE2MjEwNjYwNDEsImV4cCI6MTYyMjM4MDA0MX0.9ksT4higmmIoRBUx_cz5sZyX0Yrfkm5Zg3KvhxyCF5M","sec-ch-ua-mobile":"?0","user-agent":"Mozilla/5.0 (Windows NT 10.0; Win64; x64) AppleWebKit/537.36 (KHTML, like Gecko) Chrome/90.0.4430.212 Safari/537.36","origin":"http://localhost:3000","sec-fetch-site":"same-site","sec-fetch-mode":"cors","sec-fetch-dest":"empty","referer":"http://localhost:3000/","accept-encoding":"gzip, deflate, br","accept-language":"vi-VN,vi;q=0.9,fr-FR;q=0.8,fr;q=0.7,en-US;q=0.6,en;q=0.5","if-none-match":"W/\"23-eJU0pUIpwAQbeiJ9l2iZbmnQU+w\""},"body":{},"params":{"limit":"0"}}}
    at Object.exports.LogError (G:\REACT\serve-xemphim\api\FuncLib\FuncLog.js:23:19)
    at exports.is_user (G:\REACT\serve-xemphim\api\middleware\token.js:52:10)
    at runMicrotasks (<anonymous>)
    at processTicksAndRejections (internal/process/task_queues.js:97:5)}
{"timestamp":"2021-05-15 15:07:45","level":"error",message:{"data":"Unauthorized","request":{"url":"/User/GetNotification/0","header":{"host":"localhost:3001","connection":"keep-alive","sec-ch-ua":"\" Not A;Brand\";v=\"99\", \"Chromium\";v=\"90\", \"Google Chrome\";v=\"90\"","accept":"application/json, text/plain, */*","authorization":"Bearer eyJhbGciOiJIUzI1NiIsInR5cCI6IkpXVCJ9.eyJkYXRhIjp7ImlkIjoiNjA5ZjgxMzg3MGUxYjAwOTEwZDgxYWUzIiwidXNlcm5hbWUiOiJkWE5sY2w5MFpXMXdYelk0WHpJd01qRXRNRFV0TVRWVU1EZzZNRGM2TWpBdU9EYzNXZz09IiwibGV2ZWwiOjAsInR5cGUiOjEsImNyZWF0dGltZSI6IjIwMjEtMDUtMTVUMDg6MDc6MjEuMTcxWiJ9LCJpYXQiOjE2MjEwNjYwNDEsImV4cCI6MTYyMjM4MDA0MX0.9ksT4higmmIoRBUx_cz5sZyX0Yrfkm5Zg3KvhxyCF5M","sec-ch-ua-mobile":"?0","user-agent":"Mozilla/5.0 (Windows NT 10.0; Win64; x64) AppleWebKit/537.36 (KHTML, like Gecko) Chrome/90.0.4430.212 Safari/537.36","origin":"http://localhost:3000","sec-fetch-site":"same-site","sec-fetch-mode":"cors","sec-fetch-dest":"empty","referer":"http://localhost:3000/","accept-encoding":"gzip, deflate, br","accept-language":"vi-VN,vi;q=0.9,fr-FR;q=0.8,fr;q=0.7,en-US;q=0.6,en;q=0.5","if-none-match":"W/\"23-eJU0pUIpwAQbeiJ9l2iZbmnQU+w\""},"body":{},"params":{"limit":"0"}}},"stack" : Error: {"data":"Unauthorized","request":{"url":"/User/GetNotification/0","header":{"host":"localhost:3001","connection":"keep-alive","sec-ch-ua":"\" Not A;Brand\";v=\"99\", \"Chromium\";v=\"90\", \"Google Chrome\";v=\"90\"","accept":"application/json, text/plain, */*","authorization":"Bearer eyJhbGciOiJIUzI1NiIsInR5cCI6IkpXVCJ9.eyJkYXRhIjp7ImlkIjoiNjA5ZjgxMzg3MGUxYjAwOTEwZDgxYWUzIiwidXNlcm5hbWUiOiJkWE5sY2w5MFpXMXdYelk0WHpJd01qRXRNRFV0TVRWVU1EZzZNRGM2TWpBdU9EYzNXZz09IiwibGV2ZWwiOjAsInR5cGUiOjEsImNyZWF0dGltZSI6IjIwMjEtMDUtMTVUMDg6MDc6MjEuMTcxWiJ9LCJpYXQiOjE2MjEwNjYwNDEsImV4cCI6MTYyMjM4MDA0MX0.9ksT4higmmIoRBUx_cz5sZyX0Yrfkm5Zg3KvhxyCF5M","sec-ch-ua-mobile":"?0","user-agent":"Mozilla/5.0 (Windows NT 10.0; Win64; x64) AppleWebKit/537.36 (KHTML, like Gecko) Chrome/90.0.4430.212 Safari/537.36","origin":"http://localhost:3000","sec-fetch-site":"same-site","sec-fetch-mode":"cors","sec-fetch-dest":"empty","referer":"http://localhost:3000/","accept-encoding":"gzip, deflate, br","accept-language":"vi-VN,vi;q=0.9,fr-FR;q=0.8,fr;q=0.7,en-US;q=0.6,en;q=0.5","if-none-match":"W/\"23-eJU0pUIpwAQbeiJ9l2iZbmnQU+w\""},"body":{},"params":{"limit":"0"}}}
    at Object.exports.LogError (G:\REACT\serve-xemphim\api\FuncLib\FuncLog.js:23:19)
    at exports.is_user (G:\REACT\serve-xemphim\api\middleware\token.js:52:10)
    at runMicrotasks (<anonymous>)
    at processTicksAndRejections (internal/process/task_queues.js:97:5)}
{"timestamp":"2021-05-15 15:07:45","level":"info",message:{"data":"/User/getuserlogin"}}
{"timestamp":"2021-05-15 15:07:45","level":"info",message:{"data":"/Menu"}}
{"timestamp":"2021-05-15 15:07:46","level":"info",message:{"data":"/User/getuserlogin"}}
{"timestamp":"2021-05-15 15:09:31","level":"info",message:{"data":"/Menu"}}
{"timestamp":"2021-05-15 15:09:31","level":"info",message:{"data":"/User/getuserlogin"}}
{"timestamp":"2021-05-15 15:10:21","level":"info",message:{}}
{"timestamp":"2021-05-15 15:10:21","level":"info",message:{"data":"/Getdeafult/listReport"}}
{"timestamp":"2021-05-15 15:10:21","level":"info",message:{"data":"/Getdeafult/Getemoj"}}
{"timestamp":"2021-05-15 15:10:21","level":"info",message:{"data":"/Getdeafult/get_lst_bieucamimg"}}
{"timestamp":"2021-05-15 15:10:21","level":"info",message:{"data":"/User/getlistemoj"}}
{"timestamp":"2021-05-15 15:10:21","level":"info",message:{"data":"/User/getHistoryEmoj"}}
{"timestamp":"2021-05-15 15:10:21","level":"info",message:{"data":"/User/GetListBlockUser"}}
{"timestamp":"2021-05-15 15:10:22","level":"info",message:{"data":"/User/GetListUserBlockMe"}}
{"timestamp":"2021-05-15 15:10:22","level":"info",message:{"data":"/User/getusersetting"}}
{"timestamp":"2021-05-15 15:10:22","level":"info",message:{"data":"/User/GetNotification/0"}}
{"timestamp":"2021-05-15 15:10:22","level":"info",message:{"data":"/User/getaproved_send"}}
{"timestamp":"2021-05-15 15:10:22","level":"info",message:{"data":"/User/GetApproved/0"}}
{"timestamp":"2021-05-15 15:10:31","level":"info",message:{"data":"/User/getuserlogin"}}
{"timestamp":"2021-05-15 15:10:31","level":"info",message:{"data":"/User/GetApproved/0"}}
{"timestamp":"2021-05-15 15:10:32","level":"info",message:{"data":"/User/GetNotification/0"}}
{"timestamp":"2021-05-15 15:10:32","level":"info",message:{"data":"/User/refreshtoken"}}
{"timestamp":"2021-05-15 15:10:32","level":"info",message:{"data":"/User/getuserlogin"}}
{"timestamp":"2021-05-15 15:10:32","level":"info",message:{"data":"/Getdeafult/get_lst_bieucamimg"}}
{"timestamp":"2021-05-15 15:10:32","level":"info",message:{"data":"/Getdeafult/listReport"}}
{"timestamp":"2021-05-15 15:10:33","level":"info",message:{"data":"/User/getlistemoj"}}
{"timestamp":"2021-05-15 15:10:33","level":"info",message:{"data":"/Getdeafult/Getemoj"}}
{"timestamp":"2021-05-15 15:10:33","level":"info",message:{"data":"/User/getHistoryEmoj"}}
{"timestamp":"2021-05-15 15:10:33","level":"info",message:{"data":"/User/GetListBlockUser"}}
{"timestamp":"2021-05-15 15:10:33","level":"info",message:{"data":"/User/GetNotification/0"}}
{"timestamp":"2021-05-15 15:10:33","level":"info",message:{"data":"/User/GetApproved/0"}}
{"timestamp":"2021-05-15 15:10:33","level":"info",message:{"data":"/User/getaproved_send"}}
{"timestamp":"2021-05-15 15:10:33","level":"info",message:{"data":"/User/getusersetting"}}
{"timestamp":"2021-05-15 15:10:33","level":"info",message:{"data":"/User/GetListUserBlockMe"}}
{"timestamp":"2021-05-15 15:13:01","level":"info",message:{"data":"/User/getuserlogin"}}
{"timestamp":"2021-05-15 15:13:01","level":"info",message:{"data":"/User/GetNotification/0"}}
{"timestamp":"2021-05-15 15:13:01","level":"info",message:{"data":"/User/refreshtoken"}}
{"timestamp":"2021-05-15 15:13:01","level":"info",message:{"data":"/User/GetApproved/0"}}
{"timestamp":"2021-05-15 15:13:01","level":"info",message:{"data":"/User/getuserlogin"}}
{"timestamp":"2021-05-15 15:17:57","level":"info",message:{"data":"/Getdeafult/listReport"}}
{"timestamp":"2021-05-15 15:17:57","level":"info",message:{"data":"/Getdeafult/get_lst_bieucamimg"}}
{"timestamp":"2021-05-15 15:17:57","level":"info",message:{"data":"/Getdeafult/Getemoj"}}
{"timestamp":"2021-05-15 15:17:57","level":"info",message:{"data":"/User/GetListBlockUser"}}
{"timestamp":"2021-05-15 15:17:57","level":"info",message:{"data":"/User/getlistemoj"}}
{"timestamp":"2021-05-15 15:17:58","level":"info",message:{"data":"/User/getHistoryEmoj"}}
{"timestamp":"2021-05-15 15:17:58","level":"info",message:{"data":"/User/getusersetting"}}
{"timestamp":"2021-05-15 15:17:58","level":"info",message:{"data":"/User/GetListUserBlockMe"}}
{"timestamp":"2021-05-15 15:17:58","level":"info",message:{"data":"/User/GetNotification/0"}}
{"timestamp":"2021-05-15 15:17:58","level":"info",message:{"data":"/User/getaproved_send"}}
{"timestamp":"2021-05-15 15:17:58","level":"info",message:{"data":"/User/GetApproved/0"}}
{"timestamp":"2021-05-15 15:18:32","level":"info",message:{"data":"/User/getuserlogin"}}
{"timestamp":"2021-05-15 15:18:33","level":"info",message:{"data":"/User/refreshtoken"}}
{"timestamp":"2021-05-15 15:18:33","level":"info",message:{"data":"/User/GetNotification/0"}}
{"timestamp":"2021-05-15 15:18:33","level":"info",message:{"data":"/User/GetApproved/0"}}
{"timestamp":"2021-05-15 15:18:33","level":"info",message:{"data":"/User/getuserlogin"}}
{"timestamp":"2021-05-15 15:18:34","level":"info",message:{"data":"/Getdeafult/listReport"}}
{"timestamp":"2021-05-15 15:18:34","level":"info",message:{"data":"/Getdeafult/get_lst_bieucamimg"}}
{"timestamp":"2021-05-15 15:18:34","level":"info",message:{"data":"/User/getlistemoj"}}
{"timestamp":"2021-05-15 15:18:34","level":"info",message:{"data":"/Getdeafult/Getemoj"}}
{"timestamp":"2021-05-15 15:18:34","level":"info",message:{"data":"/User/getHistoryEmoj"}}
{"timestamp":"2021-05-15 15:18:35","level":"info",message:{"data":"/User/GetApproved/0"}}
{"timestamp":"2021-05-15 15:18:35","level":"info",message:{"data":"/User/GetNotification/0"}}
{"timestamp":"2021-05-15 15:18:35","level":"info",message:{"data":"/User/GetListBlockUser"}}
{"timestamp":"2021-05-15 15:18:35","level":"info",message:{"data":"/User/GetListUserBlockMe"}}
{"timestamp":"2021-05-15 15:18:35","level":"info",message:{"data":"/User/getaproved_send"}}
{"timestamp":"2021-05-15 15:18:35","level":"info",message:{"data":"/User/getusersetting"}}
{"timestamp":"2021-05-15 15:18:48","level":"info",message:{"data":"/User/getuserlogin"}}
{"timestamp":"2021-05-15 15:18:48","level":"info",message:{"data":"/User/refreshtoken"}}
{"timestamp":"2021-05-15 15:18:48","level":"info",message:{"data":"/User/GetApproved/0"}}
{"timestamp":"2021-05-15 15:18:48","level":"info",message:{"data":"/User/GetNotification/0"}}
{"timestamp":"2021-05-15 15:18:48","level":"info",message:{"data":"/User/getuserlogin"}}
{"timestamp":"2021-05-15 15:18:49","level":"info",message:{"data":"/Getdeafult/listReport"}}
{"timestamp":"2021-05-15 15:18:49","level":"info",message:{"data":"/Getdeafult/get_lst_bieucamimg"}}
{"timestamp":"2021-05-15 15:18:49","level":"info",message:{"data":"/Getdeafult/Getemoj"}}
{"timestamp":"2021-05-15 15:18:49","level":"info",message:{"data":"/User/getHistoryEmoj"}}
{"timestamp":"2021-05-15 15:18:49","level":"info",message:{"data":"/User/getlistemoj"}}
{"timestamp":"2021-05-15 15:18:50","level":"info",message:{"data":"/User/GetApproved/0"}}
{"timestamp":"2021-05-15 15:18:50","level":"info",message:{"data":"/User/GetListBlockUser"}}
{"timestamp":"2021-05-15 15:18:50","level":"info",message:{"data":"/User/GetNotification/0"}}
{"timestamp":"2021-05-15 15:18:50","level":"info",message:{"data":"/User/GetListUserBlockMe"}}
{"timestamp":"2021-05-15 15:18:50","level":"info",message:{"data":"/User/getusersetting"}}
{"timestamp":"2021-05-15 15:18:50","level":"info",message:{"data":"/User/getaproved_send"}}
{"timestamp":"2021-05-15 15:20:19","level":"info",message:{"data":"/User/getuserlogin"}}
{"timestamp":"2021-05-15 15:20:19","level":"info",message:{"data":"/User/GetApproved/0"}}
{"timestamp":"2021-05-15 15:20:19","level":"info",message:{"data":"/User/refreshtoken"}}
{"timestamp":"2021-05-15 15:20:19","level":"info",message:{"data":"/User/GetNotification/0"}}
{"timestamp":"2021-05-15 15:20:19","level":"info",message:{"data":"/User/getuserlogin"}}
{"timestamp":"2021-05-15 15:20:21","level":"info",message:{"data":"/Getdeafult/get_lst_bieucamimg"}}
{"timestamp":"2021-05-15 15:20:21","level":"info",message:{"data":"/Getdeafult/listReport"}}
{"timestamp":"2021-05-15 15:20:21","level":"info",message:{"data":"/User/getHistoryEmoj"}}
{"timestamp":"2021-05-15 15:20:21","level":"info",message:{"data":"/User/getlistemoj"}}
{"timestamp":"2021-05-15 15:20:21","level":"info",message:{"data":"/Getdeafult/Getemoj"}}
{"timestamp":"2021-05-15 15:20:21","level":"info",message:{"data":"/User/GetApproved/0"}}
{"timestamp":"2021-05-15 15:20:21","level":"info",message:{"data":"/User/GetNotification/0"}}
{"timestamp":"2021-05-15 15:20:21","level":"info",message:{"data":"/User/GetListBlockUser"}}
{"timestamp":"2021-05-15 15:20:21","level":"info",message:{"data":"/User/GetListUserBlockMe"}}
{"timestamp":"2021-05-15 15:20:21","level":"info",message:{"data":"/User/getaproved_send"}}
{"timestamp":"2021-05-15 15:20:21","level":"info",message:{"data":"/User/getusersetting"}}
{"timestamp":"2021-05-15 15:21:10","level":"info",message:{"data":"/User/getuserlogin"}}
{"timestamp":"2021-05-15 15:21:10","level":"info",message:{"data":"/User/GetApproved/0"}}
{"timestamp":"2021-05-15 15:21:10","level":"info",message:{"data":"/User/GetNotification/0"}}
{"timestamp":"2021-05-15 15:21:10","level":"info",message:{"data":"/User/refreshtoken"}}
{"timestamp":"2021-05-15 15:21:11","level":"info",message:{"data":"/User/getuserlogin"}}
{"timestamp":"2021-05-15 15:21:12","level":"info",message:{"data":"/Getdeafult/get_lst_bieucamimg"}}
{"timestamp":"2021-05-15 15:21:12","level":"info",message:{"data":"/Getdeafult/listReport"}}
{"timestamp":"2021-05-15 15:21:12","level":"info",message:{"data":"/User/getlistemoj"}}
{"timestamp":"2021-05-15 15:21:12","level":"info",message:{"data":"/Getdeafult/Getemoj"}}
{"timestamp":"2021-05-15 15:21:12","level":"info",message:{"data":"/User/getHistoryEmoj"}}
{"timestamp":"2021-05-15 15:21:12","level":"info",message:{"data":"/User/GetListBlockUser"}}
{"timestamp":"2021-05-15 15:21:12","level":"info",message:{"data":"/User/GetNotification/0"}}
{"timestamp":"2021-05-15 15:21:12","level":"info",message:{"data":"/User/GetListUserBlockMe"}}
{"timestamp":"2021-05-15 15:21:12","level":"info",message:{"data":"/User/getusersetting"}}
{"timestamp":"2021-05-15 15:21:12","level":"info",message:{"data":"/User/getaproved_send"}}
{"timestamp":"2021-05-15 15:21:12","level":"info",message:{"data":"/User/GetApproved/0"}}
{"timestamp":"2021-05-15 15:21:29","level":"info",message:{"data":"/User/getuserlogin"}}
{"timestamp":"2021-05-15 15:21:30","level":"info",message:{"data":"/User/GetApproved/0"}}
{"timestamp":"2021-05-15 15:21:30","level":"info",message:{"data":"/User/GetNotification/0"}}
{"timestamp":"2021-05-15 15:21:30","level":"info",message:{"data":"/User/refreshtoken"}}
{"timestamp":"2021-05-15 15:21:30","level":"info",message:{"data":"/User/getuserlogin"}}
{"timestamp":"2021-05-15 15:21:31","level":"info",message:{"data":"/Getdeafult/listReport"}}
{"timestamp":"2021-05-15 15:21:31","level":"info",message:{"data":"/Getdeafult/get_lst_bieucamimg"}}
{"timestamp":"2021-05-15 15:21:31","level":"info",message:{"data":"/User/getlistemoj"}}
{"timestamp":"2021-05-15 15:21:31","level":"info",message:{"data":"/Getdeafult/Getemoj"}}
{"timestamp":"2021-05-15 15:21:31","level":"info",message:{"data":"/User/getHistoryEmoj"}}
{"timestamp":"2021-05-15 15:21:31","level":"info",message:{"data":"/User/GetApproved/0"}}
{"timestamp":"2021-05-15 15:21:31","level":"info",message:{"data":"/User/GetListBlockUser"}}
{"timestamp":"2021-05-15 15:21:31","level":"info",message:{"data":"/User/GetNotification/0"}}
{"timestamp":"2021-05-15 15:21:32","level":"info",message:{"data":"/User/getusersetting"}}
{"timestamp":"2021-05-15 15:21:32","level":"info",message:{"data":"/User/GetListUserBlockMe"}}
{"timestamp":"2021-05-15 15:21:32","level":"info",message:{"data":"/User/getaproved_send"}}
{"timestamp":"2021-05-15 15:22:22","level":"info",message:{"data":"/User/getuserlogin"}}
{"timestamp":"2021-05-15 15:22:22","level":"info",message:{"data":"/User/refreshtoken"}}
{"timestamp":"2021-05-15 15:22:22","level":"info",message:{"data":"/User/GetApproved/0"}}
{"timestamp":"2021-05-15 15:22:22","level":"info",message:{"data":"/User/GetNotification/0"}}
{"timestamp":"2021-05-15 15:22:23","level":"info",message:{"data":"/User/getuserlogin"}}
{"timestamp":"2021-05-15 15:22:24","level":"info",message:{"data":"/Getdeafult/listReport"}}
{"timestamp":"2021-05-15 15:22:24","level":"info",message:{"data":"/Getdeafult/get_lst_bieucamimg"}}
{"timestamp":"2021-05-15 15:22:24","level":"info",message:{"data":"/User/getlistemoj"}}
{"timestamp":"2021-05-15 15:22:24","level":"info",message:{"data":"/User/getHistoryEmoj"}}
{"timestamp":"2021-05-15 15:22:24","level":"info",message:{"data":"/Getdeafult/Getemoj"}}
{"timestamp":"2021-05-15 15:22:25","level":"info",message:{"data":"/User/GetApproved/0"}}
{"timestamp":"2021-05-15 15:22:25","level":"info",message:{"data":"/User/GetNotification/0"}}
{"timestamp":"2021-05-15 15:22:25","level":"info",message:{"data":"/User/GetListBlockUser"}}
{"timestamp":"2021-05-15 15:22:25","level":"info",message:{"data":"/User/GetListUserBlockMe"}}
{"timestamp":"2021-05-15 15:22:25","level":"info",message:{"data":"/User/getusersetting"}}
{"timestamp":"2021-05-15 15:22:25","level":"info",message:{"data":"/User/getaproved_send"}}
{"timestamp":"2021-05-15 15:22:34","level":"info",message:{"data":"/User/getuserlogin"}}
{"timestamp":"2021-05-15 15:22:35","level":"info",message:{"data":"/User/GetApproved/0"}}
{"timestamp":"2021-05-15 15:22:35","level":"info",message:{"data":"/User/GetNotification/0"}}
{"timestamp":"2021-05-15 15:22:35","level":"info",message:{"data":"/User/refreshtoken"}}
{"timestamp":"2021-05-15 15:22:35","level":"info",message:{"data":"/User/getuserlogin"}}
{"timestamp":"2021-05-15 15:22:36","level":"info",message:{"data":"/Getdeafult/listReport"}}
{"timestamp":"2021-05-15 15:22:36","level":"info",message:{"data":"/Getdeafult/get_lst_bieucamimg"}}
{"timestamp":"2021-05-15 15:22:36","level":"info",message:{"data":"/Getdeafult/Getemoj"}}
{"timestamp":"2021-05-15 15:22:36","level":"info",message:{"data":"/User/getHistoryEmoj"}}
{"timestamp":"2021-05-15 15:22:36","level":"info",message:{"data":"/User/getlistemoj"}}
{"timestamp":"2021-05-15 15:22:36","level":"info",message:{"data":"/User/GetNotification/0"}}
{"timestamp":"2021-05-15 15:22:36","level":"info",message:{"data":"/User/GetApproved/0"}}
{"timestamp":"2021-05-15 15:22:36","level":"info",message:{"data":"/User/GetListBlockUser"}}
{"timestamp":"2021-05-15 15:22:37","level":"info",message:{"data":"/User/GetListUserBlockMe"}}
{"timestamp":"2021-05-15 15:22:37","level":"info",message:{"data":"/User/getusersetting"}}
{"timestamp":"2021-05-15 15:22:37","level":"info",message:{"data":"/User/getaproved_send"}}
{"timestamp":"2021-05-15 15:27:20","level":"info",message:{"data":"/User/getuserlogin"}}
{"timestamp":"2021-05-15 15:27:20","level":"info",message:{"data":"/User/GetApproved/0"}}
{"timestamp":"2021-05-15 15:27:20","level":"info",message:{"data":"/User/GetNotification/0"}}
{"timestamp":"2021-05-15 15:27:20","level":"info",message:{"data":"/User/refreshtoken"}}
{"timestamp":"2021-05-15 15:27:20","level":"info",message:{"data":"/User/getuserlogin"}}
{"timestamp":"2021-05-15 15:27:21","level":"info",message:{"data":"/Getdeafult/listReport"}}
{"timestamp":"2021-05-15 15:27:21","level":"info",message:{"data":"/Getdeafult/get_lst_bieucamimg"}}
{"timestamp":"2021-05-15 15:27:21","level":"info",message:{"data":"/User/getlistemoj"}}
{"timestamp":"2021-05-15 15:27:21","level":"info",message:{"data":"/User/getHistoryEmoj"}}
{"timestamp":"2021-05-15 15:27:21","level":"info",message:{"data":"/User/GetListUserBlockMe"}}
{"timestamp":"2021-05-15 15:27:21","level":"info",message:{"data":"/User/GetListBlockUser"}}
{"timestamp":"2021-05-15 15:27:21","level":"info",message:{"data":"/Getdeafult/Getemoj"}}
{"timestamp":"2021-05-15 15:27:21","level":"info",message:{"data":"/User/getusersetting"}}
{"timestamp":"2021-05-15 15:27:22","level":"info",message:{"data":"/User/getaproved_send"}}
{"timestamp":"2021-05-15 15:27:22","level":"info",message:{"data":"/User/GetNotification/0"}}
{"timestamp":"2021-05-15 15:27:22","level":"info",message:{"data":"/User/GetApproved/0"}}
{"timestamp":"2021-05-15 15:33:15","level":"info",message:{"data":"/User/getuserlogin"}}
{"timestamp":"2021-05-15 15:33:15","level":"info",message:{"data":"/User/refreshtoken"}}
{"timestamp":"2021-05-15 15:33:15","level":"info",message:{"data":"/User/GetNotification/0"}}
{"timestamp":"2021-05-15 15:33:15","level":"info",message:{"data":"/User/GetApproved/0"}}
{"timestamp":"2021-05-15 15:33:15","level":"info",message:{"data":"/User/getuserlogin"}}
{"timestamp":"2021-05-15 15:33:16","level":"info",message:{"data":"/Getdeafult/listReport"}}
{"timestamp":"2021-05-15 15:33:16","level":"info",message:{"data":"/Getdeafult/get_lst_bieucamimg"}}
{"timestamp":"2021-05-15 15:33:16","level":"info",message:{"data":"/User/getHistoryEmoj"}}
{"timestamp":"2021-05-15 15:33:16","level":"info",message:{"data":"/Getdeafult/Getemoj"}}
{"timestamp":"2021-05-15 15:33:16","level":"info",message:{"data":"/User/getlistemoj"}}
{"timestamp":"2021-05-15 15:33:17","level":"info",message:{"data":"/User/GetNotification/0"}}
{"timestamp":"2021-05-15 15:33:17","level":"info",message:{"data":"/User/GetApproved/0"}}
{"timestamp":"2021-05-15 15:33:17","level":"info",message:{"data":"/User/GetListBlockUser"}}
{"timestamp":"2021-05-15 15:33:17","level":"info",message:{"data":"/User/GetListUserBlockMe"}}
{"timestamp":"2021-05-15 15:33:17","level":"info",message:{"data":"/User/getusersetting"}}
{"timestamp":"2021-05-15 15:33:17","level":"info",message:{"data":"/User/getaproved_send"}}
{"timestamp":"2021-05-15 15:39:37","level":"info",message:{"data":"/User/getuserlogin"}}
{"timestamp":"2021-05-15 15:39:37","level":"info",message:{"data":"/User/GetApproved/0"}}
{"timestamp":"2021-05-15 15:39:37","level":"info",message:{"data":"/User/GetNotification/0"}}
{"timestamp":"2021-05-15 15:39:37","level":"info",message:{"data":"/User/refreshtoken"}}
{"timestamp":"2021-05-15 15:39:37","level":"info",message:{"data":"/User/getuserlogin"}}
{"timestamp":"2021-05-15 15:39:39","level":"info",message:{"data":"/Getdeafult/listReport"}}
{"timestamp":"2021-05-15 15:39:39","level":"info",message:{"data":"/Getdeafult/get_lst_bieucamimg"}}
{"timestamp":"2021-05-15 15:39:39","level":"info",message:{"data":"/User/getlistemoj"}}
{"timestamp":"2021-05-15 15:39:39","level":"info",message:{"data":"/Getdeafult/Getemoj"}}
{"timestamp":"2021-05-15 15:39:39","level":"info",message:{"data":"/User/getHistoryEmoj"}}
{"timestamp":"2021-05-15 15:39:39","level":"info",message:{"data":"/User/GetApproved/0"}}
{"timestamp":"2021-05-15 15:39:39","level":"info",message:{"data":"/User/GetNotification/0"}}
{"timestamp":"2021-05-15 15:39:39","level":"info",message:{"data":"/User/GetListBlockUser"}}
{"timestamp":"2021-05-15 15:39:39","level":"info",message:{"data":"/User/GetListUserBlockMe"}}
{"timestamp":"2021-05-15 15:39:39","level":"info",message:{"data":"/User/getaproved_send"}}
{"timestamp":"2021-05-15 15:39:39","level":"info",message:{"data":"/User/getusersetting"}}
{"timestamp":"2021-05-15 15:42:26","level":"info",message:{"data":"/User/getuserlogin"}}
{"timestamp":"2021-05-15 15:42:26","level":"info",message:{"data":"/User/GetNotification/0"}}
{"timestamp":"2021-05-15 15:42:26","level":"info",message:{"data":"/User/GetApproved/0"}}
{"timestamp":"2021-05-15 15:42:26","level":"info",message:{"data":"/User/refreshtoken"}}
{"timestamp":"2021-05-15 15:42:26","level":"info",message:{"data":"/User/getuserlogin"}}
{"timestamp":"2021-05-15 15:42:27","level":"info",message:{"data":"/Getdeafult/listReport"}}
{"timestamp":"2021-05-15 15:42:27","level":"info",message:{"data":"/Getdeafult/get_lst_bieucamimg"}}
{"timestamp":"2021-05-15 15:42:27","level":"info",message:{"data":"/User/getHistoryEmoj"}}
{"timestamp":"2021-05-15 15:42:27","level":"info",message:{"data":"/Getdeafult/Getemoj"}}
{"timestamp":"2021-05-15 15:42:27","level":"info",message:{"data":"/User/getlistemoj"}}
{"timestamp":"2021-05-15 15:42:28","level":"info",message:{"data":"/User/GetNotification/0"}}
{"timestamp":"2021-05-15 15:42:28","level":"info",message:{"data":"/User/GetApproved/0"}}
{"timestamp":"2021-05-15 15:42:28","level":"info",message:{"data":"/User/GetListBlockUser"}}
{"timestamp":"2021-05-15 15:42:28","level":"info",message:{"data":"/User/getusersetting"}}
{"timestamp":"2021-05-15 15:42:28","level":"info",message:{"data":"/User/GetListUserBlockMe"}}
{"timestamp":"2021-05-15 15:42:28","level":"info",message:{"data":"/User/getaproved_send"}}
{"timestamp":"2021-05-15 15:47:18","level":"info",message:{"data":"/User/getuserlogin"}}
{"timestamp":"2021-05-15 15:47:18","level":"info",message:{"data":"/User/GetNotification/0"}}
{"timestamp":"2021-05-15 15:47:18","level":"info",message:{"data":"/User/GetApproved/0"}}
{"timestamp":"2021-05-15 15:47:18","level":"info",message:{"data":"/User/refreshtoken"}}
{"timestamp":"2021-05-15 15:47:18","level":"info",message:{"data":"/User/getuserlogin"}}
{"timestamp":"2021-05-15 15:47:19","level":"info",message:{"data":"/Getdeafult/listReport"}}
{"timestamp":"2021-05-15 15:47:19","level":"info",message:{"data":"/Getdeafult/get_lst_bieucamimg"}}
{"timestamp":"2021-05-15 15:47:19","level":"info",message:{"data":"/User/getHistoryEmoj"}}
{"timestamp":"2021-05-15 15:47:19","level":"info",message:{"data":"/User/getlistemoj"}}
{"timestamp":"2021-05-15 15:47:19","level":"info",message:{"data":"/Getdeafult/Getemoj"}}
{"timestamp":"2021-05-15 15:47:20","level":"info",message:{"data":"/User/GetApproved/0"}}
{"timestamp":"2021-05-15 15:47:20","level":"info",message:{"data":"/User/GetListBlockUser"}}
{"timestamp":"2021-05-15 15:47:20","level":"info",message:{"data":"/User/GetNotification/0"}}
{"timestamp":"2021-05-15 15:47:20","level":"info",message:{"data":"/User/getaproved_send"}}
{"timestamp":"2021-05-15 15:47:20","level":"info",message:{"data":"/User/GetListUserBlockMe"}}
{"timestamp":"2021-05-15 15:47:20","level":"info",message:{"data":"/User/getusersetting"}}
{"timestamp":"2021-05-15 15:48:47","level":"info",message:{"data":"/User/getuserlogin"}}
{"timestamp":"2021-05-15 15:48:47","level":"info",message:{"data":"/User/GetNotification/0"}}
{"timestamp":"2021-05-15 15:48:47","level":"info",message:{"data":"/User/GetApproved/0"}}
{"timestamp":"2021-05-15 15:48:47","level":"info",message:{"data":"/User/refreshtoken"}}
{"timestamp":"2021-05-15 15:48:47","level":"info",message:{"data":"/User/getuserlogin"}}
{"timestamp":"2021-05-15 15:48:48","level":"info",message:{"data":"/Getdeafult/listReport"}}
{"timestamp":"2021-05-15 15:48:48","level":"info",message:{"data":"/Getdeafult/get_lst_bieucamimg"}}
{"timestamp":"2021-05-15 15:48:48","level":"info",message:{"data":"/User/getHistoryEmoj"}}
{"timestamp":"2021-05-15 15:48:48","level":"info",message:{"data":"/Getdeafult/Getemoj"}}
{"timestamp":"2021-05-15 15:48:48","level":"info",message:{"data":"/User/getlistemoj"}}
{"timestamp":"2021-05-15 15:48:48","level":"info",message:{"data":"/User/GetApproved/0"}}
{"timestamp":"2021-05-15 15:48:48","level":"info",message:{"data":"/User/GetListBlockUser"}}
{"timestamp":"2021-05-15 15:48:48","level":"info",message:{"data":"/User/GetNotification/0"}}
{"timestamp":"2021-05-15 15:48:49","level":"info",message:{"data":"/User/getaproved_send"}}
{"timestamp":"2021-05-15 15:48:49","level":"info",message:{"data":"/User/GetListUserBlockMe"}}
{"timestamp":"2021-05-15 15:48:49","level":"info",message:{"data":"/User/getusersetting"}}
{"timestamp":"2021-05-15 15:49:35","level":"info",message:{"data":"/User/getuserlogin"}}
{"timestamp":"2021-05-15 15:49:35","level":"info",message:{"data":"/User/GetApproved/0"}}
{"timestamp":"2021-05-15 15:49:35","level":"info",message:{"data":"/User/GetNotification/0"}}
{"timestamp":"2021-05-15 15:49:35","level":"info",message:{"data":"/User/refreshtoken"}}
{"timestamp":"2021-05-15 15:49:35","level":"info",message:{"data":"/User/getuserlogin"}}
{"timestamp":"2021-05-15 15:49:36","level":"info",message:{"data":"/Getdeafult/get_lst_bieucamimg"}}
{"timestamp":"2021-05-15 15:49:36","level":"info",message:{"data":"/Getdeafult/listReport"}}
{"timestamp":"2021-05-15 15:49:36","level":"info",message:{"data":"/User/getHistoryEmoj"}}
{"timestamp":"2021-05-15 15:49:36","level":"info",message:{"data":"/User/GetListBlockUser"}}
{"timestamp":"2021-05-15 15:49:36","level":"info",message:{"data":"/User/getlistemoj"}}
{"timestamp":"2021-05-15 15:49:36","level":"info",message:{"data":"/User/GetNotification/0"}}
{"timestamp":"2021-05-15 15:49:36","level":"info",message:{"data":"/Getdeafult/Getemoj"}}
{"timestamp":"2021-05-15 15:49:37","level":"info",message:{"data":"/User/GetListUserBlockMe"}}
{"timestamp":"2021-05-15 15:49:37","level":"info",message:{"data":"/User/getusersetting"}}
{"timestamp":"2021-05-15 15:49:37","level":"info",message:{"data":"/User/getaproved_send"}}
{"timestamp":"2021-05-15 15:49:37","level":"info",message:{"data":"/User/GetApproved/0"}}
{"timestamp":"2021-05-15 15:51:43","level":"info",message:{"data":"/User/getuserlogin"}}
{"timestamp":"2021-05-15 15:51:43","level":"info",message:{"data":"/User/GetNotification/0"}}
{"timestamp":"2021-05-15 15:51:43","level":"info",message:{"data":"/User/refreshtoken"}}
{"timestamp":"2021-05-15 15:51:43","level":"info",message:{"data":"/User/GetApproved/0"}}
{"timestamp":"2021-05-15 15:51:43","level":"info",message:{"data":"/User/getuserlogin"}}
{"timestamp":"2021-05-15 15:51:44","level":"info",message:{"data":"/Getdeafult/get_lst_bieucamimg"}}
{"timestamp":"2021-05-15 15:51:44","level":"info",message:{"data":"/Getdeafult/listReport"}}
{"timestamp":"2021-05-15 15:51:45","level":"info",message:{"data":"/Getdeafult/Getemoj"}}
{"timestamp":"2021-05-15 15:51:45","level":"info",message:{"data":"/User/getHistoryEmoj"}}
{"timestamp":"2021-05-15 15:51:45","level":"info",message:{"data":"/User/getlistemoj"}}
{"timestamp":"2021-05-15 15:51:45","level":"info",message:{"data":"/User/GetApproved/0"}}
{"timestamp":"2021-05-15 15:51:45","level":"info",message:{"data":"/User/GetNotification/0"}}
{"timestamp":"2021-05-15 15:51:45","level":"info",message:{"data":"/User/GetListBlockUser"}}
{"timestamp":"2021-05-15 15:51:45","level":"info",message:{"data":"/User/getusersetting"}}
{"timestamp":"2021-05-15 15:51:45","level":"info",message:{"data":"/User/GetListUserBlockMe"}}
{"timestamp":"2021-05-15 15:51:45","level":"info",message:{"data":"/User/getaproved_send"}}
{"timestamp":"2021-05-15 15:55:09","level":"info",message:{"data":"Server Start"}}
{"timestamp":"2021-05-15 15:55:14","level":"info",message:{"data":"Server Start"}}
{"timestamp":"2021-05-15 15:55:58","level":"info",message:{"data":"Server Start"}}
{"timestamp":"2021-05-15 15:56:26","level":"info",message:{"data":"Server Start"}}
{"timestamp":"2021-05-15 15:56:34","level":"info",message:{"data":"Server Start"}}
{"timestamp":"2021-05-15 15:56:39","level":"info",message:{"data":"Server Start"}}
{"timestamp":"2021-05-15 16:22:19","level":"info",message:{"data":"Server Start"}}
{"timestamp":"2021-05-15 16:36:13","level":"info",message:{"data":"/User/refreshtoken"}}
{"timestamp":"2021-05-15 16:51:03","level":"info",message:{"data":"/User/refreshtoken"}}
{"timestamp":"2021-05-15 17:05:53","level":"info",message:{"data":"/User/refreshtoken"}}
{"timestamp":"2021-05-15 17:20:43","level":"info",message:{"data":"/User/refreshtoken"}}
{"timestamp":"2021-05-15 17:35:33","level":"info",message:{"data":"/User/refreshtoken"}}
{"timestamp":"2021-05-15 17:50:23","level":"info",message:{"data":"/User/refreshtoken"}}
{"timestamp":"2021-05-15 18:05:13","level":"info",message:{"data":"/User/refreshtoken"}}
{"timestamp":"2021-05-15 18:20:03","level":"info",message:{"data":"/User/refreshtoken"}}
{"timestamp":"2021-05-15 18:34:53","level":"info",message:{"data":"/User/refreshtoken"}}
{"timestamp":"2021-05-15 18:46:43","level":"info",message:{"data":"/Menu"}}
{"timestamp":"2021-05-15 18:46:43","level":"info",message:{"data":"/User/getuserlogin"}}
{"timestamp":"2021-05-15 18:46:43","level":"info",message:{"data":"/User/refreshtoken"}}
{"timestamp":"2021-05-15 18:46:43","level":"info",message:{"data":"/Getdeafult/listReport"}}
{"timestamp":"2021-05-15 18:46:44","level":"info",message:{"data":"/Getdeafult/get_lst_bieucamimg"}}
{"timestamp":"2021-05-15 18:46:44","level":"info",message:{"data":"/Getdeafult/Getemoj"}}
{"timestamp":"2021-05-15 18:46:44","level":"info",message:{"data":"/User/getlistemoj"}}
{"timestamp":"2021-05-15 18:46:44","level":"info",message:{"data":"/User/getHistoryEmoj"}}
{"timestamp":"2021-05-15 18:46:44","level":"info",message:{"data":"/User/GetListUserBlockMe"}}
{"timestamp":"2021-05-15 18:46:44","level":"info",message:{"data":"/User/GetListBlockUser"}}
{"timestamp":"2021-05-15 18:46:44","level":"info",message:{"data":"/User/getusersetting"}}
{"timestamp":"2021-05-15 18:46:44","level":"info",message:{"data":"/User/getaproved_send"}}
{"timestamp":"2021-05-15 18:46:44","level":"info",message:{"data":"/User/GetNotification/0"}}
{"timestamp":"2021-05-15 18:46:44","level":"info",message:{"data":"/User/GetApproved/0"}}
{"timestamp":"2021-05-15 18:46:50","level":"info",message:{"data":"/User/getuserlogin"}}
{"timestamp":"2021-05-15 18:46:51","level":"info",message:{"data":"/User/GetNotification/0"}}
{"timestamp":"2021-05-15 18:46:51","level":"info",message:{"data":"/User/GetApproved/0"}}
{"timestamp":"2021-05-15 18:46:51","level":"info",message:{"data":"/User/refreshtoken"}}
{"timestamp":"2021-05-15 18:46:51","level":"info",message:{"data":"/User/getuserlogin"}}
{"timestamp":"2021-05-15 18:46:51","level":"info",message:{"data":"/Getdeafult/listReport"}}
{"timestamp":"2021-05-15 18:46:51","level":"info",message:{"data":"/Getdeafult/get_lst_bieucamimg"}}
{"timestamp":"2021-05-15 18:46:52","level":"info",message:{"data":"/Getdeafult/Getemoj"}}
{"timestamp":"2021-05-15 18:46:52","level":"info",message:{"data":"/User/getlistemoj"}}
{"timestamp":"2021-05-15 18:46:52","level":"info",message:{"data":"/User/getHistoryEmoj"}}
{"timestamp":"2021-05-15 18:46:52","level":"info",message:{"data":"/User/GetListBlockUser"}}
{"timestamp":"2021-05-15 18:46:52","level":"info",message:{"data":"/User/GetNotification/0"}}
{"timestamp":"2021-05-15 18:46:52","level":"info",message:{"data":"/User/GetApproved/0"}}
{"timestamp":"2021-05-15 18:46:52","level":"info",message:{"data":"/User/GetListUserBlockMe"}}
{"timestamp":"2021-05-15 18:46:52","level":"info",message:{"data":"/User/getusersetting"}}
{"timestamp":"2021-05-15 18:46:52","level":"info",message:{"data":"/User/getaproved_send"}}
{"timestamp":"2021-05-15 18:48:26","level":"info",message:{"data":"/User/getuserlogin"}}
{"timestamp":"2021-05-15 18:48:26","level":"info",message:{"data":"/User/GetNotification/0"}}
{"timestamp":"2021-05-15 18:48:26","level":"info",message:{"data":"/User/GetApproved/0"}}
{"timestamp":"2021-05-15 18:48:26","level":"info",message:{"data":"/User/refreshtoken"}}
{"timestamp":"2021-05-15 18:48:27","level":"info",message:{"data":"/User/getuserlogin"}}
{"timestamp":"2021-05-15 18:48:28","level":"info",message:{"data":"/Getdeafult/listReport"}}
{"timestamp":"2021-05-15 18:48:28","level":"info",message:{"data":"/Getdeafult/get_lst_bieucamimg"}}
{"timestamp":"2021-05-15 18:48:28","level":"info",message:{"data":"/User/getlistemoj"}}
{"timestamp":"2021-05-15 18:48:28","level":"info",message:{"data":"/User/getHistoryEmoj"}}
{"timestamp":"2021-05-15 18:48:28","level":"info",message:{"data":"/Getdeafult/Getemoj"}}
{"timestamp":"2021-05-15 18:48:28","level":"info",message:{"data":"/User/GetListBlockUser"}}
{"timestamp":"2021-05-15 18:48:28","level":"info",message:{"data":"/User/GetApproved/0"}}
{"timestamp":"2021-05-15 18:48:28","level":"info",message:{"data":"/User/GetNotification/0"}}
{"timestamp":"2021-05-15 18:48:28","level":"info",message:{"data":"/User/GetListUserBlockMe"}}
{"timestamp":"2021-05-15 18:48:28","level":"info",message:{"data":"/User/getaproved_send"}}
{"timestamp":"2021-05-15 18:48:28","level":"info",message:{"data":"/User/getusersetting"}}
{"timestamp":"2021-05-15 18:48:48","level":"info",message:{"data":"/User/getuserlogin"}}
{"timestamp":"2021-05-15 18:48:48","level":"info",message:{"data":"/User/GetNotification/0"}}
{"timestamp":"2021-05-15 18:48:48","level":"info",message:{"data":"/User/refreshtoken"}}
{"timestamp":"2021-05-15 18:48:48","level":"info",message:{"data":"/User/GetApproved/0"}}
{"timestamp":"2021-05-15 18:48:48","level":"info",message:{"data":"/User/getuserlogin"}}
{"timestamp":"2021-05-15 18:48:49","level":"info",message:{"data":"/Getdeafult/get_lst_bieucamimg"}}
{"timestamp":"2021-05-15 18:48:49","level":"info",message:{"data":"/Getdeafult/listReport"}}
{"timestamp":"2021-05-15 18:48:49","level":"info",message:{"data":"/Getdeafult/Getemoj"}}
{"timestamp":"2021-05-15 18:48:49","level":"info",message:{"data":"/User/getlistemoj"}}
{"timestamp":"2021-05-15 18:48:49","level":"info",message:{"data":"/User/getHistoryEmoj"}}
{"timestamp":"2021-05-15 18:48:50","level":"info",message:{"data":"/User/GetApproved/0"}}
{"timestamp":"2021-05-15 18:48:50","level":"info",message:{"data":"/User/GetListBlockUser"}}
{"timestamp":"2021-05-15 18:48:50","level":"info",message:{"data":"/User/GetNotification/0"}}
{"timestamp":"2021-05-15 18:48:50","level":"info",message:{"data":"/User/GetListUserBlockMe"}}
{"timestamp":"2021-05-15 18:48:50","level":"info",message:{"data":"/User/getusersetting"}}
{"timestamp":"2021-05-15 18:48:50","level":"info",message:{"data":"/User/getaproved_send"}}
{"timestamp":"2021-05-15 18:49:25","level":"info",message:{"data":"/User/getuserlogin"}}
{"timestamp":"2021-05-15 18:49:25","level":"info",message:{"data":"/User/GetApproved/0"}}
{"timestamp":"2021-05-15 18:49:25","level":"info",message:{"data":"/User/refreshtoken"}}
{"timestamp":"2021-05-15 18:49:25","level":"info",message:{"data":"/User/GetNotification/0"}}
{"timestamp":"2021-05-15 18:49:26","level":"info",message:{"data":"/User/getuserlogin"}}
{"timestamp":"2021-05-15 18:49:27","level":"info",message:{"data":"/Getdeafult/listReport"}}
{"timestamp":"2021-05-15 18:49:27","level":"info",message:{"data":"/Getdeafult/get_lst_bieucamimg"}}
{"timestamp":"2021-05-15 18:49:27","level":"info",message:{"data":"/User/getlistemoj"}}
{"timestamp":"2021-05-15 18:49:27","level":"info",message:{"data":"/Getdeafult/Getemoj"}}
{"timestamp":"2021-05-15 18:49:27","level":"info",message:{"data":"/User/getHistoryEmoj"}}
{"timestamp":"2021-05-15 18:49:27","level":"info",message:{"data":"/User/GetListBlockUser"}}
{"timestamp":"2021-05-15 18:49:27","level":"info",message:{"data":"/User/GetApproved/0"}}
{"timestamp":"2021-05-15 18:49:27","level":"info",message:{"data":"/User/GetNotification/0"}}
{"timestamp":"2021-05-15 18:49:27","level":"info",message:{"data":"/User/GetListUserBlockMe"}}
{"timestamp":"2021-05-15 18:49:27","level":"info",message:{"data":"/User/getusersetting"}}
{"timestamp":"2021-05-15 18:49:27","level":"info",message:{"data":"/User/getaproved_send"}}
{"timestamp":"2021-05-15 18:56:23","level":"info",message:{"data":"/User/getuserlogin"}}
{"timestamp":"2021-05-15 18:56:23","level":"info",message:{"data":"/User/refreshtoken"}}
{"timestamp":"2021-05-15 18:56:23","level":"info",message:{"data":"/User/GetNotification/0"}}
{"timestamp":"2021-05-15 18:56:23","level":"info",message:{"data":"/User/GetApproved/0"}}
{"timestamp":"2021-05-15 18:56:23","level":"info",message:{"data":"/User/getuserlogin"}}
{"timestamp":"2021-05-15 18:58:28","level":"info",message:{"data":"/User/getuserlogin"}}
{"timestamp":"2021-05-15 18:58:28","level":"info",message:{"data":"/User/GetNotification/0"}}
{"timestamp":"2021-05-15 18:58:28","level":"info",message:{"data":"/User/GetApproved/0"}}
{"timestamp":"2021-05-15 18:58:28","level":"info",message:{"data":"/User/refreshtoken"}}
{"timestamp":"2021-05-15 18:58:28","level":"info",message:{"data":"/User/getuserlogin"}}
{"timestamp":"2021-05-15 18:59:39","level":"info",message:{"data":"/User/getuserlogin"}}
{"timestamp":"2021-05-15 18:59:40","level":"info",message:{"data":"/User/GetNotification/0"}}
{"timestamp":"2021-05-15 18:59:40","level":"info",message:{"data":"/User/refreshtoken"}}
{"timestamp":"2021-05-15 18:59:40","level":"info",message:{"data":"/User/GetApproved/0"}}
{"timestamp":"2021-05-15 18:59:40","level":"info",message:{"data":"/User/getuserlogin"}}
{"timestamp":"2021-05-15 19:00:37","level":"info",message:{"data":"/User/getuserlogin"}}
{"timestamp":"2021-05-15 19:00:37","level":"info",message:{"data":"/User/GetApproved/0"}}
{"timestamp":"2021-05-15 19:00:37","level":"info",message:{"data":"/User/GetNotification/0"}}
{"timestamp":"2021-05-15 19:00:37","level":"info",message:{"data":"/User/refreshtoken"}}
{"timestamp":"2021-05-15 19:00:37","level":"info",message:{"data":"/User/getuserlogin"}}
{"timestamp":"2021-05-15 19:03:02","level":"info",message:{"data":"/User/getuserlogin"}}
{"timestamp":"2021-05-15 19:03:02","level":"info",message:{"data":"/User/GetNotification/0"}}
{"timestamp":"2021-05-15 19:03:02","level":"info",message:{"data":"/User/refreshtoken"}}
{"timestamp":"2021-05-15 19:03:02","level":"info",message:{"data":"/User/GetApproved/0"}}
{"timestamp":"2021-05-15 19:03:02","level":"info",message:{"data":"/User/getuserlogin"}}
{"timestamp":"2021-05-15 19:03:10","level":"info",message:{"data":"/User/getuserlogin"}}
{"timestamp":"2021-05-15 19:03:10","level":"info",message:{"data":"/User/GetNotification/0"}}
{"timestamp":"2021-05-15 19:03:10","level":"info",message:{"data":"/User/refreshtoken"}}
{"timestamp":"2021-05-15 19:03:10","level":"info",message:{"data":"/User/GetApproved/0"}}
{"timestamp":"2021-05-15 19:03:10","level":"info",message:{"data":"/User/getuserlogin"}}
{"timestamp":"2021-05-15 19:04:30","level":"info",message:{"data":"/User/getuserlogin"}}
{"timestamp":"2021-05-15 19:04:31","level":"info",message:{"data":"/User/GetNotification/0"}}
{"timestamp":"2021-05-15 19:04:31","level":"info",message:{"data":"/User/GetApproved/0"}}
{"timestamp":"2021-05-15 19:04:31","level":"info",message:{"data":"/User/refreshtoken"}}
{"timestamp":"2021-05-15 19:04:31","level":"info",message:{"data":"/User/getuserlogin"}}
{"timestamp":"2021-05-15 19:04:43","level":"info",message:{"data":"/Getdeafult/listReport"}}
{"timestamp":"2021-05-15 19:04:43","level":"info",message:{"data":"/Getdeafult/get_lst_bieucamimg"}}
{"timestamp":"2021-05-15 19:04:43","level":"info",message:{"data":"/Getdeafult/Getemoj"}}
{"timestamp":"2021-05-15 19:04:43","level":"info",message:{"data":"/User/GetListBlockUser"}}
{"timestamp":"2021-05-15 19:04:43","level":"info",message:{"data":"/User/getlistemoj"}}
{"timestamp":"2021-05-15 19:04:43","level":"info",message:{"data":"/User/getHistoryEmoj"}}
{"timestamp":"2021-05-15 19:04:43","level":"info",message:{"data":"/User/GetListUserBlockMe"}}
{"timestamp":"2021-05-15 19:04:43","level":"info",message:{"data":"/User/getusersetting"}}
{"timestamp":"2021-05-15 19:04:44","level":"info",message:{"data":"/User/GetNotification/0"}}
{"timestamp":"2021-05-15 19:04:44","level":"info",message:{"data":"/User/getaproved_send"}}
{"timestamp":"2021-05-15 19:04:44","level":"info",message:{"data":"/User/GetApproved/0"}}
{"timestamp":"2021-05-15 19:05:40","level":"info",message:{"data":"/User/getuserlogin"}}
{"timestamp":"2021-05-15 19:05:40","level":"info",message:{"data":"/User/GetNotification/0"}}
{"timestamp":"2021-05-15 19:05:40","level":"info",message:{"data":"/User/refreshtoken"}}
{"timestamp":"2021-05-15 19:05:40","level":"info",message:{"data":"/User/GetApproved/0"}}
{"timestamp":"2021-05-15 19:05:40","level":"info",message:{"data":"/User/getuserlogin"}}
{"timestamp":"2021-05-15 19:05:41","level":"info",message:{"data":"/Getdeafult/listReport"}}
{"timestamp":"2021-05-15 19:05:41","level":"info",message:{"data":"/Getdeafult/get_lst_bieucamimg"}}
{"timestamp":"2021-05-15 19:05:41","level":"info",message:{"data":"/Getdeafult/Getemoj"}}
{"timestamp":"2021-05-15 19:05:41","level":"info",message:{"data":"/User/getlistemoj"}}
{"timestamp":"2021-05-15 19:05:41","level":"info",message:{"data":"/User/getHistoryEmoj"}}
{"timestamp":"2021-05-15 19:05:42","level":"info",message:{"data":"/User/GetListBlockUser"}}
{"timestamp":"2021-05-15 19:05:42","level":"info",message:{"data":"/User/GetApproved/0"}}
{"timestamp":"2021-05-15 19:05:42","level":"info",message:{"data":"/User/GetNotification/0"}}
{"timestamp":"2021-05-15 19:05:42","level":"info",message:{"data":"/User/getusersetting"}}
{"timestamp":"2021-05-15 19:05:42","level":"info",message:{"data":"/User/GetListUserBlockMe"}}
{"timestamp":"2021-05-15 19:05:42","level":"info",message:{"data":"/User/getaproved_send"}}
{"timestamp":"2021-05-15 19:09:03","level":"info",message:{"data":"/User/getuserlogin"}}
{"timestamp":"2021-05-15 19:09:04","level":"info",message:{"data":"/User/refreshtoken"}}
{"timestamp":"2021-05-15 19:09:04","level":"info",message:{"data":"/User/GetApproved/0"}}
{"timestamp":"2021-05-15 19:09:04","level":"info",message:{"data":"/User/GetNotification/0"}}
{"timestamp":"2021-05-15 19:09:04","level":"info",message:{"data":"/User/getuserlogin"}}
{"timestamp":"2021-05-15 19:09:06","level":"info",message:{"data":"/Getdeafult/listReport"}}
{"timestamp":"2021-05-15 19:09:06","level":"info",message:{"data":"/Getdeafult/get_lst_bieucamimg"}}
{"timestamp":"2021-05-15 19:09:06","level":"info",message:{"data":"/Getdeafult/Getemoj"}}
{"timestamp":"2021-05-15 19:09:06","level":"info",message:{"data":"/User/getlistemoj"}}
{"timestamp":"2021-05-15 19:09:06","level":"info",message:{"data":"/User/getHistoryEmoj"}}
{"timestamp":"2021-05-15 19:09:06","level":"info",message:{"data":"/User/GetApproved/0"}}
{"timestamp":"2021-05-15 19:09:06","level":"info",message:{"data":"/User/GetNotification/0"}}
{"timestamp":"2021-05-15 19:09:06","level":"info",message:{"data":"/User/GetListBlockUser"}}
{"timestamp":"2021-05-15 19:09:07","level":"info",message:{"data":"/User/getusersetting"}}
{"timestamp":"2021-05-15 19:09:07","level":"info",message:{"data":"/User/GetListUserBlockMe"}}
{"timestamp":"2021-05-15 19:09:07","level":"info",message:{"data":"/User/getaproved_send"}}
{"timestamp":"2021-05-15 19:09:52","level":"info",message:{"data":"/User/getuserlogin"}}
{"timestamp":"2021-05-15 19:09:52","level":"info",message:{"data":"/User/GetApproved/0"}}
{"timestamp":"2021-05-15 19:09:52","level":"info",message:{"data":"/User/refreshtoken"}}
{"timestamp":"2021-05-15 19:09:52","level":"info",message:{"data":"/User/GetNotification/0"}}
{"timestamp":"2021-05-15 19:09:52","level":"info",message:{"data":"/User/getuserlogin"}}
{"timestamp":"2021-05-15 19:09:55","level":"info",message:{"data":"/Getdeafult/listReport"}}
{"timestamp":"2021-05-15 19:09:55","level":"info",message:{"data":"/Getdeafult/get_lst_bieucamimg"}}
{"timestamp":"2021-05-15 19:09:55","level":"info",message:{"data":"/Getdeafult/Getemoj"}}
{"timestamp":"2021-05-15 19:09:56","level":"info",message:{"data":"/User/getlistemoj"}}
{"timestamp":"2021-05-15 19:09:56","level":"info",message:{"data":"/User/GetNotification/0"}}
{"timestamp":"2021-05-15 19:09:56","level":"info",message:{"data":"/User/getHistoryEmoj"}}
{"timestamp":"2021-05-15 19:09:56","level":"info",message:{"data":"/User/GetListBlockUser"}}
{"timestamp":"2021-05-15 19:09:56","level":"info",message:{"data":"/User/GetApproved/0"}}
{"timestamp":"2021-05-15 19:09:56","level":"info",message:{"data":"/User/GetListUserBlockMe"}}
{"timestamp":"2021-05-15 19:09:56","level":"info",message:{"data":"/User/getusersetting"}}
{"timestamp":"2021-05-15 19:09:56","level":"info",message:{"data":"/User/getaproved_send"}}
{"timestamp":"2021-05-15 19:11:09","level":"info",message:{"data":"/User/getuserlogin"}}
{"timestamp":"2021-05-15 19:11:09","level":"info",message:{"data":"/User/GetNotification/0"}}
{"timestamp":"2021-05-15 19:11:09","level":"info",message:{"data":"/User/GetApproved/0"}}
{"timestamp":"2021-05-15 19:11:09","level":"info",message:{"data":"/User/refreshtoken"}}
{"timestamp":"2021-05-15 19:11:10","level":"info",message:{"data":"/User/getuserlogin"}}
{"timestamp":"2021-05-15 19:25:11","level":"info",message:{"data":"/User/getuserlogin"}}
{"timestamp":"2021-05-15 19:25:12","level":"info",message:{"data":"/User/GetApproved/0"}}
{"timestamp":"2021-05-15 19:25:12","level":"info",message:{"data":"/User/refreshtoken"}}
{"timestamp":"2021-05-15 19:25:12","level":"info",message:{"data":"/User/GetNotification/0"}}
{"timestamp":"2021-05-15 19:25:12","level":"info",message:{"data":"/User/getuserlogin"}}
{"timestamp":"2021-05-15 19:25:13","level":"info",message:{"data":"/Getdeafult/listReport"}}
{"timestamp":"2021-05-15 19:25:13","level":"info",message:{"data":"/Getdeafult/get_lst_bieucamimg"}}
{"timestamp":"2021-05-15 19:25:13","level":"info",message:{"data":"/User/getlistemoj"}}
{"timestamp":"2021-05-15 19:25:13","level":"info",message:{"data":"/Getdeafult/Getemoj"}}
{"timestamp":"2021-05-15 19:25:13","level":"info",message:{"data":"/User/getHistoryEmoj"}}
{"timestamp":"2021-05-15 19:25:13","level":"info",message:{"data":"/User/GetApproved/0"}}
{"timestamp":"2021-05-15 19:25:13","level":"info",message:{"data":"/User/GetNotification/0"}}
{"timestamp":"2021-05-15 19:25:13","level":"info",message:{"data":"/User/GetListBlockUser"}}
{"timestamp":"2021-05-15 19:25:13","level":"info",message:{"data":"/User/GetListUserBlockMe"}}
{"timestamp":"2021-05-15 19:25:13","level":"info",message:{"data":"/User/getusersetting"}}
{"timestamp":"2021-05-15 19:25:13","level":"info",message:{"data":"/User/getaproved_send"}}
{"timestamp":"2021-05-15 19:40:02","level":"info",message:{"data":"/User/refreshtoken"}}
{"timestamp":"2021-05-15 19:54:51","level":"info",message:{"data":"/User/refreshtoken"}}
{"timestamp":"2021-05-15 19:57:51","level":"info",message:{"data":"/User/getuserlogin"}}
{"timestamp":"2021-05-15 19:57:51","level":"info",message:{"data":"/User/GetNotification/0"}}
{"timestamp":"2021-05-15 19:57:51","level":"info",message:{"data":"/User/refreshtoken"}}
{"timestamp":"2021-05-15 19:57:51","level":"info",message:{"data":"/User/GetApproved/0"}}
{"timestamp":"2021-05-15 19:57:51","level":"info",message:{"data":"/User/getuserlogin"}}
{"timestamp":"2021-05-15 19:57:54","level":"info",message:{"data":"/Getdeafult/listReport"}}
{"timestamp":"2021-05-15 19:57:54","level":"info",message:{"data":"/Getdeafult/get_lst_bieucamimg"}}
{"timestamp":"2021-05-15 19:57:54","level":"info",message:{"data":"/User/getlistemoj"}}
{"timestamp":"2021-05-15 19:57:54","level":"info",message:{"data":"/Getdeafult/Getemoj"}}
{"timestamp":"2021-05-15 19:57:54","level":"info",message:{"data":"/User/getHistoryEmoj"}}
{"timestamp":"2021-05-15 19:57:54","level":"info",message:{"data":"/User/GetApproved/0"}}
{"timestamp":"2021-05-15 19:57:54","level":"info",message:{"data":"/User/GetListBlockUser"}}
{"timestamp":"2021-05-15 19:57:54","level":"info",message:{"data":"/User/GetNotification/0"}}
{"timestamp":"2021-05-15 19:57:55","level":"info",message:{"data":"/User/GetListUserBlockMe"}}
{"timestamp":"2021-05-15 19:57:55","level":"info",message:{"data":"/User/getusersetting"}}
{"timestamp":"2021-05-15 19:57:55","level":"info",message:{"data":"/User/getaproved_send"}}
{"timestamp":"2021-05-15 20:01:07","level":"info",message:{"data":"/User/getuserlogin"}}
{"timestamp":"2021-05-15 20:01:08","level":"info",message:{"data":"/User/refreshtoken"}}
{"timestamp":"2021-05-15 20:01:08","level":"info",message:{"data":"/User/GetApproved/0"}}
{"timestamp":"2021-05-15 20:01:08","level":"info",message:{"data":"/User/GetNotification/0"}}
{"timestamp":"2021-05-15 20:01:08","level":"info",message:{"data":"/User/getuserlogin"}}
{"timestamp":"2021-05-15 20:01:09","level":"info",message:{"data":"/Getdeafult/get_lst_bieucamimg"}}
{"timestamp":"2021-05-15 20:01:09","level":"info",message:{"data":"/Getdeafult/listReport"}}
{"timestamp":"2021-05-15 20:01:09","level":"info",message:{"data":"/User/getlistemoj"}}
{"timestamp":"2021-05-15 20:01:09","level":"info",message:{"data":"/Getdeafult/Getemoj"}}
{"timestamp":"2021-05-15 20:01:09","level":"info",message:{"data":"/User/getHistoryEmoj"}}
{"timestamp":"2021-05-15 20:01:09","level":"info",message:{"data":"/User/GetApproved/0"}}
{"timestamp":"2021-05-15 20:01:09","level":"info",message:{"data":"/User/GetNotification/0"}}
{"timestamp":"2021-05-15 20:01:09","level":"info",message:{"data":"/User/GetListBlockUser"}}
{"timestamp":"2021-05-15 20:01:09","level":"info",message:{"data":"/User/GetListUserBlockMe"}}
{"timestamp":"2021-05-15 20:01:09","level":"info",message:{"data":"/User/getusersetting"}}
{"timestamp":"2021-05-15 20:01:10","level":"info",message:{"data":"/User/getaproved_send"}}
{"timestamp":"2021-05-15 20:01:33","level":"info",message:{"data":"/User/getuserlogin"}}
{"timestamp":"2021-05-15 20:01:33","level":"info",message:{"data":"/User/GetNotification/0"}}
{"timestamp":"2021-05-15 20:01:33","level":"info",message:{"data":"/User/refreshtoken"}}
{"timestamp":"2021-05-15 20:01:33","level":"info",message:{"data":"/User/GetApproved/0"}}
{"timestamp":"2021-05-15 20:01:33","level":"info",message:{"data":"/User/getuserlogin"}}
{"timestamp":"2021-05-15 20:01:35","level":"info",message:{"data":"/Getdeafult/listReport"}}
{"timestamp":"2021-05-15 20:01:35","level":"info",message:{"data":"/Getdeafult/get_lst_bieucamimg"}}
{"timestamp":"2021-05-15 20:01:36","level":"info",message:{"data":"/User/getlistemoj"}}
{"timestamp":"2021-05-15 20:01:36","level":"info",message:{"data":"/User/getHistoryEmoj"}}
{"timestamp":"2021-05-15 20:01:36","level":"info",message:{"data":"/Getdeafult/Getemoj"}}
{"timestamp":"2021-05-15 20:01:36","level":"info",message:{"data":"/User/GetListBlockUser"}}
{"timestamp":"2021-05-15 20:01:36","level":"info",message:{"data":"/User/GetNotification/0"}}
{"timestamp":"2021-05-15 20:01:36","level":"info",message:{"data":"/User/GetApproved/0"}}
{"timestamp":"2021-05-15 20:01:36","level":"info",message:{"data":"/User/GetListUserBlockMe"}}
{"timestamp":"2021-05-15 20:01:36","level":"info",message:{"data":"/User/getaproved_send"}}
{"timestamp":"2021-05-15 20:01:36","level":"info",message:{"data":"/User/getusersetting"}}
{"timestamp":"2021-05-15 20:02:00","level":"info",message:{"data":"/User/getuserlogin"}}
{"timestamp":"2021-05-15 20:02:00","level":"info",message:{"data":"/User/refreshtoken"}}
{"timestamp":"2021-05-15 20:02:00","level":"info",message:{"data":"/User/GetNotification/0"}}
{"timestamp":"2021-05-15 20:02:00","level":"info",message:{"data":"/User/GetApproved/0"}}
{"timestamp":"2021-05-15 20:02:01","level":"info",message:{"data":"/User/getuserlogin"}}
{"timestamp":"2021-05-15 20:02:02","level":"info",message:{"data":"/Getdeafult/listReport"}}
{"timestamp":"2021-05-15 20:02:02","level":"info",message:{"data":"/Getdeafult/get_lst_bieucamimg"}}
{"timestamp":"2021-05-15 20:02:02","level":"info",message:{"data":"/Getdeafult/Getemoj"}}
{"timestamp":"2021-05-15 20:02:02","level":"info",message:{"data":"/User/getHistoryEmoj"}}
{"timestamp":"2021-05-15 20:02:02","level":"info",message:{"data":"/User/getlistemoj"}}
{"timestamp":"2021-05-15 20:02:02","level":"info",message:{"data":"/User/GetNotification/0"}}
{"timestamp":"2021-05-15 20:02:02","level":"info",message:{"data":"/User/GetApproved/0"}}
{"timestamp":"2021-05-15 20:02:02","level":"info",message:{"data":"/User/GetListBlockUser"}}
{"timestamp":"2021-05-15 20:02:02","level":"info",message:{"data":"/User/GetListUserBlockMe"}}
{"timestamp":"2021-05-15 20:02:02","level":"info",message:{"data":"/User/getusersetting"}}
{"timestamp":"2021-05-15 20:02:02","level":"info",message:{"data":"/User/getaproved_send"}}
{"timestamp":"2021-05-15 20:03:19","level":"info",message:{"data":"/User/getuserlogin"}}
{"timestamp":"2021-05-15 20:03:19","level":"info",message:{"data":"/User/GetApproved/0"}}
{"timestamp":"2021-05-15 20:03:19","level":"info",message:{"data":"/User/GetNotification/0"}}
{"timestamp":"2021-05-15 20:03:19","level":"info",message:{"data":"/User/refreshtoken"}}
{"timestamp":"2021-05-15 20:03:20","level":"info",message:{"data":"/User/getuserlogin"}}
{"timestamp":"2021-05-15 20:03:20","level":"info",message:{"data":"/Getdeafult/listReport"}}
{"timestamp":"2021-05-15 20:03:20","level":"info",message:{"data":"/Getdeafult/get_lst_bieucamimg"}}
{"timestamp":"2021-05-15 20:03:20","level":"info",message:{"data":"/User/getlistemoj"}}
{"timestamp":"2021-05-15 20:03:20","level":"info",message:{"data":"/Getdeafult/Getemoj"}}
{"timestamp":"2021-05-15 20:03:20","level":"info",message:{"data":"/User/getHistoryEmoj"}}
{"timestamp":"2021-05-15 20:03:21","level":"info",message:{"data":"/User/GetListBlockUser"}}
{"timestamp":"2021-05-15 20:03:21","level":"info",message:{"data":"/User/GetApproved/0"}}
{"timestamp":"2021-05-15 20:03:21","level":"info",message:{"data":"/User/GetNotification/0"}}
{"timestamp":"2021-05-15 20:03:21","level":"info",message:{"data":"/User/GetListUserBlockMe"}}
{"timestamp":"2021-05-15 20:03:21","level":"info",message:{"data":"/User/getusersetting"}}
{"timestamp":"2021-05-15 20:03:21","level":"info",message:{"data":"/User/getaproved_send"}}
{"timestamp":"2021-05-15 20:11:05","level":"info",message:{"data":"/User/getuserlogin"}}
{"timestamp":"2021-05-15 20:11:05","level":"info",message:{"data":"/User/GetNotification/0"}}
{"timestamp":"2021-05-15 20:11:05","level":"info",message:{"data":"/User/GetApproved/0"}}
{"timestamp":"2021-05-15 20:11:05","level":"info",message:{"data":"/User/refreshtoken"}}
{"timestamp":"2021-05-15 20:11:06","level":"info",message:{"data":"/User/getuserlogin"}}
{"timestamp":"2021-05-15 20:11:07","level":"info",message:{"data":"/Getdeafult/listReport"}}
{"timestamp":"2021-05-15 20:11:07","level":"info",message:{"data":"/Getdeafult/get_lst_bieucamimg"}}
{"timestamp":"2021-05-15 20:11:07","level":"info",message:{"data":"/Getdeafult/Getemoj"}}
{"timestamp":"2021-05-15 20:11:07","level":"info",message:{"data":"/User/getlistemoj"}}
{"timestamp":"2021-05-15 20:11:07","level":"info",message:{"data":"/User/GetListUserBlockMe"}}
{"timestamp":"2021-05-15 20:11:07","level":"info",message:{"data":"/User/GetApproved/0"}}
{"timestamp":"2021-05-15 20:11:07","level":"info",message:{"data":"/User/GetNotification/0"}}
{"timestamp":"2021-05-15 20:11:07","level":"info",message:{"data":"/User/getHistoryEmoj"}}
{"timestamp":"2021-05-15 20:11:07","level":"info",message:{"data":"/User/GetListBlockUser"}}
{"timestamp":"2021-05-15 20:11:07","level":"info",message:{"data":"/User/getusersetting"}}
{"timestamp":"2021-05-15 20:11:08","level":"info",message:{"data":"/User/getaproved_send"}}
{"timestamp":"2021-05-15 20:11:40","level":"info",message:{"data":"/User/getuserlogin"}}
{"timestamp":"2021-05-15 20:11:41","level":"info",message:{"data":"/User/GetNotification/0"}}
{"timestamp":"2021-05-15 20:11:41","level":"info",message:{"data":"/User/GetApproved/0"}}
{"timestamp":"2021-05-15 20:11:41","level":"info",message:{"data":"/User/refreshtoken"}}
{"timestamp":"2021-05-15 20:11:41","level":"info",message:{"data":"/User/getuserlogin"}}
{"timestamp":"2021-05-15 20:11:42","level":"info",message:{"data":"/Getdeafult/listReport"}}
{"timestamp":"2021-05-15 20:11:42","level":"info",message:{"data":"/Getdeafult/get_lst_bieucamimg"}}
{"timestamp":"2021-05-15 20:11:42","level":"info",message:{"data":"/User/getlistemoj"}}
{"timestamp":"2021-05-15 20:11:42","level":"info",message:{"data":"/Getdeafult/Getemoj"}}
{"timestamp":"2021-05-15 20:11:42","level":"info",message:{"data":"/User/getHistoryEmoj"}}
{"timestamp":"2021-05-15 20:11:42","level":"info",message:{"data":"/User/GetListBlockUser"}}
{"timestamp":"2021-05-15 20:11:42","level":"info",message:{"data":"/User/GetNotification/0"}}
{"timestamp":"2021-05-15 20:11:43","level":"info",message:{"data":"/User/GetApproved/0"}}
{"timestamp":"2021-05-15 20:11:43","level":"info",message:{"data":"/User/GetListUserBlockMe"}}
{"timestamp":"2021-05-15 20:11:43","level":"info",message:{"data":"/User/getusersetting"}}
{"timestamp":"2021-05-15 20:11:43","level":"info",message:{"data":"/User/getaproved_send"}}
{"timestamp":"2021-05-15 20:26:31","level":"info",message:{"data":"/User/refreshtoken"}}
{"timestamp":"2021-05-15 20:41:21","level":"info",message:{"data":"/User/refreshtoken"}}
{"timestamp":"2021-05-15 20:56:11","level":"info",message:{"data":"/User/refreshtoken"}}
{"timestamp":"2021-05-15 21:11:01","level":"info",message:{"data":"/User/refreshtoken"}}
{"timestamp":"2021-05-15 21:14:01","level":"info",message:{"data":"/User/getuserlogin"}}
{"timestamp":"2021-05-15 21:14:02","level":"info",message:{"data":"/User/refreshtoken"}}
{"timestamp":"2021-05-15 21:14:02","level":"info",message:{"data":"/User/GetNotification/0"}}
{"timestamp":"2021-05-15 21:14:02","level":"info",message:{"data":"/User/GetApproved/0"}}
{"timestamp":"2021-05-15 21:14:02","level":"info",message:{"data":"/User/getuserlogin"}}
{"timestamp":"2021-05-15 21:14:20","level":"info",message:{"data":"/Getdeafult/listReport"}}
{"timestamp":"2021-05-15 21:14:20","level":"info",message:{"data":"/Getdeafult/get_lst_bieucamimg"}}
{"timestamp":"2021-05-15 21:14:20","level":"info",message:{"data":"/Getdeafult/Getemoj"}}
{"timestamp":"2021-05-15 21:14:20","level":"info",message:{"data":"/User/getlistemoj"}}
{"timestamp":"2021-05-15 21:14:20","level":"info",message:{"data":"/User/GetListBlockUser"}}
{"timestamp":"2021-05-15 21:14:20","level":"info",message:{"data":"/User/getHistoryEmoj"}}
{"timestamp":"2021-05-15 21:14:20","level":"info",message:{"data":"/User/GetListUserBlockMe"}}
{"timestamp":"2021-05-15 21:14:20","level":"info",message:{"data":"/User/getusersetting"}}
{"timestamp":"2021-05-15 21:14:21","level":"info",message:{"data":"/User/GetNotification/0"}}
{"timestamp":"2021-05-15 21:14:23","level":"info",message:{"data":"/User/getuserlogin"}}
{"timestamp":"2021-05-15 21:14:23","level":"info",message:{"data":"/User/GetNotification/0"}}
{"timestamp":"2021-05-15 21:14:23","level":"info",message:{"data":"/User/GetApproved/0"}}
{"timestamp":"2021-05-15 21:14:23","level":"info",message:{"data":"/User/refreshtoken"}}
{"timestamp":"2021-05-15 21:14:23","level":"info",message:{"data":"/User/getuserlogin"}}
{"timestamp":"2021-05-15 21:14:24","level":"info",message:{"data":"/Getdeafult/listReport"}}
{"timestamp":"2021-05-15 21:14:24","level":"info",message:{"data":"/Getdeafult/get_lst_bieucamimg"}}
{"timestamp":"2021-05-15 21:14:24","level":"info",message:{"data":"/User/GetListUserBlockMe"}}
{"timestamp":"2021-05-15 21:14:24","level":"info",message:{"data":"/User/getlistemoj"}}
{"timestamp":"2021-05-15 21:14:24","level":"info",message:{"data":"/User/getHistoryEmoj"}}
{"timestamp":"2021-05-15 21:14:24","level":"info",message:{"data":"/User/GetListBlockUser"}}
{"timestamp":"2021-05-15 21:14:24","level":"info",message:{"data":"/User/getusersetting"}}
{"timestamp":"2021-05-15 21:14:25","level":"info",message:{"data":"/Getdeafult/Getemoj"}}
{"timestamp":"2021-05-15 21:14:25","level":"info",message:{"data":"/User/getaproved_send"}}
{"timestamp":"2021-05-15 21:14:25","level":"info",message:{"data":"/User/GetApproved/0"}}
{"timestamp":"2021-05-15 21:14:25","level":"info",message:{"data":"/User/GetNotification/0"}}
{"timestamp":"2021-05-15 21:20:50","level":"info",message:{"data":"/User/getuserlogin"}}
{"timestamp":"2021-05-15 21:20:50","level":"info",message:{"data":"/User/GetNotification/0"}}
{"timestamp":"2021-05-15 21:20:50","level":"info",message:{"data":"/User/GetApproved/0"}}
{"timestamp":"2021-05-15 21:20:50","level":"info",message:{"data":"/User/refreshtoken"}}
{"timestamp":"2021-05-15 21:20:51","level":"info",message:{"data":"/User/getuserlogin"}}
{"timestamp":"2021-05-15 21:20:56","level":"info",message:{"data":"/Getdeafult/listReport"}}
{"timestamp":"2021-05-15 21:20:56","level":"info",message:{"data":"/Getdeafult/get_lst_bieucamimg"}}
{"timestamp":"2021-05-15 21:20:56","level":"info",message:{"data":"/Getdeafult/Getemoj"}}
{"timestamp":"2021-05-15 21:20:57","level":"info",message:{"data":"/User/GetListBlockUser"}}
{"timestamp":"2021-05-15 21:20:57","level":"info",message:{"data":"/User/getHistoryEmoj"}}
{"timestamp":"2021-05-15 21:20:57","level":"info",message:{"data":"/User/getlistemoj"}}
{"timestamp":"2021-05-15 21:20:57","level":"info",message:{"data":"/User/GetListUserBlockMe"}}
{"timestamp":"2021-05-15 21:20:57","level":"info",message:{"data":"/User/getusersetting"}}
{"timestamp":"2021-05-15 21:20:57","level":"info",message:{"data":"/User/GetNotification/0"}}
{"timestamp":"2021-05-15 21:21:00","level":"info",message:{"data":"/User/getuserlogin"}}
{"timestamp":"2021-05-15 21:21:00","level":"info",message:{"data":"/User/refreshtoken"}}
{"timestamp":"2021-05-15 21:21:00","level":"info",message:{"data":"/User/GetNotification/0"}}
{"timestamp":"2021-05-15 21:21:00","level":"info",message:{"data":"/User/GetApproved/0"}}
{"timestamp":"2021-05-15 21:21:00","level":"info",message:{"data":"/User/getuserlogin"}}
{"timestamp":"2021-05-15 21:21:01","level":"info",message:{"data":"/Getdeafult/listReport"}}
{"timestamp":"2021-05-15 21:21:01","level":"info",message:{"data":"/Getdeafult/get_lst_bieucamimg"}}
{"timestamp":"2021-05-15 21:21:01","level":"info",message:{"data":"/User/getlistemoj"}}
{"timestamp":"2021-05-15 21:21:01","level":"info",message:{"data":"/User/getusersetting"}}
{"timestamp":"2021-05-15 21:21:01","level":"info",message:{"data":"/User/GetListBlockUser"}}
{"timestamp":"2021-05-15 21:21:01","level":"info",message:{"data":"/User/getHistoryEmoj"}}
{"timestamp":"2021-05-15 21:21:01","level":"info",message:{"data":"/User/GetListUserBlockMe"}}
{"timestamp":"2021-05-15 21:21:02","level":"info",message:{"data":"/Getdeafult/Getemoj"}}
{"timestamp":"2021-05-15 21:21:02","level":"info",message:{"data":"/User/getaproved_send"}}
{"timestamp":"2021-05-15 21:21:02","level":"info",message:{"data":"/User/GetNotification/0"}}
{"timestamp":"2021-05-15 21:21:02","level":"info",message:{"data":"/User/GetApproved/0"}}
{"timestamp":"2021-05-15 21:21:58","level":"info",message:{"data":"/User/getuserlogin"}}
{"timestamp":"2021-05-15 21:21:58","level":"info",message:{"data":"/User/GetNotification/0"}}
{"timestamp":"2021-05-15 21:21:59","level":"info",message:{"data":"/User/refreshtoken"}}
{"timestamp":"2021-05-15 21:21:59","level":"info",message:{"data":"/User/GetApproved/0"}}
{"timestamp":"2021-05-15 21:21:59","level":"info",message:{"data":"/User/getuserlogin"}}
{"timestamp":"2021-05-15 21:22:00","level":"info",message:{"data":"/Getdeafult/listReport"}}
{"timestamp":"2021-05-15 21:22:00","level":"info",message:{"data":"/Getdeafult/get_lst_bieucamimg"}}
{"timestamp":"2021-05-15 21:22:00","level":"info",message:{"data":"/User/getHistoryEmoj"}}
{"timestamp":"2021-05-15 21:22:00","level":"info",message:{"data":"/User/getlistemoj"}}
{"timestamp":"2021-05-15 21:22:00","level":"info",message:{"data":"/Getdeafult/Getemoj"}}
{"timestamp":"2021-05-15 21:22:01","level":"info",message:{"data":"/User/GetNotification/0"}}
{"timestamp":"2021-05-15 21:22:01","level":"info",message:{"data":"/User/GetApproved/0"}}
{"timestamp":"2021-05-15 21:22:01","level":"info",message:{"data":"/User/GetListBlockUser"}}
{"timestamp":"2021-05-15 21:22:01","level":"info",message:{"data":"/User/GetListUserBlockMe"}}
{"timestamp":"2021-05-15 21:22:01","level":"info",message:{"data":"/User/getusersetting"}}
{"timestamp":"2021-05-15 21:22:01","level":"info",message:{"data":"/User/getaproved_send"}}
{"timestamp":"2021-05-15 21:36:49","level":"info",message:{"data":"/User/refreshtoken"}}
