{"timestamp":2021-04-27 23:09:47,"level":info,message:Server Start}
{"message":"Server Start","level":"info","timestamp":"2021-04-27 23:10:15"}
{"timestamp":"2021-04-27 23:10:57","level":"info",message:Server Start}
{"timestamp":"2021-04-27 23:11:26","level":"error",message:{
  level: 0,
  status: 0,
  _id: 60859615e1a93c3348d38ba2,
  lst_friend: [
    {
      _id: 6086e7683d71f73d606b535a,
      id: [Object],
      creattime: 2021-04-26T16:16:40.308Z
    },
    {
      _id: 6086e7683d71f73d606b535b,
      id: [Object],
      creattime: 2021-04-26T16:16:40.308Z
    }
  ],
  id: 60859615e1a93c3348d38ba2,
  username: 'admin4',
  __v: 0,
  list2: 6085960db543e0451cb92740,
  lst_movie_playback: [],
  lst_movie_favorite: [],
  lst_movie_like: [],
  lst_movie_dislike: [],
  lst_follow: [],
  lst_commentlike: [],
  lst_commentdislike: []
}}
{"timestamp":"2021-04-27 23:12:42","level":"info",message:Server Start}
{"timestamp":"2021-04-27 23:22:33","level":"info",message:Server Start}
{"timestamp":"2021-04-27 23:23:11","level":"info",message:Server Start}
{"timestamp":"2021-04-27 23:23:53","level":"info",message:Server Start}
{"timestamp":"2021-04-27 23:24:28","level":"info",message:Server Start}
{"timestamp":"2021-04-27 23:24:36","level":"info",message:Server Start}
{"timestamp":"2021-04-27 23:25:51","level":"info",message:[object Object]}
{"timestamp":"2021-04-27 23:28:00","level":"info",message:[object Object]}
{"timestamp":"2021-04-27 23:30:22","level":"info",message:{"data":"Server Start"}}
{"timestamp":"2021-04-27 23:30:35","level":"info",message:[object Object],"stack" : Error: [object Object]
    at Object.exports.LogError (G:\REACT\serve-xemphim\api\FuncLib\FuncLog.js:15:14)
    at G:\REACT\serve-xemphim\api\controller\user.js:9:13
    at processTicksAndRejections (internal/process/task_queues.js:97:5)}
{"timestamp":"2021-04-27 23:31:49","level":"info",message:{"data":"Server Start"}}
{"timestamp":"2021-04-27 23:32:40","level":"info",message:{"data":"Server Start"}}
{"timestamp":"2021-04-27 23:34:18","level":"info",message:{"data":"Server Start"}}
{"timestamp":"2021-04-27 23:34:43","level":"info",message:{"data":"Server Start"}}
{"timestamp":"2021-04-27 23:35:10","level":"info",message:{"data":"Server Start"}}
{"timestamp":"2021-04-27 23:35:39","level":"info",message:{"data":"Server Start"}}
{"timestamp":"2021-04-27 23:36:07","level":"info",message:{"data":"Server Start"}}
{"timestamp":"2021-04-27 23:36:45","level":"info",message:{"data":"Server Start"}}
{"timestamp":"2021-04-27 23:37:09","level":"info",message:{"data":"Server Start"}}
{"timestamp":"2021-04-27 23:37:12","level":"info",message:{}}
{"timestamp":"2021-04-27 23:37:33","level":"info",message:{}}
{"timestamp":"2021-04-27 23:38:16","level":"info",message:{"data":"Server Start"}}
{"timestamp":"2021-04-27 23:38:30","level":"info",message:{"request":{"url":"/user/getuser","header":{"host":"localhost:3001","connection":"keep-alive","cache-control":"max-age=0","sec-ch-ua":"\" Not A;Brand\";v=\"99\", \"Chromium\";v=\"90\", \"Google Chrome\";v=\"90\"","sec-ch-ua-mobile":"?0","upgrade-insecure-requests":"1","user-agent":"Mozilla/5.0 (Windows NT 10.0; Win64; x64) AppleWebKit/537.36 (KHTML, like Gecko) Chrome/90.0.4430.85 Safari/537.36","accept":"text/html,application/xhtml+xml,application/xml;q=0.9,image/avif,image/webp,image/apng,*/*;q=0.8,application/signed-exchange;v=b3;q=0.9","sec-fetch-site":"none","sec-fetch-mode":"navigate","sec-fetch-user":"?1","sec-fetch-dest":"document","accept-encoding":"gzip, deflate, br","accept-language":"vi-VN,vi;q=0.9,fr-FR;q=0.8,fr;q=0.7,en-US;q=0.6,en;q=0.5","cookie":"t-us-id=14; t-us-reto=eyJhbGciOiJIUzI1NiIsInR5cCI6IkpXVCJ9.eyJkYXRhIjp7ImlkIjoxNCwidXNlcm5hbWUiOiJ0cm9uZ2RhaWNhIiwidHlwZSI6MCwibGV2ZWwiOjF9LCJpYXQiOjE2MTU3MDExMzIsImV4cCI6MTY0NzIzNzEzMn0.k_XJtjqXMlQOFyBsPWLJ37Whc5Z7DLhdp8Xhil9A4Fk","if-none-match":"W/\"69f-ShV/GkYL956K/Je0/XkHOSFM8rw\""},"body":{},"params":{}},"data":[{"level":0,"status":0,"_id":"608595676026181df80bd4db","lst_friend":[],"id":"608595676026181df80bd4db","username":"admin3","__v":0,"lst_movie_playback":[],"lst_movie_favorite":[],"lst_movie_like":[],"lst_movie_dislike":[],"lst_follow":[],"lst_commentlike":[],"lst_commentdislike":[]},{"level":0,"status":0,"_id":"608596078d03ac37f41ac105","lst_friend":[],"id":"608596078d03ac37f41ac105","username":"admin1","__v":0,"lst_movie_playback":[],"lst_movie_favorite":[],"lst_movie_like":[],"lst_movie_dislike":[],"lst_follow":[],"lst_commentlike":[],"lst_commentdislike":[]},{"level":0,"status":0,"_id":"6085960db543e0451cb92740","lst_friend":[],"id":"6085960db543e0451cb92740","username":"admin2","__v":0,"lst_movie_playback":[],"lst_movie_favorite":[],"lst_movie_like":[],"lst_movie_dislike":[],"lst_follow":[],"lst_commentlike":[],"lst_commentdislike":[]},{"level":0,"status":0,"_id":"60859615e1a93c3348d38ba2","lst_friend":[{"_id":"6086e7683d71f73d606b535a","id":"6085960db543e0451cb92740","creattime":"2021-04-26T16:16:40.308Z"},{"_id":"6086e7683d71f73d606b535b","id":"608596078d03ac37f41ac105","creattime":"2021-04-26T16:16:40.308Z"}],"id":"60859615e1a93c3348d38ba2","username":"admin4","__v":0,"list2":"6085960db543e0451cb92740","lst_movie_playback":[],"lst_movie_favorite":[],"lst_movie_like":[],"lst_movie_dislike":[],"lst_follow":[],"lst_commentlike":[],"lst_commentdislike":[]},{"level":0,"status":0,"_id":"6086db1927c7dd318016b45a","id":"6086db1927c7dd318016b45a","username":"usernametest3","pass":"sadw","lst_friend":[],"lst_movie_playback":[],"lst_movie_favorite":[],"lst_movie_like":[],"lst_movie_dislike":[],"lst_follow":[],"lst_commentlike":[],"lst_commentdislike":[],"__v":0}]},"stack" : Error: {"request":{"url":"/user/getuser","header":{"host":"localhost:3001","connection":"keep-alive","cache-control":"max-age=0","sec-ch-ua":"\" Not A;Brand\";v=\"99\", \"Chromium\";v=\"90\", \"Google Chrome\";v=\"90\"","sec-ch-ua-mobile":"?0","upgrade-insecure-requests":"1","user-agent":"Mozilla/5.0 (Windows NT 10.0; Win64; x64) AppleWebKit/537.36 (KHTML, like Gecko) Chrome/90.0.4430.85 Safari/537.36","accept":"text/html,application/xhtml+xml,application/xml;q=0.9,image/avif,image/webp,image/apng,*/*;q=0.8,application/signed-exchange;v=b3;q=0.9","sec-fetch-site":"none","sec-fetch-mode":"navigate","sec-fetch-user":"?1","sec-fetch-dest":"document","accept-encoding":"gzip, deflate, br","accept-language":"vi-VN,vi;q=0.9,fr-FR;q=0.8,fr;q=0.7,en-US;q=0.6,en;q=0.5","cookie":"t-us-id=14; t-us-reto=eyJhbGciOiJIUzI1NiIsInR5cCI6IkpXVCJ9.eyJkYXRhIjp7ImlkIjoxNCwidXNlcm5hbWUiOiJ0cm9uZ2RhaWNhIiwidHlwZSI6MCwibGV2ZWwiOjF9LCJpYXQiOjE2MTU3MDExMzIsImV4cCI6MTY0NzIzNzEzMn0.k_XJtjqXMlQOFyBsPWLJ37Whc5Z7DLhdp8Xhil9A4Fk","if-none-match":"W/\"69f-ShV/GkYL956K/Je0/XkHOSFM8rw\""},"body":{},"params":{}},"data":[{"level":0,"status":0,"_id":"608595676026181df80bd4db","lst_friend":[],"id":"608595676026181df80bd4db","username":"admin3","__v":0,"lst_movie_playback":[],"lst_movie_favorite":[],"lst_movie_like":[],"lst_movie_dislike":[],"lst_follow":[],"lst_commentlike":[],"lst_commentdislike":[]},{"level":0,"status":0,"_id":"608596078d03ac37f41ac105","lst_friend":[],"id":"608596078d03ac37f41ac105","username":"admin1","__v":0,"lst_movie_playback":[],"lst_movie_favorite":[],"lst_movie_like":[],"lst_movie_dislike":[],"lst_follow":[],"lst_commentlike":[],"lst_commentdislike":[]},{"level":0,"status":0,"_id":"6085960db543e0451cb92740","lst_friend":[],"id":"6085960db543e0451cb92740","username":"admin2","__v":0,"lst_movie_playback":[],"lst_movie_favorite":[],"lst_movie_like":[],"lst_movie_dislike":[],"lst_follow":[],"lst_commentlike":[],"lst_commentdislike":[]},{"level":0,"status":0,"_id":"60859615e1a93c3348d38ba2","lst_friend":[{"_id":"6086e7683d71f73d606b535a","id":"6085960db543e0451cb92740","creattime":"2021-04-26T16:16:40.308Z"},{"_id":"6086e7683d71f73d606b535b","id":"608596078d03ac37f41ac105","creattime":"2021-04-26T16:16:40.308Z"}],"id":"60859615e1a93c3348d38ba2","username":"admin4","__v":0,"list2":"6085960db543e0451cb92740","lst_movie_playback":[],"lst_movie_favorite":[],"lst_movie_like":[],"lst_movie_dislike":[],"lst_follow":[],"lst_commentlike":[],"lst_commentdislike":[]},{"level":0,"status":0,"_id":"6086db1927c7dd318016b45a","id":"6086db1927c7dd318016b45a","username":"usernametest3","pass":"sadw","lst_friend":[],"lst_movie_playback":[],"lst_movie_favorite":[],"lst_movie_like":[],"lst_movie_dislike":[],"lst_follow":[],"lst_commentlike":[],"lst_commentdislike":[],"__v":0}]}
    at Object.exports.LogError (G:\REACT\serve-xemphim\api\FuncLib\FuncLog.js:15:14)
    at G:\REACT\serve-xemphim\api\controller\user.js:8:13
    at processTicksAndRejections (internal/process/task_queues.js:97:5)}
{"timestamp":"2021-04-27 23:41:43","level":"info",message:{"data":"Server Start"}}
{"timestamp":"2021-04-27 23:42:05","level":"info",message:{"data":"Server Start"}}
{"timestamp":"2021-04-27 23:43:17","level":"info",message:{"data":"Server Start"}}
{"timestamp":"2021-04-27 23:43:30","level":"info",message:{"data":"Server Start"}}
