{"timestamp":"2021-05-13 21:34:16","level":"info",message:{"data":"Server Start"}}
{"timestamp":"2021-05-13 21:36:00","level":"info",message:{"data":"/Menu"}}
{"timestamp":"2021-05-13 21:36:00","level":"info",message:{"data":"/User/refreshtoken"}}
{"timestamp":"2021-05-13 21:36:01","level":"info",message:{"data":"/User/creatusertemp"}}
{"timestamp":"2021-05-13 22:04:52","level":"info",message:{}}
{"timestamp":"2021-05-13 22:04:53","level":"info",message:{"data":"/Getdeafult/get_lst_bieucamimg"}}
{"timestamp":"2021-05-13 22:04:53","level":"info",message:{"data":"/Getdeafult/listReport"}}
{"timestamp":"2021-05-13 22:04:53","level":"info",message:{"data":"/Getdeafult/Getemoj"}}
{"timestamp":"2021-05-13 22:04:53","level":"info",message:{"data":"/User/getlistemoj"}}
{"timestamp":"2021-05-13 22:04:53","level":"info",message:{"data":"/User/getHistoryEmoj"}}
{"timestamp":"2021-05-13 22:04:53","level":"info",message:{"data":"/User/GetListBlockUser"}}
{"timestamp":"2021-05-13 22:04:53","level":"info",message:{"data":"/User/GetListUserBlockMe"}}
{"timestamp":"2021-05-13 22:04:53","level":"info",message:{"data":"/User/getusersetting"}}
{"timestamp":"2021-05-13 22:04:54","level":"info",message:{"data":"/User/getaproved_send"}}
{"timestamp":"2021-05-13 22:04:54","level":"info",message:{"data":"/User/GetNotification/0"}}
{"timestamp":"2021-05-13 22:04:54","level":"info",message:{"data":"/User/GetApproved/0"}}
{"timestamp":"2021-05-13 22:04:57","level":"info",message:{"data":"/User/getuserlogin"}}
{"timestamp":"2021-05-13 22:04:57","level":"info",message:{"data":"/User/GetNotification/0"}}
{"timestamp":"2021-05-13 22:04:57","level":"info",message:{"data":"/User/refreshtoken"}}
{"timestamp":"2021-05-13 22:04:57","level":"info",message:{"data":"/User/GetApproved/0"}}
{"timestamp":"2021-05-13 22:04:57","level":"info",message:{"data":"/User/getuserlogin"}}
{"timestamp":"2021-05-13 22:04:58","level":"info",message:{"data":"/Getdeafult/get_lst_bieucamimg"}}
{"timestamp":"2021-05-13 22:04:58","level":"info",message:{"data":"/Getdeafult/listReport"}}
{"timestamp":"2021-05-13 22:04:58","level":"info",message:{"data":"/Getdeafult/Getemoj"}}
{"timestamp":"2021-05-13 22:04:59","level":"info",message:{"data":"/User/getlistemoj"}}
{"timestamp":"2021-05-13 22:04:59","level":"info",message:{"data":"/User/getHistoryEmoj"}}
{"timestamp":"2021-05-13 22:04:59","level":"info",message:{"data":"/User/GetListBlockUser"}}
{"timestamp":"2021-05-13 22:04:59","level":"info",message:{"data":"/User/getusersetting"}}
{"timestamp":"2021-05-13 22:04:59","level":"info",message:{"data":"/User/GetListUserBlockMe"}}
{"timestamp":"2021-05-13 22:04:59","level":"info",message:{"data":"/User/GetNotification/0"}}
{"timestamp":"2021-05-13 22:04:59","level":"info",message:{"data":"/User/getaproved_send"}}
{"timestamp":"2021-05-13 22:04:59","level":"info",message:{"data":"/User/GetApproved/0"}}
{"timestamp":"2021-05-13 22:05:40","level":"info",message:{"data":"/User/refreshtoken"}}
{"timestamp":"2021-05-13 22:09:55","level":"info",message:{"data":"Server Start"}}
{"timestamp":"2021-05-13 22:09:58","level":"info",message:{"data":"Server Start"}}
{"timestamp":"2021-05-13 22:10:28","level":"info",message:{"data":"Server Start"}}
{"timestamp":"2021-05-13 22:10:31","level":"info",message:{"data":"Server Start"}}
{"timestamp":"2021-05-13 22:11:15","level":"info",message:{"data":"Server Start"}}
{"timestamp":"2021-05-13 22:12:44","level":"info",message:{"data":"Server Start"}}
{"timestamp":"2021-05-13 22:13:31","level":"info",message:{"data":"Server Start"}}
{"timestamp":"2021-05-13 22:19:47","level":"info",message:{"data":"/User/refreshtoken"}}
{"timestamp":"2021-05-13 22:30:23","level":"info",message:{"data":"Server Start"}}
{"timestamp":"2021-05-13 22:34:37","level":"info",message:{"data":"/User/refreshtoken"}}
{"timestamp":"2021-05-13 22:40:36","level":"info",message:{"data":"Server Start"}}
{"timestamp":"2021-05-13 22:40:46","level":"info",message:{"data":"Server Start"}}
{"timestamp":"2021-05-13 22:42:02","level":"info",message:{"data":"Server Start"}}
{"timestamp":"2021-05-13 22:47:05","level":"info",message:{"data":"/User/getuserlogin"}}
{"timestamp":"2021-05-13 22:47:06","level":"info",message:{"data":"/User/GetNotification/0"}}
{"timestamp":"2021-05-13 22:47:06","level":"info",message:{"data":"/User/GetApproved/0"}}
{"timestamp":"2021-05-13 22:47:06","level":"info",message:{"data":"/User/refreshtoken"}}
{"timestamp":"2021-05-13 22:47:06","level":"info",message:{"data":"/User/getuserlogin"}}
{"timestamp":"2021-05-13 22:47:09","level":"info",message:{"data":"/Getdeafult/get_lst_bieucamimg"}}
{"timestamp":"2021-05-13 22:47:09","level":"info",message:{"data":"/Getdeafult/listReport"}}
{"timestamp":"2021-05-13 22:47:09","level":"info",message:{"data":"/User/getlistemoj"}}
{"timestamp":"2021-05-13 22:47:09","level":"info",message:{"data":"/Getdeafult/Getemoj"}}
{"timestamp":"2021-05-13 22:47:09","level":"info",message:{"data":"/User/getHistoryEmoj"}}
{"timestamp":"2021-05-13 22:47:10","level":"info",message:{"data":"/User/GetListBlockUser"}}
{"timestamp":"2021-05-13 22:47:10","level":"info",message:{"data":"/User/GetApproved/0"}}
{"timestamp":"2021-05-13 22:47:10","level":"info",message:{"data":"/User/GetNotification/0"}}
{"timestamp":"2021-05-13 22:47:10","level":"info",message:{"data":"/User/GetListUserBlockMe"}}
{"timestamp":"2021-05-13 22:47:10","level":"info",message:{"data":"/User/getaproved_send"}}
{"timestamp":"2021-05-13 22:47:10","level":"info",message:{"data":"/User/getusersetting"}}
{"timestamp":"2021-05-13 22:49:22","level":"info",message:{"data":"/User/getuserlogin"}}
{"timestamp":"2021-05-13 22:49:23","level":"info",message:{"data":"/User/GetApproved/0"}}
{"timestamp":"2021-05-13 22:49:23","level":"info",message:{"data":"/User/GetNotification/0"}}
{"timestamp":"2021-05-13 22:49:23","level":"info",message:{"data":"/User/refreshtoken"}}
{"timestamp":"2021-05-13 22:49:23","level":"info",message:{"data":"/User/getuserlogin"}}
{"timestamp":"2021-05-13 22:49:24","level":"info",message:{"data":"/Getdeafult/listReport"}}
{"timestamp":"2021-05-13 22:49:24","level":"info",message:{"data":"/Getdeafult/get_lst_bieucamimg"}}
{"timestamp":"2021-05-13 22:49:24","level":"info",message:{"data":"/User/getlistemoj"}}
{"timestamp":"2021-05-13 22:49:24","level":"info",message:{"data":"/Getdeafult/Getemoj"}}
{"timestamp":"2021-05-13 22:49:24","level":"info",message:{"data":"/User/getHistoryEmoj"}}
{"timestamp":"2021-05-13 22:49:24","level":"info",message:{"data":"/User/GetNotification/0"}}
{"timestamp":"2021-05-13 22:49:24","level":"info",message:{"data":"/User/GetListBlockUser"}}
{"timestamp":"2021-05-13 22:49:24","level":"info",message:{"data":"/User/GetApproved/0"}}
{"timestamp":"2021-05-13 22:49:25","level":"info",message:{"data":"/User/getusersetting"}}
{"timestamp":"2021-05-13 22:49:25","level":"info",message:{"data":"/User/GetListUserBlockMe"}}
{"timestamp":"2021-05-13 22:49:25","level":"info",message:{"data":"/User/getaproved_send"}}
{"timestamp":"2021-05-13 22:54:57","level":"info",message:{"data":"Server Start"}}
{"timestamp":"2021-05-13 23:01:00","level":"info",message:{"data":"/User/getuserlogin"}}
{"timestamp":"2021-05-13 23:01:00","level":"info",message:{"data":"/User/GetNotification/0"}}
{"timestamp":"2021-05-13 23:01:00","level":"info",message:{"data":"/User/refreshtoken"}}
{"timestamp":"2021-05-13 23:01:00","level":"info",message:{"data":"/User/GetApproved/0"}}
{"timestamp":"2021-05-13 23:01:00","level":"info",message:{"data":"/User/getuserlogin"}}
{"timestamp":"2021-05-13 23:02:06","level":"info",message:{"data":"/Getdeafult/listReport"}}
{"timestamp":"2021-05-13 23:02:06","level":"info",message:{"data":"/Getdeafult/Getemoj"}}
{"timestamp":"2021-05-13 23:02:06","level":"info",message:{"data":"/Getdeafult/get_lst_bieucamimg"}}
{"timestamp":"2021-05-13 23:02:06","level":"info",message:{"data":"/User/GetListBlockUser"}}
{"timestamp":"2021-05-13 23:02:06","level":"info",message:{"data":"/User/getlistemoj"}}
{"timestamp":"2021-05-13 23:02:06","level":"info",message:{"data":"/User/getHistoryEmoj"}}
{"timestamp":"2021-05-13 23:02:06","level":"info",message:{"data":"/User/getusersetting"}}
{"timestamp":"2021-05-13 23:02:06","level":"info",message:{"data":"/User/GetListUserBlockMe"}}
{"timestamp":"2021-05-13 23:02:06","level":"info",message:{"data":"/User/GetNotification/0"}}
{"timestamp":"2021-05-13 23:02:06","level":"info",message:{"data":"/User/getaproved_send"}}
{"timestamp":"2021-05-13 23:02:07","level":"info",message:{"data":"/User/GetApproved/0"}}
{"timestamp":"2021-05-13 23:02:11","level":"info",message:{"data":"/User/getuserlogin"}}
{"timestamp":"2021-05-13 23:02:11","level":"info",message:{"data":"/User/GetNotification/0"}}
{"timestamp":"2021-05-13 23:02:11","level":"info",message:{"data":"/User/GetApproved/0"}}
{"timestamp":"2021-05-13 23:02:11","level":"info",message:{"data":"/User/refreshtoken"}}
{"timestamp":"2021-05-13 23:02:11","level":"info",message:{"data":"/User/getuserlogin"}}
{"timestamp":"2021-05-13 23:02:12","level":"info",message:{"data":"/Getdeafult/listReport"}}
{"timestamp":"2021-05-13 23:02:12","level":"info",message:{"data":"/Getdeafult/Getemoj"}}
{"timestamp":"2021-05-13 23:02:12","level":"info",message:{"data":"/Getdeafult/get_lst_bieucamimg"}}
{"timestamp":"2021-05-13 23:02:12","level":"info",message:{"data":"/User/getlistemoj"}}
{"timestamp":"2021-05-13 23:02:12","level":"info",message:{"data":"/User/GetListBlockUser"}}
{"timestamp":"2021-05-13 23:02:12","level":"info",message:{"data":"/User/getHistoryEmoj"}}
{"timestamp":"2021-05-13 23:02:13","level":"info",message:{"data":"/User/GetListUserBlockMe"}}
{"timestamp":"2021-05-13 23:02:13","level":"info",message:{"data":"/User/getusersetting"}}
{"timestamp":"2021-05-13 23:02:13","level":"info",message:{"data":"/User/getaproved_send"}}
{"timestamp":"2021-05-13 23:02:13","level":"info",message:{"data":"/User/GetNotification/0"}}
{"timestamp":"2021-05-13 23:02:13","level":"info",message:{"data":"/User/GetApproved/0"}}
{"timestamp":"2021-05-13 23:03:45","level":"info",message:{"data":"/User/getuserlogin"}}
{"timestamp":"2021-05-13 23:03:45","level":"info",message:{"data":"/User/refreshtoken"}}
{"timestamp":"2021-05-13 23:03:45","level":"info",message:{"data":"/User/GetNotification/0"}}
{"timestamp":"2021-05-13 23:03:45","level":"info",message:{"data":"/User/GetApproved/0"}}
{"timestamp":"2021-05-13 23:03:46","level":"info",message:{"data":"/User/getuserlogin"}}
{"timestamp":"2021-05-13 23:03:46","level":"info",message:{"data":"/Getdeafult/get_lst_bieucamimg"}}
{"timestamp":"2021-05-13 23:03:46","level":"info",message:{"data":"/Getdeafult/listReport"}}
{"timestamp":"2021-05-13 23:03:46","level":"info",message:{"data":"/User/getlistemoj"}}
{"timestamp":"2021-05-13 23:03:46","level":"info",message:{"data":"/User/getHistoryEmoj"}}
{"timestamp":"2021-05-13 23:03:47","level":"info",message:{"data":"/Getdeafult/Getemoj"}}
{"timestamp":"2021-05-13 23:03:47","level":"info",message:{"data":"/User/GetListBlockUser"}}
{"timestamp":"2021-05-13 23:03:47","level":"info",message:{"data":"/User/GetApproved/0"}}
{"timestamp":"2021-05-13 23:03:47","level":"info",message:{"data":"/User/GetNotification/0"}}
{"timestamp":"2021-05-13 23:03:47","level":"info",message:{"data":"/User/getusersetting"}}
{"timestamp":"2021-05-13 23:03:47","level":"info",message:{"data":"/User/GetListUserBlockMe"}}
{"timestamp":"2021-05-13 23:03:47","level":"info",message:{"data":"/User/getaproved_send"}}
{"timestamp":"2021-05-13 23:07:00","level":"info",message:{"data":"/User/getuserlogin"}}
{"timestamp":"2021-05-13 23:07:00","level":"info",message:{"data":"/User/refreshtoken"}}
{"timestamp":"2021-05-13 23:07:00","level":"info",message:{"data":"/User/GetNotification/0"}}
{"timestamp":"2021-05-13 23:07:00","level":"info",message:{"data":"/User/GetApproved/0"}}
{"timestamp":"2021-05-13 23:07:00","level":"info",message:{"data":"/User/getuserlogin"}}
{"timestamp":"2021-05-13 23:07:02","level":"info",message:{"data":"/Getdeafult/listReport"}}
{"timestamp":"2021-05-13 23:07:02","level":"info",message:{"data":"/Getdeafult/get_lst_bieucamimg"}}
{"timestamp":"2021-05-13 23:07:02","level":"info",message:{"data":"/User/getlistemoj"}}
{"timestamp":"2021-05-13 23:07:02","level":"info",message:{"data":"/Getdeafult/Getemoj"}}
{"timestamp":"2021-05-13 23:07:02","level":"info",message:{"data":"/User/getHistoryEmoj"}}
{"timestamp":"2021-05-13 23:07:02","level":"info",message:{"data":"/User/GetListBlockUser"}}
{"timestamp":"2021-05-13 23:07:02","level":"info",message:{"data":"/User/GetNotification/0"}}
{"timestamp":"2021-05-13 23:07:02","level":"info",message:{"data":"/User/GetApproved/0"}}
{"timestamp":"2021-05-13 23:07:03","level":"info",message:{"data":"/User/GetListUserBlockMe"}}
{"timestamp":"2021-05-13 23:07:03","level":"info",message:{"data":"/User/getusersetting"}}
{"timestamp":"2021-05-13 23:07:03","level":"info",message:{"data":"/User/getaproved_send"}}
