{"timestamp":"2021-05-01 19:52:15","level":"info",message:{"data":"Server Start"}}
{"timestamp":"2021-05-01 19:55:25","level":"info",message:{"data":"Server Start"}}
{"timestamp":"2021-05-01 19:55:51","level":"info",message:{"data":"Server Start"}}
{"timestamp":"2021-05-01 19:56:00","level":"info",message:{"data":"Server Start"}}
{"timestamp":"2021-05-01 19:57:47","level":"info",message:{"data":"Server Start"}}
{"timestamp":"2021-05-01 19:58:34","level":"info",message:{"data":"Server Start"}}
{"timestamp":"2021-05-01 19:59:19","level":"info",message:{"data":"Server Start"}}
{"timestamp":"2021-05-01 19:59:21","level":"info",message:{"data":"Server Start"}}
{"timestamp":"2021-05-01 20:00:29","level":"info",message:{"data":"Server Start"}}
{"timestamp":"2021-05-01 20:00:32","level":"info",message:{"data":"Server Start"}}
{"timestamp":"2021-05-01 20:01:00","level":"info",message:{"data":"Server Start"}}
{"timestamp":"2021-05-01 20:01:48","level":"info",message:{"data":"Server Start"}}
{"timestamp":"2021-05-01 20:01:58","level":"info",message:{"data":"Server Start"}}
{"timestamp":"2021-05-01 20:02:12","level":"info",message:{"data":"Server Start"}}
{"timestamp":"2021-05-01 20:02:42","level":"info",message:{"data":"Server Start"}}
{"timestamp":"2021-05-01 20:03:03","level":"info",message:{"data":"Server Start"}}
{"timestamp":"2021-05-01 20:04:16","level":"info",message:{"data":"Server Start"}}
{"timestamp":"2021-05-01 20:04:46","level":"info",message:{"data":"Server Start"}}
{"timestamp":"2021-05-01 20:06:00","level":"info",message:{"data":"Server Start"}}
{"timestamp":"2021-05-01 20:06:56","level":"info",message:{"data":"Server Start"}}
{"timestamp":"2021-05-01 20:06:58","level":"info",message:{"data":"Server Start"}}
{"timestamp":"2021-05-01 20:08:49","level":"info",message:{"data":"Server Start"}}
{"timestamp":"2021-05-01 20:16:56","level":"info",message:{"data":"Server Start"}}
{"timestamp":"2021-05-01 20:17:56","level":"info",message:{"data":"Server Start"}}
{"timestamp":"2021-05-01 20:18:00","level":"info",message:{"data":"Server Start"}}
{"timestamp":"2021-05-01 20:19:04","level":"info",message:{"data":"Server Start"}}
{"timestamp":"2021-05-01 20:21:02","level":"info",message:{"data":"Server Start"}}
{"timestamp":"2021-05-01 20:22:22","level":"info",message:{"data":"Server Start"}}
{"timestamp":"2021-05-01 22:58:58","level":"info",message:{"data":"Server Start"}}
{"timestamp":"2021-05-01 23:07:26","level":"info",message:{"data":"Server Start"}}
{"timestamp":"2021-05-01 23:14:08","level":"info",message:{"data":"Server Start"}}
{"timestamp":"2021-05-01 23:15:23","level":"info",message:{"data":"Server Start"}}
{"timestamp":"2021-05-01 23:15:32","level":"info",message:{"data":"Server Start"}}
{"timestamp":"2021-05-01 23:16:02","level":"info",message:{"data":"Server Start"}}
{"timestamp":"2021-05-01 23:16:59","level":"info",message:{"data":"Server Start"}}
{"timestamp":"2021-05-01 23:17:06","level":"info",message:{"request":{"url":"/User/signup","header":{"user-agent":"PostmanRuntime/7.26.10","accept":"*/*","postman-token":"a9682f10-25f8-4664-8659-898e94169808","host":"localhost:3001","accept-encoding":"gzip, deflate, br","connection":"keep-alive","content-length":"0"},"body":{},"params":{}},"data":"Username không hợp lệ"},"stack" : Error: {"request":{"url":"/User/signup","header":{"user-agent":"PostmanRuntime/7.26.10","accept":"*/*","postman-token":"a9682f10-25f8-4664-8659-898e94169808","host":"localhost:3001","accept-encoding":"gzip, deflate, br","connection":"keep-alive","content-length":"0"},"body":{},"params":{}},"data":"Username không hợp lệ"}
    at Object.exports.LogError (C:\Users\trong\OneDrive\Desktop\D\Nodejs\Node\Nodejs-Serve\api\FuncLib\FuncLog.js:23:18)
    at C:\Users\trong\OneDrive\Desktop\D\Nodejs\Node\Nodejs-Serve\api\controller\user.js:159:21
    at C:\Users\trong\OneDrive\Desktop\D\Nodejs\Node\Nodejs-Serve\node_modules\bcrypt\bcrypt.js:139:13
    at processTicksAndRejections (internal/process/task_queues.js:75:11)}
{"timestamp":"2021-05-01 23:17:36","level":"info",message:{"data":"Server Start"}}
{"timestamp":"2021-05-01 23:17:36","level":"info",message:{"request":{"url":"/User/signup","header":{"user-agent":"PostmanRuntime/7.26.10","accept":"*/*","postman-token":"9ec24851-2a8b-4814-acd3-39b1c7ee7843","host":"localhost:3001","accept-encoding":"gzip, deflate, br","connection":"keep-alive","content-length":"0"},"body":{},"params":{}},"data":"Username không hợp lệ"},"stack" : Error: {"request":{"url":"/User/signup","header":{"user-agent":"PostmanRuntime/7.26.10","accept":"*/*","postman-token":"9ec24851-2a8b-4814-acd3-39b1c7ee7843","host":"localhost:3001","accept-encoding":"gzip, deflate, br","connection":"keep-alive","content-length":"0"},"body":{},"params":{}},"data":"Username không hợp lệ"}
    at Object.exports.LogError (C:\Users\trong\OneDrive\Desktop\D\Nodejs\Node\Nodejs-Serve\api\FuncLib\FuncLog.js:23:18)
    at C:\Users\trong\OneDrive\Desktop\D\Nodejs\Node\Nodejs-Serve\api\controller\user.js:159:21
    at C:\Users\trong\OneDrive\Desktop\D\Nodejs\Node\Nodejs-Serve\node_modules\bcrypt\bcrypt.js:139:13
    at processTicksAndRejections (internal/process/task_queues.js:75:11)}
{"timestamp":"2021-05-01 23:22:12","level":"info",message:{"request":{"url":"/User/signup","header":{"content-type":"application/json","user-agent":"PostmanRuntime/7.26.10","accept":"*/*","postman-token":"2d29a8a3-eb33-4f16-b34d-77eaa232cdb6","host":"localhost:3001","accept-encoding":"gzip, deflate, br","connection":"keep-alive","content-length":"192"},"body":{"username":"admin","pass":"anhtrong94","email":"kedidemnd94@gmail.com","britday":"15/09/1994","thanhpho":{"val":0,"name":"An Giang"},"diachi":""},"params":{}},"data":"Username không hợp lệ"},"stack" : Error: {"request":{"url":"/User/signup","header":{"content-type":"application/json","user-agent":"PostmanRuntime/7.26.10","accept":"*/*","postman-token":"2d29a8a3-eb33-4f16-b34d-77eaa232cdb6","host":"localhost:3001","accept-encoding":"gzip, deflate, br","connection":"keep-alive","content-length":"192"},"body":{"username":"admin","pass":"anhtrong94","email":"kedidemnd94@gmail.com","britday":"15/09/1994","thanhpho":{"val":0,"name":"An Giang"},"diachi":""},"params":{}},"data":"Username không hợp lệ"}
    at Object.exports.LogError (C:\Users\trong\OneDrive\Desktop\D\Nodejs\Node\Nodejs-Serve\api\FuncLib\FuncLog.js:23:18)
    at Object.<anonymous> (C:\Users\trong\OneDrive\Desktop\D\Nodejs\Node\Nodejs-Serve\api\controller\user.js:159:21)}
{"timestamp":"2021-05-01 23:22:27","level":"info",message:{"request":{"url":"/User/signup","header":{"content-type":"application/json","user-agent":"PostmanRuntime/7.26.10","accept":"*/*","postman-token":"9371a533-831f-40ac-ba45-f915f9b529e7","host":"localhost:3001","accept-encoding":"gzip, deflate, br","connection":"keep-alive","content-length":"192"},"body":{"username":"admin","pass":"anhtrong94","email":"kedidemnd94@gmail.com","britday":"15/09/1994","thanhpho":{"val":0,"name":"An Giang"},"diachi":""},"params":{}},"data":"Username không hợp lệ"},"stack" : Error: {"request":{"url":"/User/signup","header":{"content-type":"application/json","user-agent":"PostmanRuntime/7.26.10","accept":"*/*","postman-token":"9371a533-831f-40ac-ba45-f915f9b529e7","host":"localhost:3001","accept-encoding":"gzip, deflate, br","connection":"keep-alive","content-length":"192"},"body":{"username":"admin","pass":"anhtrong94","email":"kedidemnd94@gmail.com","britday":"15/09/1994","thanhpho":{"val":0,"name":"An Giang"},"diachi":""},"params":{}},"data":"Username không hợp lệ"}
    at Object.exports.LogError (C:\Users\trong\OneDrive\Desktop\D\Nodejs\Node\Nodejs-Serve\api\FuncLib\FuncLog.js:23:18)
    at Object.<anonymous> (C:\Users\trong\OneDrive\Desktop\D\Nodejs\Node\Nodejs-Serve\api\controller\user.js:159:21)}
{"timestamp":"2021-05-01 23:23:56","level":"info",message:{"data":"Server Start"}}
{"timestamp":"2021-05-01 23:23:59","level":"info",message:{"data":"Server Start"}}
{"timestamp":"2021-05-01 23:23:59","level":"info",message:{"request":{"url":"/User/signup","header":{"content-type":"application/json","user-agent":"PostmanRuntime/7.26.10","accept":"*/*","postman-token":"dac575d4-be27-4376-970a-ccfdd6310560","host":"localhost:3001","accept-encoding":"gzip, deflate, br","connection":"keep-alive","content-length":"192"},"body":{"username":"admin","pass":"anhtrong94","email":"kedidemnd94@gmail.com","britday":"15/09/1994","thanhpho":{"val":0,"name":"An Giang"},"diachi":""},"params":{}},"data":"Username không hợp lệ"},"stack" : Error: {"request":{"url":"/User/signup","header":{"content-type":"application/json","user-agent":"PostmanRuntime/7.26.10","accept":"*/*","postman-token":"dac575d4-be27-4376-970a-ccfdd6310560","host":"localhost:3001","accept-encoding":"gzip, deflate, br","connection":"keep-alive","content-length":"192"},"body":{"username":"admin","pass":"anhtrong94","email":"kedidemnd94@gmail.com","britday":"15/09/1994","thanhpho":{"val":0,"name":"An Giang"},"diachi":""},"params":{}},"data":"Username không hợp lệ"}
    at Object.exports.LogError (C:\Users\trong\OneDrive\Desktop\D\Nodejs\Node\Nodejs-Serve\api\FuncLib\FuncLog.js:23:18)
    at Object.<anonymous> (C:\Users\trong\OneDrive\Desktop\D\Nodejs\Node\Nodejs-Serve\api\controller\user.js:161:21)}
{"timestamp":"2021-05-01 23:24:58","level":"info",message:{"data":"Server Start"}}
{"timestamp":"2021-05-01 23:25:07","level":"info",message:{"request":{"url":"/User/signup","header":{"content-type":"application/json","user-agent":"PostmanRuntime/7.26.10","accept":"*/*","postman-token":"971e280e-50a8-4714-a937-1b16f07c53fd","host":"localhost:3001","accept-encoding":"gzip, deflate, br","connection":"keep-alive","content-length":"192"},"body":{"username":"admin","pass":"anhtrong94","email":"kedidemnd94@gmail.com","britday":"15/09/1994","thanhpho":{"val":0,"name":"An Giang"},"diachi":""},"params":{}},"data":"Username không hợp lệ"},"stack" : Error: {"request":{"url":"/User/signup","header":{"content-type":"application/json","user-agent":"PostmanRuntime/7.26.10","accept":"*/*","postman-token":"971e280e-50a8-4714-a937-1b16f07c53fd","host":"localhost:3001","accept-encoding":"gzip, deflate, br","connection":"keep-alive","content-length":"192"},"body":{"username":"admin","pass":"anhtrong94","email":"kedidemnd94@gmail.com","britday":"15/09/1994","thanhpho":{"val":0,"name":"An Giang"},"diachi":""},"params":{}},"data":"Username không hợp lệ"}
    at Object.exports.LogError (C:\Users\trong\OneDrive\Desktop\D\Nodejs\Node\Nodejs-Serve\api\FuncLib\FuncLog.js:23:18)
    at Object.<anonymous> (C:\Users\trong\OneDrive\Desktop\D\Nodejs\Node\Nodejs-Serve\api\controller\user.js:162:21)}
{"timestamp":"2021-05-01 23:27:11","level":"info",message:{"data":"Server Start"}}
{"timestamp":"2021-05-01 23:27:46","level":"info",message:{"data":"Server Start"}}
{"timestamp":"2021-05-01 23:27:52","level":"info",message:{"data":"Username không hợp lệ","request":{"url":"/User/signup","header":{"content-type":"application/json","user-agent":"PostmanRuntime/7.26.10","accept":"*/*","postman-token":"9b538012-8e9b-4012-a892-4331517ade45","host":"localhost:3001","accept-encoding":"gzip, deflate, br","connection":"keep-alive","content-length":"192"},"body":{"username":"admin","pass":"anhtrong94","email":"kedidemnd94@gmail.com","britday":"15/09/1994","thanhpho":{"val":0,"name":"An Giang"},"diachi":""},"params":{}}},"stack" : Error: {"data":"Username không hợp lệ","request":{"url":"/User/signup","header":{"content-type":"application/json","user-agent":"PostmanRuntime/7.26.10","accept":"*/*","postman-token":"9b538012-8e9b-4012-a892-4331517ade45","host":"localhost:3001","accept-encoding":"gzip, deflate, br","connection":"keep-alive","content-length":"192"},"body":{"username":"admin","pass":"anhtrong94","email":"kedidemnd94@gmail.com","britday":"15/09/1994","thanhpho":{"val":0,"name":"An Giang"},"diachi":""},"params":{}}}
    at Object.exports.LogError (C:\Users\trong\OneDrive\Desktop\D\Nodejs\Node\Nodejs-Serve\api\FuncLib\FuncLog.js:23:18)
    at Object.<anonymous> (C:\Users\trong\OneDrive\Desktop\D\Nodejs\Node\Nodejs-Serve\api\controller\user.js:163:21)}
{"timestamp":"2021-05-01 23:28:13","level":"info",message:{"data":"Server Start"}}
{"timestamp":"2021-05-01 23:28:15","level":"info",message:{"data":"Username không hợp lệ","request":{"url":"/User/signup","header":{"content-type":"application/json","user-agent":"PostmanRuntime/7.26.10","accept":"*/*","postman-token":"00016e3b-ac85-440d-bd83-df619629543a","host":"localhost:3001","accept-encoding":"gzip, deflate, br","connection":"keep-alive","content-length":"192"},"body":{"username":"admin","pass":"anhtrong94","email":"kedidemnd94@gmail.com","britday":"15/09/1994","thanhpho":{"val":0,"name":"An Giang"},"diachi":""},"params":{}}},"stack" : Error: {"data":"Username không hợp lệ","request":{"url":"/User/signup","header":{"content-type":"application/json","user-agent":"PostmanRuntime/7.26.10","accept":"*/*","postman-token":"00016e3b-ac85-440d-bd83-df619629543a","host":"localhost:3001","accept-encoding":"gzip, deflate, br","connection":"keep-alive","content-length":"192"},"body":{"username":"admin","pass":"anhtrong94","email":"kedidemnd94@gmail.com","britday":"15/09/1994","thanhpho":{"val":0,"name":"An Giang"},"diachi":""},"params":{}}}
    at Object.exports.LogError (C:\Users\trong\OneDrive\Desktop\D\Nodejs\Node\Nodejs-Serve\api\FuncLib\FuncLog.js:23:18)
    at Object.<anonymous> (C:\Users\trong\OneDrive\Desktop\D\Nodejs\Node\Nodejs-Serve\api\controller\user.js:164:21)}
{"timestamp":"2021-05-01 23:29:10","level":"info",message:{"data":"Server Start"}}
{"timestamp":"2021-05-01 23:29:12","level":"info",message:{"data":"Username không hợp lệ","request":{"url":"/User/signup","header":{"content-type":"application/json","user-agent":"PostmanRuntime/7.26.10","accept":"*/*","postman-token":"6579e552-b40e-456d-a235-dbf82870ded6","host":"localhost:3001","accept-encoding":"gzip, deflate, br","connection":"keep-alive","content-length":"192"},"body":{"username":"admin","pass":"anhtrong94","email":"kedidemnd94@gmail.com","britday":"15/09/1994","thanhpho":{"val":0,"name":"An Giang"},"diachi":""},"params":{}}},"stack" : Error: {"data":"Username không hợp lệ","request":{"url":"/User/signup","header":{"content-type":"application/json","user-agent":"PostmanRuntime/7.26.10","accept":"*/*","postman-token":"6579e552-b40e-456d-a235-dbf82870ded6","host":"localhost:3001","accept-encoding":"gzip, deflate, br","connection":"keep-alive","content-length":"192"},"body":{"username":"admin","pass":"anhtrong94","email":"kedidemnd94@gmail.com","britday":"15/09/1994","thanhpho":{"val":0,"name":"An Giang"},"diachi":""},"params":{}}}
    at Object.exports.LogError (C:\Users\trong\OneDrive\Desktop\D\Nodejs\Node\Nodejs-Serve\api\FuncLib\FuncLog.js:23:18)
    at Object.<anonymous> (C:\Users\trong\OneDrive\Desktop\D\Nodejs\Node\Nodejs-Serve\api\controller\user.js:164:21)}
{"timestamp":"2021-05-01 23:30:50","level":"info",message:{"data":"Server Start"}}
{"timestamp":"2021-05-01 23:30:54","level":"info",message:{"data":"Username không hợp lệ","request":{"url":"/User/signup","header":{"content-type":"application/json","user-agent":"PostmanRuntime/7.26.10","accept":"*/*","postman-token":"b12a5459-7550-4425-af91-59a9f82cd91b","host":"localhost:3001","accept-encoding":"gzip, deflate, br","connection":"keep-alive","content-length":"192"},"body":{"username":"admin","pass":"anhtrong94","email":"kedidemnd94@gmail.com","britday":"15/09/1994","thanhpho":{"val":0,"name":"An Giang"},"diachi":""},"params":{}}},"stack" : Error: {"data":"Username không hợp lệ","request":{"url":"/User/signup","header":{"content-type":"application/json","user-agent":"PostmanRuntime/7.26.10","accept":"*/*","postman-token":"b12a5459-7550-4425-af91-59a9f82cd91b","host":"localhost:3001","accept-encoding":"gzip, deflate, br","connection":"keep-alive","content-length":"192"},"body":{"username":"admin","pass":"anhtrong94","email":"kedidemnd94@gmail.com","britday":"15/09/1994","thanhpho":{"val":0,"name":"An Giang"},"diachi":""},"params":{}}}
    at Object.exports.LogError (C:\Users\trong\OneDrive\Desktop\D\Nodejs\Node\Nodejs-Serve\api\FuncLib\FuncLog.js:23:18)
    at Object.<anonymous> (C:\Users\trong\OneDrive\Desktop\D\Nodejs\Node\Nodejs-Serve\api\controller\user.js:165:21)}
{"timestamp":"2021-05-01 23:33:37","level":"info",message:{"data":"Server Start"}}
{"timestamp":"2021-05-01 23:34:39","level":"info",message:{"data":"Server Start"}}
{"timestamp":"2021-05-01 23:35:34","level":"info",message:{"data":"Server Start"}}
{"timestamp":"2021-05-01 23:36:25","level":"info",message:{"data":"Server Start"}}
{"timestamp":"2021-05-01 23:38:09","level":"info",message:{"data":"Server Start"}}
{"timestamp":"2021-05-01 23:38:38","level":"info",message:{"data":"Server Start"}}
{"timestamp":"2021-05-01 23:41:33","level":"info",message:{"data":"Server Start"}}
{"timestamp":"2021-05-01 23:42:35","level":"info",message:{"data":"Server Start"}}
{"timestamp":"2021-05-01 23:43:06","level":"info",message:{"data":"Server Start"}}
{"timestamp":"2021-05-01 23:43:10","level":"info",message:{"data":"Tên đăng nhập đã tồn tại","request":{"url":"/User/signup","header":{"content-type":"application/json","user-agent":"PostmanRuntime/7.26.10","accept":"*/*","postman-token":"52dd8379-bc59-45f7-9815-5c1abc79031d","host":"localhost:3001","accept-encoding":"gzip, deflate, br","connection":"keep-alive","content-length":"192"},"body":{"username":"admin","pass":"anhtrong94","email":"kedidemnd94@gmail.com","britday":"01/09/1994","thanhpho":{"val":0,"name":"An Giang"},"diachi":""},"params":{}}},"stack" : Error: {"data":"Tên đăng nhập đã tồn tại","request":{"url":"/User/signup","header":{"content-type":"application/json","user-agent":"PostmanRuntime/7.26.10","accept":"*/*","postman-token":"52dd8379-bc59-45f7-9815-5c1abc79031d","host":"localhost:3001","accept-encoding":"gzip, deflate, br","connection":"keep-alive","content-length":"192"},"body":{"username":"admin","pass":"anhtrong94","email":"kedidemnd94@gmail.com","britday":"01/09/1994","thanhpho":{"val":0,"name":"An Giang"},"diachi":""},"params":{}}}
    at Object.exports.LogError (C:\Users\trong\OneDrive\Desktop\D\Nodejs\Node\Nodejs-Serve\api\FuncLib\FuncLog.js:23:18)
    at C:\Users\trong\OneDrive\Desktop\D\Nodejs\Node\Nodejs-Serve\api\controller\user.js:166:21
    at processTicksAndRejections (internal/process/task_queues.js:93:5)}
