{"timestamp":"2021-05-22 13:02:06","level":"info",message:{"data":"Server Start"}}
{"timestamp":"2021-05-22 13:04:52","level":"info",message:{"data":"/User/getuserlogin"}}
{"timestamp":"2021-05-22 13:10:56","level":"info",message:{}}
{"timestamp":"2021-05-22 13:10:57","level":"info",message:{"data":"/Getdeafult/get_lst_bieucamimg"}}
{"timestamp":"2021-05-22 13:10:57","level":"info",message:{"data":"/Getdeafult/listReport"}}
{"timestamp":"2021-05-22 13:10:57","level":"info",message:{"data":"/Getdeafult/Getemoj"}}
{"timestamp":"2021-05-22 13:10:57","level":"info",message:{"data":"/User/getlistemoj"}}
{"timestamp":"2021-05-22 13:10:57","level":"info",message:{"data":"/User/getHistoryEmoj"}}
{"timestamp":"2021-05-22 13:10:57","level":"info",message:{"data":"/User/GetListBlockUser"}}
{"timestamp":"2021-05-22 13:10:57","level":"info",message:{"data":"/User/GetListUserBlockMe"}}
{"timestamp":"2021-05-22 13:10:57","level":"info",message:{"data":"/User/getusersetting"}}
{"timestamp":"2021-05-22 13:10:58","level":"info",message:{"data":"/User/GetNotification/0"}}
{"timestamp":"2021-05-22 13:10:58","level":"info",message:{"data":"/User/getaproved_send"}}
{"timestamp":"2021-05-22 13:10:58","level":"info",message:{"data":"/User/GetApproved/0"}}
{"timestamp":"2021-05-22 13:11:01","level":"info",message:{"data":"/User/getuserlogin"}}
{"timestamp":"2021-05-22 13:11:01","level":"info",message:{"data":"/User/GetNotification/0"}}
{"timestamp":"2021-05-22 13:11:01","level":"info",message:{"data":"/User/refreshtoken"}}
{"timestamp":"2021-05-22 13:11:01","level":"info",message:{"data":"/User/GetApproved/0"}}
{"timestamp":"2021-05-22 13:11:01","level":"info",message:{"data":"/User/getuserlogin"}}
{"timestamp":"2021-05-22 13:11:01","level":"info",message:{"data":"/User/getlistemoj"}}
{"timestamp":"2021-05-22 13:11:01","level":"info",message:{"data":"/User/getHistoryEmoj"}}
{"timestamp":"2021-05-22 13:11:02","level":"info",message:{"data":"/User/GetListBlockUser"}}
{"timestamp":"2021-05-22 13:11:02","level":"info",message:{"data":"/Getdeafult/listReport"}}
{"timestamp":"2021-05-22 13:11:02","level":"info",message:{"data":"/User/getusersetting"}}
{"timestamp":"2021-05-22 13:11:02","level":"info",message:{"data":"/User/GetListUserBlockMe"}}
{"timestamp":"2021-05-22 13:11:02","level":"info",message:{"data":"/Getdeafult/get_lst_bieucamimg"}}
{"timestamp":"2021-05-22 13:11:02","level":"info",message:{"data":"/Getdeafult/Getemoj"}}
{"timestamp":"2021-05-22 13:11:02","level":"info",message:{"data":"/User/getaproved_send"}}
{"timestamp":"2021-05-22 13:11:02","level":"info",message:{"data":"/User/GetNotification/0"}}
{"timestamp":"2021-05-22 13:11:02","level":"info",message:{"data":"/User/GetApproved/0"}}
{"timestamp":"2021-05-22 13:19:31","level":"info",message:{"data":"/User/getuserlogin"}}
{"timestamp":"2021-05-22 13:19:32","level":"info",message:{"data":"/User/GetNotification/0"}}
{"timestamp":"2021-05-22 13:19:32","level":"info",message:{"data":"/User/getuserlogin"}}
{"timestamp":"2021-05-22 13:19:32","level":"info",message:{"data":"/User/GetApproved/0"}}
{"timestamp":"2021-05-22 13:19:32","level":"info",message:{"data":"/User/refreshtoken"}}
{"timestamp":"2021-05-22 13:19:35","level":"info",message:{"data":"/Getdeafult/listReport"}}
{"timestamp":"2021-05-22 13:19:35","level":"info",message:{"data":"/Getdeafult/get_lst_bieucamimg"}}
{"timestamp":"2021-05-22 13:19:35","level":"info",message:{"data":"/User/getlistemoj"}}
{"timestamp":"2021-05-22 13:19:35","level":"info",message:{"data":"/User/getHistoryEmoj"}}
{"timestamp":"2021-05-22 13:19:35","level":"info",message:{"data":"/Getdeafult/Getemoj"}}
{"timestamp":"2021-05-22 13:19:36","level":"info",message:{"data":"/User/GetNotification/0"}}
{"timestamp":"2021-05-22 13:19:36","level":"info",message:{"data":"/User/GetApproved/0"}}
{"timestamp":"2021-05-22 13:19:36","level":"info",message:{"data":"/User/GetListBlockUser"}}
{"timestamp":"2021-05-22 13:19:36","level":"info",message:{"data":"/User/GetListUserBlockMe"}}
{"timestamp":"2021-05-22 13:19:36","level":"info",message:{"data":"/User/getusersetting"}}
{"timestamp":"2021-05-22 13:19:36","level":"info",message:{"data":"/User/getaproved_send"}}
{"timestamp":"2021-05-22 13:20:10","level":"error",message:{"data":"Series validation failed: company: Cast to ObjectId failed for value \"\" at path \"company\"","request":{"url":"/Series/creat","header":{"host":"localhost:3001","connection":"keep-alive","content-length":"225","sec-ch-ua":"\" Not A;Brand\";v=\"99\", \"Chromium\";v=\"90\", \"Google Chrome\";v=\"90\"","accept":"application/json, text/plain, */*","authorization":"Bearer eyJhbGciOiJIUzI1NiIsInR5cCI6IkpXVCJ9.eyJkYXRhIjp7ImlkIjoiNjA5OGQ1NDEyZTFkOWQyNjY0OGI3N2U2IiwidXNlcm5hbWUiOiJ0cm9uZ2RheTEiLCJsZXZlbCI6NywidHlwZSI6MCwiY3JlYXR0aW1lIjoiMjAyMS0wNS0yMlQwNjoxOTozMi4xODlaIn0sImlhdCI6MTYyMTY2NDM3MiwiZXhwIjoxNjIxNjgyMzcyfQ.E-_89K1VN-4YONBJT5ZoO3ZycJGbn7eW-BmVIg6fts4","sec-ch-ua-mobile":"?0","user-agent":"Mozilla/5.0 (Windows NT 10.0; Win64; x64) AppleWebKit/537.36 (KHTML, like Gecko) Chrome/90.0.4430.212 Safari/537.36","content-type":"application/json","origin":"http://localhost:3000","sec-fetch-site":"same-site","sec-fetch-mode":"cors","sec-fetch-dest":"empty","referer":"http://localhost:3000/","accept-encoding":"gzip, deflate, br","accept-language":"vi-VN,vi;q=0.9,fr-FR;q=0.8,fr;q=0.7,en-US;q=0.6,en;q=0.5"},"body":{"name":"Test","name_re":"Tét ","year_str":2020,"year_end":2020,"content":"","warning":2,"company":"","list_cata":["609bfd3583316f3540d7e248"],"list_tag":[],"list_actor":[],"usercreat":"6098d5412e1d9d26648b77e6","private":1},"params":{}}},"stack" : Error: {"data":"Series validation failed: company: Cast to ObjectId failed for value \"\" at path \"company\"","request":{"url":"/Series/creat","header":{"host":"localhost:3001","connection":"keep-alive","content-length":"225","sec-ch-ua":"\" Not A;Brand\";v=\"99\", \"Chromium\";v=\"90\", \"Google Chrome\";v=\"90\"","accept":"application/json, text/plain, */*","authorization":"Bearer eyJhbGciOiJIUzI1NiIsInR5cCI6IkpXVCJ9.eyJkYXRhIjp7ImlkIjoiNjA5OGQ1NDEyZTFkOWQyNjY0OGI3N2U2IiwidXNlcm5hbWUiOiJ0cm9uZ2RheTEiLCJsZXZlbCI6NywidHlwZSI6MCwiY3JlYXR0aW1lIjoiMjAyMS0wNS0yMlQwNjoxOTozMi4xODlaIn0sImlhdCI6MTYyMTY2NDM3MiwiZXhwIjoxNjIxNjgyMzcyfQ.E-_89K1VN-4YONBJT5ZoO3ZycJGbn7eW-BmVIg6fts4","sec-ch-ua-mobile":"?0","user-agent":"Mozilla/5.0 (Windows NT 10.0; Win64; x64) AppleWebKit/537.36 (KHTML, like Gecko) Chrome/90.0.4430.212 Safari/537.36","content-type":"application/json","origin":"http://localhost:3000","sec-fetch-site":"same-site","sec-fetch-mode":"cors","sec-fetch-dest":"empty","referer":"http://localhost:3000/","accept-encoding":"gzip, deflate, br","accept-language":"vi-VN,vi;q=0.9,fr-FR;q=0.8,fr;q=0.7,en-US;q=0.6,en;q=0.5"},"body":{"name":"Test","name_re":"Tét ","year_str":2020,"year_end":2020,"content":"","warning":2,"company":"","list_cata":["609bfd3583316f3540d7e248"],"list_tag":[],"list_actor":[],"usercreat":"6098d5412e1d9d26648b77e6","private":1},"params":{}}}
    at Object.exports.LogError (G:\REACT\serve-xemphim\api\FuncLib\FuncLog.js:23:19)
    at G:\REACT\serve-xemphim\api\controller\series.js:64:17
    at runMicrotasks (<anonymous>)
    at processTicksAndRejections (internal/process/task_queues.js:97:5)}
{"timestamp":"2021-05-22 13:26:02","level":"info",message:{"data":"Server Start"}}
{"timestamp":"2021-05-22 13:26:45","level":"error",message:{"data":"Assignment to constant variable.","request":{"url":"/Series/creat","header":{"host":"localhost:3001","connection":"keep-alive","content-length":"223","sec-ch-ua":"\" Not A;Brand\";v=\"99\", \"Chromium\";v=\"90\", \"Google Chrome\";v=\"90\"","accept":"application/json, text/plain, */*","authorization":"Bearer eyJhbGciOiJIUzI1NiIsInR5cCI6IkpXVCJ9.eyJkYXRhIjp7ImlkIjoiNjA5OGQ1NDEyZTFkOWQyNjY0OGI3N2U2IiwidXNlcm5hbWUiOiJ0cm9uZ2RheTEiLCJsZXZlbCI6NywidHlwZSI6MCwiY3JlYXR0aW1lIjoiMjAyMS0wNS0yMlQwNjoxOTozMi4xODlaIn0sImlhdCI6MTYyMTY2NDM3MiwiZXhwIjoxNjIxNjgyMzcyfQ.E-_89K1VN-4YONBJT5ZoO3ZycJGbn7eW-BmVIg6fts4","sec-ch-ua-mobile":"?0","user-agent":"Mozilla/5.0 (Windows NT 10.0; Win64; x64) AppleWebKit/537.36 (KHTML, like Gecko) Chrome/90.0.4430.212 Safari/537.36","content-type":"application/json","origin":"http://localhost:3000","sec-fetch-site":"same-site","sec-fetch-mode":"cors","sec-fetch-dest":"empty","referer":"http://localhost:3000/","accept-encoding":"gzip, deflate, br","accept-language":"vi-VN,vi;q=0.9,fr-FR;q=0.8,fr;q=0.7,en-US;q=0.6,en;q=0.5"},"body":{"name":"TesOK","name_re":"OK","year_str":2020,"year_end":2020,"content":"","warning":0,"company":"","list_cata":["609bfd3683316f3540d7e24b"],"list_tag":[],"list_actor":[],"usercreat":"6098d5412e1d9d26648b77e6","private":1},"params":{}}},"stack" : Error: {"data":"Assignment to constant variable.","request":{"url":"/Series/creat","header":{"host":"localhost:3001","connection":"keep-alive","content-length":"223","sec-ch-ua":"\" Not A;Brand\";v=\"99\", \"Chromium\";v=\"90\", \"Google Chrome\";v=\"90\"","accept":"application/json, text/plain, */*","authorization":"Bearer eyJhbGciOiJIUzI1NiIsInR5cCI6IkpXVCJ9.eyJkYXRhIjp7ImlkIjoiNjA5OGQ1NDEyZTFkOWQyNjY0OGI3N2U2IiwidXNlcm5hbWUiOiJ0cm9uZ2RheTEiLCJsZXZlbCI6NywidHlwZSI6MCwiY3JlYXR0aW1lIjoiMjAyMS0wNS0yMlQwNjoxOTozMi4xODlaIn0sImlhdCI6MTYyMTY2NDM3MiwiZXhwIjoxNjIxNjgyMzcyfQ.E-_89K1VN-4YONBJT5ZoO3ZycJGbn7eW-BmVIg6fts4","sec-ch-ua-mobile":"?0","user-agent":"Mozilla/5.0 (Windows NT 10.0; Win64; x64) AppleWebKit/537.36 (KHTML, like Gecko) Chrome/90.0.4430.212 Safari/537.36","content-type":"application/json","origin":"http://localhost:3000","sec-fetch-site":"same-site","sec-fetch-mode":"cors","sec-fetch-dest":"empty","referer":"http://localhost:3000/","accept-encoding":"gzip, deflate, br","accept-language":"vi-VN,vi;q=0.9,fr-FR;q=0.8,fr;q=0.7,en-US;q=0.6,en;q=0.5"},"body":{"name":"TesOK","name_re":"OK","year_str":2020,"year_end":2020,"content":"","warning":0,"company":"","list_cata":["609bfd3683316f3540d7e24b"],"list_tag":[],"list_actor":[],"usercreat":"6098d5412e1d9d26648b77e6","private":1},"params":{}}}
    at Object.exports.LogError (G:\REACT\serve-xemphim\api\FuncLib\FuncLog.js:23:19)
    at exports.CreatNewCompany (G:\REACT\serve-xemphim\api\controller\series.js:72:13)
    at Layer.handle [as handle_request] (G:\REACT\serve-xemphim\node_modules\express\lib\router\layer.js:95:5)
    at next (G:\REACT\serve-xemphim\node_modules\express\lib\router\route.js:137:13)
    at exports.is_admin (G:\REACT\serve-xemphim\api\middleware\token.js:103:5)
    at processTicksAndRejections (internal/process/task_queues.js:97:5)}
{"timestamp":"2021-05-22 13:27:37","level":"info",message:{"data":"Server Start"}}
{"timestamp":"2021-05-22 13:27:48","level":"info",message:{"data":"Server Start"}}
{"timestamp":"2021-05-22 13:27:57","level":"error",message:{"data":"Series validation failed: company: Cast to ObjectId failed for value \" \" at path \"company\"","request":{"url":"/Series/creat","header":{"host":"localhost:3001","connection":"keep-alive","content-length":"222","sec-ch-ua":"\" Not A;Brand\";v=\"99\", \"Chromium\";v=\"90\", \"Google Chrome\";v=\"90\"","accept":"application/json, text/plain, */*","authorization":"Bearer eyJhbGciOiJIUzI1NiIsInR5cCI6IkpXVCJ9.eyJkYXRhIjp7ImlkIjoiNjA5OGQ1NDEyZTFkOWQyNjY0OGI3N2U2IiwidXNlcm5hbWUiOiJ0cm9uZ2RheTEiLCJsZXZlbCI6NywidHlwZSI6MCwiY3JlYXR0aW1lIjoiMjAyMS0wNS0yMlQwNjoxOTozMi4xODlaIn0sImlhdCI6MTYyMTY2NDM3MiwiZXhwIjoxNjIxNjgyMzcyfQ.E-_89K1VN-4YONBJT5ZoO3ZycJGbn7eW-BmVIg6fts4","sec-ch-ua-mobile":"?0","user-agent":"Mozilla/5.0 (Windows NT 10.0; Win64; x64) AppleWebKit/537.36 (KHTML, like Gecko) Chrome/90.0.4430.212 Safari/537.36","content-type":"application/json","origin":"http://localhost:3000","sec-fetch-site":"same-site","sec-fetch-mode":"cors","sec-fetch-dest":"empty","referer":"http://localhost:3000/","accept-encoding":"gzip, deflate, br","accept-language":"vi-VN,vi;q=0.9,fr-FR;q=0.8,fr;q=0.7,en-US;q=0.6,en;q=0.5"},"body":{"name":"TesOK ","name_re":"","year_str":2020,"year_end":2020,"content":"","warning":0,"company":"","list_cata":["609bfd3683316f3540d7e24b"],"list_tag":[],"list_actor":[],"usercreat":"6098d5412e1d9d26648b77e6","private":1},"params":{}}},"stack" : Error: {"data":"Series validation failed: company: Cast to ObjectId failed for value \" \" at path \"company\"","request":{"url":"/Series/creat","header":{"host":"localhost:3001","connection":"keep-alive","content-length":"222","sec-ch-ua":"\" Not A;Brand\";v=\"99\", \"Chromium\";v=\"90\", \"Google Chrome\";v=\"90\"","accept":"application/json, text/plain, */*","authorization":"Bearer eyJhbGciOiJIUzI1NiIsInR5cCI6IkpXVCJ9.eyJkYXRhIjp7ImlkIjoiNjA5OGQ1NDEyZTFkOWQyNjY0OGI3N2U2IiwidXNlcm5hbWUiOiJ0cm9uZ2RheTEiLCJsZXZlbCI6NywidHlwZSI6MCwiY3JlYXR0aW1lIjoiMjAyMS0wNS0yMlQwNjoxOTozMi4xODlaIn0sImlhdCI6MTYyMTY2NDM3MiwiZXhwIjoxNjIxNjgyMzcyfQ.E-_89K1VN-4YONBJT5ZoO3ZycJGbn7eW-BmVIg6fts4","sec-ch-ua-mobile":"?0","user-agent":"Mozilla/5.0 (Windows NT 10.0; Win64; x64) AppleWebKit/537.36 (KHTML, like Gecko) Chrome/90.0.4430.212 Safari/537.36","content-type":"application/json","origin":"http://localhost:3000","sec-fetch-site":"same-site","sec-fetch-mode":"cors","sec-fetch-dest":"empty","referer":"http://localhost:3000/","accept-encoding":"gzip, deflate, br","accept-language":"vi-VN,vi;q=0.9,fr-FR;q=0.8,fr;q=0.7,en-US;q=0.6,en;q=0.5"},"body":{"name":"TesOK ","name_re":"","year_str":2020,"year_end":2020,"content":"","warning":0,"company":"","list_cata":["609bfd3683316f3540d7e24b"],"list_tag":[],"list_actor":[],"usercreat":"6098d5412e1d9d26648b77e6","private":1},"params":{}}}
    at Object.exports.LogError (G:\REACT\serve-xemphim\api\FuncLib\FuncLog.js:23:19)
    at G:\REACT\serve-xemphim\api\controller\series.js:66:17
    at processTicksAndRejections (internal/process/task_queues.js:97:5)}
{"timestamp":"2021-05-22 13:34:21","level":"info",message:{"data":"/User/refreshtoken"}}
{"timestamp":"2021-05-22 13:49:12","level":"info",message:{"data":"/User/refreshtoken"}}
{"timestamp":"2021-05-22 14:04:02","level":"info",message:{"data":"/User/refreshtoken"}}
{"timestamp":"2021-05-22 14:18:52","level":"info",message:{"data":"/User/refreshtoken"}}
{"timestamp":"2021-05-22 14:33:42","level":"info",message:{"data":"/User/refreshtoken"}}
{"timestamp":"2021-05-22 15:28:29","level":"info",message:{"data":"Server Start"}}
{"timestamp":"2021-05-22 15:31:18","level":"info",message:{"data":"/User/refreshtoken"}}
{"timestamp":"2021-05-22 15:31:18","level":"info",message:{"data":"/User/creatusertemp"}}
{"timestamp":"2021-05-22 15:31:46","level":"info",message:{}}
{"timestamp":"2021-05-22 15:31:46","level":"info",message:{"data":"/Getdeafult/get_lst_bieucamimg"}}
{"timestamp":"2021-05-22 15:31:46","level":"info",message:{"data":"/Getdeafult/listReport"}}
{"timestamp":"2021-05-22 15:31:46","level":"info",message:{"data":"/Getdeafult/Getemoj"}}
{"timestamp":"2021-05-22 15:31:46","level":"info",message:{"data":"/User/getHistoryEmoj"}}
{"timestamp":"2021-05-22 15:31:46","level":"info",message:{"data":"/User/GetListBlockUser"}}
{"timestamp":"2021-05-22 15:31:46","level":"info",message:{"data":"/User/getlistemoj"}}
{"timestamp":"2021-05-22 15:31:47","level":"info",message:{"data":"/User/GetListUserBlockMe"}}
{"timestamp":"2021-05-22 15:31:47","level":"info",message:{"data":"/User/getusersetting"}}
{"timestamp":"2021-05-22 15:31:47","level":"info",message:{"data":"/User/getaproved_send"}}
{"timestamp":"2021-05-22 15:31:47","level":"info",message:{"data":"/User/GetApproved/0"}}
{"timestamp":"2021-05-22 15:31:47","level":"info",message:{"data":"/User/GetNotification/0"}}
{"timestamp":"2021-05-22 15:32:28","level":"info",message:{"data":"/User/getuserlogin"}}
{"timestamp":"2021-05-22 15:32:29","level":"info",message:{"data":"/User/GetApproved/0"}}
{"timestamp":"2021-05-22 15:32:29","level":"info",message:{"data":"/User/GetNotification/0"}}
{"timestamp":"2021-05-22 15:32:29","level":"info",message:{"data":"/User/refreshtoken"}}
{"timestamp":"2021-05-22 15:32:29","level":"info",message:{"data":"/Getdeafult/get_lst_bieucamimg"}}
{"timestamp":"2021-05-22 15:32:29","level":"info",message:{"data":"/Getdeafult/listReport"}}
{"timestamp":"2021-05-22 15:32:29","level":"info",message:{"data":"/Getdeafult/Getemoj"}}
{"timestamp":"2021-05-22 15:32:29","level":"info",message:{"data":"/User/getuserlogin"}}
{"timestamp":"2021-05-22 15:32:29","level":"info",message:{"data":"/User/getHistoryEmoj"}}
{"timestamp":"2021-05-22 15:32:29","level":"info",message:{"data":"/User/getlistemoj"}}
{"timestamp":"2021-05-22 15:32:29","level":"info",message:{"data":"/User/GetListUserBlockMe"}}
{"timestamp":"2021-05-22 15:32:29","level":"info",message:{"data":"/User/GetListBlockUser"}}
{"timestamp":"2021-05-22 15:32:29","level":"info",message:{"data":"/User/getaproved_send"}}
{"timestamp":"2021-05-22 15:32:29","level":"info",message:{"data":"/User/getusersetting"}}
{"timestamp":"2021-05-22 15:32:30","level":"info",message:{"data":"/User/GetApproved/0"}}
{"timestamp":"2021-05-22 15:32:30","level":"info",message:{"data":"/User/GetNotification/0"}}
{"timestamp":"2021-05-22 15:35:05","level":"info",message:{"data":"/User/getuserlogin"}}
{"timestamp":"2021-05-22 15:35:06","level":"info",message:{"data":"/User/getuserlogin"}}
{"timestamp":"2021-05-22 15:35:06","level":"info",message:{"data":"/User/GetNotification/0"}}
{"timestamp":"2021-05-22 15:35:06","level":"info",message:{"data":"/User/refreshtoken"}}
{"timestamp":"2021-05-22 15:35:06","level":"info",message:{"data":"/User/GetApproved/0"}}
{"timestamp":"2021-05-22 15:35:35","level":"info",message:{"data":"Server Start"}}
{"timestamp":"2021-05-22 15:36:14","level":"info",message:{"data":"Server Start"}}
{"timestamp":"2021-05-22 15:36:16","level":"info",message:{"data":"/Getdeafult/get_lst_bieucamimg"}}
{"timestamp":"2021-05-22 15:36:17","level":"info",message:{"data":"/Getdeafult/listReport"}}
{"timestamp":"2021-05-22 15:36:18","level":"info",message:{"data":"/Getdeafult/Getemoj"}}
{"timestamp":"2021-05-22 15:36:18","level":"info",message:{"data":"/User/getHistoryEmoj"}}
{"timestamp":"2021-05-22 15:36:18","level":"info",message:{"data":"/User/getlistemoj"}}
{"timestamp":"2021-05-22 15:36:18","level":"info",message:{"data":"/User/getusersetting"}}
{"timestamp":"2021-05-22 15:36:18","level":"info",message:{"data":"/User/GetListBlockUser"}}
{"timestamp":"2021-05-22 15:36:18","level":"info",message:{"data":"/User/GetNotification/0"}}
{"timestamp":"2021-05-22 15:36:18","level":"info",message:{"data":"/User/GetListUserBlockMe"}}
{"timestamp":"2021-05-22 15:36:18","level":"info",message:{"data":"/User/getaproved_send"}}
{"timestamp":"2021-05-22 15:36:18","level":"info",message:{"data":"/User/GetApproved/0"}}
{"timestamp":"2021-05-22 15:37:53","level":"info",message:{"data":"Server Start"}}
{"timestamp":"2021-05-22 15:41:21","level":"info",message:{"data":"/User/getuserlogin"}}
{"timestamp":"2021-05-22 15:41:21","level":"info",message:{"data":"/User/GetNotification/0"}}
{"timestamp":"2021-05-22 15:41:21","level":"info",message:{"data":"/User/GetApproved/0"}}
{"timestamp":"2021-05-22 15:41:21","level":"info",message:{"data":"/User/refreshtoken"}}
{"timestamp":"2021-05-22 15:41:21","level":"info",message:{"data":"/User/getuserlogin"}}
{"timestamp":"2021-05-22 15:41:22","level":"info",message:{"data":"/Getdeafult/listReport"}}
{"timestamp":"2021-05-22 15:41:22","level":"info",message:{"data":"/Getdeafult/Getemoj"}}
{"timestamp":"2021-05-22 15:41:22","level":"info",message:{"data":"/Getdeafult/get_lst_bieucamimg"}}
{"timestamp":"2021-05-22 15:41:22","level":"info",message:{"data":"/User/getlistemoj"}}
{"timestamp":"2021-05-22 15:41:23","level":"info",message:{"data":"/User/GetListBlockUser"}}
{"timestamp":"2021-05-22 15:41:23","level":"info",message:{"data":"/User/GetNotification/0"}}
{"timestamp":"2021-05-22 15:41:23","level":"info",message:{"data":"/User/getHistoryEmoj"}}
{"timestamp":"2021-05-22 15:41:23","level":"info",message:{"data":"/User/GetApproved/0"}}
{"timestamp":"2021-05-22 15:41:23","level":"info",message:{"data":"/User/GetListUserBlockMe"}}
{"timestamp":"2021-05-22 15:41:23","level":"info",message:{"data":"/User/getusersetting"}}
{"timestamp":"2021-05-22 15:41:23","level":"info",message:{"data":"/User/getaproved_send"}}
{"timestamp":"2021-05-22 15:42:01","level":"info",message:{"data":"/User/getuserlogin"}}
{"timestamp":"2021-05-22 15:42:02","level":"info",message:{"data":"/User/refreshtoken"}}
{"timestamp":"2021-05-22 15:42:02","level":"info",message:{"data":"/Getdeafult/listReport"}}
{"timestamp":"2021-05-22 15:42:02","level":"info",message:{"data":"/User/getuserlogin"}}
{"timestamp":"2021-05-22 15:42:02","level":"info",message:{"data":"/User/GetNotification/0"}}
{"timestamp":"2021-05-22 15:42:02","level":"info",message:{"data":"/Getdeafult/get_lst_bieucamimg"}}
{"timestamp":"2021-05-22 15:42:02","level":"info",message:{"data":"/User/getlistemoj"}}
{"timestamp":"2021-05-22 15:42:02","level":"info",message:{"data":"/Getdeafult/Getemoj"}}
{"timestamp":"2021-05-22 15:42:02","level":"info",message:{"data":"/User/GetApproved/0"}}
{"timestamp":"2021-05-22 15:42:02","level":"info",message:{"data":"/User/getHistoryEmoj"}}
{"timestamp":"2021-05-22 15:42:03","level":"info",message:{"data":"/User/GetListUserBlockMe"}}
{"timestamp":"2021-05-22 15:42:03","level":"info",message:{"data":"/User/GetListBlockUser"}}
{"timestamp":"2021-05-22 15:42:03","level":"info",message:{"data":"/User/getaproved_send"}}
{"timestamp":"2021-05-22 15:42:03","level":"info",message:{"data":"/User/getusersetting"}}
{"timestamp":"2021-05-22 15:42:03","level":"info",message:{"data":"/User/GetNotification/0"}}
{"timestamp":"2021-05-22 15:42:03","level":"info",message:{"data":"/User/GetApproved/0"}}
{"timestamp":"2021-05-22 15:42:28","level":"info",message:{"data":"/User/getuserlogin"}}
{"timestamp":"2021-05-22 15:42:28","level":"info",message:{"data":"/Getdeafult/listReport"}}
{"timestamp":"2021-05-22 15:42:29","level":"info",message:{"data":"/User/getuserlogin"}}
{"timestamp":"2021-05-22 15:42:29","level":"info",message:{"data":"/User/GetNotification/0"}}
{"timestamp":"2021-05-22 15:42:29","level":"info",message:{"data":"/Getdeafult/get_lst_bieucamimg"}}
{"timestamp":"2021-05-22 15:42:29","level":"info",message:{"data":"/User/getlistemoj"}}
{"timestamp":"2021-05-22 15:42:29","level":"info",message:{"data":"/User/GetApproved/0"}}
{"timestamp":"2021-05-22 15:42:29","level":"info",message:{"data":"/Getdeafult/Getemoj"}}
{"timestamp":"2021-05-22 15:42:29","level":"info",message:{"data":"/User/refreshtoken"}}
{"timestamp":"2021-05-22 15:42:29","level":"info",message:{"data":"/User/getHistoryEmoj"}}
{"timestamp":"2021-05-22 15:42:29","level":"info",message:{"data":"/User/GetListBlockUser"}}
{"timestamp":"2021-05-22 15:42:29","level":"info",message:{"data":"/User/GetListUserBlockMe"}}
{"timestamp":"2021-05-22 15:42:29","level":"info",message:{"data":"/User/getusersetting"}}
{"timestamp":"2021-05-22 15:42:29","level":"info",message:{"data":"/User/getaproved_send"}}
{"timestamp":"2021-05-22 15:42:30","level":"info",message:{"data":"/User/GetNotification/0"}}
{"timestamp":"2021-05-22 15:42:30","level":"info",message:{"data":"/User/GetApproved/0"}}
{"timestamp":"2021-05-22 15:43:11","level":"info",message:{"data":"/User/getuserlogin"}}
{"timestamp":"2021-05-22 15:43:11","level":"info",message:{"data":"/Getdeafult/listReport"}}
{"timestamp":"2021-05-22 15:43:12","level":"info",message:{"data":"/User/GetNotification/0"}}
{"timestamp":"2021-05-22 15:43:12","level":"info",message:{"data":"/User/getuserlogin"}}
{"timestamp":"2021-05-22 15:43:12","level":"info",message:{"data":"/User/getlistemoj"}}
{"timestamp":"2021-05-22 15:43:12","level":"info",message:{"data":"/Getdeafult/get_lst_bieucamimg"}}
{"timestamp":"2021-05-22 15:43:12","level":"info",message:{"data":"/User/GetApproved/0"}}
{"timestamp":"2021-05-22 15:43:12","level":"info",message:{"data":"/Getdeafult/Getemoj"}}
{"timestamp":"2021-05-22 15:43:12","level":"info",message:{"data":"/User/refreshtoken"}}
{"timestamp":"2021-05-22 15:43:12","level":"info",message:{"data":"/User/getHistoryEmoj"}}
{"timestamp":"2021-05-22 15:43:12","level":"info",message:{"data":"/User/GetListUserBlockMe"}}
{"timestamp":"2021-05-22 15:43:12","level":"info",message:{"data":"/User/GetListBlockUser"}}
{"timestamp":"2021-05-22 15:43:12","level":"info",message:{"data":"/User/getusersetting"}}
{"timestamp":"2021-05-22 15:43:12","level":"info",message:{"data":"/User/getaproved_send"}}
{"timestamp":"2021-05-22 15:43:13","level":"info",message:{"data":"/User/GetNotification/0"}}
{"timestamp":"2021-05-22 15:43:13","level":"info",message:{"data":"/User/GetApproved/0"}}
{"timestamp":"2021-05-22 15:43:45","level":"info",message:{"data":"Server Start"}}
{"timestamp":"2021-05-22 15:43:54","level":"info",message:{"data":"/User/getuserlogin"}}
{"timestamp":"2021-05-22 15:43:54","level":"info",message:{"data":"/User/refreshtoken"}}
{"timestamp":"2021-05-22 15:43:55","level":"info",message:{"data":"/User/GetNotification/0"}}
{"timestamp":"2021-05-22 15:43:55","level":"info",message:{"data":"/User/getuserlogin"}}
{"timestamp":"2021-05-22 15:43:55","level":"info",message:{"data":"/User/GetApproved/0"}}
{"timestamp":"2021-05-22 15:43:57","level":"info",message:{"data":"/Getdeafult/get_lst_bieucamimg"}}
{"timestamp":"2021-05-22 15:43:57","level":"info",message:{"data":"/Getdeafult/listReport"}}
{"timestamp":"2021-05-22 15:43:57","level":"info",message:{"data":"/Getdeafult/Getemoj"}}
{"timestamp":"2021-05-22 15:43:57","level":"info",message:{"data":"/User/getHistoryEmoj"}}
{"timestamp":"2021-05-22 15:43:57","level":"info",message:{"data":"/User/getlistemoj"}}
{"timestamp":"2021-05-22 15:43:58","level":"info",message:{"data":"/User/GetApproved/0"}}
{"timestamp":"2021-05-22 15:43:58","level":"info",message:{"data":"/User/GetListBlockUser"}}
{"timestamp":"2021-05-22 15:43:58","level":"info",message:{"data":"/User/GetNotification/0"}}
{"timestamp":"2021-05-22 15:43:58","level":"info",message:{"data":"/User/GetListUserBlockMe"}}
{"timestamp":"2021-05-22 15:43:58","level":"info",message:{"data":"/User/getaproved_send"}}
{"timestamp":"2021-05-22 15:43:58","level":"info",message:{"data":"/User/getusersetting"}}
{"timestamp":"2021-05-22 15:45:58","level":"info",message:{"data":"/User/getuserlogin"}}
{"timestamp":"2021-05-22 15:45:58","level":"info",message:{"data":"/User/GetNotification/0"}}
{"timestamp":"2021-05-22 15:45:58","level":"info",message:{"data":"/User/refreshtoken"}}
{"timestamp":"2021-05-22 15:45:58","level":"info",message:{"data":"/User/GetApproved/0"}}
{"timestamp":"2021-05-22 15:45:59","level":"info",message:{"data":"/User/getuserlogin"}}
{"timestamp":"2021-05-22 15:45:59","level":"info",message:{"data":"/Getdeafult/get_lst_bieucamimg"}}
{"timestamp":"2021-05-22 15:45:59","level":"info",message:{"data":"/Getdeafult/listReport"}}
{"timestamp":"2021-05-22 15:46:00","level":"info",message:{"data":"/Getdeafult/Getemoj"}}
{"timestamp":"2021-05-22 15:46:00","level":"info",message:{"data":"/User/getHistoryEmoj"}}
{"timestamp":"2021-05-22 15:46:00","level":"info",message:{"data":"/User/getlistemoj"}}
{"timestamp":"2021-05-22 15:46:00","level":"info",message:{"data":"/User/GetApproved/0"}}
{"timestamp":"2021-05-22 15:46:00","level":"info",message:{"data":"/User/GetNotification/0"}}
{"timestamp":"2021-05-22 15:46:00","level":"info",message:{"data":"/User/GetListBlockUser"}}
{"timestamp":"2021-05-22 15:46:00","level":"info",message:{"data":"/User/GetListUserBlockMe"}}
{"timestamp":"2021-05-22 15:46:00","level":"info",message:{"data":"/User/getusersetting"}}
{"timestamp":"2021-05-22 15:46:00","level":"info",message:{"data":"/User/getaproved_send"}}
{"timestamp":"2021-05-22 15:48:25","level":"info",message:{"data":"/User/getuserlogin"}}
{"timestamp":"2021-05-22 15:48:25","level":"info",message:{"data":"/User/refreshtoken"}}
{"timestamp":"2021-05-22 15:48:25","level":"info",message:{"data":"/Getdeafult/listReport"}}
{"timestamp":"2021-05-22 15:48:25","level":"info",message:{"data":"/User/getuserlogin"}}
{"timestamp":"2021-05-22 15:48:25","level":"info",message:{"data":"/Getdeafult/get_lst_bieucamimg"}}
{"timestamp":"2021-05-22 15:48:25","level":"info",message:{"data":"/User/GetNotification/0"}}
{"timestamp":"2021-05-22 15:48:25","level":"info",message:{"data":"/User/getlistemoj"}}
{"timestamp":"2021-05-22 15:48:25","level":"info",message:{"data":"/User/GetApproved/0"}}
{"timestamp":"2021-05-22 15:48:25","level":"info",message:{"data":"/Getdeafult/Getemoj"}}
{"timestamp":"2021-05-22 15:48:26","level":"info",message:{"data":"/User/getHistoryEmoj"}}
{"timestamp":"2021-05-22 15:48:26","level":"info",message:{"data":"/User/GetListBlockUser"}}
{"timestamp":"2021-05-22 15:48:26","level":"info",message:{"data":"/User/GetListUserBlockMe"}}
{"timestamp":"2021-05-22 15:48:26","level":"info",message:{"data":"/User/getaproved_send"}}
{"timestamp":"2021-05-22 15:48:26","level":"info",message:{"data":"/User/getusersetting"}}
{"timestamp":"2021-05-22 15:48:26","level":"info",message:{"data":"/User/GetNotification/0"}}
{"timestamp":"2021-05-22 15:48:26","level":"info",message:{"data":"/User/GetApproved/0"}}
{"timestamp":"2021-05-22 15:48:55","level":"info",message:{"data":"/User/getuserlogin"}}
{"timestamp":"2021-05-22 15:48:55","level":"info",message:{"data":"/User/refreshtoken"}}
{"timestamp":"2021-05-22 15:48:55","level":"info",message:{"data":"/User/getuserlogin"}}
{"timestamp":"2021-05-22 15:48:55","level":"info",message:{"data":"/User/GetApproved/0"}}
{"timestamp":"2021-05-22 15:48:55","level":"info",message:{"data":"/User/GetNotification/0"}}
{"timestamp":"2021-05-22 15:48:56","level":"info",message:{"data":"/Getdeafult/listReport"}}
{"timestamp":"2021-05-22 15:48:56","level":"info",message:{"data":"/Getdeafult/get_lst_bieucamimg"}}
{"timestamp":"2021-05-22 15:48:57","level":"info",message:{"data":"/User/getlistemoj"}}
{"timestamp":"2021-05-22 15:48:57","level":"info",message:{"data":"/Getdeafult/Getemoj"}}
{"timestamp":"2021-05-22 15:48:57","level":"info",message:{"data":"/User/getHistoryEmoj"}}
{"timestamp":"2021-05-22 15:48:57","level":"info",message:{"data":"/User/GetNotification/0"}}
{"timestamp":"2021-05-22 15:48:57","level":"info",message:{"data":"/User/GetListBlockUser"}}
{"timestamp":"2021-05-22 15:48:57","level":"info",message:{"data":"/User/GetApproved/0"}}
{"timestamp":"2021-05-22 15:48:57","level":"info",message:{"data":"/User/GetListUserBlockMe"}}
{"timestamp":"2021-05-22 15:48:57","level":"info",message:{"data":"/User/getaproved_send"}}
{"timestamp":"2021-05-22 15:48:57","level":"info",message:{"data":"/User/getusersetting"}}
{"timestamp":"2021-05-22 15:51:13","level":"info",message:{"data":"Server Start"}}
{"timestamp":"2021-05-22 15:51:57","level":"info",message:{"data":"Server Start"}}
{"timestamp":"2021-05-22 15:52:08","level":"info",message:{"data":"Server Start"}}
{"timestamp":"2021-05-22 15:52:12","level":"info",message:{"data":"Server Start"}}
{"timestamp":"2021-05-22 15:52:53","level":"info",message:{"data":"/User/getuserlogin"}}
{"timestamp":"2021-05-22 15:52:54","level":"info",message:{"data":"/User/refreshtoken"}}
{"timestamp":"2021-05-22 15:52:54","level":"info",message:{"data":"/User/GetNotification/0"}}
{"timestamp":"2021-05-22 15:52:54","level":"info",message:{"data":"/User/getuserlogin"}}
{"timestamp":"2021-05-22 15:52:54","level":"info",message:{"data":"/User/GetApproved/0"}}
{"timestamp":"2021-05-22 15:52:55","level":"info",message:{"data":"/Getdeafult/get_lst_bieucamimg"}}
{"timestamp":"2021-05-22 15:52:55","level":"info",message:{"data":"/Getdeafult/listReport"}}
{"timestamp":"2021-05-22 15:52:55","level":"info",message:{"data":"/User/getlistemoj"}}
{"timestamp":"2021-05-22 15:52:55","level":"info",message:{"data":"/User/getHistoryEmoj"}}
{"timestamp":"2021-05-22 15:52:55","level":"info",message:{"data":"/Getdeafult/Getemoj"}}
{"timestamp":"2021-05-22 15:52:55","level":"info",message:{"data":"/User/GetApproved/0"}}
{"timestamp":"2021-05-22 15:52:55","level":"info",message:{"data":"/User/GetListBlockUser"}}
{"timestamp":"2021-05-22 15:52:55","level":"info",message:{"data":"/User/GetNotification/0"}}
{"timestamp":"2021-05-22 15:52:55","level":"info",message:{"data":"/User/getusersetting"}}
{"timestamp":"2021-05-22 15:52:55","level":"info",message:{"data":"/User/GetListUserBlockMe"}}
{"timestamp":"2021-05-22 15:52:56","level":"info",message:{"data":"/User/getaproved_send"}}
{"timestamp":"2021-05-22 15:54:14","level":"info",message:{"data":"Server Start"}}
{"timestamp":"2021-05-22 15:54:30","level":"info",message:{"data":"/User/getuserlogin"}}
{"timestamp":"2021-05-22 15:54:31","level":"info",message:{"data":"/User/GetNotification/0"}}
{"timestamp":"2021-05-22 15:54:31","level":"info",message:{"data":"/User/getuserlogin"}}
{"timestamp":"2021-05-22 15:54:31","level":"info",message:{"data":"/User/GetApproved/0"}}
{"timestamp":"2021-05-22 15:54:31","level":"info",message:{"data":"/User/refreshtoken"}}
{"timestamp":"2021-05-22 15:54:50","level":"info",message:{"data":"/Getdeafult/get_lst_bieucamimg"}}
{"timestamp":"2021-05-22 15:54:50","level":"info",message:{"data":"/Getdeafult/Getemoj"}}
{"timestamp":"2021-05-22 15:54:50","level":"info",message:{"data":"/Getdeafult/listReport"}}
{"timestamp":"2021-05-22 15:54:50","level":"info",message:{"data":"/User/getlistemoj"}}
{"timestamp":"2021-05-22 15:54:50","level":"info",message:{"data":"/User/getHistoryEmoj"}}
{"timestamp":"2021-05-22 15:54:50","level":"info",message:{"data":"/User/GetListUserBlockMe"}}
{"timestamp":"2021-05-22 15:54:50","level":"info",message:{"data":"/User/GetListBlockUser"}}
{"timestamp":"2021-05-22 15:54:50","level":"info",message:{"data":"/User/getusersetting"}}
{"timestamp":"2021-05-22 15:54:51","level":"info",message:{"data":"/User/GetNotification/0"}}
{"timestamp":"2021-05-22 15:54:51","level":"info",message:{"data":"/User/getaproved_send"}}
{"timestamp":"2021-05-22 15:54:51","level":"info",message:{"data":"/User/GetApproved/0"}}
{"timestamp":"2021-05-22 15:54:54","level":"info",message:{"data":"/User/getuserlogin"}}
{"timestamp":"2021-05-22 15:54:54","level":"info",message:{"data":"/User/GetApproved/0"}}
{"timestamp":"2021-05-22 15:54:54","level":"info",message:{"data":"/User/GetNotification/0"}}
{"timestamp":"2021-05-22 15:54:54","level":"info",message:{"data":"/User/getuserlogin"}}
{"timestamp":"2021-05-22 15:54:54","level":"info",message:{"data":"/User/getlistemoj"}}
{"timestamp":"2021-05-22 15:54:54","level":"info",message:{"data":"/User/getHistoryEmoj"}}
{"timestamp":"2021-05-22 15:54:54","level":"info",message:{"data":"/User/refreshtoken"}}
{"timestamp":"2021-05-22 15:54:54","level":"info",message:{"data":"/User/GetListBlockUser"}}
{"timestamp":"2021-05-22 15:54:54","level":"info",message:{"data":"/User/GetListUserBlockMe"}}
{"timestamp":"2021-05-22 15:54:55","level":"info",message:{"data":"/Getdeafult/listReport"}}
{"timestamp":"2021-05-22 15:54:55","level":"info",message:{"data":"/Getdeafult/get_lst_bieucamimg"}}
{"timestamp":"2021-05-22 15:54:55","level":"info",message:{"data":"/User/getusersetting"}}
{"timestamp":"2021-05-22 15:54:55","level":"info",message:{"data":"/Getdeafult/Getemoj"}}
{"timestamp":"2021-05-22 15:54:55","level":"info",message:{"data":"/User/getaproved_send"}}
{"timestamp":"2021-05-22 15:54:55","level":"info",message:{"data":"/User/GetApproved/0"}}
{"timestamp":"2021-05-22 15:54:55","level":"info",message:{"data":"/User/GetNotification/0"}}
{"timestamp":"2021-05-22 15:56:16","level":"info",message:{"data":"/User/getuserlogin"}}
{"timestamp":"2021-05-22 15:56:16","level":"info",message:{"data":"/User/getuserlogin"}}
{"timestamp":"2021-05-22 15:56:16","level":"info",message:{"data":"/User/GetNotification/0"}}
{"timestamp":"2021-05-22 15:56:17","level":"info",message:{"data":"/User/GetApproved/0"}}
{"timestamp":"2021-05-22 15:56:17","level":"info",message:{"data":"/User/refreshtoken"}}
{"timestamp":"2021-05-22 15:56:18","level":"info",message:{"data":"/Getdeafult/listReport"}}
{"timestamp":"2021-05-22 15:56:18","level":"info",message:{"data":"/Getdeafult/get_lst_bieucamimg"}}
{"timestamp":"2021-05-22 15:56:18","level":"info",message:{"data":"/User/getlistemoj"}}
{"timestamp":"2021-05-22 15:56:18","level":"info",message:{"data":"/User/getHistoryEmoj"}}
{"timestamp":"2021-05-22 15:56:18","level":"info",message:{"data":"/Getdeafult/Getemoj"}}
{"timestamp":"2021-05-22 15:56:18","level":"info",message:{"data":"/User/GetApproved/0"}}
{"timestamp":"2021-05-22 15:56:18","level":"info",message:{"data":"/User/GetListBlockUser"}}
{"timestamp":"2021-05-22 15:56:18","level":"info",message:{"data":"/User/GetNotification/0"}}
{"timestamp":"2021-05-22 15:56:18","level":"info",message:{"data":"/User/GetListUserBlockMe"}}
{"timestamp":"2021-05-22 15:56:18","level":"info",message:{"data":"/User/getusersetting"}}
{"timestamp":"2021-05-22 15:56:18","level":"info",message:{"data":"/User/getaproved_send"}}
{"timestamp":"2021-05-22 16:00:07","level":"info",message:{"data":"/User/getuserlogin"}}
{"timestamp":"2021-05-22 16:00:07","level":"info",message:{"data":"/User/getuserlogin"}}
{"timestamp":"2021-05-22 16:00:07","level":"info",message:{"data":"/User/GetNotification/0"}}
{"timestamp":"2021-05-22 16:00:08","level":"info",message:{"data":"/Getdeafult/listReport"}}
{"timestamp":"2021-05-22 16:00:08","level":"info",message:{"data":"/User/refreshtoken"}}
{"timestamp":"2021-05-22 16:00:08","level":"info",message:{"data":"/User/GetApproved/0"}}
{"timestamp":"2021-05-22 16:00:08","level":"info",message:{"data":"/Getdeafult/get_lst_bieucamimg"}}
{"timestamp":"2021-05-22 16:00:08","level":"info",message:{"data":"/User/getlistemoj"}}
{"timestamp":"2021-05-22 16:00:08","level":"info",message:{"data":"/Getdeafult/Getemoj"}}
{"timestamp":"2021-05-22 16:00:08","level":"info",message:{"data":"/User/getHistoryEmoj"}}
{"timestamp":"2021-05-22 16:00:08","level":"info",message:{"data":"/User/GetListBlockUser"}}
{"timestamp":"2021-05-22 16:00:08","level":"info",message:{"data":"/User/GetListUserBlockMe"}}
{"timestamp":"2021-05-22 16:00:08","level":"info",message:{"data":"/User/getusersetting"}}
{"timestamp":"2021-05-22 16:00:08","level":"info",message:{"data":"/User/getaproved_send"}}
{"timestamp":"2021-05-22 16:00:08","level":"info",message:{"data":"/User/GetNotification/0"}}
{"timestamp":"2021-05-22 16:00:09","level":"info",message:{"data":"/User/GetApproved/0"}}
{"timestamp":"2021-05-22 16:00:21","level":"error",message:{"data":"Company is not defined","request":{"url":"/Series/DeleteSeries/60a8a210cd46c81e4449659a","header":{"host":"localhost:3001","connection":"keep-alive","content-length":"2","sec-ch-ua":"\" Not A;Brand\";v=\"99\", \"Chromium\";v=\"90\", \"Google Chrome\";v=\"90\"","accept":"application/json, text/plain, */*","authorization":"Bearer eyJhbGciOiJIUzI1NiIsInR5cCI6IkpXVCJ9.eyJkYXRhIjp7ImlkIjoiNjA5OGQ1NDEyZTFkOWQyNjY0OGI3N2U2IiwidXNlcm5hbWUiOiJ0cm9uZ2RheTEiLCJsZXZlbCI6NywidHlwZSI6MCwiY3JlYXR0aW1lIjoiMjAyMS0wNS0yMlQwOTowMDowNy44OTRaIn0sImlhdCI6MTYyMTY3NDAwNywiZXhwIjoxNjIxNjkyMDA3fQ.jL_0uIXtL4Eus6Xcmrgu-kZ4eyAL3macsTR2DR50tys","sec-ch-ua-mobile":"?0","user-agent":"Mozilla/5.0 (Windows NT 10.0; Win64; x64) AppleWebKit/537.36 (KHTML, like Gecko) Chrome/90.0.4430.212 Safari/537.36","content-type":"application/json","origin":"http://localhost:3000","sec-fetch-site":"same-site","sec-fetch-mode":"cors","sec-fetch-dest":"empty","referer":"http://localhost:3000/","accept-encoding":"gzip, deflate, br","accept-language":"vi-VN,vi;q=0.9,fr-FR;q=0.8,fr;q=0.7,en-US;q=0.6,en;q=0.5"},"body":{},"params":{"id":"60a8a210cd46c81e4449659a"}}},"stack" : Error: {"data":"Company is not defined","request":{"url":"/Series/DeleteSeries/60a8a210cd46c81e4449659a","header":{"host":"localhost:3001","connection":"keep-alive","content-length":"2","sec-ch-ua":"\" Not A;Brand\";v=\"99\", \"Chromium\";v=\"90\", \"Google Chrome\";v=\"90\"","accept":"application/json, text/plain, */*","authorization":"Bearer eyJhbGciOiJIUzI1NiIsInR5cCI6IkpXVCJ9.eyJkYXRhIjp7ImlkIjoiNjA5OGQ1NDEyZTFkOWQyNjY0OGI3N2U2IiwidXNlcm5hbWUiOiJ0cm9uZ2RheTEiLCJsZXZlbCI6NywidHlwZSI6MCwiY3JlYXR0aW1lIjoiMjAyMS0wNS0yMlQwOTowMDowNy44OTRaIn0sImlhdCI6MTYyMTY3NDAwNywiZXhwIjoxNjIxNjkyMDA3fQ.jL_0uIXtL4Eus6Xcmrgu-kZ4eyAL3macsTR2DR50tys","sec-ch-ua-mobile":"?0","user-agent":"Mozilla/5.0 (Windows NT 10.0; Win64; x64) AppleWebKit/537.36 (KHTML, like Gecko) Chrome/90.0.4430.212 Safari/537.36","content-type":"application/json","origin":"http://localhost:3000","sec-fetch-site":"same-site","sec-fetch-mode":"cors","sec-fetch-dest":"empty","referer":"http://localhost:3000/","accept-encoding":"gzip, deflate, br","accept-language":"vi-VN,vi;q=0.9,fr-FR;q=0.8,fr;q=0.7,en-US;q=0.6,en;q=0.5"},"body":{},"params":{"id":"60a8a210cd46c81e4449659a"}}}
    at Object.exports.LogError (G:\REACT\serve-xemphim\api\FuncLib\FuncLog.js:23:19)
    at exports.DeleteSeries (G:\REACT\serve-xemphim\api\controller\series.js:113:13)
    at Layer.handle [as handle_request] (G:\REACT\serve-xemphim\node_modules\express\lib\router\layer.js:95:5)
    at next (G:\REACT\serve-xemphim\node_modules\express\lib\router\route.js:137:13)
    at exports.is_admin (G:\REACT\serve-xemphim\api\middleware\token.js:103:5)
    at runMicrotasks (<anonymous>)
    at processTicksAndRejections (internal/process/task_queues.js:97:5)}
{"timestamp":"2021-05-22 16:00:44","level":"info",message:{"data":"Server Start"}}
{"timestamp":"2021-05-22 16:00:51","level":"info",message:{"data":"/User/getuserlogin"}}
{"timestamp":"2021-05-22 16:00:51","level":"info",message:{"data":"/User/GetNotification/0"}}
{"timestamp":"2021-05-22 16:00:51","level":"info",message:{"data":"/User/GetApproved/0"}}
{"timestamp":"2021-05-22 16:00:51","level":"info",message:{"data":"/User/getuserlogin"}}
{"timestamp":"2021-05-22 16:00:51","level":"info",message:{"data":"/User/refreshtoken"}}
{"timestamp":"2021-05-22 16:00:58","level":"info",message:{"data":"Server Start"}}
{"timestamp":"2021-05-22 16:01:07","level":"info",message:{"data":"Server Start"}}
{"timestamp":"2021-05-22 16:01:11","level":"info",message:{"data":"/Getdeafult/listReport"}}
{"timestamp":"2021-05-22 16:01:11","level":"info",message:{"data":"/Getdeafult/get_lst_bieucamimg"}}
{"timestamp":"2021-05-22 16:01:11","level":"info",message:{"data":"/Getdeafult/Getemoj"}}
{"timestamp":"2021-05-22 16:01:12","level":"info",message:{"data":"/User/getusersetting"}}
{"timestamp":"2021-05-22 16:01:12","level":"info",message:{"data":"/User/getlistemoj"}}
{"timestamp":"2021-05-22 16:01:12","level":"info",message:{"data":"/User/getHistoryEmoj"}}
{"timestamp":"2021-05-22 16:01:12","level":"info",message:{"data":"/User/GetListUserBlockMe"}}
{"timestamp":"2021-05-22 16:01:12","level":"info",message:{"data":"/User/GetListBlockUser"}}
{"timestamp":"2021-05-22 16:01:12","level":"info",message:{"data":"/User/GetNotification/0"}}
{"timestamp":"2021-05-22 16:01:13","level":"info",message:{"data":"/User/getaproved_send"}}
{"timestamp":"2021-05-22 16:01:13","level":"info",message:{"data":"/User/GetApproved/0"}}
{"timestamp":"2021-05-22 16:01:33","level":"info",message:{"data":"/User/getuserlogin"}}
{"timestamp":"2021-05-22 16:01:33","level":"info",message:{"data":"/User/GetApproved/0"}}
{"timestamp":"2021-05-22 16:01:33","level":"info",message:{"data":"/User/getuserlogin"}}
{"timestamp":"2021-05-22 16:01:34","level":"info",message:{"data":"/User/getlistemoj"}}
{"timestamp":"2021-05-22 16:01:34","level":"info",message:{"data":"/User/getHistoryEmoj"}}
{"timestamp":"2021-05-22 16:01:34","level":"info",message:{"data":"/User/GetNotification/0"}}
{"timestamp":"2021-05-22 16:01:34","level":"info",message:{"data":"/Getdeafult/listReport"}}
{"timestamp":"2021-05-22 16:01:34","level":"info",message:{"data":"/User/refreshtoken"}}
{"timestamp":"2021-05-22 16:01:34","level":"info",message:{"data":"/Getdeafult/get_lst_bieucamimg"}}
{"timestamp":"2021-05-22 16:01:34","level":"info",message:{"data":"/Getdeafult/Getemoj"}}
{"timestamp":"2021-05-22 16:01:34","level":"info",message:{"data":"/User/GetListBlockUser"}}
{"timestamp":"2021-05-22 16:01:34","level":"info",message:{"data":"/User/GetListUserBlockMe"}}
{"timestamp":"2021-05-22 16:01:34","level":"info",message:{"data":"/User/getusersetting"}}
{"timestamp":"2021-05-22 16:01:34","level":"info",message:{"data":"/User/getaproved_send"}}
{"timestamp":"2021-05-22 16:01:34","level":"info",message:{"data":"/User/GetApproved/0"}}
{"timestamp":"2021-05-22 16:01:35","level":"info",message:{"data":"/User/GetNotification/0"}}
{"timestamp":"2021-05-22 16:01:56","level":"info",message:{"data":"/User/getuserlogin"}}
{"timestamp":"2021-05-22 16:01:56","level":"info",message:{"data":"/User/getuserlogin"}}
{"timestamp":"2021-05-22 16:01:56","level":"info",message:{"data":"/User/GetNotification/0"}}
{"timestamp":"2021-05-22 16:01:56","level":"info",message:{"data":"/User/getlistemoj"}}
{"timestamp":"2021-05-22 16:01:56","level":"info",message:{"data":"/User/getHistoryEmoj"}}
{"timestamp":"2021-05-22 16:01:56","level":"info",message:{"data":"/User/refreshtoken"}}
{"timestamp":"2021-05-22 16:01:56","level":"info",message:{"data":"/Getdeafult/listReport"}}
{"timestamp":"2021-05-22 16:01:56","level":"info",message:{"data":"/User/GetApproved/0"}}
{"timestamp":"2021-05-22 16:01:56","level":"info",message:{"data":"/Getdeafult/get_lst_bieucamimg"}}
{"timestamp":"2021-05-22 16:01:57","level":"info",message:{"data":"/Getdeafult/Getemoj"}}
{"timestamp":"2021-05-22 16:01:57","level":"info",message:{"data":"/User/GetListBlockUser"}}
{"timestamp":"2021-05-22 16:01:57","level":"info",message:{"data":"/User/getusersetting"}}
{"timestamp":"2021-05-22 16:01:57","level":"info",message:{"data":"/User/getaproved_send"}}
{"timestamp":"2021-05-22 16:01:57","level":"info",message:{"data":"/User/GetListUserBlockMe"}}
{"timestamp":"2021-05-22 16:01:57","level":"info",message:{"data":"/User/GetNotification/0"}}
{"timestamp":"2021-05-22 16:01:57","level":"info",message:{"data":"/User/GetApproved/0"}}
