{"timestamp":"2021-05-11 00:00:17","level":"info",message:{"data":"/Menu"}}
{"timestamp":"2021-05-11 00:00:17","level":"info",message:{"data":"/User/getuserlogin"}}
{"timestamp":"2021-05-11 00:00:17","level":"info",message:{"data":"/User/refreshtoken"}}
{"timestamp":"2021-05-11 00:00:17","level":"info",message:{"data":"/User/GetApproved/0"}}
{"timestamp":"2021-05-11 00:00:18","level":"info",message:{"data":"/User/GetNotification/0"}}
{"timestamp":"2021-05-11 00:00:18","level":"info",message:{"data":"/Menu"}}
{"timestamp":"2021-05-11 00:00:18","level":"info",message:{"data":"/User/getuserlogin"}}
{"timestamp":"2021-05-11 00:00:18","level":"info",message:{"data":"/Menu"}}
{"timestamp":"2021-05-11 00:00:21","level":"info",message:{"data":"/Getdeafult/listReport"}}
{"timestamp":"2021-05-11 00:00:21","level":"info",message:{"data":"/Getdeafult/get_lst_bieucamimg"}}
{"timestamp":"2021-05-11 00:00:21","level":"info",message:{"data":"/User/getHistoryEmoj"}}
{"timestamp":"2021-05-11 00:00:21","level":"info",message:{"data":"/Getdeafult/Getemoj"}}
{"timestamp":"2021-05-11 00:00:21","level":"info",message:{"data":"/User/getlistemoj"}}
{"timestamp":"2021-05-11 00:00:21","level":"info",message:{"data":"/User/GetNotification/0"}}
{"timestamp":"2021-05-11 00:00:21","level":"info",message:{"data":"/User/GetApproved/0"}}
{"timestamp":"2021-05-11 00:00:21","level":"info",message:{"data":"/User/GetListBlockUser"}}
{"timestamp":"2021-05-11 00:00:23","level":"info",message:{"data":"/User/getuserlogin"}}
{"timestamp":"2021-05-11 00:00:23","level":"info",message:{"data":"/Menu"}}
{"timestamp":"2021-05-11 00:00:23","level":"info",message:{"data":"/User/GetApproved/0"}}
{"timestamp":"2021-05-11 00:00:23","level":"info",message:{"data":"/User/GetNotification/0"}}
{"timestamp":"2021-05-11 00:00:23","level":"info",message:{"data":"/User/refreshtoken"}}
{"timestamp":"2021-05-11 00:00:23","level":"info",message:{"data":"/User/getuserlogin"}}
{"timestamp":"2021-05-11 00:00:23","level":"info",message:{"data":"/Menu"}}
{"timestamp":"2021-05-11 00:00:24","level":"info",message:{"data":"/Menu"}}
{"timestamp":"2021-05-11 00:00:24","level":"info",message:{"data":"/Getdeafult/listReport"}}
{"timestamp":"2021-05-11 00:00:24","level":"info",message:{"data":"/User/getHistoryEmoj"}}
{"timestamp":"2021-05-11 00:00:24","level":"info",message:{"data":"/User/GetListBlockUser"}}
{"timestamp":"2021-05-11 00:00:24","level":"info",message:{"data":"/User/getusersetting"}}
{"timestamp":"2021-05-11 00:00:24","level":"info",message:{"data":"/User/GetListUserBlockMe"}}
{"timestamp":"2021-05-11 00:00:24","level":"info",message:{"data":"/User/getlistemoj"}}
{"timestamp":"2021-05-11 00:00:24","level":"info",message:{"data":"/Getdeafult/get_lst_bieucamimg"}}
{"timestamp":"2021-05-11 00:00:25","level":"info",message:{"data":"/Getdeafult/Getemoj"}}
{"timestamp":"2021-05-11 00:00:25","level":"info",message:{"data":"/User/getaproved_send"}}
{"timestamp":"2021-05-11 00:00:25","level":"info",message:{"data":"/User/GetNotification/0"}}
{"timestamp":"2021-05-11 00:00:25","level":"info",message:{"data":"/User/GetApproved/0"}}
{"timestamp":"2021-05-11 00:02:03","level":"info",message:{"data":"/User/getuserlogin"}}
{"timestamp":"2021-05-11 00:02:03","level":"info",message:{"data":"/Menu"}}
{"timestamp":"2021-05-11 00:02:03","level":"info",message:{"data":"/User/GetNotification/0"}}
{"timestamp":"2021-05-11 00:02:03","level":"info",message:{"data":"/User/refreshtoken"}}
{"timestamp":"2021-05-11 00:02:03","level":"info",message:{"data":"/User/GetApproved/0"}}
{"timestamp":"2021-05-11 00:02:03","level":"info",message:{"data":"/User/getuserlogin"}}
{"timestamp":"2021-05-11 00:02:03","level":"info",message:{"data":"/Menu"}}
{"timestamp":"2021-05-11 00:02:04","level":"info",message:{"data":"/Menu"}}
{"timestamp":"2021-05-11 00:02:04","level":"info",message:{"data":"/Getdeafult/listReport"}}
{"timestamp":"2021-05-11 00:02:04","level":"info",message:{"data":"/Getdeafult/get_lst_bieucamimg"}}
{"timestamp":"2021-05-11 00:02:04","level":"info",message:{"data":"/User/getHistoryEmoj"}}
{"timestamp":"2021-05-11 00:02:04","level":"info",message:{"data":"/Getdeafult/Getemoj"}}
{"timestamp":"2021-05-11 00:02:04","level":"info",message:{"data":"/User/getlistemoj"}}
{"timestamp":"2021-05-11 00:02:05","level":"info",message:{"data":"/User/GetApproved/0"}}
{"timestamp":"2021-05-11 00:02:05","level":"info",message:{"data":"/User/GetNotification/0"}}
{"timestamp":"2021-05-11 00:02:05","level":"info",message:{"data":"/User/GetListBlockUser"}}
{"timestamp":"2021-05-11 00:02:05","level":"info",message:{"data":"/User/GetListUserBlockMe"}}
{"timestamp":"2021-05-11 00:02:05","level":"info",message:{"data":"/User/getusersetting"}}
{"timestamp":"2021-05-11 00:02:05","level":"info",message:{"data":"/User/getaproved_send"}}
{"timestamp":"2021-05-11 00:04:19","level":"info",message:{"data":"/Menu"}}
{"timestamp":"2021-05-11 00:04:19","level":"info",message:{"data":"/User/getuserlogin"}}
{"timestamp":"2021-05-11 00:04:19","level":"info",message:{"data":"/User/refreshtoken"}}
{"timestamp":"2021-05-11 00:04:19","level":"info",message:{"data":"/User/GetApproved/0"}}
{"timestamp":"2021-05-11 00:04:19","level":"info",message:{"data":"/User/GetNotification/0"}}
{"timestamp":"2021-05-11 00:04:19","level":"info",message:{"data":"/Menu"}}
{"timestamp":"2021-05-11 00:04:19","level":"info",message:{"data":"/User/getuserlogin"}}
{"timestamp":"2021-05-11 00:04:20","level":"info",message:{"data":"/Menu"}}
{"timestamp":"2021-05-11 00:04:24","level":"info",message:{"data":"/Getdeafult/listReport"}}
{"timestamp":"2021-05-11 00:04:24","level":"info",message:{"data":"/Getdeafult/get_lst_bieucamimg"}}
{"timestamp":"2021-05-11 00:04:24","level":"info",message:{"data":"/Getdeafult/Getemoj"}}
{"timestamp":"2021-05-11 00:04:24","level":"info",message:{"data":"/User/getlistemoj"}}
{"timestamp":"2021-05-11 00:04:24","level":"info",message:{"data":"/User/GetListBlockUser"}}
{"timestamp":"2021-05-11 00:04:24","level":"info",message:{"data":"/User/getHistoryEmoj"}}
{"timestamp":"2021-05-11 00:04:25","level":"info",message:{"data":"/User/GetListUserBlockMe"}}
{"timestamp":"2021-05-11 00:04:25","level":"info",message:{"data":"/User/getusersetting"}}
{"timestamp":"2021-05-11 00:04:25","level":"info",message:{"data":"/User/GetNotification/0"}}
{"timestamp":"2021-05-11 00:04:25","level":"info",message:{"data":"/User/getaproved_send"}}
{"timestamp":"2021-05-11 00:04:25","level":"info",message:{"data":"/User/GetApproved/0"}}
{"timestamp":"2021-05-11 00:11:02","level":"info",message:{"data":"/Menu"}}
{"timestamp":"2021-05-11 00:11:02","level":"info",message:{"data":"/User/getuserlogin"}}
{"timestamp":"2021-05-11 00:11:02","level":"info",message:{"data":"/User/GetNotification/0"}}
{"timestamp":"2021-05-11 00:11:02","level":"info",message:{"data":"/User/refreshtoken"}}
{"timestamp":"2021-05-11 00:11:02","level":"info",message:{"data":"/User/GetApproved/0"}}
{"timestamp":"2021-05-11 00:11:02","level":"info",message:{"data":"/Menu"}}
{"timestamp":"2021-05-11 00:11:02","level":"info",message:{"data":"/User/getuserlogin"}}
{"timestamp":"2021-05-11 00:11:03","level":"info",message:{"data":"/Menu"}}
{"timestamp":"2021-05-11 00:11:09","level":"info",message:{"data":"/Getdeafult/Getemoj"}}
{"timestamp":"2021-05-11 00:11:09","level":"info",message:{"data":"/Getdeafult/get_lst_bieucamimg"}}
{"timestamp":"2021-05-11 00:11:09","level":"info",message:{"data":"/Getdeafult/listReport"}}
{"timestamp":"2021-05-11 00:11:10","level":"info",message:{"data":"/User/getlistemoj"}}
{"timestamp":"2021-05-11 00:11:10","level":"info",message:{"data":"/User/getHistoryEmoj"}}
{"timestamp":"2021-05-11 00:11:10","level":"info",message:{"data":"/User/GetListBlockUser"}}
{"timestamp":"2021-05-11 00:11:10","level":"info",message:{"data":"/User/GetListUserBlockMe"}}
{"timestamp":"2021-05-11 00:11:10","level":"info",message:{"data":"/User/getusersetting"}}
{"timestamp":"2021-05-11 00:11:10","level":"info",message:{"data":"/User/GetNotification/0"}}
{"timestamp":"2021-05-11 00:11:10","level":"info",message:{"data":"/User/getaproved_send"}}
{"timestamp":"2021-05-11 00:11:10","level":"info",message:{"data":"/User/GetApproved/0"}}
