{"timestamp":"2021-05-30 00:01:34","level":"info",message:{"data":"Server Start"}}
{"timestamp":"2021-05-30 00:03:49","level":"info",message:{"data":"Server Start"}}
{"timestamp":"2021-05-30 00:09:22","level":"info",message:{"data":"Server Start"}}
{"timestamp":"2021-05-30 00:09:52","level":"info",message:{"data":"Server Start"}}
{"timestamp":"2021-05-30 11:56:28","level":"info",message:{"data":"Server Start"}}
{"timestamp":"2021-05-30 12:02:03","level":"info",message:{"data":"/User/refreshtoken"}}
{"timestamp":"2021-05-30 12:02:04","level":"info",message:{"data":"/User/creatusertemp"}}
{"timestamp":"2021-05-30 12:14:48","level":"info",message:{}}
{"timestamp":"2021-05-30 12:14:48","level":"info",message:{"data":"/Getdeafult/get_lst_bieucamimg"}}
{"timestamp":"2021-05-30 12:14:48","level":"info",message:{"data":"/Getdeafult/Getemoj"}}
{"timestamp":"2021-05-30 12:14:48","level":"info",message:{"data":"/Getdeafult/listReport"}}
{"timestamp":"2021-05-30 12:14:48","level":"info",message:{"data":"/User/GetListBlockUser"}}
{"timestamp":"2021-05-30 12:14:48","level":"info",message:{"data":"/User/getlistemoj"}}
{"timestamp":"2021-05-30 12:14:48","level":"info",message:{"data":"/User/getHistoryEmoj"}}
{"timestamp":"2021-05-30 12:14:49","level":"info",message:{"data":"/User/getusersetting"}}
{"timestamp":"2021-05-30 12:14:49","level":"info",message:{"data":"/User/GetListUserBlockMe"}}
{"timestamp":"2021-05-30 12:14:49","level":"info",message:{"data":"/User/getaproved_send"}}
{"timestamp":"2021-05-30 12:14:49","level":"info",message:{"data":"/User/GetNotification/0"}}
{"timestamp":"2021-05-30 12:14:49","level":"info",message:{"data":"/User/GetApproved/0"}}
{"timestamp":"2021-05-30 12:14:54","level":"info",message:{"data":"/User/getuserlogin"}}
{"timestamp":"2021-05-30 12:14:54","level":"info",message:{"data":"/User/GetApproved/0"}}
{"timestamp":"2021-05-30 12:14:54","level":"info",message:{"data":"/User/GetNotification/0"}}
{"timestamp":"2021-05-30 12:14:54","level":"info",message:{"data":"/User/refreshtoken"}}
{"timestamp":"2021-05-30 12:14:54","level":"info",message:{"data":"/Getdeafult/listReport"}}
{"timestamp":"2021-05-30 12:14:54","level":"info",message:{"data":"/Getdeafult/get_lst_bieucamimg"}}
{"timestamp":"2021-05-30 12:14:54","level":"info",message:{"data":"/User/getuserlogin"}}
{"timestamp":"2021-05-30 12:14:54","level":"info",message:{"data":"/Getdeafult/Getemoj"}}
{"timestamp":"2021-05-30 12:14:55","level":"info",message:{"data":"/User/getHistoryEmoj"}}
{"timestamp":"2021-05-30 12:14:55","level":"info",message:{"data":"/User/getlistemoj"}}
{"timestamp":"2021-05-30 12:14:55","level":"info",message:{"data":"/User/GetListUserBlockMe"}}
{"timestamp":"2021-05-30 12:14:55","level":"info",message:{"data":"/User/getusersetting"}}
{"timestamp":"2021-05-30 12:14:55","level":"info",message:{"data":"/User/GetListBlockUser"}}
{"timestamp":"2021-05-30 12:14:55","level":"info",message:{"data":"/User/getaproved_send"}}
{"timestamp":"2021-05-30 12:14:55","level":"info",message:{"data":"/User/GetApproved/0"}}
{"timestamp":"2021-05-30 12:14:55","level":"info",message:{"data":"/User/GetNotification/0"}}
{"timestamp":"2021-05-30 12:20:20","level":"info",message:{"data":"/User/getuserlogin"}}
{"timestamp":"2021-05-30 12:20:20","level":"info",message:{"data":"/User/GetApproved/0"}}
{"timestamp":"2021-05-30 12:20:20","level":"info",message:{"data":"/User/refreshtoken"}}
{"timestamp":"2021-05-30 12:20:20","level":"info",message:{"data":"/User/GetNotification/0"}}
{"timestamp":"2021-05-30 12:20:20","level":"info",message:{"data":"/User/getuserlogin"}}
{"timestamp":"2021-05-30 12:21:14","level":"info",message:{"data":"/Getdeafult/listReport"}}
{"timestamp":"2021-05-30 12:21:14","level":"info",message:{"data":"/Getdeafult/get_lst_bieucamimg"}}
{"timestamp":"2021-05-30 12:21:14","level":"info",message:{"data":"/Getdeafult/Getemoj"}}
{"timestamp":"2021-05-30 12:21:14","level":"info",message:{"data":"/User/GetListBlockUser"}}
{"timestamp":"2021-05-30 12:21:14","level":"info",message:{"data":"/User/getlistemoj"}}
{"timestamp":"2021-05-30 12:21:14","level":"info",message:{"data":"/User/getHistoryEmoj"}}
{"timestamp":"2021-05-30 12:21:14","level":"info",message:{"data":"/User/GetListUserBlockMe"}}
{"timestamp":"2021-05-30 12:21:14","level":"info",message:{"data":"/User/getaproved_send"}}
{"timestamp":"2021-05-30 12:21:14","level":"info",message:{"data":"/User/getusersetting"}}
{"timestamp":"2021-05-30 12:21:14","level":"info",message:{"data":"/User/GetNotification/0"}}
{"timestamp":"2021-05-30 12:21:15","level":"info",message:{"data":"/User/GetApproved/0"}}
{"timestamp":"2021-05-30 12:23:05","level":"info",message:{"data":"Server Start"}}
{"timestamp":"2021-05-30 12:23:09","level":"info",message:{"data":"/User/getuserlogin"}}
{"timestamp":"2021-05-30 12:23:09","level":"info",message:{"data":"/User/GetNotification/0"}}
{"timestamp":"2021-05-30 12:23:09","level":"info",message:{"data":"/User/refreshtoken"}}
{"timestamp":"2021-05-30 12:23:09","level":"info",message:{"data":"/User/GetApproved/0"}}
{"timestamp":"2021-05-30 12:23:09","level":"info",message:{"data":"/User/getuserlogin"}}
{"timestamp":"2021-05-30 12:23:11","level":"info",message:{"data":"/Getdeafult/get_lst_bieucamimg"}}
{"timestamp":"2021-05-30 12:23:11","level":"info",message:{"data":"/Getdeafult/listReport"}}
{"timestamp":"2021-05-30 12:23:11","level":"info",message:{"data":"/Getdeafult/Getemoj"}}
{"timestamp":"2021-05-30 12:23:11","level":"info",message:{"data":"/User/getlistemoj"}}
{"timestamp":"2021-05-30 12:23:11","level":"info",message:{"data":"/User/getHistoryEmoj"}}
{"timestamp":"2021-05-30 12:23:11","level":"info",message:{"data":"/User/GetNotification/0"}}
{"timestamp":"2021-05-30 12:23:11","level":"info",message:{"data":"/User/GetApproved/0"}}
{"timestamp":"2021-05-30 12:23:11","level":"info",message:{"data":"/User/GetListBlockUser"}}
{"timestamp":"2021-05-30 12:23:11","level":"info",message:{"data":"/User/GetListUserBlockMe"}}
{"timestamp":"2021-05-30 12:23:11","level":"info",message:{"data":"/User/getusersetting"}}
{"timestamp":"2021-05-30 12:23:11","level":"info",message:{"data":"/User/getaproved_send"}}
{"timestamp":"2021-05-30 12:23:23","level":"error",message:{"data":"Cannot read property '-1' of undefined","request":{"url":"/Movie/uploadvideo_Temp/mvxDf6ZybvdNDJR7AAAB","header":{"host":"localhost:3001","connection":"keep-alive","content-length":"43944181","sec-ch-ua":"\" Not A;Brand\";v=\"99\", \"Chromium\";v=\"90\", \"Google Chrome\";v=\"90\"","accept":"application/json, text/plain, */*","authorization":"Bearer eyJhbGciOiJIUzI1NiIsInR5cCI6IkpXVCJ9.eyJkYXRhIjp7ImlkIjoiNjA5OGQ1NDEyZTFkOWQyNjY0OGI3N2U2IiwidXNlcm5hbWUiOiJ0cm9uZ2RheTEiLCJsZXZlbCI6NywidHlwZSI6MCwiY3JlYXR0aW1lIjoiMjAyMS0wNS0zMFQwNToyMzowOS4zMDRaIn0sImlhdCI6MTYyMjM1MjE4OSwiZXhwIjoxNjIyMzcwMTg5fQ.KdA1pBImF0EPVLaHGv-bKTporZ2oxAWJQcTJWAg94cc","sec-ch-ua-mobile":"?0","user-agent":"Mozilla/5.0 (Windows NT 10.0; Win64; x64) AppleWebKit/537.36 (KHTML, like Gecko) Chrome/90.0.4430.212 Safari/537.36","content-type":"multipart/form-data; boundary=----WebKitFormBoundaryTQpcVYmkuHXwZUDO","origin":"http://localhost:3000","sec-fetch-site":"same-site","sec-fetch-mode":"cors","sec-fetch-dest":"empty","referer":"http://localhost:3000/","accept-encoding":"gzip, deflate, br","accept-language":"vi-VN,vi;q=0.9,fr-FR;q=0.8,fr;q=0.7,en-US;q=0.6,en;q=0.5"},"body":{},"params":{"socketId":"mvxDf6ZybvdNDJR7AAAB"}}},"stack" : Error: {"data":"Cannot read property '-1' of undefined","request":{"url":"/Movie/uploadvideo_Temp/mvxDf6ZybvdNDJR7AAAB","header":{"host":"localhost:3001","connection":"keep-alive","content-length":"43944181","sec-ch-ua":"\" Not A;Brand\";v=\"99\", \"Chromium\";v=\"90\", \"Google Chrome\";v=\"90\"","accept":"application/json, text/plain, */*","authorization":"Bearer eyJhbGciOiJIUzI1NiIsInR5cCI6IkpXVCJ9.eyJkYXRhIjp7ImlkIjoiNjA5OGQ1NDEyZTFkOWQyNjY0OGI3N2U2IiwidXNlcm5hbWUiOiJ0cm9uZ2RheTEiLCJsZXZlbCI6NywidHlwZSI6MCwiY3JlYXR0aW1lIjoiMjAyMS0wNS0zMFQwNToyMzowOS4zMDRaIn0sImlhdCI6MTYyMjM1MjE4OSwiZXhwIjoxNjIyMzcwMTg5fQ.KdA1pBImF0EPVLaHGv-bKTporZ2oxAWJQcTJWAg94cc","sec-ch-ua-mobile":"?0","user-agent":"Mozilla/5.0 (Windows NT 10.0; Win64; x64) AppleWebKit/537.36 (KHTML, like Gecko) Chrome/90.0.4430.212 Safari/537.36","content-type":"multipart/form-data; boundary=----WebKitFormBoundaryTQpcVYmkuHXwZUDO","origin":"http://localhost:3000","sec-fetch-site":"same-site","sec-fetch-mode":"cors","sec-fetch-dest":"empty","referer":"http://localhost:3000/","accept-encoding":"gzip, deflate, br","accept-language":"vi-VN,vi;q=0.9,fr-FR;q=0.8,fr;q=0.7,en-US;q=0.6,en;q=0.5"},"body":{},"params":{"socketId":"mvxDf6ZybvdNDJR7AAAB"}}}
    at Object.exports.LogError (G:\REACT\serve-xemphim\api\FuncLib\FuncLog.js:23:19)
    at exports.uploadVideoTemp (G:\REACT\serve-xemphim\api\controller\uploadfile.js:207:13)
    at runMicrotasks (<anonymous>)
    at processTicksAndRejections (internal/process/task_queues.js:97:5)}
{"timestamp":"2021-05-30 12:31:59","level":"info",message:{"data":"/User/getuserlogin"}}
{"timestamp":"2021-05-30 12:32:00","level":"info",message:{"data":"/User/GetNotification/0"}}
{"timestamp":"2021-05-30 12:32:00","level":"info",message:{"data":"/User/GetApproved/0"}}
{"timestamp":"2021-05-30 12:32:00","level":"info",message:{"data":"/User/refreshtoken"}}
{"timestamp":"2021-05-30 12:32:00","level":"info",message:{"data":"/User/getuserlogin"}}
{"timestamp":"2021-05-30 12:32:01","level":"info",message:{"data":"/Getdeafult/listReport"}}
{"timestamp":"2021-05-30 12:32:01","level":"info",message:{"data":"/Getdeafult/get_lst_bieucamimg"}}
{"timestamp":"2021-05-30 12:32:01","level":"info",message:{"data":"/User/getlistemoj"}}
{"timestamp":"2021-05-30 12:32:01","level":"info",message:{"data":"/User/getHistoryEmoj"}}
{"timestamp":"2021-05-30 12:32:01","level":"info",message:{"data":"/Getdeafult/Getemoj"}}
{"timestamp":"2021-05-30 12:32:01","level":"info",message:{"data":"/User/GetApproved/0"}}
{"timestamp":"2021-05-30 12:32:01","level":"info",message:{"data":"/User/GetListBlockUser"}}
{"timestamp":"2021-05-30 12:32:01","level":"info",message:{"data":"/User/GetNotification/0"}}
{"timestamp":"2021-05-30 12:32:01","level":"info",message:{"data":"/User/GetListUserBlockMe"}}
{"timestamp":"2021-05-30 12:32:01","level":"info",message:{"data":"/User/getusersetting"}}
{"timestamp":"2021-05-30 12:32:01","level":"info",message:{"data":"/User/getaproved_send"}}
{"timestamp":"2021-05-30 12:32:17","level":"error",message:{"data":"Cannot read property '-1' of undefined","request":{"url":"/Movie/uploadvideo_Temp/CykXite2r11ddlbiAAAD","header":{"host":"localhost:3001","connection":"keep-alive","content-length":"60167368","sec-ch-ua":"\" Not A;Brand\";v=\"99\", \"Chromium\";v=\"90\", \"Google Chrome\";v=\"90\"","accept":"application/json, text/plain, */*","authorization":"Bearer eyJhbGciOiJIUzI1NiIsInR5cCI6IkpXVCJ9.eyJkYXRhIjp7ImlkIjoiNjA5OGQ1NDEyZTFkOWQyNjY0OGI3N2U2IiwidXNlcm5hbWUiOiJ0cm9uZ2RheTEiLCJsZXZlbCI6NywidHlwZSI6MCwiY3JlYXR0aW1lIjoiMjAyMS0wNS0zMFQwNTozMTo1OS43NjdaIn0sImlhdCI6MTYyMjM1MjcxOSwiZXhwIjoxNjIyMzcwNzE5fQ.ReqwESpRfGyHyW5VrzTI03E95ZK1cSPZLAdxtUFezqA","sec-ch-ua-mobile":"?0","user-agent":"Mozilla/5.0 (Windows NT 10.0; Win64; x64) AppleWebKit/537.36 (KHTML, like Gecko) Chrome/90.0.4430.212 Safari/537.36","content-type":"multipart/form-data; boundary=----WebKitFormBoundaryfDPo2AGmFxpDgzRF","origin":"http://localhost:3000","sec-fetch-site":"same-site","sec-fetch-mode":"cors","sec-fetch-dest":"empty","referer":"http://localhost:3000/","accept-encoding":"gzip, deflate, br","accept-language":"vi-VN,vi;q=0.9,fr-FR;q=0.8,fr;q=0.7,en-US;q=0.6,en;q=0.5"},"body":{},"params":{"socketId":"CykXite2r11ddlbiAAAD"}}},"stack" : Error: {"data":"Cannot read property '-1' of undefined","request":{"url":"/Movie/uploadvideo_Temp/CykXite2r11ddlbiAAAD","header":{"host":"localhost:3001","connection":"keep-alive","content-length":"60167368","sec-ch-ua":"\" Not A;Brand\";v=\"99\", \"Chromium\";v=\"90\", \"Google Chrome\";v=\"90\"","accept":"application/json, text/plain, */*","authorization":"Bearer eyJhbGciOiJIUzI1NiIsInR5cCI6IkpXVCJ9.eyJkYXRhIjp7ImlkIjoiNjA5OGQ1NDEyZTFkOWQyNjY0OGI3N2U2IiwidXNlcm5hbWUiOiJ0cm9uZ2RheTEiLCJsZXZlbCI6NywidHlwZSI6MCwiY3JlYXR0aW1lIjoiMjAyMS0wNS0zMFQwNTozMTo1OS43NjdaIn0sImlhdCI6MTYyMjM1MjcxOSwiZXhwIjoxNjIyMzcwNzE5fQ.ReqwESpRfGyHyW5VrzTI03E95ZK1cSPZLAdxtUFezqA","sec-ch-ua-mobile":"?0","user-agent":"Mozilla/5.0 (Windows NT 10.0; Win64; x64) AppleWebKit/537.36 (KHTML, like Gecko) Chrome/90.0.4430.212 Safari/537.36","content-type":"multipart/form-data; boundary=----WebKitFormBoundaryfDPo2AGmFxpDgzRF","origin":"http://localhost:3000","sec-fetch-site":"same-site","sec-fetch-mode":"cors","sec-fetch-dest":"empty","referer":"http://localhost:3000/","accept-encoding":"gzip, deflate, br","accept-language":"vi-VN,vi;q=0.9,fr-FR;q=0.8,fr;q=0.7,en-US;q=0.6,en;q=0.5"},"body":{},"params":{"socketId":"CykXite2r11ddlbiAAAD"}}}
    at Object.exports.LogError (G:\REACT\serve-xemphim\api\FuncLib\FuncLog.js:23:19)
    at exports.uploadVideoTemp (G:\REACT\serve-xemphim\api\controller\uploadfile.js:207:13)
    at runMicrotasks (<anonymous>)
    at processTicksAndRejections (internal/process/task_queues.js:97:5)}
{"timestamp":"2021-05-30 12:33:03","level":"info",message:{"data":"/User/getuserlogin"}}
{"timestamp":"2021-05-30 12:33:03","level":"info",message:{"data":"/User/GetNotification/0"}}
{"timestamp":"2021-05-30 12:33:03","level":"info",message:{"data":"/User/GetApproved/0"}}
{"timestamp":"2021-05-30 12:33:03","level":"info",message:{"data":"/User/refreshtoken"}}
{"timestamp":"2021-05-30 12:33:03","level":"info",message:{"data":"/User/getuserlogin"}}
{"timestamp":"2021-05-30 12:33:24","level":"info",message:{"data":"Server Start"}}
{"timestamp":"2021-05-30 12:33:28","level":"info",message:{"data":"/Getdeafult/get_lst_bieucamimg"}}
{"timestamp":"2021-05-30 12:33:28","level":"info",message:{"data":"/Getdeafult/listReport"}}
{"timestamp":"2021-05-30 12:33:28","level":"info",message:{"data":"/Getdeafult/Getemoj"}}
{"timestamp":"2021-05-30 12:33:28","level":"info",message:{"data":"/User/getlistemoj"}}
{"timestamp":"2021-05-30 12:33:28","level":"info",message:{"data":"/User/getusersetting"}}
{"timestamp":"2021-05-30 12:33:28","level":"info",message:{"data":"/User/getHistoryEmoj"}}
{"timestamp":"2021-05-30 12:33:29","level":"info",message:{"data":"/User/getuserlogin"}}
{"timestamp":"2021-05-30 12:33:29","level":"info",message:{"data":"/User/GetNotification/0"}}
{"timestamp":"2021-05-30 12:33:29","level":"info",message:{"data":"/User/GetApproved/0"}}
{"timestamp":"2021-05-30 12:33:29","level":"info",message:{"data":"/User/refreshtoken"}}
{"timestamp":"2021-05-30 12:33:29","level":"info",message:{"data":"/User/getuserlogin"}}
{"timestamp":"2021-05-30 12:33:32","level":"info",message:{"data":"/Getdeafult/listReport"}}
{"timestamp":"2021-05-30 12:33:32","level":"info",message:{"data":"/Getdeafult/get_lst_bieucamimg"}}
{"timestamp":"2021-05-30 12:33:32","level":"info",message:{"data":"/Getdeafult/Getemoj"}}
{"timestamp":"2021-05-30 12:33:32","level":"info",message:{"data":"/User/getlistemoj"}}
{"timestamp":"2021-05-30 12:33:32","level":"info",message:{"data":"/User/GetListBlockUser"}}
{"timestamp":"2021-05-30 12:33:32","level":"info",message:{"data":"/User/getHistoryEmoj"}}
{"timestamp":"2021-05-30 12:33:32","level":"info",message:{"data":"/User/getusersetting"}}
{"timestamp":"2021-05-30 12:33:32","level":"info",message:{"data":"/User/GetListUserBlockMe"}}
{"timestamp":"2021-05-30 12:33:32","level":"info",message:{"data":"/User/getaproved_send"}}
{"timestamp":"2021-05-30 12:33:32","level":"info",message:{"data":"/User/GetNotification/0"}}
{"timestamp":"2021-05-30 12:33:33","level":"info",message:{"data":"/User/GetApproved/0"}}
{"timestamp":"2021-05-30 12:34:03","level":"error",message:{"data":"Cannot read property '-1' of undefined","request":{"url":"/Movie/uploadvideo_Temp/vB9D7ZaEA-uazPjXAAAD","header":{"host":"localhost:3001","connection":"keep-alive","content-length":"60167368","sec-ch-ua":"\" Not A;Brand\";v=\"99\", \"Chromium\";v=\"90\", \"Google Chrome\";v=\"90\"","accept":"application/json, text/plain, */*","authorization":"Bearer eyJhbGciOiJIUzI1NiIsInR5cCI6IkpXVCJ9.eyJkYXRhIjp7ImlkIjoiNjA5OGQ1NDEyZTFkOWQyNjY0OGI3N2U2IiwidXNlcm5hbWUiOiJ0cm9uZ2RheTEiLCJsZXZlbCI6NywidHlwZSI6MCwiY3JlYXR0aW1lIjoiMjAyMS0wNS0zMFQwNTozMzoyOS4xNTVaIn0sImlhdCI6MTYyMjM1MjgwOSwiZXhwIjoxNjIyMzcwODA5fQ.64imNvJUJN5nV8y8dMpAF6_-IxoGeTsVtMeIXuz0ybQ","sec-ch-ua-mobile":"?0","user-agent":"Mozilla/5.0 (Windows NT 10.0; Win64; x64) AppleWebKit/537.36 (KHTML, like Gecko) Chrome/90.0.4430.212 Safari/537.36","content-type":"multipart/form-data; boundary=----WebKitFormBoundaryBE0G2MPgSFVc4o05","origin":"http://localhost:3000","sec-fetch-site":"same-site","sec-fetch-mode":"cors","sec-fetch-dest":"empty","referer":"http://localhost:3000/","accept-encoding":"gzip, deflate, br","accept-language":"vi-VN,vi;q=0.9,fr-FR;q=0.8,fr;q=0.7,en-US;q=0.6,en;q=0.5"},"body":{},"params":{"socketId":"vB9D7ZaEA-uazPjXAAAD"}}},"stack" : Error: {"data":"Cannot read property '-1' of undefined","request":{"url":"/Movie/uploadvideo_Temp/vB9D7ZaEA-uazPjXAAAD","header":{"host":"localhost:3001","connection":"keep-alive","content-length":"60167368","sec-ch-ua":"\" Not A;Brand\";v=\"99\", \"Chromium\";v=\"90\", \"Google Chrome\";v=\"90\"","accept":"application/json, text/plain, */*","authorization":"Bearer eyJhbGciOiJIUzI1NiIsInR5cCI6IkpXVCJ9.eyJkYXRhIjp7ImlkIjoiNjA5OGQ1NDEyZTFkOWQyNjY0OGI3N2U2IiwidXNlcm5hbWUiOiJ0cm9uZ2RheTEiLCJsZXZlbCI6NywidHlwZSI6MCwiY3JlYXR0aW1lIjoiMjAyMS0wNS0zMFQwNTozMzoyOS4xNTVaIn0sImlhdCI6MTYyMjM1MjgwOSwiZXhwIjoxNjIyMzcwODA5fQ.64imNvJUJN5nV8y8dMpAF6_-IxoGeTsVtMeIXuz0ybQ","sec-ch-ua-mobile":"?0","user-agent":"Mozilla/5.0 (Windows NT 10.0; Win64; x64) AppleWebKit/537.36 (KHTML, like Gecko) Chrome/90.0.4430.212 Safari/537.36","content-type":"multipart/form-data; boundary=----WebKitFormBoundaryBE0G2MPgSFVc4o05","origin":"http://localhost:3000","sec-fetch-site":"same-site","sec-fetch-mode":"cors","sec-fetch-dest":"empty","referer":"http://localhost:3000/","accept-encoding":"gzip, deflate, br","accept-language":"vi-VN,vi;q=0.9,fr-FR;q=0.8,fr;q=0.7,en-US;q=0.6,en;q=0.5"},"body":{},"params":{"socketId":"vB9D7ZaEA-uazPjXAAAD"}}}
    at Object.exports.LogError (G:\REACT\serve-xemphim\api\FuncLib\FuncLog.js:23:19)
    at exports.uploadVideoTemp (G:\REACT\serve-xemphim\api\controller\uploadfile.js:208:13)
    at runMicrotasks (<anonymous>)
    at processTicksAndRejections (internal/process/task_queues.js:97:5)}
{"timestamp":"2021-05-30 12:36:21","level":"info",message:{"data":"Server Start"}}
{"timestamp":"2021-05-30 12:36:25","level":"info",message:{"data":"/User/getuserlogin"}}
{"timestamp":"2021-05-30 12:36:25","level":"info",message:{"data":"/User/GetNotification/0"}}
{"timestamp":"2021-05-30 12:36:25","level":"info",message:{"data":"/User/GetApproved/0"}}
{"timestamp":"2021-05-30 12:36:25","level":"info",message:{"data":"/User/refreshtoken"}}
{"timestamp":"2021-05-30 12:36:25","level":"info",message:{"data":"/Getdeafult/listReport"}}
{"timestamp":"2021-05-30 12:36:25","level":"info",message:{"data":"/Getdeafult/get_lst_bieucamimg"}}
{"timestamp":"2021-05-30 12:36:25","level":"info",message:{"data":"/User/getuserlogin"}}
{"timestamp":"2021-05-30 12:36:25","level":"info",message:{"data":"/User/getlistemoj"}}
{"timestamp":"2021-05-30 12:36:25","level":"info",message:{"data":"/Getdeafult/Getemoj"}}
{"timestamp":"2021-05-30 12:36:26","level":"info",message:{"data":"/User/getHistoryEmoj"}}
{"timestamp":"2021-05-30 12:36:26","level":"info",message:{"data":"/User/GetListUserBlockMe"}}
{"timestamp":"2021-05-30 12:36:26","level":"info",message:{"data":"/User/GetListBlockUser"}}
{"timestamp":"2021-05-30 12:36:26","level":"info",message:{"data":"/User/getusersetting"}}
{"timestamp":"2021-05-30 12:36:26","level":"info",message:{"data":"/User/getaproved_send"}}
{"timestamp":"2021-05-30 12:36:26","level":"info",message:{"data":"/User/GetNotification/0"}}
{"timestamp":"2021-05-30 12:36:26","level":"info",message:{"data":"/User/GetApproved/0"}}
{"timestamp":"2021-05-30 12:36:38","level":"error",message:{"data":"Cannot read property 'VideoTemp' of undefined","request":{"url":"/Movie/uploadvideo_Temp/M6H7IEtMCQC0smY4AAAC","header":{"host":"localhost:3001","connection":"keep-alive","content-length":"60167368","sec-ch-ua":"\" Not A;Brand\";v=\"99\", \"Chromium\";v=\"90\", \"Google Chrome\";v=\"90\"","accept":"application/json, text/plain, */*","authorization":"Bearer eyJhbGciOiJIUzI1NiIsInR5cCI6IkpXVCJ9.eyJkYXRhIjp7ImlkIjoiNjA5OGQ1NDEyZTFkOWQyNjY0OGI3N2U2IiwidXNlcm5hbWUiOiJ0cm9uZ2RheTEiLCJsZXZlbCI6NywidHlwZSI6MCwiY3JlYXR0aW1lIjoiMjAyMS0wNS0zMFQwNTozNjoyNS40NTRaIn0sImlhdCI6MTYyMjM1Mjk4NSwiZXhwIjoxNjIyMzcwOTg1fQ.udj3fSuzx6JeoAs8ohTSQp3uY62fFh0SBdvBkgUJ98w","sec-ch-ua-mobile":"?0","user-agent":"Mozilla/5.0 (Windows NT 10.0; Win64; x64) AppleWebKit/537.36 (KHTML, like Gecko) Chrome/90.0.4430.212 Safari/537.36","content-type":"multipart/form-data; boundary=----WebKitFormBoundaryN9PVjpZQpWv02y8K","origin":"http://localhost:3000","sec-fetch-site":"same-site","sec-fetch-mode":"cors","sec-fetch-dest":"empty","referer":"http://localhost:3000/","accept-encoding":"gzip, deflate, br","accept-language":"vi-VN,vi;q=0.9,fr-FR;q=0.8,fr;q=0.7,en-US;q=0.6,en;q=0.5"},"body":{},"params":{"socketId":"M6H7IEtMCQC0smY4AAAC"}}},"stack" : Error: {"data":"Cannot read property 'VideoTemp' of undefined","request":{"url":"/Movie/uploadvideo_Temp/M6H7IEtMCQC0smY4AAAC","header":{"host":"localhost:3001","connection":"keep-alive","content-length":"60167368","sec-ch-ua":"\" Not A;Brand\";v=\"99\", \"Chromium\";v=\"90\", \"Google Chrome\";v=\"90\"","accept":"application/json, text/plain, */*","authorization":"Bearer eyJhbGciOiJIUzI1NiIsInR5cCI6IkpXVCJ9.eyJkYXRhIjp7ImlkIjoiNjA5OGQ1NDEyZTFkOWQyNjY0OGI3N2U2IiwidXNlcm5hbWUiOiJ0cm9uZ2RheTEiLCJsZXZlbCI6NywidHlwZSI6MCwiY3JlYXR0aW1lIjoiMjAyMS0wNS0zMFQwNTozNjoyNS40NTRaIn0sImlhdCI6MTYyMjM1Mjk4NSwiZXhwIjoxNjIyMzcwOTg1fQ.udj3fSuzx6JeoAs8ohTSQp3uY62fFh0SBdvBkgUJ98w","sec-ch-ua-mobile":"?0","user-agent":"Mozilla/5.0 (Windows NT 10.0; Win64; x64) AppleWebKit/537.36 (KHTML, like Gecko) Chrome/90.0.4430.212 Safari/537.36","content-type":"multipart/form-data; boundary=----WebKitFormBoundaryN9PVjpZQpWv02y8K","origin":"http://localhost:3000","sec-fetch-site":"same-site","sec-fetch-mode":"cors","sec-fetch-dest":"empty","referer":"http://localhost:3000/","accept-encoding":"gzip, deflate, br","accept-language":"vi-VN,vi;q=0.9,fr-FR;q=0.8,fr;q=0.7,en-US;q=0.6,en;q=0.5"},"body":{},"params":{"socketId":"M6H7IEtMCQC0smY4AAAC"}}}
    at Object.exports.LogError (G:\REACT\serve-xemphim\api\FuncLib\FuncLog.js:23:19)
    at exports.uploadVideoTemp (G:\REACT\serve-xemphim\api\controller\uploadfile.js:208:13)
    at runMicrotasks (<anonymous>)
    at processTicksAndRejections (internal/process/task_queues.js:97:5)}
{"timestamp":"2021-05-30 12:37:25","level":"info",message:{"data":"Server Start"}}
{"timestamp":"2021-05-30 12:37:47","level":"info",message:{"data":"Server Start"}}
{"timestamp":"2021-05-30 12:37:52","level":"info",message:{"data":"/User/getuserlogin"}}
{"timestamp":"2021-05-30 12:37:52","level":"info",message:{"data":"/User/GetNotification/0"}}
{"timestamp":"2021-05-30 12:37:52","level":"info",message:{"data":"/User/GetApproved/0"}}
{"timestamp":"2021-05-30 12:37:53","level":"info",message:{"data":"/User/refreshtoken"}}
{"timestamp":"2021-05-30 12:37:53","level":"info",message:{"data":"/Getdeafult/listReport"}}
{"timestamp":"2021-05-30 12:37:53","level":"info",message:{"data":"/Getdeafult/get_lst_bieucamimg"}}
{"timestamp":"2021-05-30 12:37:53","level":"info",message:{"data":"/User/getuserlogin"}}
{"timestamp":"2021-05-30 12:37:53","level":"info",message:{"data":"/User/getlistemoj"}}
{"timestamp":"2021-05-30 12:37:53","level":"info",message:{"data":"/User/getHistoryEmoj"}}
{"timestamp":"2021-05-30 12:37:53","level":"info",message:{"data":"/Getdeafult/Getemoj"}}
{"timestamp":"2021-05-30 12:37:53","level":"info",message:{"data":"/User/GetListBlockUser"}}
{"timestamp":"2021-05-30 12:37:53","level":"info",message:{"data":"/User/GetListUserBlockMe"}}
{"timestamp":"2021-05-30 12:37:53","level":"info",message:{"data":"/User/getusersetting"}}
{"timestamp":"2021-05-30 12:37:53","level":"info",message:{"data":"/User/getaproved_send"}}
{"timestamp":"2021-05-30 12:37:54","level":"info",message:{"data":"/User/GetApproved/0"}}
{"timestamp":"2021-05-30 12:37:54","level":"info",message:{"data":"/User/GetNotification/0"}}
{"timestamp":"2021-05-30 12:38:06","level":"error",message:{"data":"Cannot read property 'VideoTemp' of undefined","request":{"url":"/Movie/uploadvideo_Temp/QBt97Y5qWbLsvRCuAAAC","header":{"host":"localhost:3001","connection":"keep-alive","content-length":"60167368","sec-ch-ua":"\" Not A;Brand\";v=\"99\", \"Chromium\";v=\"90\", \"Google Chrome\";v=\"90\"","accept":"application/json, text/plain, */*","authorization":"Bearer eyJhbGciOiJIUzI1NiIsInR5cCI6IkpXVCJ9.eyJkYXRhIjp7ImlkIjoiNjA5OGQ1NDEyZTFkOWQyNjY0OGI3N2U2IiwidXNlcm5hbWUiOiJ0cm9uZ2RheTEiLCJsZXZlbCI6NywidHlwZSI6MCwiY3JlYXR0aW1lIjoiMjAyMS0wNS0zMFQwNTozNzo1Mi43NjVaIn0sImlhdCI6MTYyMjM1MzA3MiwiZXhwIjoxNjIyMzcxMDcyfQ.u8jjm9JFWmWjzxfwwzwPPWObpw4mrEIPF7TPCWEOJLA","sec-ch-ua-mobile":"?0","user-agent":"Mozilla/5.0 (Windows NT 10.0; Win64; x64) AppleWebKit/537.36 (KHTML, like Gecko) Chrome/90.0.4430.212 Safari/537.36","content-type":"multipart/form-data; boundary=----WebKitFormBoundaryqWBCo1qQXByhQwb2","origin":"http://localhost:3000","sec-fetch-site":"same-site","sec-fetch-mode":"cors","sec-fetch-dest":"empty","referer":"http://localhost:3000/","accept-encoding":"gzip, deflate, br","accept-language":"vi-VN,vi;q=0.9,fr-FR;q=0.8,fr;q=0.7,en-US;q=0.6,en;q=0.5"},"body":{},"params":{"socketId":"QBt97Y5qWbLsvRCuAAAC"}}},"stack" : Error: {"data":"Cannot read property 'VideoTemp' of undefined","request":{"url":"/Movie/uploadvideo_Temp/QBt97Y5qWbLsvRCuAAAC","header":{"host":"localhost:3001","connection":"keep-alive","content-length":"60167368","sec-ch-ua":"\" Not A;Brand\";v=\"99\", \"Chromium\";v=\"90\", \"Google Chrome\";v=\"90\"","accept":"application/json, text/plain, */*","authorization":"Bearer eyJhbGciOiJIUzI1NiIsInR5cCI6IkpXVCJ9.eyJkYXRhIjp7ImlkIjoiNjA5OGQ1NDEyZTFkOWQyNjY0OGI3N2U2IiwidXNlcm5hbWUiOiJ0cm9uZ2RheTEiLCJsZXZlbCI6NywidHlwZSI6MCwiY3JlYXR0aW1lIjoiMjAyMS0wNS0zMFQwNTozNzo1Mi43NjVaIn0sImlhdCI6MTYyMjM1MzA3MiwiZXhwIjoxNjIyMzcxMDcyfQ.u8jjm9JFWmWjzxfwwzwPPWObpw4mrEIPF7TPCWEOJLA","sec-ch-ua-mobile":"?0","user-agent":"Mozilla/5.0 (Windows NT 10.0; Win64; x64) AppleWebKit/537.36 (KHTML, like Gecko) Chrome/90.0.4430.212 Safari/537.36","content-type":"multipart/form-data; boundary=----WebKitFormBoundaryqWBCo1qQXByhQwb2","origin":"http://localhost:3000","sec-fetch-site":"same-site","sec-fetch-mode":"cors","sec-fetch-dest":"empty","referer":"http://localhost:3000/","accept-encoding":"gzip, deflate, br","accept-language":"vi-VN,vi;q=0.9,fr-FR;q=0.8,fr;q=0.7,en-US;q=0.6,en;q=0.5"},"body":{},"params":{"socketId":"QBt97Y5qWbLsvRCuAAAC"}}}
    at Object.exports.LogError (G:\REACT\serve-xemphim\api\FuncLib\FuncLog.js:23:19)
    at exports.uploadVideoTemp (G:\REACT\serve-xemphim\api\controller\uploadfile.js:208:13)
    at runMicrotasks (<anonymous>)
    at processTicksAndRejections (internal/process/task_queues.js:97:5)}
{"timestamp":"2021-05-30 12:39:36","level":"info",message:{"data":"Server Start"}}
{"timestamp":"2021-05-30 12:39:42","level":"info",message:{"data":"/User/getuserlogin"}}
{"timestamp":"2021-05-30 12:39:42","level":"info",message:{"data":"/User/GetNotification/0"}}
{"timestamp":"2021-05-30 12:39:42","level":"info",message:{"data":"/User/GetApproved/0"}}
{"timestamp":"2021-05-30 12:39:42","level":"info",message:{"data":"/User/refreshtoken"}}
{"timestamp":"2021-05-30 12:39:42","level":"info",message:{"data":"/User/getuserlogin"}}
{"timestamp":"2021-05-30 12:39:42","level":"info",message:{"data":"/Getdeafult/listReport"}}
{"timestamp":"2021-05-30 12:39:43","level":"info",message:{"data":"/Getdeafult/get_lst_bieucamimg"}}
{"timestamp":"2021-05-30 12:39:43","level":"info",message:{"data":"/User/getHistoryEmoj"}}
{"timestamp":"2021-05-30 12:39:43","level":"info",message:{"data":"/User/getlistemoj"}}
{"timestamp":"2021-05-30 12:39:43","level":"info",message:{"data":"/Getdeafult/Getemoj"}}
{"timestamp":"2021-05-30 12:39:43","level":"info",message:{"data":"/User/GetListBlockUser"}}
{"timestamp":"2021-05-30 12:39:43","level":"info",message:{"data":"/User/GetNotification/0"}}
{"timestamp":"2021-05-30 12:39:43","level":"info",message:{"data":"/User/GetApproved/0"}}
{"timestamp":"2021-05-30 12:39:43","level":"info",message:{"data":"/User/GetListUserBlockMe"}}
{"timestamp":"2021-05-30 12:39:43","level":"info",message:{"data":"/User/getusersetting"}}
{"timestamp":"2021-05-30 12:39:43","level":"info",message:{"data":"/User/getaproved_send"}}
{"timestamp":"2021-05-30 12:39:55","level":"info",message:{"data":"/User/getuserlogin"}}
{"timestamp":"2021-05-30 12:39:55","level":"info",message:{"data":"/User/GetApproved/0"}}
{"timestamp":"2021-05-30 12:39:55","level":"info",message:{"data":"/User/refreshtoken"}}
{"timestamp":"2021-05-30 12:39:55","level":"info",message:{"data":"/User/GetNotification/0"}}
{"timestamp":"2021-05-30 12:39:56","level":"info",message:{"data":"/User/getuserlogin"}}
{"timestamp":"2021-05-30 12:40:09","level":"info",message:{"data":"/Getdeafult/Getemoj"}}
{"timestamp":"2021-05-30 12:40:09","level":"info",message:{"data":"/Getdeafult/get_lst_bieucamimg"}}
{"timestamp":"2021-05-30 12:40:09","level":"info",message:{"data":"/Getdeafult/listReport"}}
{"timestamp":"2021-05-30 12:40:10","level":"info",message:{"data":"/User/getHistoryEmoj"}}
{"timestamp":"2021-05-30 12:40:10","level":"info",message:{"data":"/User/GetListBlockUser"}}
{"timestamp":"2021-05-30 12:40:10","level":"info",message:{"data":"/User/getlistemoj"}}
{"timestamp":"2021-05-30 12:40:10","level":"info",message:{"data":"/User/getusersetting"}}
{"timestamp":"2021-05-30 12:40:10","level":"info",message:{"data":"/User/GetListUserBlockMe"}}
{"timestamp":"2021-05-30 12:40:10","level":"info",message:{"data":"/User/GetNotification/0"}}
{"timestamp":"2021-05-30 12:40:10","level":"info",message:{"data":"/User/getaproved_send"}}
{"timestamp":"2021-05-30 12:40:10","level":"info",message:{"data":"/User/GetApproved/0"}}
{"timestamp":"2021-05-30 12:41:22","level":"info",message:{"data":"Server Start"}}
{"timestamp":"2021-05-30 12:41:26","level":"info",message:{"data":"/User/getuserlogin"}}
{"timestamp":"2021-05-30 12:41:26","level":"info",message:{"data":"/User/GetApproved/0"}}
{"timestamp":"2021-05-30 12:41:26","level":"info",message:{"data":"/User/GetNotification/0"}}
{"timestamp":"2021-05-30 12:41:26","level":"info",message:{"data":"/User/refreshtoken"}}
{"timestamp":"2021-05-30 12:41:26","level":"info",message:{"data":"/User/getuserlogin"}}
{"timestamp":"2021-05-30 12:41:27","level":"info",message:{"data":"/Getdeafult/get_lst_bieucamimg"}}
{"timestamp":"2021-05-30 12:41:27","level":"info",message:{"data":"/Getdeafult/listReport"}}
{"timestamp":"2021-05-30 12:41:27","level":"info",message:{"data":"/User/getHistoryEmoj"}}
{"timestamp":"2021-05-30 12:41:28","level":"info",message:{"data":"/User/getlistemoj"}}
{"timestamp":"2021-05-30 12:41:28","level":"info",message:{"data":"/User/GetListBlockUser"}}
{"timestamp":"2021-05-30 12:41:28","level":"info",message:{"data":"/User/GetNotification/0"}}
{"timestamp":"2021-05-30 12:41:28","level":"info",message:{"data":"/Getdeafult/Getemoj"}}
{"timestamp":"2021-05-30 12:41:28","level":"info",message:{"data":"/User/GetListUserBlockMe"}}
{"timestamp":"2021-05-30 12:41:28","level":"info",message:{"data":"/User/getusersetting"}}
{"timestamp":"2021-05-30 12:41:28","level":"info",message:{"data":"/User/getaproved_send"}}
{"timestamp":"2021-05-30 12:41:28","level":"info",message:{"data":"/User/GetApproved/0"}}
{"timestamp":"2021-05-30 12:49:53","level":"info",message:{"data":"/User/getuserlogin"}}
{"timestamp":"2021-05-30 12:49:53","level":"info",message:{"data":"/User/GetNotification/0"}}
{"timestamp":"2021-05-30 12:49:53","level":"info",message:{"data":"/User/GetApproved/0"}}
{"timestamp":"2021-05-30 12:49:53","level":"info",message:{"data":"/User/refreshtoken"}}
{"timestamp":"2021-05-30 12:49:53","level":"info",message:{"data":"/User/getuserlogin"}}
{"timestamp":"2021-05-30 12:49:55","level":"info",message:{"data":"/Getdeafult/get_lst_bieucamimg"}}
{"timestamp":"2021-05-30 12:49:55","level":"info",message:{"data":"/Getdeafult/listReport"}}
{"timestamp":"2021-05-30 12:49:55","level":"info",message:{"data":"/User/getlistemoj"}}
{"timestamp":"2021-05-30 12:49:55","level":"info",message:{"data":"/User/getHistoryEmoj"}}
{"timestamp":"2021-05-30 12:49:55","level":"info",message:{"data":"/User/GetApproved/0"}}
{"timestamp":"2021-05-30 12:49:55","level":"info",message:{"data":"/Getdeafult/Getemoj"}}
{"timestamp":"2021-05-30 12:49:55","level":"info",message:{"data":"/User/GetListBlockUser"}}
{"timestamp":"2021-05-30 12:49:55","level":"info",message:{"data":"/User/GetListUserBlockMe"}}
{"timestamp":"2021-05-30 12:49:55","level":"info",message:{"data":"/User/GetNotification/0"}}
{"timestamp":"2021-05-30 12:49:55","level":"info",message:{"data":"/User/getusersetting"}}
{"timestamp":"2021-05-30 12:49:56","level":"info",message:{"data":"/User/getaproved_send"}}
{"timestamp":"2021-05-30 12:58:13","level":"info",message:{"data":"/User/getuserlogin"}}
{"timestamp":"2021-05-30 12:58:14","level":"info",message:{"data":"/User/GetNotification/0"}}
{"timestamp":"2021-05-30 12:58:14","level":"info",message:{"data":"/User/GetApproved/0"}}
{"timestamp":"2021-05-30 12:58:14","level":"info",message:{"data":"/User/refreshtoken"}}
{"timestamp":"2021-05-30 12:58:14","level":"info",message:{"data":"/User/getuserlogin"}}
{"timestamp":"2021-05-30 12:58:15","level":"info",message:{"data":"/Getdeafult/get_lst_bieucamimg"}}
{"timestamp":"2021-05-30 12:58:15","level":"info",message:{"data":"/Getdeafult/listReport"}}
{"timestamp":"2021-05-30 12:58:16","level":"info",message:{"data":"/User/getlistemoj"}}
{"timestamp":"2021-05-30 12:58:16","level":"info",message:{"data":"/User/GetListBlockUser"}}
{"timestamp":"2021-05-30 12:58:16","level":"info",message:{"data":"/User/getHistoryEmoj"}}
{"timestamp":"2021-05-30 12:58:16","level":"info",message:{"data":"/User/GetNotification/0"}}
{"timestamp":"2021-05-30 12:58:16","level":"info",message:{"data":"/User/GetListUserBlockMe"}}
{"timestamp":"2021-05-30 12:58:16","level":"info",message:{"data":"/Getdeafult/Getemoj"}}
{"timestamp":"2021-05-30 12:58:16","level":"info",message:{"data":"/User/GetApproved/0"}}
{"timestamp":"2021-05-30 12:58:16","level":"info",message:{"data":"/User/getusersetting"}}
{"timestamp":"2021-05-30 12:58:16","level":"info",message:{"data":"/User/getaproved_send"}}
{"timestamp":"2021-05-30 12:58:55","level":"info",message:{"data":"/User/getuserlogin"}}
{"timestamp":"2021-05-30 12:58:55","level":"info",message:{"data":"/User/GetApproved/0"}}
{"timestamp":"2021-05-30 12:58:55","level":"info",message:{"data":"/User/refreshtoken"}}
{"timestamp":"2021-05-30 12:58:55","level":"info",message:{"data":"/User/GetNotification/0"}}
{"timestamp":"2021-05-30 12:58:55","level":"info",message:{"data":"/User/getuserlogin"}}
{"timestamp":"2021-05-30 12:58:56","level":"info",message:{"data":"/Getdeafult/get_lst_bieucamimg"}}
{"timestamp":"2021-05-30 12:58:56","level":"info",message:{"data":"/Getdeafult/listReport"}}
{"timestamp":"2021-05-30 12:58:57","level":"info",message:{"data":"/User/getlistemoj"}}
{"timestamp":"2021-05-30 12:58:57","level":"info",message:{"data":"/User/getHistoryEmoj"}}
{"timestamp":"2021-05-30 12:58:57","level":"info",message:{"data":"/Getdeafult/Getemoj"}}
{"timestamp":"2021-05-30 12:58:57","level":"info",message:{"data":"/User/GetNotification/0"}}
{"timestamp":"2021-05-30 12:58:57","level":"info",message:{"data":"/User/GetApproved/0"}}
{"timestamp":"2021-05-30 12:58:57","level":"info",message:{"data":"/User/GetListBlockUser"}}
{"timestamp":"2021-05-30 12:58:57","level":"info",message:{"data":"/User/getaproved_send"}}
{"timestamp":"2021-05-30 12:58:57","level":"info",message:{"data":"/User/GetListUserBlockMe"}}
{"timestamp":"2021-05-30 12:58:57","level":"info",message:{"data":"/User/getusersetting"}}
{"timestamp":"2021-05-30 13:04:12","level":"info",message:{"data":"/User/getuserlogin"}}
{"timestamp":"2021-05-30 13:04:12","level":"info",message:{"data":"/User/GetNotification/0"}}
{"timestamp":"2021-05-30 13:04:12","level":"info",message:{"data":"/User/GetApproved/0"}}
{"timestamp":"2021-05-30 13:04:12","level":"info",message:{"data":"/User/refreshtoken"}}
{"timestamp":"2021-05-30 13:04:12","level":"info",message:{"data":"/User/getuserlogin"}}
{"timestamp":"2021-05-30 13:04:17","level":"info",message:{"data":"/Getdeafult/Getemoj"}}
{"timestamp":"2021-05-30 13:04:17","level":"info",message:{"data":"/Getdeafult/listReport"}}
{"timestamp":"2021-05-30 13:04:17","level":"info",message:{"data":"/Getdeafult/get_lst_bieucamimg"}}
{"timestamp":"2021-05-30 13:04:17","level":"info",message:{"data":"/User/GetListBlockUser"}}
{"timestamp":"2021-05-30 13:04:17","level":"info",message:{"data":"/User/getHistoryEmoj"}}
{"timestamp":"2021-05-30 13:04:17","level":"info",message:{"data":"/User/getlistemoj"}}
{"timestamp":"2021-05-30 13:04:18","level":"info",message:{"data":"/User/GetListUserBlockMe"}}
{"timestamp":"2021-05-30 13:04:18","level":"info",message:{"data":"/User/getusersetting"}}
{"timestamp":"2021-05-30 13:04:18","level":"info",message:{"data":"/User/getaproved_send"}}
{"timestamp":"2021-05-30 13:04:18","level":"info",message:{"data":"/User/GetNotification/0"}}
{"timestamp":"2021-05-30 13:04:18","level":"info",message:{"data":"/User/GetApproved/0"}}
{"timestamp":"2021-05-30 13:10:11","level":"info",message:{"data":"/User/getuserlogin"}}
{"timestamp":"2021-05-30 13:10:11","level":"info",message:{"data":"/User/GetApproved/0"}}
{"timestamp":"2021-05-30 13:10:11","level":"info",message:{"data":"/User/GetNotification/0"}}
{"timestamp":"2021-05-30 13:10:11","level":"info",message:{"data":"/User/refreshtoken"}}
{"timestamp":"2021-05-30 13:10:11","level":"info",message:{"data":"/User/getuserlogin"}}
{"timestamp":"2021-05-30 13:10:35","level":"info",message:{"data":"/Getdeafult/Getemoj"}}
{"timestamp":"2021-05-30 13:10:35","level":"info",message:{"data":"/Getdeafult/listReport"}}
{"timestamp":"2021-05-30 13:10:35","level":"info",message:{"data":"/Getdeafult/get_lst_bieucamimg"}}
{"timestamp":"2021-05-30 13:10:35","level":"info",message:{"data":"/User/getHistoryEmoj"}}
{"timestamp":"2021-05-30 13:10:35","level":"info",message:{"data":"/User/getlistemoj"}}
{"timestamp":"2021-05-30 13:10:35","level":"info",message:{"data":"/User/GetListBlockUser"}}
{"timestamp":"2021-05-30 13:10:35","level":"info",message:{"data":"/User/GetListUserBlockMe"}}
{"timestamp":"2021-05-30 13:10:35","level":"info",message:{"data":"/User/getusersetting"}}
{"timestamp":"2021-05-30 13:10:35","level":"info",message:{"data":"/User/getaproved_send"}}
{"timestamp":"2021-05-30 13:10:35","level":"info",message:{"data":"/User/GetNotification/0"}}
{"timestamp":"2021-05-30 13:10:36","level":"info",message:{"data":"/User/GetApproved/0"}}
{"timestamp":"2021-05-30 13:13:25","level":"info",message:{"data":"/User/getuserlogin"}}
{"timestamp":"2021-05-30 13:13:25","level":"info",message:{"data":"/User/GetApproved/0"}}
{"timestamp":"2021-05-30 13:13:25","level":"info",message:{"data":"/User/refreshtoken"}}
{"timestamp":"2021-05-30 13:13:25","level":"info",message:{"data":"/User/GetNotification/0"}}
{"timestamp":"2021-05-30 13:13:25","level":"info",message:{"data":"/User/getuserlogin"}}
{"timestamp":"2021-05-30 13:13:46","level":"info",message:{"data":"/Getdeafult/listReport"}}
{"timestamp":"2021-05-30 13:13:46","level":"info",message:{"data":"/Getdeafult/Getemoj"}}
{"timestamp":"2021-05-30 13:13:46","level":"info",message:{"data":"/Getdeafult/get_lst_bieucamimg"}}
{"timestamp":"2021-05-30 13:13:46","level":"info",message:{"data":"/User/getHistoryEmoj"}}
{"timestamp":"2021-05-30 13:13:46","level":"info",message:{"data":"/User/getlistemoj"}}
{"timestamp":"2021-05-30 13:13:46","level":"info",message:{"data":"/User/GetListBlockUser"}}
{"timestamp":"2021-05-30 13:13:47","level":"info",message:{"data":"/User/GetListUserBlockMe"}}
{"timestamp":"2021-05-30 13:13:47","level":"info",message:{"data":"/User/getusersetting"}}
{"timestamp":"2021-05-30 13:13:47","level":"info",message:{"data":"/User/GetNotification/0"}}
{"timestamp":"2021-05-30 13:13:49","level":"info",message:{"data":"/User/getuserlogin"}}
{"timestamp":"2021-05-30 13:13:49","level":"info",message:{"data":"/User/GetNotification/0"}}
{"timestamp":"2021-05-30 13:13:49","level":"info",message:{"data":"/User/GetApproved/0"}}
{"timestamp":"2021-05-30 13:13:49","level":"info",message:{"data":"/User/refreshtoken"}}
{"timestamp":"2021-05-30 13:13:49","level":"info",message:{"data":"/User/getuserlogin"}}
{"timestamp":"2021-05-30 13:13:50","level":"info",message:{"data":"/Getdeafult/listReport"}}
{"timestamp":"2021-05-30 13:13:50","level":"info",message:{"data":"/User/GetListUserBlockMe"}}
{"timestamp":"2021-05-30 13:13:50","level":"info",message:{"data":"/User/GetListBlockUser"}}
{"timestamp":"2021-05-30 13:13:50","level":"info",message:{"data":"/User/getlistemoj"}}
{"timestamp":"2021-05-30 13:13:50","level":"info",message:{"data":"/Getdeafult/get_lst_bieucamimg"}}
{"timestamp":"2021-05-30 13:13:50","level":"info",message:{"data":"/User/getusersetting"}}
{"timestamp":"2021-05-30 13:13:50","level":"info",message:{"data":"/User/getHistoryEmoj"}}
{"timestamp":"2021-05-30 13:13:51","level":"info",message:{"data":"/Getdeafult/Getemoj"}}
{"timestamp":"2021-05-30 13:13:51","level":"info",message:{"data":"/User/getaproved_send"}}
{"timestamp":"2021-05-30 13:13:51","level":"info",message:{"data":"/User/GetApproved/0"}}
{"timestamp":"2021-05-30 13:13:51","level":"info",message:{"data":"/User/GetNotification/0"}}
{"timestamp":"2021-05-30 13:14:10","level":"info",message:{"data":"/User/getuserlogin"}}
{"timestamp":"2021-05-30 13:14:10","level":"info",message:{"data":"/User/refreshtoken"}}
{"timestamp":"2021-05-30 13:14:10","level":"info",message:{"data":"/User/GetNotification/0"}}
{"timestamp":"2021-05-30 13:14:11","level":"info",message:{"data":"/User/GetApproved/0"}}
{"timestamp":"2021-05-30 13:14:11","level":"info",message:{"data":"/User/getuserlogin"}}
{"timestamp":"2021-05-30 13:14:12","level":"info",message:{"data":"/Getdeafult/get_lst_bieucamimg"}}
{"timestamp":"2021-05-30 13:14:12","level":"info",message:{"data":"/Getdeafult/listReport"}}
{"timestamp":"2021-05-30 13:14:12","level":"info",message:{"data":"/User/getHistoryEmoj"}}
{"timestamp":"2021-05-30 13:14:12","level":"info",message:{"data":"/User/getlistemoj"}}
{"timestamp":"2021-05-30 13:14:12","level":"info",message:{"data":"/Getdeafult/Getemoj"}}
{"timestamp":"2021-05-30 13:14:12","level":"info",message:{"data":"/User/GetListBlockUser"}}
{"timestamp":"2021-05-30 13:14:12","level":"info",message:{"data":"/User/GetNotification/0"}}
{"timestamp":"2021-05-30 13:14:12","level":"info",message:{"data":"/User/GetApproved/0"}}
{"timestamp":"2021-05-30 13:14:12","level":"info",message:{"data":"/User/getusersetting"}}
{"timestamp":"2021-05-30 13:14:12","level":"info",message:{"data":"/User/GetListUserBlockMe"}}
{"timestamp":"2021-05-30 13:14:12","level":"info",message:{"data":"/User/getaproved_send"}}
{"timestamp":"2021-05-30 13:14:43","level":"info",message:{"data":"/User/getuserlogin"}}
{"timestamp":"2021-05-30 13:14:44","level":"info",message:{"data":"/User/GetApproved/0"}}
{"timestamp":"2021-05-30 13:14:44","level":"info",message:{"data":"/User/GetNotification/0"}}
{"timestamp":"2021-05-30 13:14:44","level":"info",message:{"data":"/User/refreshtoken"}}
{"timestamp":"2021-05-30 13:14:44","level":"info",message:{"data":"/User/getuserlogin"}}
{"timestamp":"2021-05-30 13:14:47","level":"info",message:{"data":"/Getdeafult/Getemoj"}}
{"timestamp":"2021-05-30 13:14:47","level":"info",message:{"data":"/Getdeafult/listReport"}}
{"timestamp":"2021-05-30 13:14:47","level":"info",message:{"data":"/Getdeafult/get_lst_bieucamimg"}}
{"timestamp":"2021-05-30 13:14:47","level":"info",message:{"data":"/User/getlistemoj"}}
{"timestamp":"2021-05-30 13:14:48","level":"info",message:{"data":"/User/GetApproved/0"}}
{"timestamp":"2021-05-30 13:14:48","level":"info",message:{"data":"/User/GetNotification/0"}}
{"timestamp":"2021-05-30 13:14:48","level":"info",message:{"data":"/User/GetListBlockUser"}}
{"timestamp":"2021-05-30 13:14:48","level":"info",message:{"data":"/User/getHistoryEmoj"}}
{"timestamp":"2021-05-30 13:14:48","level":"info",message:{"data":"/User/GetListUserBlockMe"}}
{"timestamp":"2021-05-30 13:14:48","level":"info",message:{"data":"/User/getusersetting"}}
{"timestamp":"2021-05-30 13:14:48","level":"info",message:{"data":"/User/getaproved_send"}}
{"timestamp":"2021-05-30 13:19:49","level":"info",message:{"data":"/User/getuserlogin"}}
{"timestamp":"2021-05-30 13:19:49","level":"info",message:{"data":"/User/GetApproved/0"}}
{"timestamp":"2021-05-30 13:19:49","level":"info",message:{"data":"/User/refreshtoken"}}
{"timestamp":"2021-05-30 13:19:49","level":"info",message:{"data":"/User/GetNotification/0"}}
{"timestamp":"2021-05-30 13:19:49","level":"info",message:{"data":"/User/getuserlogin"}}
{"timestamp":"2021-05-30 13:21:15","level":"info",message:{"data":"/Getdeafult/Getemoj"}}
{"timestamp":"2021-05-30 13:21:15","level":"info",message:{"data":"/Getdeafult/get_lst_bieucamimg"}}
{"timestamp":"2021-05-30 13:21:15","level":"info",message:{"data":"/Getdeafult/listReport"}}
{"timestamp":"2021-05-30 13:21:16","level":"info",message:{"data":"/User/getHistoryEmoj"}}
{"timestamp":"2021-05-30 13:21:16","level":"info",message:{"data":"/User/GetListBlockUser"}}
{"timestamp":"2021-05-30 13:21:16","level":"info",message:{"data":"/User/getlistemoj"}}
{"timestamp":"2021-05-30 13:21:16","level":"info",message:{"data":"/User/getusersetting"}}
{"timestamp":"2021-05-30 13:21:16","level":"info",message:{"data":"/User/GetListUserBlockMe"}}
{"timestamp":"2021-05-30 13:21:16","level":"info",message:{"data":"/User/getaproved_send"}}
{"timestamp":"2021-05-30 13:21:16","level":"info",message:{"data":"/User/GetNotification/0"}}
{"timestamp":"2021-05-30 13:21:16","level":"info",message:{"data":"/User/GetApproved/0"}}
{"timestamp":"2021-05-30 13:21:18","level":"info",message:{"data":"/User/getuserlogin"}}
{"timestamp":"2021-05-30 13:21:19","level":"info",message:{"data":"/User/refreshtoken"}}
{"timestamp":"2021-05-30 13:21:19","level":"info",message:{"data":"/User/GetNotification/0"}}
{"timestamp":"2021-05-30 13:21:19","level":"info",message:{"data":"/User/GetApproved/0"}}
{"timestamp":"2021-05-30 13:21:19","level":"info",message:{"data":"/User/getuserlogin"}}
{"timestamp":"2021-05-30 13:21:19","level":"info",message:{"data":"/Getdeafult/listReport"}}
{"timestamp":"2021-05-30 13:21:20","level":"info",message:{"data":"/User/getHistoryEmoj"}}
{"timestamp":"2021-05-30 13:21:20","level":"info",message:{"data":"/User/GetListUserBlockMe"}}
{"timestamp":"2021-05-30 13:21:20","level":"info",message:{"data":"/User/GetListBlockUser"}}
{"timestamp":"2021-05-30 13:21:20","level":"info",message:{"data":"/User/getlistemoj"}}
{"timestamp":"2021-05-30 13:21:20","level":"info",message:{"data":"/Getdeafult/get_lst_bieucamimg"}}
{"timestamp":"2021-05-30 13:21:20","level":"info",message:{"data":"/User/getusersetting"}}
{"timestamp":"2021-05-30 13:21:20","level":"info",message:{"data":"/Getdeafult/Getemoj"}}
{"timestamp":"2021-05-30 13:21:20","level":"info",message:{"data":"/User/getaproved_send"}}
{"timestamp":"2021-05-30 13:21:20","level":"info",message:{"data":"/User/GetApproved/0"}}
{"timestamp":"2021-05-30 13:21:20","level":"info",message:{"data":"/User/GetNotification/0"}}
{"timestamp":"2021-05-30 13:36:09","level":"info",message:{"data":"/User/refreshtoken"}}
{"timestamp":"2021-05-30 13:50:59","level":"info",message:{"data":"/User/refreshtoken"}}
{"timestamp":"2021-05-30 14:05:49","level":"info",message:{"data":"/User/refreshtoken"}}
{"timestamp":"2021-05-30 14:08:51","level":"info",message:{"data":"/User/getuserlogin"}}
{"timestamp":"2021-05-30 14:08:51","level":"info",message:{"data":"/User/GetNotification/0"}}
{"timestamp":"2021-05-30 14:08:51","level":"info",message:{"data":"/User/GetApproved/0"}}
{"timestamp":"2021-05-30 14:08:51","level":"info",message:{"data":"/User/refreshtoken"}}
{"timestamp":"2021-05-30 14:08:51","level":"info",message:{"data":"/User/getuserlogin"}}
{"timestamp":"2021-05-30 14:08:58","level":"info",message:{"data":"/Getdeafult/listReport"}}
{"timestamp":"2021-05-30 14:08:58","level":"info",message:{"data":"/Getdeafult/Getemoj"}}
{"timestamp":"2021-05-30 14:08:58","level":"info",message:{"data":"/Getdeafult/get_lst_bieucamimg"}}
{"timestamp":"2021-05-30 14:08:58","level":"info",message:{"data":"/User/getlistemoj"}}
{"timestamp":"2021-05-30 14:08:58","level":"info",message:{"data":"/User/getHistoryEmoj"}}
{"timestamp":"2021-05-30 14:08:58","level":"info",message:{"data":"/User/GetListBlockUser"}}
{"timestamp":"2021-05-30 14:08:58","level":"info",message:{"data":"/User/GetListUserBlockMe"}}
{"timestamp":"2021-05-30 14:08:58","level":"info",message:{"data":"/User/getusersetting"}}
{"timestamp":"2021-05-30 14:08:58","level":"info",message:{"data":"/User/getaproved_send"}}
{"timestamp":"2021-05-30 14:08:59","level":"info",message:{"data":"/User/GetNotification/0"}}
{"timestamp":"2021-05-30 14:08:59","level":"info",message:{"data":"/User/GetApproved/0"}}
{"timestamp":"2021-05-30 14:11:50","level":"info",message:{"data":"/User/getuserlogin"}}
{"timestamp":"2021-05-30 14:11:50","level":"info",message:{"data":"/User/GetNotification/0"}}
{"timestamp":"2021-05-30 14:11:50","level":"info",message:{"data":"/User/GetApproved/0"}}
{"timestamp":"2021-05-30 14:11:50","level":"info",message:{"data":"/User/refreshtoken"}}
{"timestamp":"2021-05-30 14:11:50","level":"info",message:{"data":"/User/getuserlogin"}}
{"timestamp":"2021-05-30 14:11:52","level":"info",message:{"data":"/Getdeafult/get_lst_bieucamimg"}}
{"timestamp":"2021-05-30 14:11:52","level":"info",message:{"data":"/Getdeafult/listReport"}}
{"timestamp":"2021-05-30 14:11:52","level":"info",message:{"data":"/User/getlistemoj"}}
{"timestamp":"2021-05-30 14:11:52","level":"info",message:{"data":"/User/getHistoryEmoj"}}
{"timestamp":"2021-05-30 14:11:52","level":"info",message:{"data":"/User/GetListBlockUser"}}
{"timestamp":"2021-05-30 14:11:52","level":"info",message:{"data":"/User/GetNotification/0"}}
{"timestamp":"2021-05-30 14:11:52","level":"info",message:{"data":"/Getdeafult/Getemoj"}}
{"timestamp":"2021-05-30 14:11:52","level":"info",message:{"data":"/User/GetListUserBlockMe"}}
{"timestamp":"2021-05-30 14:11:53","level":"info",message:{"data":"/User/getusersetting"}}
{"timestamp":"2021-05-30 14:11:53","level":"info",message:{"data":"/User/getaproved_send"}}
{"timestamp":"2021-05-30 14:11:53","level":"info",message:{"data":"/User/GetApproved/0"}}
{"timestamp":"2021-05-30 14:12:56","level":"info",message:{"data":"/User/getuserlogin"}}
{"timestamp":"2021-05-30 14:12:56","level":"info",message:{"data":"/User/GetApproved/0"}}
{"timestamp":"2021-05-30 14:12:56","level":"info",message:{"data":"/User/GetNotification/0"}}
{"timestamp":"2021-05-30 14:12:56","level":"info",message:{"data":"/User/refreshtoken"}}
{"timestamp":"2021-05-30 14:12:57","level":"info",message:{"data":"/User/getuserlogin"}}
{"timestamp":"2021-05-30 14:12:58","level":"info",message:{"data":"/Getdeafult/get_lst_bieucamimg"}}
{"timestamp":"2021-05-30 14:12:58","level":"info",message:{"data":"/Getdeafult/listReport"}}
{"timestamp":"2021-05-30 14:12:58","level":"info",message:{"data":"/User/getHistoryEmoj"}}
{"timestamp":"2021-05-30 14:12:58","level":"info",message:{"data":"/User/getlistemoj"}}
{"timestamp":"2021-05-30 14:12:58","level":"info",message:{"data":"/User/GetListBlockUser"}}
{"timestamp":"2021-05-30 14:12:58","level":"info",message:{"data":"/Getdeafult/Getemoj"}}
{"timestamp":"2021-05-30 14:12:58","level":"info",message:{"data":"/User/GetNotification/0"}}
{"timestamp":"2021-05-30 14:12:58","level":"info",message:{"data":"/User/getusersetting"}}
{"timestamp":"2021-05-30 14:12:58","level":"info",message:{"data":"/User/GetListUserBlockMe"}}
{"timestamp":"2021-05-30 14:12:59","level":"info",message:{"data":"/User/getaproved_send"}}
{"timestamp":"2021-05-30 14:12:59","level":"info",message:{"data":"/User/GetApproved/0"}}
{"timestamp":"2021-05-30 14:13:25","level":"info",message:{"data":"/User/getuserlogin"}}
{"timestamp":"2021-05-30 14:13:25","level":"info",message:{"data":"/User/GetNotification/0"}}
{"timestamp":"2021-05-30 14:13:25","level":"info",message:{"data":"/User/GetApproved/0"}}
{"timestamp":"2021-05-30 14:13:25","level":"info",message:{"data":"/User/refreshtoken"}}
{"timestamp":"2021-05-30 14:13:26","level":"info",message:{"data":"/User/getuserlogin"}}
{"timestamp":"2021-05-30 14:13:26","level":"info",message:{"data":"/Getdeafult/listReport"}}
{"timestamp":"2021-05-30 14:13:26","level":"info",message:{"data":"/Getdeafult/get_lst_bieucamimg"}}
{"timestamp":"2021-05-30 14:13:27","level":"info",message:{"data":"/User/getlistemoj"}}
{"timestamp":"2021-05-30 14:13:27","level":"info",message:{"data":"/User/getHistoryEmoj"}}
{"timestamp":"2021-05-30 14:13:27","level":"info",message:{"data":"/Getdeafult/Getemoj"}}
{"timestamp":"2021-05-30 14:13:27","level":"info",message:{"data":"/User/GetNotification/0"}}
{"timestamp":"2021-05-30 14:13:27","level":"info",message:{"data":"/User/GetListBlockUser"}}
{"timestamp":"2021-05-30 14:13:27","level":"info",message:{"data":"/User/GetApproved/0"}}
{"timestamp":"2021-05-30 14:13:27","level":"info",message:{"data":"/User/GetListUserBlockMe"}}
{"timestamp":"2021-05-30 14:13:27","level":"info",message:{"data":"/User/getusersetting"}}
{"timestamp":"2021-05-30 14:13:27","level":"info",message:{"data":"/User/getaproved_send"}}
{"timestamp":"2021-05-30 14:16:41","level":"info",message:{"data":"/User/getuserlogin"}}
{"timestamp":"2021-05-30 14:16:42","level":"info",message:{"data":"/User/GetApproved/0"}}
{"timestamp":"2021-05-30 14:16:42","level":"info",message:{"data":"/User/GetNotification/0"}}
{"timestamp":"2021-05-30 14:16:42","level":"info",message:{"data":"/User/refreshtoken"}}
{"timestamp":"2021-05-30 14:16:42","level":"info",message:{"data":"/User/getuserlogin"}}
{"timestamp":"2021-05-30 14:16:43","level":"info",message:{"data":"/Getdeafult/listReport"}}
{"timestamp":"2021-05-30 14:16:43","level":"info",message:{"data":"/User/GetListUserBlockMe"}}
{"timestamp":"2021-05-30 14:16:43","level":"info",message:{"data":"/User/getlistemoj"}}
{"timestamp":"2021-05-30 14:16:43","level":"info",message:{"data":"/User/getusersetting"}}
{"timestamp":"2021-05-30 14:16:43","level":"info",message:{"data":"/Getdeafult/get_lst_bieucamimg"}}
{"timestamp":"2021-05-30 14:16:43","level":"info",message:{"data":"/User/GetListBlockUser"}}
{"timestamp":"2021-05-30 14:16:43","level":"info",message:{"data":"/User/getHistoryEmoj"}}
{"timestamp":"2021-05-30 14:16:43","level":"info",message:{"data":"/Getdeafult/Getemoj"}}
{"timestamp":"2021-05-30 14:16:44","level":"info",message:{"data":"/User/getaproved_send"}}
{"timestamp":"2021-05-30 14:16:44","level":"info",message:{"data":"/User/GetNotification/0"}}
{"timestamp":"2021-05-30 14:16:44","level":"info",message:{"data":"/User/GetApproved/0"}}
{"timestamp":"2021-05-30 14:25:11","level":"info",message:{"data":"/User/getuserlogin"}}
{"timestamp":"2021-05-30 14:25:12","level":"info",message:{"data":"/User/GetNotification/0"}}
{"timestamp":"2021-05-30 14:25:12","level":"info",message:{"data":"/User/GetApproved/0"}}
{"timestamp":"2021-05-30 14:25:12","level":"info",message:{"data":"/User/refreshtoken"}}
{"timestamp":"2021-05-30 14:25:12","level":"info",message:{"data":"/User/getuserlogin"}}
{"timestamp":"2021-05-30 14:25:13","level":"info",message:{"data":"/Getdeafult/listReport"}}
{"timestamp":"2021-05-30 14:25:13","level":"info",message:{"data":"/Getdeafult/get_lst_bieucamimg"}}
{"timestamp":"2021-05-30 14:25:13","level":"info",message:{"data":"/User/getHistoryEmoj"}}
{"timestamp":"2021-05-30 14:25:13","level":"info",message:{"data":"/User/getlistemoj"}}
{"timestamp":"2021-05-30 14:25:13","level":"info",message:{"data":"/Getdeafult/Getemoj"}}
{"timestamp":"2021-05-30 14:25:13","level":"info",message:{"data":"/User/GetListBlockUser"}}
{"timestamp":"2021-05-30 14:25:13","level":"info",message:{"data":"/User/GetNotification/0"}}
{"timestamp":"2021-05-30 14:25:13","level":"info",message:{"data":"/User/GetApproved/0"}}
{"timestamp":"2021-05-30 14:25:13","level":"info",message:{"data":"/User/GetListUserBlockMe"}}
{"timestamp":"2021-05-30 14:25:13","level":"info",message:{"data":"/User/getusersetting"}}
{"timestamp":"2021-05-30 14:25:13","level":"info",message:{"data":"/User/getaproved_send"}}
{"timestamp":"2021-05-30 14:26:03","level":"error",message:{"data":"file is not defined","request":{"url":"/Movie/creat","header":{"host":"localhost:3001","connection":"keep-alive","content-length":"647","sec-ch-ua":"\" Not A;Brand\";v=\"99\", \"Chromium\";v=\"90\", \"Google Chrome\";v=\"90\"","accept":"application/json, text/plain, */*","authorization":"Bearer eyJhbGciOiJIUzI1NiIsInR5cCI6IkpXVCJ9.eyJkYXRhIjp7ImlkIjoiNjA5OGQ1NDEyZTFkOWQyNjY0OGI3N2U2IiwidXNlcm5hbWUiOiJ0cm9uZ2RheTEiLCJsZXZlbCI6NywidHlwZSI6MCwiY3JlYXR0aW1lIjoiMjAyMS0wNS0zMFQwNzoyNToxMS45MzBaIn0sImlhdCI6MTYyMjM1OTUxMSwiZXhwIjoxNjIyMzc3NTExfQ._DMpRmFnMkRwcrO1yq6os2DuL0PVVwFc-nB--PUDtlQ","sec-ch-ua-mobile":"?0","user-agent":"Mozilla/5.0 (Windows NT 10.0; Win64; x64) AppleWebKit/537.36 (KHTML, like Gecko) Chrome/90.0.4430.212 Safari/537.36","content-type":"application/json","origin":"http://localhost:3000","sec-fetch-site":"same-site","sec-fetch-mode":"cors","sec-fetch-dest":"empty","referer":"http://localhost:3000/","accept-encoding":"gzip, deflate, br","accept-language":"vi-VN,vi;q=0.9,fr-FR;q=0.8,fr;q=0.7,en-US;q=0.6,en;q=0.5"},"body":{"name":"Missing You","name_re":"Missing You","name_en":"Missing You","warning":0,"priva":0,"series":"60a690e6fe9d663ad896b82c","list_cata":[],"list_tag":[],"list_actor":[],"year_movie":"2021","content":"Ok","content_re":"Ok2","company":"60a530eb2711e32654f0cf56","usercreat":"6098d5412e1d9d26648b77e6","urlvideotemp":"https://www.googleapis.com/drive/v3/files/1WMlKix_bshPFLbEZ7UODFdR_AOIodc9U?alt=media&key=AIzaSyC445uXRIUOq16aG-0zVYEkqNY-yxql8HM","filename":"","thoiluong":252.192,"quality":{"height":1080,"width":608,"size":0,"filetype":""},"socketId":"dqVCx05f07Ews4wZAAAk","fileId":"1WMlKix_bshPFLbEZ7UODFdR_AOIodc9U","fileType":"video/mp4"},"params":{}}},"stack" : Error: {"data":"file is not defined","request":{"url":"/Movie/creat","header":{"host":"localhost:3001","connection":"keep-alive","content-length":"647","sec-ch-ua":"\" Not A;Brand\";v=\"99\", \"Chromium\";v=\"90\", \"Google Chrome\";v=\"90\"","accept":"application/json, text/plain, */*","authorization":"Bearer eyJhbGciOiJIUzI1NiIsInR5cCI6IkpXVCJ9.eyJkYXRhIjp7ImlkIjoiNjA5OGQ1NDEyZTFkOWQyNjY0OGI3N2U2IiwidXNlcm5hbWUiOiJ0cm9uZ2RheTEiLCJsZXZlbCI6NywidHlwZSI6MCwiY3JlYXR0aW1lIjoiMjAyMS0wNS0zMFQwNzoyNToxMS45MzBaIn0sImlhdCI6MTYyMjM1OTUxMSwiZXhwIjoxNjIyMzc3NTExfQ._DMpRmFnMkRwcrO1yq6os2DuL0PVVwFc-nB--PUDtlQ","sec-ch-ua-mobile":"?0","user-agent":"Mozilla/5.0 (Windows NT 10.0; Win64; x64) AppleWebKit/537.36 (KHTML, like Gecko) Chrome/90.0.4430.212 Safari/537.36","content-type":"application/json","origin":"http://localhost:3000","sec-fetch-site":"same-site","sec-fetch-mode":"cors","sec-fetch-dest":"empty","referer":"http://localhost:3000/","accept-encoding":"gzip, deflate, br","accept-language":"vi-VN,vi;q=0.9,fr-FR;q=0.8,fr;q=0.7,en-US;q=0.6,en;q=0.5"},"body":{"name":"Missing You","name_re":"Missing You","name_en":"Missing You","warning":0,"priva":0,"series":"60a690e6fe9d663ad896b82c","list_cata":[],"list_tag":[],"list_actor":[],"year_movie":"2021","content":"Ok","content_re":"Ok2","company":"60a530eb2711e32654f0cf56","usercreat":"6098d5412e1d9d26648b77e6","urlvideotemp":"https://www.googleapis.com/drive/v3/files/1WMlKix_bshPFLbEZ7UODFdR_AOIodc9U?alt=media&key=AIzaSyC445uXRIUOq16aG-0zVYEkqNY-yxql8HM","filename":"","thoiluong":252.192,"quality":{"height":1080,"width":608,"size":0,"filetype":""},"socketId":"dqVCx05f07Ews4wZAAAk","fileId":"1WMlKix_bshPFLbEZ7UODFdR_AOIodc9U","fileType":"video/mp4"},"params":{}}}
    at Object.exports.LogError (G:\REACT\serve-xemphim\api\FuncLib\FuncLog.js:23:19)
    at exports.CreatNewMovie (G:\REACT\serve-xemphim\api\controller\Movie.js:98:13)
    at Layer.handle [as handle_request] (G:\REACT\serve-xemphim\node_modules\express\lib\router\layer.js:95:5)
    at next (G:\REACT\serve-xemphim\node_modules\express\lib\router\route.js:137:13)
    at exports.is_user (G:\REACT\serve-xemphim\api\middleware\token.js:60:5)
    at processTicksAndRejections (internal/process/task_queues.js:97:5)}
{"timestamp":"2021-05-30 17:52:33","level":"info",message:{"data":"Server Start"}}
{"timestamp":"2021-05-30 17:54:35","level":"info",message:{"data":"/User/refreshtoken"}}
{"timestamp":"2021-05-30 17:54:35","level":"info",message:{"data":"/User/creatusertemp"}}
{"timestamp":"2021-05-30 18:09:03","level":"info",message:{}}
{"timestamp":"2021-05-30 18:09:04","level":"info",message:{"data":"/Getdeafult/listReport"}}
{"timestamp":"2021-05-30 18:09:04","level":"info",message:{"data":"/Getdeafult/get_lst_bieucamimg"}}
{"timestamp":"2021-05-30 18:09:04","level":"info",message:{"data":"/Getdeafult/Getemoj"}}
{"timestamp":"2021-05-30 18:09:04","level":"info",message:{"data":"/User/getHistoryEmoj"}}
{"timestamp":"2021-05-30 18:09:04","level":"info",message:{"data":"/User/getlistemoj"}}
{"timestamp":"2021-05-30 18:09:04","level":"info",message:{"data":"/User/GetListBlockUser"}}
{"timestamp":"2021-05-30 18:09:04","level":"info",message:{"data":"/User/GetListUserBlockMe"}}
{"timestamp":"2021-05-30 18:09:04","level":"info",message:{"data":"/User/getusersetting"}}
{"timestamp":"2021-05-30 18:09:04","level":"info",message:{"data":"/User/GetApproved/0"}}
{"timestamp":"2021-05-30 18:09:04","level":"info",message:{"data":"/User/getaproved_send"}}
{"timestamp":"2021-05-30 18:09:05","level":"info",message:{"data":"/User/GetNotification/0"}}
{"timestamp":"2021-05-30 18:09:08","level":"info",message:{"data":"/User/getuserlogin"}}
{"timestamp":"2021-05-30 18:09:08","level":"info",message:{"data":"/User/GetNotification/0"}}
{"timestamp":"2021-05-30 18:09:08","level":"info",message:{"data":"/User/GetApproved/0"}}
{"timestamp":"2021-05-30 18:09:08","level":"info",message:{"data":"/User/refreshtoken"}}
{"timestamp":"2021-05-30 18:09:08","level":"info",message:{"data":"/User/getuserlogin"}}
{"timestamp":"2021-05-30 18:09:09","level":"info",message:{"data":"/Getdeafult/listReport"}}
{"timestamp":"2021-05-30 18:09:09","level":"info",message:{"data":"/Getdeafult/Getemoj"}}
{"timestamp":"2021-05-30 18:09:09","level":"info",message:{"data":"/Getdeafult/get_lst_bieucamimg"}}
{"timestamp":"2021-05-30 18:09:09","level":"info",message:{"data":"/User/GetListBlockUser"}}
{"timestamp":"2021-05-30 18:09:09","level":"info",message:{"data":"/User/getHistoryEmoj"}}
{"timestamp":"2021-05-30 18:09:09","level":"info",message:{"data":"/User/getlistemoj"}}
{"timestamp":"2021-05-30 18:09:09","level":"info",message:{"data":"/User/GetListUserBlockMe"}}
{"timestamp":"2021-05-30 18:09:09","level":"info",message:{"data":"/User/getusersetting"}}
{"timestamp":"2021-05-30 18:09:10","level":"info",message:{"data":"/User/GetNotification/0"}}
{"timestamp":"2021-05-30 18:09:10","level":"info",message:{"data":"/User/getaproved_send"}}
{"timestamp":"2021-05-30 18:09:10","level":"info",message:{"data":"/User/GetApproved/0"}}
{"timestamp":"2021-05-30 18:10:07","level":"info",message:{"data":"/User/getuserlogin"}}
{"timestamp":"2021-05-30 18:10:07","level":"info",message:{"data":"/User/GetNotification/0"}}
{"timestamp":"2021-05-30 18:10:07","level":"info",message:{"data":"/User/GetApproved/0"}}
{"timestamp":"2021-05-30 18:10:07","level":"info",message:{"data":"/User/refreshtoken"}}
{"timestamp":"2021-05-30 18:10:07","level":"info",message:{"data":"/User/getuserlogin"}}
{"timestamp":"2021-05-30 18:10:17","level":"info",message:{"data":"/Getdeafult/Getemoj"}}
{"timestamp":"2021-05-30 18:10:17","level":"info",message:{"data":"/Getdeafult/listReport"}}
{"timestamp":"2021-05-30 18:10:17","level":"info",message:{"data":"/Getdeafult/get_lst_bieucamimg"}}
{"timestamp":"2021-05-30 18:10:17","level":"info",message:{"data":"/User/getlistemoj"}}
{"timestamp":"2021-05-30 18:10:17","level":"info",message:{"data":"/User/getHistoryEmoj"}}
{"timestamp":"2021-05-30 18:10:17","level":"info",message:{"data":"/User/GetListBlockUser"}}
{"timestamp":"2021-05-30 18:10:18","level":"info",message:{"data":"/User/GetListUserBlockMe"}}
{"timestamp":"2021-05-30 18:10:18","level":"info",message:{"data":"/User/getusersetting"}}
{"timestamp":"2021-05-30 18:10:18","level":"info",message:{"data":"/User/getaproved_send"}}
{"timestamp":"2021-05-30 18:10:18","level":"info",message:{"data":"/User/GetNotification/0"}}
{"timestamp":"2021-05-30 18:10:18","level":"info",message:{"data":"/User/GetApproved/0"}}
{"timestamp":"2021-05-30 18:11:32","level":"info",message:{"data":"/User/getuserlogin"}}
{"timestamp":"2021-05-30 18:11:32","level":"info",message:{"data":"/User/GetNotification/0"}}
{"timestamp":"2021-05-30 18:11:32","level":"info",message:{"data":"/User/refreshtoken"}}
{"timestamp":"2021-05-30 18:11:32","level":"info",message:{"data":"/User/GetApproved/0"}}
{"timestamp":"2021-05-30 18:11:33","level":"info",message:{"data":"/User/getuserlogin"}}
{"timestamp":"2021-05-30 18:11:38","level":"info",message:{"data":"/Getdeafult/listReport"}}
{"timestamp":"2021-05-30 18:11:38","level":"info",message:{"data":"/Getdeafult/Getemoj"}}
{"timestamp":"2021-05-30 18:11:38","level":"info",message:{"data":"/Getdeafult/get_lst_bieucamimg"}}
{"timestamp":"2021-05-30 18:11:39","level":"info",message:{"data":"/User/GetListBlockUser"}}
{"timestamp":"2021-05-30 18:11:39","level":"info",message:{"data":"/User/getlistemoj"}}
{"timestamp":"2021-05-30 18:11:39","level":"info",message:{"data":"/User/getHistoryEmoj"}}
{"timestamp":"2021-05-30 18:11:39","level":"info",message:{"data":"/User/GetListUserBlockMe"}}
{"timestamp":"2021-05-30 18:11:39","level":"info",message:{"data":"/User/getusersetting"}}
{"timestamp":"2021-05-30 18:11:39","level":"info",message:{"data":"/User/getaproved_send"}}
{"timestamp":"2021-05-30 18:11:39","level":"info",message:{"data":"/User/GetNotification/0"}}
{"timestamp":"2021-05-30 18:11:39","level":"info",message:{"data":"/User/GetApproved/0"}}
{"timestamp":"2021-05-30 18:14:52","level":"info",message:{"data":"Server Start"}}
{"timestamp":"2021-05-30 18:14:58","level":"info",message:{"data":"/User/getuserlogin"}}
{"timestamp":"2021-05-30 18:14:58","level":"info",message:{"data":"/User/GetNotification/0"}}
{"timestamp":"2021-05-30 18:14:58","level":"info",message:{"data":"/User/GetApproved/0"}}
{"timestamp":"2021-05-30 18:14:58","level":"info",message:{"data":"/User/refreshtoken"}}
{"timestamp":"2021-05-30 18:14:58","level":"info",message:{"data":"/User/getuserlogin"}}
{"timestamp":"2021-05-30 18:15:26","level":"info",message:{"data":"/Getdeafult/get_lst_bieucamimg"}}
{"timestamp":"2021-05-30 18:15:26","level":"info",message:{"data":"/Getdeafult/Getemoj"}}
{"timestamp":"2021-05-30 18:15:26","level":"info",message:{"data":"/Getdeafult/listReport"}}
{"timestamp":"2021-05-30 18:15:27","level":"info",message:{"data":"/User/getlistemoj"}}
{"timestamp":"2021-05-30 18:15:27","level":"info",message:{"data":"/User/getHistoryEmoj"}}
{"timestamp":"2021-05-30 18:15:27","level":"info",message:{"data":"/User/GetListBlockUser"}}
{"timestamp":"2021-05-30 18:15:27","level":"info",message:{"data":"/User/GetListUserBlockMe"}}
{"timestamp":"2021-05-30 18:15:27","level":"info",message:{"data":"/User/getusersetting"}}
{"timestamp":"2021-05-30 18:15:27","level":"info",message:{"data":"/User/getaproved_send"}}
{"timestamp":"2021-05-30 18:15:27","level":"info",message:{"data":"/User/GetNotification/0"}}
{"timestamp":"2021-05-30 18:15:27","level":"info",message:{"data":"/User/GetApproved/0"}}
{"timestamp":"2021-05-30 18:25:16","level":"info",message:{"data":"/User/getuserlogin"}}
{"timestamp":"2021-05-30 18:25:16","level":"info",message:{"data":"/User/GetNotification/0"}}
{"timestamp":"2021-05-30 18:25:16","level":"info",message:{"data":"/User/refreshtoken"}}
{"timestamp":"2021-05-30 18:25:16","level":"info",message:{"data":"/User/GetApproved/0"}}
{"timestamp":"2021-05-30 18:25:17","level":"info",message:{"data":"/User/getuserlogin"}}
{"timestamp":"2021-05-30 18:25:30","level":"info",message:{"data":"/Getdeafult/get_lst_bieucamimg"}}
{"timestamp":"2021-05-30 18:25:30","level":"info",message:{"data":"/Getdeafult/Getemoj"}}
{"timestamp":"2021-05-30 18:25:30","level":"info",message:{"data":"/Getdeafult/listReport"}}
{"timestamp":"2021-05-30 18:25:30","level":"info",message:{"data":"/User/getlistemoj"}}
{"timestamp":"2021-05-30 18:25:30","level":"info",message:{"data":"/User/getHistoryEmoj"}}
{"timestamp":"2021-05-30 18:25:30","level":"info",message:{"data":"/User/GetListBlockUser"}}
{"timestamp":"2021-05-30 18:25:30","level":"info",message:{"data":"/User/GetListUserBlockMe"}}
{"timestamp":"2021-05-30 18:25:30","level":"info",message:{"data":"/User/getusersetting"}}
{"timestamp":"2021-05-30 18:25:30","level":"info",message:{"data":"/User/getaproved_send"}}
{"timestamp":"2021-05-30 18:25:31","level":"info",message:{"data":"/User/GetNotification/0"}}
{"timestamp":"2021-05-30 18:25:31","level":"info",message:{"data":"/User/GetApproved/0"}}
{"timestamp":"2021-05-30 18:28:09","level":"info",message:{"data":"/User/getuserlogin"}}
{"timestamp":"2021-05-30 18:28:09","level":"info",message:{"data":"/User/GetNotification/0"}}
{"timestamp":"2021-05-30 18:28:09","level":"info",message:{"data":"/User/GetApproved/0"}}
{"timestamp":"2021-05-30 18:28:09","level":"info",message:{"data":"/User/refreshtoken"}}
{"timestamp":"2021-05-30 18:28:09","level":"info",message:{"data":"/User/getuserlogin"}}
{"timestamp":"2021-05-30 18:30:52","level":"info",message:{"data":"/Getdeafult/Getemoj"}}
{"timestamp":"2021-05-30 18:30:52","level":"info",message:{"data":"/Getdeafult/get_lst_bieucamimg"}}
{"timestamp":"2021-05-30 18:30:52","level":"info",message:{"data":"/Getdeafult/listReport"}}
{"timestamp":"2021-05-30 18:30:53","level":"info",message:{"data":"/User/getlistemoj"}}
{"timestamp":"2021-05-30 18:30:53","level":"info",message:{"data":"/User/getHistoryEmoj"}}
{"timestamp":"2021-05-30 18:30:53","level":"info",message:{"data":"/User/GetListBlockUser"}}
{"timestamp":"2021-05-30 18:30:53","level":"info",message:{"data":"/User/GetListUserBlockMe"}}
{"timestamp":"2021-05-30 18:30:53","level":"info",message:{"data":"/User/getusersetting"}}
{"timestamp":"2021-05-30 18:30:53","level":"info",message:{"data":"/User/getaproved_send"}}
{"timestamp":"2021-05-30 18:30:53","level":"info",message:{"data":"/User/GetNotification/0"}}
{"timestamp":"2021-05-30 18:30:53","level":"info",message:{"data":"/User/GetApproved/0"}}
{"timestamp":"2021-05-30 18:31:00","level":"info",message:{"data":"/User/getuserlogin"}}
{"timestamp":"2021-05-30 18:31:00","level":"info",message:{"data":"/User/GetNotification/0"}}
{"timestamp":"2021-05-30 18:31:00","level":"info",message:{"data":"/User/refreshtoken"}}
{"timestamp":"2021-05-30 18:31:00","level":"info",message:{"data":"/User/GetApproved/0"}}
{"timestamp":"2021-05-30 18:31:00","level":"info",message:{"data":"/User/getuserlogin"}}
{"timestamp":"2021-05-30 18:31:02","level":"info",message:{"data":"/Getdeafult/listReport"}}
{"timestamp":"2021-05-30 18:31:02","level":"info",message:{"data":"/Getdeafult/get_lst_bieucamimg"}}
{"timestamp":"2021-05-30 18:31:02","level":"info",message:{"data":"/Getdeafult/Getemoj"}}
{"timestamp":"2021-05-30 18:31:02","level":"info",message:{"data":"/User/getlistemoj"}}
{"timestamp":"2021-05-30 18:31:02","level":"info",message:{"data":"/User/getHistoryEmoj"}}
{"timestamp":"2021-05-30 18:31:02","level":"info",message:{"data":"/User/GetNotification/0"}}
{"timestamp":"2021-05-30 18:31:02","level":"info",message:{"data":"/User/GetListBlockUser"}}
{"timestamp":"2021-05-30 18:31:02","level":"info",message:{"data":"/User/GetApproved/0"}}
{"timestamp":"2021-05-30 18:31:02","level":"info",message:{"data":"/User/GetListUserBlockMe"}}
{"timestamp":"2021-05-30 18:31:02","level":"info",message:{"data":"/User/getaproved_send"}}
{"timestamp":"2021-05-30 18:31:02","level":"info",message:{"data":"/User/getusersetting"}}
{"timestamp":"2021-05-30 18:34:21","level":"info",message:{"data":"/User/getuserlogin"}}
{"timestamp":"2021-05-30 18:34:21","level":"info",message:{"data":"/User/GetApproved/0"}}
{"timestamp":"2021-05-30 18:34:21","level":"info",message:{"data":"/User/refreshtoken"}}
{"timestamp":"2021-05-30 18:34:21","level":"info",message:{"data":"/User/GetNotification/0"}}
{"timestamp":"2021-05-30 18:34:21","level":"info",message:{"data":"/User/getuserlogin"}}
{"timestamp":"2021-05-30 18:34:22","level":"info",message:{"data":"/Getdeafult/get_lst_bieucamimg"}}
{"timestamp":"2021-05-30 18:34:22","level":"info",message:{"data":"/Getdeafult/listReport"}}
{"timestamp":"2021-05-30 18:34:22","level":"info",message:{"data":"/User/getlistemoj"}}
{"timestamp":"2021-05-30 18:34:22","level":"info",message:{"data":"/Getdeafult/Getemoj"}}
{"timestamp":"2021-05-30 18:34:22","level":"info",message:{"data":"/User/getHistoryEmoj"}}
{"timestamp":"2021-05-30 18:34:22","level":"info",message:{"data":"/User/GetListBlockUser"}}
{"timestamp":"2021-05-30 18:34:22","level":"info",message:{"data":"/User/GetNotification/0"}}
{"timestamp":"2021-05-30 18:34:22","level":"info",message:{"data":"/User/GetApproved/0"}}
{"timestamp":"2021-05-30 18:34:23","level":"info",message:{"data":"/User/getusersetting"}}
{"timestamp":"2021-05-30 18:34:23","level":"info",message:{"data":"/User/getaproved_send"}}
{"timestamp":"2021-05-30 18:34:23","level":"info",message:{"data":"/User/GetListUserBlockMe"}}
{"timestamp":"2021-05-30 18:38:53","level":"info",message:{"data":"/User/getuserlogin"}}
{"timestamp":"2021-05-30 18:38:53","level":"info",message:{"data":"/User/refreshtoken"}}
{"timestamp":"2021-05-30 18:38:54","level":"info",message:{"data":"/Getdeafult/listReport"}}
{"timestamp":"2021-05-30 18:38:54","level":"info",message:{"data":"/Getdeafult/get_lst_bieucamimg"}}
{"timestamp":"2021-05-30 18:38:54","level":"info",message:{"data":"/Getdeafult/Getemoj"}}
{"timestamp":"2021-05-30 18:38:54","level":"info",message:{"data":"/User/getHistoryEmoj"}}
{"timestamp":"2021-05-30 18:38:54","level":"info",message:{"data":"/User/getlistemoj"}}
{"timestamp":"2021-05-30 18:38:54","level":"info",message:{"data":"/User/GetListBlockUser"}}
{"timestamp":"2021-05-30 18:38:54","level":"info",message:{"data":"/User/GetListUserBlockMe"}}
{"timestamp":"2021-05-30 18:38:54","level":"info",message:{"data":"/User/getusersetting"}}
{"timestamp":"2021-05-30 18:38:55","level":"info",message:{"data":"/User/getaproved_send"}}
{"timestamp":"2021-05-30 18:38:55","level":"info",message:{"data":"/User/GetNotification/0"}}
{"timestamp":"2021-05-30 18:38:55","level":"info",message:{"data":"/User/GetApproved/0"}}
{"timestamp":"2021-05-30 18:41:21","level":"info",message:{"data":"Server Start"}}
{"timestamp":"2021-05-30 18:41:29","level":"info",message:{"data":"/User/getuserlogin"}}
{"timestamp":"2021-05-30 18:41:30","level":"info",message:{"data":"/User/GetNotification/0"}}
{"timestamp":"2021-05-30 18:41:30","level":"info",message:{"data":"/User/GetApproved/0"}}
{"timestamp":"2021-05-30 18:41:30","level":"info",message:{"data":"/User/refreshtoken"}}
{"timestamp":"2021-05-30 18:41:30","level":"info",message:{"data":"/User/getuserlogin"}}
{"timestamp":"2021-05-30 18:41:30","level":"info",message:{"data":"/Getdeafult/listReport"}}
{"timestamp":"2021-05-30 18:41:30","level":"info",message:{"data":"/Getdeafult/get_lst_bieucamimg"}}
{"timestamp":"2021-05-30 18:41:30","level":"info",message:{"data":"/Getdeafult/Getemoj"}}
{"timestamp":"2021-05-30 18:41:30","level":"info",message:{"data":"/User/getlistemoj"}}
{"timestamp":"2021-05-30 18:41:30","level":"info",message:{"data":"/User/getHistoryEmoj"}}
{"timestamp":"2021-05-30 18:41:31","level":"info",message:{"data":"/User/GetListBlockUser"}}
{"timestamp":"2021-05-30 18:41:31","level":"info",message:{"data":"/User/GetListUserBlockMe"}}
{"timestamp":"2021-05-30 18:41:31","level":"info",message:{"data":"/User/GetNotification/0"}}
{"timestamp":"2021-05-30 18:41:31","level":"info",message:{"data":"/User/getusersetting"}}
{"timestamp":"2021-05-30 18:41:31","level":"info",message:{"data":"/User/getaproved_send"}}
{"timestamp":"2021-05-30 18:41:31","level":"info",message:{"data":"/User/GetApproved/0"}}
{"timestamp":"2021-05-30 18:42:19","level":"info",message:{"data":"/User/getuserlogin"}}
{"timestamp":"2021-05-30 18:42:20","level":"info",message:{"data":"/User/GetApproved/0"}}
{"timestamp":"2021-05-30 18:42:20","level":"info",message:{"data":"/User/GetNotification/0"}}
{"timestamp":"2021-05-30 18:42:20","level":"info",message:{"data":"/User/refreshtoken"}}
{"timestamp":"2021-05-30 18:42:20","level":"info",message:{"data":"/User/getuserlogin"}}
{"timestamp":"2021-05-30 18:42:21","level":"info",message:{"data":"/Getdeafult/listReport"}}
{"timestamp":"2021-05-30 18:42:21","level":"info",message:{"data":"/Getdeafult/get_lst_bieucamimg"}}
{"timestamp":"2021-05-30 18:42:21","level":"info",message:{"data":"/User/getlistemoj"}}
{"timestamp":"2021-05-30 18:42:21","level":"info",message:{"data":"/User/getHistoryEmoj"}}
{"timestamp":"2021-05-30 18:42:21","level":"info",message:{"data":"/Getdeafult/Getemoj"}}
{"timestamp":"2021-05-30 18:42:21","level":"info",message:{"data":"/User/GetListBlockUser"}}
{"timestamp":"2021-05-30 18:42:21","level":"info",message:{"data":"/User/GetNotification/0"}}
{"timestamp":"2021-05-30 18:42:21","level":"info",message:{"data":"/User/GetApproved/0"}}
{"timestamp":"2021-05-30 18:42:21","level":"info",message:{"data":"/User/getusersetting"}}
{"timestamp":"2021-05-30 18:42:21","level":"info",message:{"data":"/User/GetListUserBlockMe"}}
{"timestamp":"2021-05-30 18:42:21","level":"info",message:{"data":"/User/getaproved_send"}}
{"timestamp":"2021-05-30 18:43:41","level":"info",message:{"data":"/User/getuserlogin"}}
{"timestamp":"2021-05-30 18:43:41","level":"info",message:{"data":"/User/GetNotification/0"}}
{"timestamp":"2021-05-30 18:43:41","level":"info",message:{"data":"/User/GetApproved/0"}}
{"timestamp":"2021-05-30 18:43:41","level":"info",message:{"data":"/User/refreshtoken"}}
{"timestamp":"2021-05-30 18:43:41","level":"info",message:{"data":"/User/getuserlogin"}}
{"timestamp":"2021-05-30 18:43:43","level":"info",message:{"data":"/Getdeafult/listReport"}}
{"timestamp":"2021-05-30 18:43:43","level":"info",message:{"data":"/Getdeafult/get_lst_bieucamimg"}}
{"timestamp":"2021-05-30 18:43:43","level":"info",message:{"data":"/User/getHistoryEmoj"}}
{"timestamp":"2021-05-30 18:43:43","level":"info",message:{"data":"/User/getlistemoj"}}
{"timestamp":"2021-05-30 18:43:43","level":"info",message:{"data":"/Getdeafult/Getemoj"}}
{"timestamp":"2021-05-30 18:43:43","level":"info",message:{"data":"/User/GetNotification/0"}}
{"timestamp":"2021-05-30 18:43:43","level":"info",message:{"data":"/User/GetListBlockUser"}}
{"timestamp":"2021-05-30 18:43:43","level":"info",message:{"data":"/User/GetApproved/0"}}
{"timestamp":"2021-05-30 18:43:43","level":"info",message:{"data":"/User/GetListUserBlockMe"}}
{"timestamp":"2021-05-30 18:43:43","level":"info",message:{"data":"/User/getusersetting"}}
{"timestamp":"2021-05-30 18:43:43","level":"info",message:{"data":"/User/getaproved_send"}}
{"timestamp":"2021-05-30 18:59:18","level":"info",message:{"data":"/User/refreshtoken"}}
{"timestamp":"2021-05-30 18:59:19","level":"info",message:{"data":"/User/creatusertemp"}}
{"timestamp":"2021-05-30 18:59:27","level":"info",message:{}}
{"timestamp":"2021-05-30 18:59:27","level":"info",message:{"data":"/Getdeafult/get_lst_bieucamimg"}}
{"timestamp":"2021-05-30 18:59:27","level":"info",message:{"data":"/Getdeafult/listReport"}}
{"timestamp":"2021-05-30 18:59:27","level":"info",message:{"data":"/Getdeafult/Getemoj"}}
{"timestamp":"2021-05-30 18:59:28","level":"info",message:{"data":"/User/GetListBlockUser"}}
{"timestamp":"2021-05-30 18:59:28","level":"info",message:{"data":"/User/getlistemoj"}}
{"timestamp":"2021-05-30 18:59:28","level":"info",message:{"data":"/User/getHistoryEmoj"}}
{"timestamp":"2021-05-30 18:59:28","level":"info",message:{"data":"/User/GetListUserBlockMe"}}
{"timestamp":"2021-05-30 18:59:28","level":"info",message:{"data":"/User/getusersetting"}}
{"timestamp":"2021-05-30 18:59:28","level":"info",message:{"data":"/User/getaproved_send"}}
{"timestamp":"2021-05-30 18:59:28","level":"info",message:{"data":"/User/GetNotification/0"}}
{"timestamp":"2021-05-30 18:59:28","level":"info",message:{"data":"/User/GetApproved/0"}}
{"timestamp":"2021-05-30 18:59:31","level":"info",message:{"data":"/User/getuserlogin"}}
{"timestamp":"2021-05-30 18:59:32","level":"info",message:{"data":"/User/GetApproved/0"}}
{"timestamp":"2021-05-30 18:59:32","level":"info",message:{"data":"/User/GetNotification/0"}}
{"timestamp":"2021-05-30 18:59:32","level":"info",message:{"data":"/User/refreshtoken"}}
{"timestamp":"2021-05-30 18:59:32","level":"info",message:{"data":"/User/getuserlogin"}}
{"timestamp":"2021-05-30 18:59:32","level":"info",message:{"data":"/User/getHistoryEmoj"}}
{"timestamp":"2021-05-30 18:59:32","level":"info",message:{"data":"/User/getlistemoj"}}
{"timestamp":"2021-05-30 18:59:32","level":"info",message:{"data":"/User/GetListBlockUser"}}
{"timestamp":"2021-05-30 18:59:32","level":"info",message:{"data":"/Getdeafult/listReport"}}
{"timestamp":"2021-05-30 18:59:32","level":"info",message:{"data":"/User/getusersetting"}}
{"timestamp":"2021-05-30 18:59:32","level":"info",message:{"data":"/Getdeafult/get_lst_bieucamimg"}}
{"timestamp":"2021-05-30 18:59:32","level":"info",message:{"data":"/User/GetListUserBlockMe"}}
{"timestamp":"2021-05-30 18:59:32","level":"info",message:{"data":"/Getdeafult/Getemoj"}}
{"timestamp":"2021-05-30 18:59:33","level":"info",message:{"data":"/User/getaproved_send"}}
{"timestamp":"2021-05-30 18:59:33","level":"info",message:{"data":"/User/GetApproved/0"}}
{"timestamp":"2021-05-30 18:59:33","level":"info",message:{"data":"/User/GetNotification/0"}}
{"timestamp":"2021-05-30 19:00:50","level":"info",message:{"data":"/User/getuserlogin"}}
{"timestamp":"2021-05-30 19:00:50","level":"info",message:{"data":"/User/GetNotification/0"}}
{"timestamp":"2021-05-30 19:00:50","level":"info",message:{"data":"/User/GetApproved/0"}}
{"timestamp":"2021-05-30 19:00:50","level":"info",message:{"data":"/User/refreshtoken"}}
{"timestamp":"2021-05-30 19:00:50","level":"info",message:{"data":"/User/getuserlogin"}}
{"timestamp":"2021-05-30 19:00:51","level":"info",message:{"data":"/Getdeafult/listReport"}}
{"timestamp":"2021-05-30 19:00:51","level":"info",message:{"data":"/Getdeafult/get_lst_bieucamimg"}}
{"timestamp":"2021-05-30 19:00:51","level":"info",message:{"data":"/Getdeafult/Getemoj"}}
{"timestamp":"2021-05-30 19:00:52","level":"info",message:{"data":"/User/getlistemoj"}}
{"timestamp":"2021-05-30 19:00:52","level":"info",message:{"data":"/User/GetApproved/0"}}
{"timestamp":"2021-05-30 19:00:52","level":"info",message:{"data":"/User/getHistoryEmoj"}}
{"timestamp":"2021-05-30 19:00:52","level":"info",message:{"data":"/User/GetNotification/0"}}
{"timestamp":"2021-05-30 19:00:52","level":"info",message:{"data":"/User/GetListUserBlockMe"}}
{"timestamp":"2021-05-30 19:00:52","level":"info",message:{"data":"/User/GetListBlockUser"}}
{"timestamp":"2021-05-30 19:00:52","level":"info",message:{"data":"/User/getusersetting"}}
{"timestamp":"2021-05-30 19:00:52","level":"info",message:{"data":"/User/getaproved_send"}}
{"timestamp":"2021-05-30 19:05:48","level":"info",message:{"data":"Server Start"}}
{"timestamp":"2021-05-30 19:05:54","level":"info",message:{"data":"/User/getuserlogin"}}
{"timestamp":"2021-05-30 19:05:55","level":"info",message:{"data":"/User/GetNotification/0"}}
{"timestamp":"2021-05-30 19:05:55","level":"info",message:{"data":"/User/GetApproved/0"}}
{"timestamp":"2021-05-30 19:05:55","level":"info",message:{"data":"/Getdeafult/listReport"}}
{"timestamp":"2021-05-30 19:05:55","level":"info",message:{"data":"/User/getuserlogin"}}
{"timestamp":"2021-05-30 19:05:55","level":"info",message:{"data":"/User/refreshtoken"}}
{"timestamp":"2021-05-30 19:05:55","level":"info",message:{"data":"/Getdeafult/get_lst_bieucamimg"}}
{"timestamp":"2021-05-30 19:05:55","level":"info",message:{"data":"/User/getlistemoj"}}
{"timestamp":"2021-05-30 19:05:55","level":"info",message:{"data":"/Getdeafult/Getemoj"}}
{"timestamp":"2021-05-30 19:05:55","level":"info",message:{"data":"/User/getHistoryEmoj"}}
{"timestamp":"2021-05-30 19:05:56","level":"info",message:{"data":"/User/GetListBlockUser"}}
{"timestamp":"2021-05-30 19:05:56","level":"info",message:{"data":"/User/GetListUserBlockMe"}}
{"timestamp":"2021-05-30 19:05:56","level":"info",message:{"data":"/User/getusersetting"}}
{"timestamp":"2021-05-30 19:05:56","level":"info",message:{"data":"/User/getaproved_send"}}
{"timestamp":"2021-05-30 19:05:56","level":"info",message:{"data":"/User/GetApproved/0"}}
{"timestamp":"2021-05-30 19:05:56","level":"info",message:{"data":"/User/GetNotification/0"}}
{"timestamp":"2021-05-30 19:06:59","level":"error",message:{"data":"data is not defined","request":{"url":"/Movie/creat","header":{"host":"localhost:3001","connection":"keep-alive","content-length":"648","sec-ch-ua":"\" Not A;Brand\";v=\"99\", \"Chromium\";v=\"90\", \"Google Chrome\";v=\"90\"","accept":"application/json, text/plain, */*","authorization":"Bearer eyJhbGciOiJIUzI1NiIsInR5cCI6IkpXVCJ9.eyJkYXRhIjp7ImlkIjoiNjA5OGQ1NDEyZTFkOWQyNjY0OGI3N2U2IiwidXNlcm5hbWUiOiJ0cm9uZ2RheTEiLCJsZXZlbCI6NywidHlwZSI6MCwiY3JlYXR0aW1lIjoiMjAyMS0wNS0zMFQxMjowNTo1NS4xNTNaIn0sImlhdCI6MTYyMjM3NjM1NSwiZXhwIjoxNjIyMzk0MzU1fQ._h-j_KtfVLMxSOwJZHJ91k-V2FASG8Uz12Tg1WIBuiw","sec-ch-ua-mobile":"?0","user-agent":"Mozilla/5.0 (Windows NT 10.0; Win64; x64) AppleWebKit/537.36 (KHTML, like Gecko) Chrome/90.0.4430.212 Safari/537.36","content-type":"application/json","origin":"http://localhost:3000","sec-fetch-site":"same-site","sec-fetch-mode":"cors","sec-fetch-dest":"empty","referer":"http://localhost:3000/","accept-encoding":"gzip, deflate, br","accept-language":"vi-VN,vi;q=0.9,fr-FR;q=0.8,fr;q=0.7,en-US;q=0.6,en;q=0.5"},"body":{"name":"Missing You","name_re":"Missing You","name_en":"Missing You","warning":0,"priva":0,"series":"60a690e6fe9d663ad896b82c","list_cata":[],"list_tag":[],"list_actor":[],"year_movie":"2020","content":"Ok","content_re":"Ok2","company":"60a530eb2711e32654f0cf56","usercreat":"6098d5412e1d9d26648b77e6","urlvideotemp":"https://www.googleapis.com/drive/v3/files/1LlDYyn7BCvbUHYk1rgurUdsFi-VeonQx?alt=media&key=AIzaSyCJye-ni4TMgycY1d5brVCnj8isQkBRxbc","filename":"","thoiluong":205.544,"quality":{"height":1080,"width":1920,"size":0,"filetype":""},"socketId":"acsC1Lxi5x2kcJVTAAAC","fileId":"1LlDYyn7BCvbUHYk1rgurUdsFi-VeonQx","fileType":"video/mp4"},"params":{}}},"stack" : Error: {"data":"data is not defined","request":{"url":"/Movie/creat","header":{"host":"localhost:3001","connection":"keep-alive","content-length":"648","sec-ch-ua":"\" Not A;Brand\";v=\"99\", \"Chromium\";v=\"90\", \"Google Chrome\";v=\"90\"","accept":"application/json, text/plain, */*","authorization":"Bearer eyJhbGciOiJIUzI1NiIsInR5cCI6IkpXVCJ9.eyJkYXRhIjp7ImlkIjoiNjA5OGQ1NDEyZTFkOWQyNjY0OGI3N2U2IiwidXNlcm5hbWUiOiJ0cm9uZ2RheTEiLCJsZXZlbCI6NywidHlwZSI6MCwiY3JlYXR0aW1lIjoiMjAyMS0wNS0zMFQxMjowNTo1NS4xNTNaIn0sImlhdCI6MTYyMjM3NjM1NSwiZXhwIjoxNjIyMzk0MzU1fQ._h-j_KtfVLMxSOwJZHJ91k-V2FASG8Uz12Tg1WIBuiw","sec-ch-ua-mobile":"?0","user-agent":"Mozilla/5.0 (Windows NT 10.0; Win64; x64) AppleWebKit/537.36 (KHTML, like Gecko) Chrome/90.0.4430.212 Safari/537.36","content-type":"application/json","origin":"http://localhost:3000","sec-fetch-site":"same-site","sec-fetch-mode":"cors","sec-fetch-dest":"empty","referer":"http://localhost:3000/","accept-encoding":"gzip, deflate, br","accept-language":"vi-VN,vi;q=0.9,fr-FR;q=0.8,fr;q=0.7,en-US;q=0.6,en;q=0.5"},"body":{"name":"Missing You","name_re":"Missing You","name_en":"Missing You","warning":0,"priva":0,"series":"60a690e6fe9d663ad896b82c","list_cata":[],"list_tag":[],"list_actor":[],"year_movie":"2020","content":"Ok","content_re":"Ok2","company":"60a530eb2711e32654f0cf56","usercreat":"6098d5412e1d9d26648b77e6","urlvideotemp":"https://www.googleapis.com/drive/v3/files/1LlDYyn7BCvbUHYk1rgurUdsFi-VeonQx?alt=media&key=AIzaSyCJye-ni4TMgycY1d5brVCnj8isQkBRxbc","filename":"","thoiluong":205.544,"quality":{"height":1080,"width":1920,"size":0,"filetype":""},"socketId":"acsC1Lxi5x2kcJVTAAAC","fileId":"1LlDYyn7BCvbUHYk1rgurUdsFi-VeonQx","fileType":"video/mp4"},"params":{}}}
    at Object.exports.LogError (G:\REACT\serve-xemphim\api\FuncLib\FuncLog.js:23:19)
    at exports.CreatNewMovie (G:\REACT\serve-xemphim\api\controller\Movie.js:98:13)
    at Layer.handle [as handle_request] (G:\REACT\serve-xemphim\node_modules\express\lib\router\layer.js:95:5)
    at next (G:\REACT\serve-xemphim\node_modules\express\lib\router\route.js:137:13)
    at exports.is_user (G:\REACT\serve-xemphim\api\middleware\token.js:60:5)
    at processTicksAndRejections (internal/process/task_queues.js:97:5)}
{"timestamp":"2021-05-30 19:09:17","level":"info",message:{"data":"/User/getuserlogin"}}
{"timestamp":"2021-05-30 19:09:17","level":"info",message:{"data":"/User/GetNotification/0"}}
{"timestamp":"2021-05-30 19:09:17","level":"info",message:{"data":"/User/GetApproved/0"}}
{"timestamp":"2021-05-30 19:09:17","level":"info",message:{"data":"/User/refreshtoken"}}
{"timestamp":"2021-05-30 19:09:17","level":"info",message:{"data":"/User/getuserlogin"}}
{"timestamp":"2021-05-30 19:09:18","level":"info",message:{"data":"/Getdeafult/listReport"}}
{"timestamp":"2021-05-30 19:09:18","level":"info",message:{"data":"/Getdeafult/get_lst_bieucamimg"}}
{"timestamp":"2021-05-30 19:09:19","level":"info",message:{"data":"/User/getlistemoj"}}
{"timestamp":"2021-05-30 19:09:19","level":"info",message:{"data":"/Getdeafult/Getemoj"}}
{"timestamp":"2021-05-30 19:09:19","level":"info",message:{"data":"/User/getHistoryEmoj"}}
{"timestamp":"2021-05-30 19:09:19","level":"info",message:{"data":"/User/GetApproved/0"}}
{"timestamp":"2021-05-30 19:09:19","level":"info",message:{"data":"/User/GetNotification/0"}}
{"timestamp":"2021-05-30 19:09:19","level":"info",message:{"data":"/User/GetListBlockUser"}}
{"timestamp":"2021-05-30 19:09:19","level":"info",message:{"data":"/User/GetListUserBlockMe"}}
{"timestamp":"2021-05-30 19:09:19","level":"info",message:{"data":"/User/getusersetting"}}
{"timestamp":"2021-05-30 19:09:19","level":"info",message:{"data":"/User/getaproved_send"}}
{"timestamp":"2021-05-30 19:11:05","level":"info",message:{"data":"Server Start"}}
{"timestamp":"2021-05-30 19:11:16","level":"info",message:{"data":"/User/getuserlogin"}}
{"timestamp":"2021-05-30 19:11:17","level":"info",message:{"data":"/User/GetNotification/0"}}
{"timestamp":"2021-05-30 19:11:17","level":"info",message:{"data":"/User/GetApproved/0"}}
{"timestamp":"2021-05-30 19:11:17","level":"info",message:{"data":"/User/refreshtoken"}}
{"timestamp":"2021-05-30 19:11:17","level":"info",message:{"data":"/User/getuserlogin"}}
{"timestamp":"2021-05-30 19:11:17","level":"info",message:{"data":"/Getdeafult/listReport"}}
{"timestamp":"2021-05-30 19:11:17","level":"info",message:{"data":"/User/getHistoryEmoj"}}
{"timestamp":"2021-05-30 19:11:17","level":"info",message:{"data":"/User/getlistemoj"}}
{"timestamp":"2021-05-30 19:11:17","level":"info",message:{"data":"/Getdeafult/get_lst_bieucamimg"}}
{"timestamp":"2021-05-30 19:11:17","level":"info",message:{"data":"/Getdeafult/Getemoj"}}
{"timestamp":"2021-05-30 19:11:17","level":"info",message:{"data":"/User/GetListBlockUser"}}
{"timestamp":"2021-05-30 19:11:17","level":"info",message:{"data":"/User/getusersetting"}}
{"timestamp":"2021-05-30 19:11:17","level":"info",message:{"data":"/User/GetListUserBlockMe"}}
{"timestamp":"2021-05-30 19:11:17","level":"info",message:{"data":"/User/getaproved_send"}}
{"timestamp":"2021-05-30 19:11:18","level":"info",message:{"data":"/User/GetNotification/0"}}
{"timestamp":"2021-05-30 19:11:18","level":"info",message:{"data":"/User/GetApproved/0"}}
{"timestamp":"2021-05-30 19:14:36","level":"info",message:{"data":"/User/getuserlogin"}}
{"timestamp":"2021-05-30 19:14:37","level":"info",message:{"data":"/User/GetApproved/0"}}
{"timestamp":"2021-05-30 19:14:37","level":"info",message:{"data":"/User/GetNotification/0"}}
{"timestamp":"2021-05-30 19:14:37","level":"info",message:{"data":"/User/refreshtoken"}}
{"timestamp":"2021-05-30 19:14:37","level":"info",message:{"data":"/User/getuserlogin"}}
{"timestamp":"2021-05-30 19:16:46","level":"info",message:{"data":"/Getdeafult/get_lst_bieucamimg"}}
{"timestamp":"2021-05-30 19:16:46","level":"info",message:{"data":"/Getdeafult/listReport"}}
{"timestamp":"2021-05-30 19:16:46","level":"info",message:{"data":"/Getdeafult/Getemoj"}}
{"timestamp":"2021-05-30 19:16:47","level":"info",message:{"data":"/User/getlistemoj"}}
{"timestamp":"2021-05-30 19:16:47","level":"info",message:{"data":"/User/GetListBlockUser"}}
{"timestamp":"2021-05-30 19:16:47","level":"info",message:{"data":"/User/getHistoryEmoj"}}
{"timestamp":"2021-05-30 19:16:47","level":"info",message:{"data":"/User/getusersetting"}}
{"timestamp":"2021-05-30 19:16:47","level":"info",message:{"data":"/User/GetListUserBlockMe"}}
{"timestamp":"2021-05-30 19:16:47","level":"info",message:{"data":"/User/getaproved_send"}}
{"timestamp":"2021-05-30 19:16:47","level":"info",message:{"data":"/User/GetNotification/0"}}
{"timestamp":"2021-05-30 19:16:47","level":"info",message:{"data":"/User/GetApproved/0"}}
