{"timestamp":"2021-05-26 18:39:32","level":"info",message:{"data":"Server Start"}}
{"timestamp":"2021-05-26 18:40:08","level":"info",message:{"data":"Server Start"}}
{"timestamp":"2021-05-26 18:41:46","level":"info",message:{"data":"Server Start"}}
{"timestamp":"2021-05-26 18:44:20","level":"info",message:{"data":"Server Start"}}
{"timestamp":"2021-05-26 18:45:52","level":"info",message:{"data":"Server Start"}}
{"timestamp":"2021-05-26 18:51:43","level":"info",message:{"data":"Server Start"}}
{"timestamp":"2021-05-26 18:52:12","level":"info",message:{"data":"Server Start"}}
{"timestamp":"2021-05-26 18:53:31","level":"info",message:{"data":"Server Start"}}
{"timestamp":"2021-05-26 18:54:35","level":"info",message:{"data":"Server Start"}}
{"timestamp":"2021-05-26 18:55:22","level":"info",message:{"data":"Server Start"}}
{"timestamp":"2021-05-26 18:56:22","level":"info",message:{"data":"Server Start"}}
{"timestamp":"2021-05-26 18:56:50","level":"info",message:{"data":"Server Start"}}
{"timestamp":"2021-05-26 18:57:08","level":"info",message:{"data":"Server Start"}}
{"timestamp":"2021-05-26 18:57:16","level":"info",message:{"data":"Server Start"}}
{"timestamp":"2021-05-26 18:57:55","level":"info",message:{"data":"Server Start"}}
{"timestamp":"2021-05-26 18:58:05","level":"info",message:{"data":"Server Start"}}
{"timestamp":"2021-05-26 18:58:34","level":"info",message:{"data":"Server Start"}}
{"timestamp":"2021-05-26 18:58:55","level":"info",message:{"data":"Server Start"}}
{"timestamp":"2021-05-26 19:00:44","level":"info",message:{"data":"Server Start"}}
{"timestamp":"2021-05-26 19:03:48","level":"info",message:{"data":"Server Start"}}
{"timestamp":"2021-05-26 19:04:54","level":"info",message:{"data":"Server Start"}}
{"timestamp":"2021-05-26 22:15:03","level":"info",message:{"data":"Server Start"}}
{"timestamp":"2021-05-26 22:15:30","level":"info",message:{"data":"Server Start"}}
{"timestamp":"2021-05-26 22:15:54","level":"info",message:{"data":"Server Start"}}
{"timestamp":"2021-05-26 22:16:03","level":"info",message:{"data":"Server Start"}}
{"timestamp":"2021-05-26 22:16:36","level":"info",message:{"data":"Server Start"}}
{"timestamp":"2021-05-26 22:17:15","level":"info",message:{"data":"Server Start"}}
{"timestamp":"2021-05-26 22:32:35","level":"info",message:{"data":"/User/refreshtoken"}}
{"timestamp":"2021-05-26 22:32:35","level":"info",message:{"data":"/User/creatusertemp"}}
{"timestamp":"2021-05-26 23:32:21","level":"info",message:{"data":"Server Start"}}
{"timestamp":"2021-05-26 23:33:22","level":"info",message:{"data":"Server Start"}}
{"timestamp":"2021-05-26 23:33:31","level":"info",message:{"data":"Server Start"}}
{"timestamp":"2021-05-26 23:33:55","level":"info",message:{"data":"Server Start"}}
{"timestamp":"2021-05-26 23:38:35","level":"info",message:{}}
{"timestamp":"2021-05-26 23:38:36","level":"info",message:{"data":"/Getdeafult/listReport"}}
{"timestamp":"2021-05-26 23:38:36","level":"info",message:{"data":"/Getdeafult/get_lst_bieucamimg"}}
{"timestamp":"2021-05-26 23:38:36","level":"info",message:{"data":"/Getdeafult/Getemoj"}}
{"timestamp":"2021-05-26 23:38:37","level":"info",message:{"data":"/User/getlistemoj"}}
{"timestamp":"2021-05-26 23:38:37","level":"info",message:{"data":"/User/getHistoryEmoj"}}
{"timestamp":"2021-05-26 23:38:37","level":"info",message:{"data":"/User/GetListBlockUser"}}
{"timestamp":"2021-05-26 23:38:37","level":"info",message:{"data":"/User/getusersetting"}}
{"timestamp":"2021-05-26 23:38:37","level":"info",message:{"data":"/User/GetListUserBlockMe"}}
{"timestamp":"2021-05-26 23:38:37","level":"info",message:{"data":"/User/getaproved_send"}}
{"timestamp":"2021-05-26 23:38:37","level":"info",message:{"data":"/User/GetApproved/0"}}
{"timestamp":"2021-05-26 23:38:38","level":"info",message:{"data":"/User/GetNotification/0"}}
{"timestamp":"2021-05-26 23:38:39","level":"info",message:{"data":"/User/getuserlogin"}}
{"timestamp":"2021-05-26 23:38:39","level":"info",message:{"data":"/User/GetNotification/0"}}
{"timestamp":"2021-05-26 23:38:39","level":"info",message:{"data":"/User/GetApproved/0"}}
{"timestamp":"2021-05-26 23:38:39","level":"info",message:{"data":"/User/refreshtoken"}}
{"timestamp":"2021-05-26 23:38:40","level":"info",message:{"data":"/User/getuserlogin"}}
{"timestamp":"2021-05-26 23:38:40","level":"info",message:{"data":"/Getdeafult/listReport"}}
{"timestamp":"2021-05-26 23:38:40","level":"info",message:{"data":"/User/getHistoryEmoj"}}
{"timestamp":"2021-05-26 23:38:40","level":"info",message:{"data":"/User/GetListUserBlockMe"}}
{"timestamp":"2021-05-26 23:38:40","level":"info",message:{"data":"/Getdeafult/get_lst_bieucamimg"}}
{"timestamp":"2021-05-26 23:38:40","level":"info",message:{"data":"/User/getusersetting"}}
{"timestamp":"2021-05-26 23:38:40","level":"info",message:{"data":"/User/GetListBlockUser"}}
{"timestamp":"2021-05-26 23:38:40","level":"info",message:{"data":"/User/getlistemoj"}}
{"timestamp":"2021-05-26 23:38:41","level":"info",message:{"data":"/Getdeafult/Getemoj"}}
{"timestamp":"2021-05-26 23:38:41","level":"info",message:{"data":"/User/getaproved_send"}}
{"timestamp":"2021-05-26 23:38:41","level":"info",message:{"data":"/User/GetApproved/0"}}
{"timestamp":"2021-05-26 23:38:41","level":"info",message:{"data":"/User/GetNotification/0"}}
{"timestamp":"2021-05-26 23:42:28","level":"info",message:{"data":"Server Start"}}
