{"timestamp":"2021-05-25 21:05:36","level":"info",message:{"data":"Server Start"}}
{"timestamp":"2021-05-25 21:07:41","level":"info",message:{"data":"/User/refreshtoken"}}
{"timestamp":"2021-05-25 21:07:41","level":"info",message:{"data":"/User/creatusertemp"}}
{"timestamp":"2021-05-25 23:08:25","level":"info",message:{"data":"Server Start"}}
{"timestamp":"2021-05-25 23:16:37","level":"info",message:{"data":"Server Start"}}
{"timestamp":"2021-05-25 23:17:25","level":"info",message:{"data":"Server Start"}}
{"timestamp":"2021-05-25 23:17:40","level":"info",message:{"data":"Server Start"}}
{"timestamp":"2021-05-25 23:18:24","level":"info",message:{"data":"Server Start"}}
{"timestamp":"2021-05-25 23:19:21","level":"info",message:{"data":"Server Start"}}
{"timestamp":"2021-05-25 23:19:37","level":"info",message:{"data":"Server Start"}}
{"timestamp":"2021-05-25 23:20:40","level":"info",message:{"data":"Server Start"}}
{"timestamp":"2021-05-25 23:21:08","level":"info",message:{"data":"Server Start"}}
{"timestamp":"2021-05-25 23:25:10","level":"info",message:{}}
{"timestamp":"2021-05-25 23:25:10","level":"info",message:{"data":"/Getdeafult/listReport"}}
{"timestamp":"2021-05-25 23:25:11","level":"info",message:{"data":"/Getdeafult/get_lst_bieucamimg"}}
{"timestamp":"2021-05-25 23:25:12","level":"info",message:{"data":"/Getdeafult/Getemoj"}}
{"timestamp":"2021-05-25 23:25:12","level":"info",message:{"data":"/User/getlistemoj"}}
{"timestamp":"2021-05-25 23:25:12","level":"info",message:{"data":"/User/getHistoryEmoj"}}
{"timestamp":"2021-05-25 23:25:12","level":"info",message:{"data":"/User/GetListBlockUser"}}
{"timestamp":"2021-05-25 23:25:12","level":"info",message:{"data":"/User/GetListUserBlockMe"}}
{"timestamp":"2021-05-25 23:25:12","level":"info",message:{"data":"/User/getusersetting"}}
{"timestamp":"2021-05-25 23:25:12","level":"info",message:{"data":"/User/getaproved_send"}}
{"timestamp":"2021-05-25 23:25:13","level":"info",message:{"data":"/User/GetNotification/0"}}
{"timestamp":"2021-05-25 23:25:13","level":"info",message:{"data":"/User/GetApproved/0"}}
{"timestamp":"2021-05-25 23:25:16","level":"info",message:{"data":"/User/getuserlogin"}}
{"timestamp":"2021-05-25 23:25:16","level":"info",message:{"data":"/User/GetNotification/0"}}
{"timestamp":"2021-05-25 23:25:16","level":"info",message:{"data":"/User/refreshtoken"}}
{"timestamp":"2021-05-25 23:25:16","level":"info",message:{"data":"/User/GetApproved/0"}}
{"timestamp":"2021-05-25 23:25:16","level":"info",message:{"data":"/Getdeafult/listReport"}}
{"timestamp":"2021-05-25 23:25:17","level":"info",message:{"data":"/Getdeafult/get_lst_bieucamimg"}}
{"timestamp":"2021-05-25 23:25:17","level":"info",message:{"data":"/User/getuserlogin"}}
{"timestamp":"2021-05-25 23:25:17","level":"info",message:{"data":"/User/getlistemoj"}}
{"timestamp":"2021-05-25 23:25:17","level":"info",message:{"data":"/User/getHistoryEmoj"}}
{"timestamp":"2021-05-25 23:25:17","level":"info",message:{"data":"/User/GetListUserBlockMe"}}
{"timestamp":"2021-05-25 23:25:17","level":"info",message:{"data":"/User/GetListBlockUser"}}
{"timestamp":"2021-05-25 23:25:17","level":"info",message:{"data":"/Getdeafult/Getemoj"}}
{"timestamp":"2021-05-25 23:25:17","level":"info",message:{"data":"/User/getusersetting"}}
{"timestamp":"2021-05-25 23:25:18","level":"info",message:{"data":"/User/getaproved_send"}}
{"timestamp":"2021-05-25 23:25:18","level":"info",message:{"data":"/User/GetNotification/0"}}
{"timestamp":"2021-05-25 23:25:18","level":"info",message:{"data":"/User/GetApproved/0"}}
{"timestamp":"2021-05-25 23:31:53","level":"info",message:{"data":"Server Start"}}
{"timestamp":"2021-05-25 23:32:27","level":"info",message:{"data":"Server Start"}}
{"timestamp":"2021-05-25 23:33:16","level":"info",message:{"data":"Server Start"}}
{"timestamp":"2021-05-25 23:34:50","level":"info",message:{"data":"Server Start"}}
{"timestamp":"2021-05-25 23:37:22","level":"info",message:{"data":"Server Start"}}
{"timestamp":"2021-05-25 23:38:15","level":"info",message:{"data":"Server Start"}}
{"timestamp":"2021-05-25 23:38:45","level":"info",message:{"data":"/User/getuserlogin"}}
{"timestamp":"2021-05-25 23:38:46","level":"info",message:{"data":"/User/GetNotification/0"}}
{"timestamp":"2021-05-25 23:38:46","level":"info",message:{"data":"/User/GetApproved/0"}}
{"timestamp":"2021-05-25 23:38:46","level":"info",message:{"data":"/User/refreshtoken"}}
{"timestamp":"2021-05-25 23:38:46","level":"info",message:{"data":"/User/getuserlogin"}}
{"timestamp":"2021-05-25 23:38:46","level":"info",message:{"data":"/Getdeafult/listReport"}}
{"timestamp":"2021-05-25 23:38:46","level":"info",message:{"data":"/User/getlistemoj"}}
{"timestamp":"2021-05-25 23:38:46","level":"info",message:{"data":"/Getdeafult/get_lst_bieucamimg"}}
{"timestamp":"2021-05-25 23:38:46","level":"info",message:{"data":"/User/getHistoryEmoj"}}
{"timestamp":"2021-05-25 23:38:46","level":"info",message:{"data":"/Getdeafult/Getemoj"}}
{"timestamp":"2021-05-25 23:38:46","level":"info",message:{"data":"/User/GetListBlockUser"}}
{"timestamp":"2021-05-25 23:38:47","level":"info",message:{"data":"/User/GetListUserBlockMe"}}
{"timestamp":"2021-05-25 23:38:47","level":"info",message:{"data":"/User/getusersetting"}}
{"timestamp":"2021-05-25 23:38:47","level":"info",message:{"data":"/User/getaproved_send"}}
{"timestamp":"2021-05-25 23:38:47","level":"info",message:{"data":"/User/GetNotification/0"}}
{"timestamp":"2021-05-25 23:38:47","level":"info",message:{"data":"/User/GetApproved/0"}}
{"timestamp":"2021-05-25 23:41:29","level":"info",message:{"data":"Server Start"}}
{"timestamp":"2021-05-25 23:53:34","level":"info",message:{"data":"/User/refreshtoken"}}
{"timestamp":"2021-05-25 23:53:53","level":"info",message:{"data":"/User/getuserlogin"}}
{"timestamp":"2021-05-25 23:53:54","level":"info",message:{"data":"/User/refreshtoken"}}
{"timestamp":"2021-05-25 23:53:54","level":"info",message:{"data":"/User/GetNotification/0"}}
{"timestamp":"2021-05-25 23:53:54","level":"info",message:{"data":"/User/GetApproved/0"}}
{"timestamp":"2021-05-25 23:53:54","level":"info",message:{"data":"/User/getuserlogin"}}
{"timestamp":"2021-05-25 23:56:53","level":"info",message:{"data":"/Getdeafult/Getemoj"}}
{"timestamp":"2021-05-25 23:56:53","level":"info",message:{"data":"/Getdeafult/get_lst_bieucamimg"}}
{"timestamp":"2021-05-25 23:56:53","level":"info",message:{"data":"/Getdeafult/listReport"}}
{"timestamp":"2021-05-25 23:56:53","level":"info",message:{"data":"/User/getHistoryEmoj"}}
{"timestamp":"2021-05-25 23:56:53","level":"info",message:{"data":"/User/GetListBlockUser"}}
{"timestamp":"2021-05-25 23:56:53","level":"info",message:{"data":"/User/getlistemoj"}}
{"timestamp":"2021-05-25 23:56:55","level":"info",message:{"data":"/User/getuserlogin"}}
{"timestamp":"2021-05-25 23:56:55","level":"info",message:{"data":"/User/GetNotification/0"}}
{"timestamp":"2021-05-25 23:56:55","level":"info",message:{"data":"/User/refreshtoken"}}
{"timestamp":"2021-05-25 23:56:55","level":"info",message:{"data":"/User/GetApproved/0"}}
{"timestamp":"2021-05-25 23:56:55","level":"info",message:{"data":"/User/getuserlogin"}}
{"timestamp":"2021-05-25 23:56:57","level":"info",message:{"data":"/Getdeafult/listReport"}}
{"timestamp":"2021-05-25 23:56:57","level":"info",message:{"data":"/User/getusersetting"}}
{"timestamp":"2021-05-25 23:56:57","level":"info",message:{"data":"/Getdeafult/get_lst_bieucamimg"}}
{"timestamp":"2021-05-25 23:56:57","level":"info",message:{"data":"/User/GetListUserBlockMe"}}
{"timestamp":"2021-05-25 23:56:57","level":"info",message:{"data":"/User/getHistoryEmoj"}}
{"timestamp":"2021-05-25 23:56:57","level":"info",message:{"data":"/User/getlistemoj"}}
{"timestamp":"2021-05-25 23:56:57","level":"info",message:{"data":"/User/GetListBlockUser"}}
{"timestamp":"2021-05-25 23:56:57","level":"info",message:{"data":"/Getdeafult/Getemoj"}}
{"timestamp":"2021-05-25 23:56:58","level":"info",message:{"data":"/User/getaproved_send"}}
{"timestamp":"2021-05-25 23:56:58","level":"info",message:{"data":"/User/GetNotification/0"}}
{"timestamp":"2021-05-25 23:56:58","level":"info",message:{"data":"/User/GetApproved/0"}}
{"timestamp":"2021-05-25 23:59:16","level":"info",message:{"data":"Server Start"}}
{"timestamp":"2021-05-25 23:59:20","level":"info",message:{"data":"Server Start"}}
{"timestamp":"2021-05-25 23:59:27","level":"info",message:{"data":"Server Start"}}
{"timestamp":"2021-05-25 23:59:33","level":"info",message:{"data":"Server Start"}}
{"timestamp":"2021-05-25 23:59:39","level":"info",message:{"data":"Server Start"}}
