{"timestamp":"2021-05-09 14:04:37","level":"info",message:{"data":"Server Start"}}
{"timestamp":"2021-05-09 14:04:51","level":"info",message:{"data":"Server Start"}}
{"timestamp":"2021-05-09 14:20:57","level":"info",message:{"data":"Server Start"}}
{"timestamp":"2021-05-09 14:21:14","level":"info",message:{"data":"Server Start"}}
{"timestamp":"2021-05-09 14:22:29","level":"info",message:{"data":"Server Start"}}
{"timestamp":"2021-05-09 14:28:43","level":"info",message:{"data":"Server Start"}}
{"timestamp":"2021-05-09 14:28:55","level":"info",message:{"data":"Server Start"}}
{"timestamp":"2021-05-09 14:29:29","level":"info",message:{"data":"Server Start"}}
{"timestamp":"2021-05-09 14:41:26","level":"info",message:{"data":"Server Start"}}
{"timestamp":"2021-05-09 14:41:30","level":"info",message:{"data":"Server Start"}}
{"timestamp":"2021-05-09 14:41:42","level":"info",message:{"data":"Server Start"}}
{"timestamp":"2021-05-09 14:42:23","level":"info",message:{"data":"Server Start"}}
{"timestamp":"2021-05-09 14:43:24","level":"info",message:{"data":"Server Start"}}
{"timestamp":"2021-05-09 16:00:55","level":"info",message:{"data":"Server Start"}}
{"timestamp":"2021-05-09 16:01:32","level":"info",message:{"data":"Server Start"}}
{"timestamp":"2021-05-09 16:08:12","level":"info",message:{"data":"Server Start"}}
{"timestamp":"2021-05-09 16:08:35","level":"info",message:{"data":"Server Start"}}
{"timestamp":"2021-05-09 16:08:41","level":"info",message:{"data":"Server Start"}}
{"timestamp":"2021-05-09 16:09:20","level":"info",message:{"data":"Server Start"}}
{"timestamp":"2021-05-09 16:13:16","level":"info",message:{"data":"Server Start"}}
{"timestamp":"2021-05-09 16:13:35","level":"info",message:{"data":"Server Start"}}
{"timestamp":"2021-05-09 16:13:37","level":"info",message:{"data":"Server Start"}}
{"timestamp":"2021-05-09 16:13:51","level":"info",message:{"data":"Server Start"}}
{"timestamp":"2021-05-09 16:15:53","level":"info",message:{"data":"Server Start"}}
{"timestamp":"2021-05-09 16:18:15","level":"info",message:{"data":"Server Start"}}
{"timestamp":"2021-05-09 16:19:38","level":"info",message:{"data":"Server Start"}}
{"timestamp":"2021-05-09 16:30:54","level":"info",message:{"data":"Server Start"}}
{"timestamp":"2021-05-09 16:47:04","level":"info",message:{"data":"Server Start"}}
{"timestamp":"2021-05-09 16:47:53","level":"info",message:{"data":"Server Start"}}
{"timestamp":"2021-05-09 16:48:29","level":"info",message:{"data":"Server Start"}}
{"timestamp":"2021-05-09 16:48:40","level":"info",message:{"data":"Server Start"}}
{"timestamp":"2021-05-09 16:49:10","level":"info",message:{"data":"Server Start"}}
{"timestamp":"2021-05-09 16:49:17","level":"info",message:{"data":"Server Start"}}
{"timestamp":"2021-05-09 16:53:14","level":"info",message:{"data":"Server Start"}}
{"timestamp":"2021-05-09 16:53:32","level":"info",message:{"data":"Server Start"}}
{"timestamp":"2021-05-09 16:59:52","level":"info",message:{"data":"Server Start"}}
{"timestamp":"2021-05-09 17:01:12","level":"info",message:{"data":"Server Start"}}
{"timestamp":"2021-05-09 17:01:17","level":"info",message:{"data":"Server Start"}}
{"timestamp":"2021-05-09 17:01:27","level":"info",message:{"data":"Server Start"}}
{"timestamp":"2021-05-09 17:01:58","level":"info",message:{"data":"Server Start"}}
{"timestamp":"2021-05-09 17:05:24","level":"info",message:{"data":"Server Start"}}
{"timestamp":"2021-05-09 17:08:18","level":"info",message:{"data":"Server Start"}}
{"timestamp":"2021-05-09 17:09:41","level":"info",message:{"data":"Server Start"}}
{"timestamp":"2021-05-09 17:10:12","level":"info",message:{"data":"Server Start"}}
{"timestamp":"2021-05-09 17:10:18","level":"info",message:{"data":"Server Start"}}
{"timestamp":"2021-05-09 17:10:55","level":"info",message:{"data":"Server Start"}}
{"timestamp":"2021-05-09 17:11:21","level":"info",message:{"data":"Server Start"}}
{"timestamp":"2021-05-09 17:11:34","level":"info",message:{"data":"Server Start"}}
{"timestamp":"2021-05-09 17:11:51","level":"info",message:{"data":"Server Start"}}
{"timestamp":"2021-05-09 17:13:18","level":"info",message:{"data":"Server Start"}}
{"timestamp":"2021-05-09 17:14:22","level":"info",message:{"data":"Server Start"}}
{"timestamp":"2021-05-09 17:16:26","level":"info",message:{"data":"Server Start"}}
{"timestamp":"2021-05-09 17:16:58","level":"info",message:{"data":"Server Start"}}
{"timestamp":"2021-05-09 17:20:51","level":"info",message:{"data":"Server Start"}}
{"timestamp":"2021-05-09 17:22:30","level":"info",message:{"data":"Server Start"}}
{"timestamp":"2021-05-09 17:24:12","level":"info",message:{"data":"Server Start"}}
{"timestamp":"2021-05-09 17:26:59","level":"info",message:{"data":"Server Start"}}
{"timestamp":"2021-05-09 17:28:03","level":"info",message:{"data":"Server Start"}}
{"timestamp":"2021-05-09 17:28:39","level":"info",message:{"data":"Server Start"}}
{"timestamp":"2021-05-09 17:28:42","level":"info",message:{"data":"Server Start"}}
{"timestamp":"2021-05-09 17:28:56","level":"info",message:{"data":"Server Start"}}
{"timestamp":"2021-05-09 17:29:12","level":"info",message:{"data":"Server Start"}}
{"timestamp":"2021-05-09 17:29:37","level":"info",message:{"data":"Server Start"}}
{"timestamp":"2021-05-09 17:29:44","level":"info",message:{"data":"Server Start"}}
{"timestamp":"2021-05-09 17:37:31","level":"info",message:{"data":"Server Start"}}
{"timestamp":"2021-05-09 17:37:37","level":"info",message:{"data":"Server Start"}}
{"timestamp":"2021-05-09 17:39:55","level":"info",message:{"data":"Server Start"}}
{"timestamp":"2021-05-09 17:40:08","level":"info",message:{"data":"Server Start"}}
{"timestamp":"2021-05-09 17:41:08","level":"info",message:{"data":"Server Start"}}
{"timestamp":"2021-05-09 17:41:28","level":"info",message:{"data":"Server Start"}}
{"timestamp":"2021-05-09 17:41:33","level":"info",message:{"data":"Server Start"}}
{"timestamp":"2021-05-09 17:47:32","level":"info",message:{"data":"Server Start"}}
{"timestamp":"2021-05-09 17:48:43","level":"info",message:{"data":"Server Start"}}
{"timestamp":"2021-05-09 17:55:59","level":"info",message:{"data":"Server Start"}}
{"timestamp":"2021-05-09 17:59:58","level":"info",message:{"data":"Server Start"}}
{"timestamp":"2021-05-09 18:51:04","level":"info",message:{"data":"Server Start"}}
{"timestamp":"2021-05-09 18:51:40","level":"info",message:{"data":"/Menu"}}
{"timestamp":"2021-05-09 18:51:40","level":"info",message:{"data":"/User/getuserlogin"}}
{"timestamp":"2021-05-09 18:51:57","level":"info",message:{"data":"/User/checkusername/ad"}}
{"timestamp":"2021-05-09 18:51:57","level":"info",message:{"data":"/User/checkusername/ad"}}
{"timestamp":"2021-05-09 18:51:57","level":"info",message:{"data":"/User/checkusername/adm"}}
{"timestamp":"2021-05-09 18:51:57","level":"info",message:{"data":"/User/checkusername/admi"}}
{"timestamp":"2021-05-09 18:51:58","level":"info",message:{"data":"/User/checkusername/admin"}}
{"timestamp":"2021-05-09 18:54:07","level":"info",message:{"data":"Server Start"}}
{"timestamp":"2021-05-09 18:56:52","level":"info",message:{"data":"Server Start"}}
{"timestamp":"2021-05-09 19:00:11","level":"error",message:{"data":{"name":"JsonWebTokenError","message":"jwt malformed"},"request":{"url":"/User/ChangeAvatar","header":{"host":"localhost:3001","connection":"keep-alive","content-length":"578782","sec-ch-ua":"\" Not A;Brand\";v=\"99\", \"Chromium\";v=\"90\", \"Google Chrome\";v=\"90\"","accept":"application/json, text/plain, */*","authorization":"Bearer [object Object]","sec-ch-ua-mobile":"?0","user-agent":"Mozilla/5.0 (Windows NT 10.0; Win64; x64) AppleWebKit/537.36 (KHTML, like Gecko) Chrome/90.0.4430.93 Safari/537.36","content-type":"multipart/form-data; boundary=----WebKitFormBoundarykyFZE8Qt6Tj1BPdw","origin":"http://localhost:3000","sec-fetch-site":"same-site","sec-fetch-mode":"cors","sec-fetch-dest":"empty","referer":"http://localhost:3000/","accept-encoding":"gzip, deflate, br","accept-language":"vi-VN,vi;q=0.9,fr-FR;q=0.8,fr;q=0.7,en-US;q=0.6,en;q=0.5"},"body":{},"params":{}}},"stack" : Error: {"data":{"name":"JsonWebTokenError","message":"jwt malformed"},"request":{"url":"/User/ChangeAvatar","header":{"host":"localhost:3001","connection":"keep-alive","content-length":"578782","sec-ch-ua":"\" Not A;Brand\";v=\"99\", \"Chromium\";v=\"90\", \"Google Chrome\";v=\"90\"","accept":"application/json, text/plain, */*","authorization":"Bearer [object Object]","sec-ch-ua-mobile":"?0","user-agent":"Mozilla/5.0 (Windows NT 10.0; Win64; x64) AppleWebKit/537.36 (KHTML, like Gecko) Chrome/90.0.4430.93 Safari/537.36","content-type":"multipart/form-data; boundary=----WebKitFormBoundarykyFZE8Qt6Tj1BPdw","origin":"http://localhost:3000","sec-fetch-site":"same-site","sec-fetch-mode":"cors","sec-fetch-dest":"empty","referer":"http://localhost:3000/","accept-encoding":"gzip, deflate, br","accept-language":"vi-VN,vi;q=0.9,fr-FR;q=0.8,fr;q=0.7,en-US;q=0.6,en;q=0.5"},"body":{},"params":{}}}
    at Object.exports.LogError (G:\REACT\serve-xemphim\api\FuncLib\FuncLog.js:23:19)
    at exports.is_user (G:\REACT\serve-xemphim\api\middleware\token.js:68:9)
    at processTicksAndRejections (internal/process/task_queues.js:97:5)}
{"timestamp":"2021-05-09 19:03:04","level":"info",message:{"data":"Server Start"}}
{"timestamp":"2021-05-09 19:07:43","level":"info",message:{"data":"Server Start"}}
{"timestamp":"2021-05-09 19:07:46","level":"error",message:{"data":"Tên đăng nhập đã tồn tại","request":{"url":"/User/signup","header":{"host":"localhost:3001","connection":"keep-alive","content-length":"212","sec-ch-ua":"\" Not A;Brand\";v=\"99\", \"Chromium\";v=\"90\", \"Google Chrome\";v=\"90\"","accept":"application/json, text/plain, */*","sec-ch-ua-mobile":"?0","user-agent":"Mozilla/5.0 (Windows NT 10.0; Win64; x64) AppleWebKit/537.36 (KHTML, like Gecko) Chrome/90.0.4430.93 Safari/537.36","content-type":"application/json","origin":"http://localhost:3000","sec-fetch-site":"same-site","sec-fetch-mode":"cors","sec-fetch-dest":"empty","referer":"http://localhost:3000/","accept-encoding":"gzip, deflate, br","accept-language":"vi-VN,vi;q=0.9,fr-FR;q=0.8,fr;q=0.7,en-US;q=0.6,en;q=0.5"},"body":{"username":"admin","pass":"anhtrong94","email":"","hoten":"admin","birtday":"1994-05-24","gioitinh":1,"thanhpho":{"val":22,"name":"Hà Nam"},"diachi":"sadwd","sdt":"0123456789","sothich":"asdawd","urlavatar":""},"params":{}}},"stack" : Error: {"data":"Tên đăng nhập đã tồn tại","request":{"url":"/User/signup","header":{"host":"localhost:3001","connection":"keep-alive","content-length":"212","sec-ch-ua":"\" Not A;Brand\";v=\"99\", \"Chromium\";v=\"90\", \"Google Chrome\";v=\"90\"","accept":"application/json, text/plain, */*","sec-ch-ua-mobile":"?0","user-agent":"Mozilla/5.0 (Windows NT 10.0; Win64; x64) AppleWebKit/537.36 (KHTML, like Gecko) Chrome/90.0.4430.93 Safari/537.36","content-type":"application/json","origin":"http://localhost:3000","sec-fetch-site":"same-site","sec-fetch-mode":"cors","sec-fetch-dest":"empty","referer":"http://localhost:3000/","accept-encoding":"gzip, deflate, br","accept-language":"vi-VN,vi;q=0.9,fr-FR;q=0.8,fr;q=0.7,en-US;q=0.6,en;q=0.5"},"body":{"username":"admin","pass":"anhtrong94","email":"","hoten":"admin","birtday":"1994-05-24","gioitinh":1,"thanhpho":{"val":22,"name":"Hà Nam"},"diachi":"sadwd","sdt":"0123456789","sothich":"asdawd","urlavatar":""},"params":{}}}
    at Object.exports.LogError (G:\REACT\serve-xemphim\api\FuncLib\FuncLog.js:23:19)
    at G:\REACT\serve-xemphim\api\controller\user.js:208:21
    at processTicksAndRejections (internal/process/task_queues.js:97:5)}
{"timestamp":"2021-05-09 19:07:49","level":"error",message:{"data":"Tên đăng nhập đã tồn tại","request":{"url":"/User/signup","header":{"host":"localhost:3001","connection":"keep-alive","content-length":"212","sec-ch-ua":"\" Not A;Brand\";v=\"99\", \"Chromium\";v=\"90\", \"Google Chrome\";v=\"90\"","accept":"application/json, text/plain, */*","sec-ch-ua-mobile":"?0","user-agent":"Mozilla/5.0 (Windows NT 10.0; Win64; x64) AppleWebKit/537.36 (KHTML, like Gecko) Chrome/90.0.4430.93 Safari/537.36","content-type":"application/json","origin":"http://localhost:3000","sec-fetch-site":"same-site","sec-fetch-mode":"cors","sec-fetch-dest":"empty","referer":"http://localhost:3000/","accept-encoding":"gzip, deflate, br","accept-language":"vi-VN,vi;q=0.9,fr-FR;q=0.8,fr;q=0.7,en-US;q=0.6,en;q=0.5"},"body":{"username":"admin","pass":"anhtrong94","email":"","hoten":"admin","birtday":"1994-05-24","gioitinh":1,"thanhpho":{"val":22,"name":"Hà Nam"},"diachi":"sadwd","sdt":"0123456789","sothich":"asdawd","urlavatar":""},"params":{}}},"stack" : Error: {"data":"Tên đăng nhập đã tồn tại","request":{"url":"/User/signup","header":{"host":"localhost:3001","connection":"keep-alive","content-length":"212","sec-ch-ua":"\" Not A;Brand\";v=\"99\", \"Chromium\";v=\"90\", \"Google Chrome\";v=\"90\"","accept":"application/json, text/plain, */*","sec-ch-ua-mobile":"?0","user-agent":"Mozilla/5.0 (Windows NT 10.0; Win64; x64) AppleWebKit/537.36 (KHTML, like Gecko) Chrome/90.0.4430.93 Safari/537.36","content-type":"application/json","origin":"http://localhost:3000","sec-fetch-site":"same-site","sec-fetch-mode":"cors","sec-fetch-dest":"empty","referer":"http://localhost:3000/","accept-encoding":"gzip, deflate, br","accept-language":"vi-VN,vi;q=0.9,fr-FR;q=0.8,fr;q=0.7,en-US;q=0.6,en;q=0.5"},"body":{"username":"admin","pass":"anhtrong94","email":"","hoten":"admin","birtday":"1994-05-24","gioitinh":1,"thanhpho":{"val":22,"name":"Hà Nam"},"diachi":"sadwd","sdt":"0123456789","sothich":"asdawd","urlavatar":""},"params":{}}}
    at Object.exports.LogError (G:\REACT\serve-xemphim\api\FuncLib\FuncLog.js:23:19)
    at G:\REACT\serve-xemphim\api\controller\user.js:208:21
    at processTicksAndRejections (internal/process/task_queues.js:97:5)}
{"timestamp":"2021-05-09 19:08:01","level":"error",message:{"data":"Tên đăng nhập đã tồn tại","request":{"url":"/User/signup","header":{"host":"localhost:3001","connection":"keep-alive","content-length":"212","sec-ch-ua":"\" Not A;Brand\";v=\"99\", \"Chromium\";v=\"90\", \"Google Chrome\";v=\"90\"","accept":"application/json, text/plain, */*","sec-ch-ua-mobile":"?0","user-agent":"Mozilla/5.0 (Windows NT 10.0; Win64; x64) AppleWebKit/537.36 (KHTML, like Gecko) Chrome/90.0.4430.93 Safari/537.36","content-type":"application/json","origin":"http://localhost:3000","sec-fetch-site":"same-site","sec-fetch-mode":"cors","sec-fetch-dest":"empty","referer":"http://localhost:3000/","accept-encoding":"gzip, deflate, br","accept-language":"vi-VN,vi;q=0.9,fr-FR;q=0.8,fr;q=0.7,en-US;q=0.6,en;q=0.5"},"body":{"username":"admin","pass":"anhtrong94","email":"","hoten":"admin","birtday":"1994-05-24","gioitinh":1,"thanhpho":{"val":22,"name":"Hà Nam"},"diachi":"sadwd","sdt":"0123456789","sothich":"asdawd","urlavatar":""},"params":{}}},"stack" : Error: {"data":"Tên đăng nhập đã tồn tại","request":{"url":"/User/signup","header":{"host":"localhost:3001","connection":"keep-alive","content-length":"212","sec-ch-ua":"\" Not A;Brand\";v=\"99\", \"Chromium\";v=\"90\", \"Google Chrome\";v=\"90\"","accept":"application/json, text/plain, */*","sec-ch-ua-mobile":"?0","user-agent":"Mozilla/5.0 (Windows NT 10.0; Win64; x64) AppleWebKit/537.36 (KHTML, like Gecko) Chrome/90.0.4430.93 Safari/537.36","content-type":"application/json","origin":"http://localhost:3000","sec-fetch-site":"same-site","sec-fetch-mode":"cors","sec-fetch-dest":"empty","referer":"http://localhost:3000/","accept-encoding":"gzip, deflate, br","accept-language":"vi-VN,vi;q=0.9,fr-FR;q=0.8,fr;q=0.7,en-US;q=0.6,en;q=0.5"},"body":{"username":"admin","pass":"anhtrong94","email":"","hoten":"admin","birtday":"1994-05-24","gioitinh":1,"thanhpho":{"val":22,"name":"Hà Nam"},"diachi":"sadwd","sdt":"0123456789","sothich":"asdawd","urlavatar":""},"params":{}}}
    at Object.exports.LogError (G:\REACT\serve-xemphim\api\FuncLib\FuncLog.js:23:19)
    at G:\REACT\serve-xemphim\api\controller\user.js:208:21
    at processTicksAndRejections (internal/process/task_queues.js:97:5)}
{"timestamp":"2021-05-09 19:08:52","level":"info",message:{"data":"Server Start"}}
{"timestamp":"2021-05-09 19:08:56","level":"error",message:{"data":"Tên đăng nhập đã tồn tại","request":{"url":"/User/signup","header":{"host":"localhost:3001","connection":"keep-alive","content-length":"212","sec-ch-ua":"\" Not A;Brand\";v=\"99\", \"Chromium\";v=\"90\", \"Google Chrome\";v=\"90\"","accept":"application/json, text/plain, */*","sec-ch-ua-mobile":"?0","user-agent":"Mozilla/5.0 (Windows NT 10.0; Win64; x64) AppleWebKit/537.36 (KHTML, like Gecko) Chrome/90.0.4430.93 Safari/537.36","content-type":"application/json","origin":"http://localhost:3000","sec-fetch-site":"same-site","sec-fetch-mode":"cors","sec-fetch-dest":"empty","referer":"http://localhost:3000/","accept-encoding":"gzip, deflate, br","accept-language":"vi-VN,vi;q=0.9,fr-FR;q=0.8,fr;q=0.7,en-US;q=0.6,en;q=0.5"},"body":{"username":"admin","pass":"anhtrong94","email":"","hoten":"admin","birtday":"1994-05-24","gioitinh":1,"thanhpho":{"val":22,"name":"Hà Nam"},"diachi":"sadwd","sdt":"0123456789","sothich":"asdawd","urlavatar":""},"params":{}}},"stack" : Error: {"data":"Tên đăng nhập đã tồn tại","request":{"url":"/User/signup","header":{"host":"localhost:3001","connection":"keep-alive","content-length":"212","sec-ch-ua":"\" Not A;Brand\";v=\"99\", \"Chromium\";v=\"90\", \"Google Chrome\";v=\"90\"","accept":"application/json, text/plain, */*","sec-ch-ua-mobile":"?0","user-agent":"Mozilla/5.0 (Windows NT 10.0; Win64; x64) AppleWebKit/537.36 (KHTML, like Gecko) Chrome/90.0.4430.93 Safari/537.36","content-type":"application/json","origin":"http://localhost:3000","sec-fetch-site":"same-site","sec-fetch-mode":"cors","sec-fetch-dest":"empty","referer":"http://localhost:3000/","accept-encoding":"gzip, deflate, br","accept-language":"vi-VN,vi;q=0.9,fr-FR;q=0.8,fr;q=0.7,en-US;q=0.6,en;q=0.5"},"body":{"username":"admin","pass":"anhtrong94","email":"","hoten":"admin","birtday":"1994-05-24","gioitinh":1,"thanhpho":{"val":22,"name":"Hà Nam"},"diachi":"sadwd","sdt":"0123456789","sothich":"asdawd","urlavatar":""},"params":{}}}
    at Object.exports.LogError (G:\REACT\serve-xemphim\api\FuncLib\FuncLog.js:23:19)
    at G:\REACT\serve-xemphim\api\controller\user.js:208:21
    at processTicksAndRejections (internal/process/task_queues.js:97:5)}
{"timestamp":"2021-05-09 19:12:00","level":"info",message:{"data":"Server Start"}}
{"timestamp":"2021-05-09 19:13:28","level":"error",message:{"data":"Unauthorized","request":{"url":"/User/ChangeAvatar","header":{"host":"localhost:3001","connection":"keep-alive","content-length":"578782","sec-ch-ua":"\" Not A;Brand\";v=\"99\", \"Chromium\";v=\"90\", \"Google Chrome\";v=\"90\"","accept":"application/json, text/plain, */*","authorization":"Bearer eyJhbGciOiJIUzI1NiIsInR5cCI6IkpXVCJ9.eyJkYXRhIjp7ImlkIjoiNjA5N2QxZTczNGQ3MGYxNGJjOWZmOWFhIiwidXNlcm5hbWUiOiJhZG1pbiIsImxldmVsIjowLCJ0eXBlIjowLCJjcmVhdHRpbWUiOiIyMDIxLTA1LTA5VDEyOjEzOjI3Ljk2OVoifSwiaWF0IjoxNjIwNTYyNDA3LCJleHAiOjE2MjA1ODA0MDd9.zlzUitD4sEbjAzyLOpog2cc0zIW9SPPYI6qtrToVkHA","sec-ch-ua-mobile":"?0","user-agent":"Mozilla/5.0 (Windows NT 10.0; Win64; x64) AppleWebKit/537.36 (KHTML, like Gecko) Chrome/90.0.4430.93 Safari/537.36","content-type":"multipart/form-data; boundary=----WebKitFormBoundaryvxVEItEUVFJo7cQQ","origin":"http://localhost:3000","sec-fetch-site":"same-site","sec-fetch-mode":"cors","sec-fetch-dest":"empty","referer":"http://localhost:3000/","accept-encoding":"gzip, deflate, br","accept-language":"vi-VN,vi;q=0.9,fr-FR;q=0.8,fr;q=0.7,en-US;q=0.6,en;q=0.5"},"body":{},"params":{}}},"stack" : Error: {"data":"Unauthorized","request":{"url":"/User/ChangeAvatar","header":{"host":"localhost:3001","connection":"keep-alive","content-length":"578782","sec-ch-ua":"\" Not A;Brand\";v=\"99\", \"Chromium\";v=\"90\", \"Google Chrome\";v=\"90\"","accept":"application/json, text/plain, */*","authorization":"Bearer eyJhbGciOiJIUzI1NiIsInR5cCI6IkpXVCJ9.eyJkYXRhIjp7ImlkIjoiNjA5N2QxZTczNGQ3MGYxNGJjOWZmOWFhIiwidXNlcm5hbWUiOiJhZG1pbiIsImxldmVsIjowLCJ0eXBlIjowLCJjcmVhdHRpbWUiOiIyMDIxLTA1LTA5VDEyOjEzOjI3Ljk2OVoifSwiaWF0IjoxNjIwNTYyNDA3LCJleHAiOjE2MjA1ODA0MDd9.zlzUitD4sEbjAzyLOpog2cc0zIW9SPPYI6qtrToVkHA","sec-ch-ua-mobile":"?0","user-agent":"Mozilla/5.0 (Windows NT 10.0; Win64; x64) AppleWebKit/537.36 (KHTML, like Gecko) Chrome/90.0.4430.93 Safari/537.36","content-type":"multipart/form-data; boundary=----WebKitFormBoundaryvxVEItEUVFJo7cQQ","origin":"http://localhost:3000","sec-fetch-site":"same-site","sec-fetch-mode":"cors","sec-fetch-dest":"empty","referer":"http://localhost:3000/","accept-encoding":"gzip, deflate, br","accept-language":"vi-VN,vi;q=0.9,fr-FR;q=0.8,fr;q=0.7,en-US;q=0.6,en;q=0.5"},"body":{},"params":{}}}
    at Object.exports.LogError (G:\REACT\serve-xemphim\api\FuncLib\FuncLog.js:23:19)
    at exports.is_user (G:\REACT\serve-xemphim\api\middleware\token.js:62:10)
    at processTicksAndRejections (internal/process/task_queues.js:97:5)}
{"timestamp":"2021-05-09 19:15:17","level":"info",message:{"data":"Server Start"}}
{"timestamp":"2021-05-09 19:15:57","level":"error",message:{"data":"Unauthorized","request":{"url":"/User/ChangeAvatar","header":{"host":"localhost:3001","connection":"keep-alive","content-length":"578782","sec-ch-ua":"\" Not A;Brand\";v=\"99\", \"Chromium\";v=\"90\", \"Google Chrome\";v=\"90\"","accept":"application/json, text/plain, */*","authorization":"Bearer eyJhbGciOiJIUzI1NiIsInR5cCI6IkpXVCJ9.eyJkYXRhIjp7ImlkIjoiNjA5N2QyN2M5NmJlYjg0MjFjY2ExZmZmIiwidXNlcm5hbWUiOiJhZG1pbiIsImxldmVsIjowLCJ0eXBlIjowLCJjcmVhdHRpbWUiOiIyMDIxLTA1LTA5VDEyOjE1OjU2LjgzN1oifSwiaWF0IjoxNjIwNTYyNTU2LCJleHAiOjE2MjA1ODA1NTZ9.SGAUvh7_Us7wPE8Ukf1d3kbs-sLUNlYTtq9N6qfuywo","sec-ch-ua-mobile":"?0","user-agent":"Mozilla/5.0 (Windows NT 10.0; Win64; x64) AppleWebKit/537.36 (KHTML, like Gecko) Chrome/90.0.4430.93 Safari/537.36","content-type":"multipart/form-data; boundary=----WebKitFormBoundaryGLdk7X7lMza777Ly","origin":"http://localhost:3000","sec-fetch-site":"same-site","sec-fetch-mode":"cors","sec-fetch-dest":"empty","referer":"http://localhost:3000/","accept-encoding":"gzip, deflate, br","accept-language":"vi-VN,vi;q=0.9,fr-FR;q=0.8,fr;q=0.7,en-US;q=0.6,en;q=0.5"},"body":{},"params":{}}},"stack" : Error: {"data":"Unauthorized","request":{"url":"/User/ChangeAvatar","header":{"host":"localhost:3001","connection":"keep-alive","content-length":"578782","sec-ch-ua":"\" Not A;Brand\";v=\"99\", \"Chromium\";v=\"90\", \"Google Chrome\";v=\"90\"","accept":"application/json, text/plain, */*","authorization":"Bearer eyJhbGciOiJIUzI1NiIsInR5cCI6IkpXVCJ9.eyJkYXRhIjp7ImlkIjoiNjA5N2QyN2M5NmJlYjg0MjFjY2ExZmZmIiwidXNlcm5hbWUiOiJhZG1pbiIsImxldmVsIjowLCJ0eXBlIjowLCJjcmVhdHRpbWUiOiIyMDIxLTA1LTA5VDEyOjE1OjU2LjgzN1oifSwiaWF0IjoxNjIwNTYyNTU2LCJleHAiOjE2MjA1ODA1NTZ9.SGAUvh7_Us7wPE8Ukf1d3kbs-sLUNlYTtq9N6qfuywo","sec-ch-ua-mobile":"?0","user-agent":"Mozilla/5.0 (Windows NT 10.0; Win64; x64) AppleWebKit/537.36 (KHTML, like Gecko) Chrome/90.0.4430.93 Safari/537.36","content-type":"multipart/form-data; boundary=----WebKitFormBoundaryGLdk7X7lMza777Ly","origin":"http://localhost:3000","sec-fetch-site":"same-site","sec-fetch-mode":"cors","sec-fetch-dest":"empty","referer":"http://localhost:3000/","accept-encoding":"gzip, deflate, br","accept-language":"vi-VN,vi;q=0.9,fr-FR;q=0.8,fr;q=0.7,en-US;q=0.6,en;q=0.5"},"body":{},"params":{}}}
    at Object.exports.LogError (G:\REACT\serve-xemphim\api\FuncLib\FuncLog.js:23:19)
    at exports.is_user (G:\REACT\serve-xemphim\api\middleware\token.js:62:10)
    at processTicksAndRejections (internal/process/task_queues.js:97:5)}
{"timestamp":"2021-05-09 19:21:14","level":"info",message:{"data":"Server Start"}}
{"timestamp":"2021-05-09 19:21:51","level":"error",message:{"data":{},"request":{"url":"/User/ChangeAvatar","header":{"host":"localhost:3001","connection":"keep-alive","content-length":"578782","sec-ch-ua":"\" Not A;Brand\";v=\"99\", \"Chromium\";v=\"90\", \"Google Chrome\";v=\"90\"","accept":"application/json, text/plain, */*","authorization":"Bearer eyJhbGciOiJIUzI1NiIsInR5cCI6IkpXVCJ9.eyJkYXRhIjp7ImlkIjoiNjA5N2QzZGQzNjVjYTEyMGI4YWUzOTk3IiwidXNlcm5hbWUiOiJhZG1pbiIsImxldmVsIjowLCJ0eXBlIjowLCJjcmVhdHRpbWUiOiIyMDIxLTA1LTA5VDEyOjIxOjQ5LjY5NVoifSwiaWF0IjoxNjIwNTYyOTA5LCJleHAiOjE2MjA1ODA5MDl9.Xeo2ts4Pq6aUU49OCqmVncwwFYqByOpstBs27AP3jGU","sec-ch-ua-mobile":"?0","user-agent":"Mozilla/5.0 (Windows NT 10.0; Win64; x64) AppleWebKit/537.36 (KHTML, like Gecko) Chrome/90.0.4430.93 Safari/537.36","content-type":"multipart/form-data; boundary=----WebKitFormBoundaryNvHiUz4LgVxAj3d1","origin":"http://localhost:3000","sec-fetch-site":"same-site","sec-fetch-mode":"cors","sec-fetch-dest":"empty","referer":"http://localhost:3000/","accept-encoding":"gzip, deflate, br","accept-language":"vi-VN,vi;q=0.9,fr-FR;q=0.8,fr;q=0.7,en-US;q=0.6,en;q=0.5"},"body":{},"params":{}}},"stack" : Error: {"data":{},"request":{"url":"/User/ChangeAvatar","header":{"host":"localhost:3001","connection":"keep-alive","content-length":"578782","sec-ch-ua":"\" Not A;Brand\";v=\"99\", \"Chromium\";v=\"90\", \"Google Chrome\";v=\"90\"","accept":"application/json, text/plain, */*","authorization":"Bearer eyJhbGciOiJIUzI1NiIsInR5cCI6IkpXVCJ9.eyJkYXRhIjp7ImlkIjoiNjA5N2QzZGQzNjVjYTEyMGI4YWUzOTk3IiwidXNlcm5hbWUiOiJhZG1pbiIsImxldmVsIjowLCJ0eXBlIjowLCJjcmVhdHRpbWUiOiIyMDIxLTA1LTA5VDEyOjIxOjQ5LjY5NVoifSwiaWF0IjoxNjIwNTYyOTA5LCJleHAiOjE2MjA1ODA5MDl9.Xeo2ts4Pq6aUU49OCqmVncwwFYqByOpstBs27AP3jGU","sec-ch-ua-mobile":"?0","user-agent":"Mozilla/5.0 (Windows NT 10.0; Win64; x64) AppleWebKit/537.36 (KHTML, like Gecko) Chrome/90.0.4430.93 Safari/537.36","content-type":"multipart/form-data; boundary=----WebKitFormBoundaryNvHiUz4LgVxAj3d1","origin":"http://localhost:3000","sec-fetch-site":"same-site","sec-fetch-mode":"cors","sec-fetch-dest":"empty","referer":"http://localhost:3000/","accept-encoding":"gzip, deflate, br","accept-language":"vi-VN,vi;q=0.9,fr-FR;q=0.8,fr;q=0.7,en-US;q=0.6,en;q=0.5"},"body":{},"params":{}}}
    at Object.exports.LogError (G:\REACT\serve-xemphim\api\FuncLib\FuncLog.js:23:19)
    at G:\REACT\serve-xemphim\api\controller\uploadfile.js:29:17
    at processTicksAndRejections (internal/process/task_queues.js:97:5)}
{"timestamp":"2021-05-09 19:24:13","level":"error",message:{"data":{},"request":{"url":"/User/ChangeAvatar","header":{"authorization":"Bearer eyJhbGciOiJIUzI1NiIsInR5cCI6IkpXVCJ9.eyJkYXRhIjp7ImlkIjoiNjA5N2QzZGQzNjVjYTEyMGI4YWUzOTk3IiwidXNlcm5hbWUiOiJhZG1pbiIsImxldmVsIjowLCJ0eXBlIjowLCJjcmVhdHRpbWUiOiIyMDIxLTA1LTA5VDEyOjIxOjQ5LjY5NVoifSwiaWF0IjoxNjIwNTYyOTA5LCJleHAiOjE2MjA1ODA5MDl9.Xeo2ts4Pq6aUU49OCqmVncwwFYqByOpstBs27AP3jGU","user-agent":"PostmanRuntime/7.26.8","accept":"*/*","postman-token":"146b6f6d-2443-4953-9711-f5f5a9655e86","host":"localhost:3001","accept-encoding":"gzip, deflate, br","connection":"keep-alive","content-type":"multipart/form-data; boundary=--------------------------954996924944936236436659","content-length":"20948"},"body":{},"params":{}}},"stack" : Error: {"data":{},"request":{"url":"/User/ChangeAvatar","header":{"authorization":"Bearer eyJhbGciOiJIUzI1NiIsInR5cCI6IkpXVCJ9.eyJkYXRhIjp7ImlkIjoiNjA5N2QzZGQzNjVjYTEyMGI4YWUzOTk3IiwidXNlcm5hbWUiOiJhZG1pbiIsImxldmVsIjowLCJ0eXBlIjowLCJjcmVhdHRpbWUiOiIyMDIxLTA1LTA5VDEyOjIxOjQ5LjY5NVoifSwiaWF0IjoxNjIwNTYyOTA5LCJleHAiOjE2MjA1ODA5MDl9.Xeo2ts4Pq6aUU49OCqmVncwwFYqByOpstBs27AP3jGU","user-agent":"PostmanRuntime/7.26.8","accept":"*/*","postman-token":"146b6f6d-2443-4953-9711-f5f5a9655e86","host":"localhost:3001","accept-encoding":"gzip, deflate, br","connection":"keep-alive","content-type":"multipart/form-data; boundary=--------------------------954996924944936236436659","content-length":"20948"},"body":{},"params":{}}}
    at Object.exports.LogError (G:\REACT\serve-xemphim\api\FuncLib\FuncLog.js:23:19)
    at G:\REACT\serve-xemphim\api\controller\uploadfile.js:29:17
    at processTicksAndRejections (internal/process/task_queues.js:97:5)}
{"timestamp":"2021-05-09 19:24:50","level":"error",message:{"data":{},"request":{"url":"/User/ChangeAvatar","header":{"authorization":"Bearer eyJhbGciOiJIUzI1NiIsInR5cCI6IkpXVCJ9.eyJkYXRhIjp7ImlkIjoiNjA5N2QzZGQzNjVjYTEyMGI4YWUzOTk3IiwidXNlcm5hbWUiOiJhZG1pbiIsImxldmVsIjowLCJ0eXBlIjowLCJjcmVhdHRpbWUiOiIyMDIxLTA1LTA5VDEyOjIxOjQ5LjY5NVoifSwiaWF0IjoxNjIwNTYyOTA5LCJleHAiOjE2MjA1ODA5MDl9.Xeo2ts4Pq6aUU49OCqmVncwwFYqByOpstBs27AP3jGU","user-agent":"PostmanRuntime/7.26.8","accept":"*/*","postman-token":"977122de-9968-4bfc-99fc-416c86720914","host":"localhost:3001","accept-encoding":"gzip, deflate, br","connection":"keep-alive","content-type":"multipart/form-data; boundary=--------------------------944869685453735729601929","content-length":"20948"},"body":{},"params":{}}},"stack" : Error: {"data":{},"request":{"url":"/User/ChangeAvatar","header":{"authorization":"Bearer eyJhbGciOiJIUzI1NiIsInR5cCI6IkpXVCJ9.eyJkYXRhIjp7ImlkIjoiNjA5N2QzZGQzNjVjYTEyMGI4YWUzOTk3IiwidXNlcm5hbWUiOiJhZG1pbiIsImxldmVsIjowLCJ0eXBlIjowLCJjcmVhdHRpbWUiOiIyMDIxLTA1LTA5VDEyOjIxOjQ5LjY5NVoifSwiaWF0IjoxNjIwNTYyOTA5LCJleHAiOjE2MjA1ODA5MDl9.Xeo2ts4Pq6aUU49OCqmVncwwFYqByOpstBs27AP3jGU","user-agent":"PostmanRuntime/7.26.8","accept":"*/*","postman-token":"977122de-9968-4bfc-99fc-416c86720914","host":"localhost:3001","accept-encoding":"gzip, deflate, br","connection":"keep-alive","content-type":"multipart/form-data; boundary=--------------------------944869685453735729601929","content-length":"20948"},"body":{},"params":{}}}
    at Object.exports.LogError (G:\REACT\serve-xemphim\api\FuncLib\FuncLog.js:23:19)
    at G:\REACT\serve-xemphim\api\controller\uploadfile.js:29:17
    at processTicksAndRejections (internal/process/task_queues.js:97:5)}
{"timestamp":"2021-05-09 19:26:39","level":"info",message:{"data":"Server Start"}}
{"timestamp":"2021-05-09 19:26:42","level":"error",message:{"data":{},"request":{"url":"/User/ChangeAvatar","header":{"authorization":"Bearer eyJhbGciOiJIUzI1NiIsInR5cCI6IkpXVCJ9.eyJkYXRhIjp7ImlkIjoiNjA5N2QzZGQzNjVjYTEyMGI4YWUzOTk3IiwidXNlcm5hbWUiOiJhZG1pbiIsImxldmVsIjowLCJ0eXBlIjowLCJjcmVhdHRpbWUiOiIyMDIxLTA1LTA5VDEyOjIxOjQ5LjY5NVoifSwiaWF0IjoxNjIwNTYyOTA5LCJleHAiOjE2MjA1ODA5MDl9.Xeo2ts4Pq6aUU49OCqmVncwwFYqByOpstBs27AP3jGU","user-agent":"PostmanRuntime/7.26.8","accept":"*/*","postman-token":"106215d5-3923-44fb-ad0a-ca4bc1f9f19f","host":"localhost:3001","accept-encoding":"gzip, deflate, br","connection":"keep-alive","content-type":"multipart/form-data; boundary=--------------------------238168142971589820783855","content-length":"20948"},"body":{},"params":{}}},"stack" : Error: {"data":{},"request":{"url":"/User/ChangeAvatar","header":{"authorization":"Bearer eyJhbGciOiJIUzI1NiIsInR5cCI6IkpXVCJ9.eyJkYXRhIjp7ImlkIjoiNjA5N2QzZGQzNjVjYTEyMGI4YWUzOTk3IiwidXNlcm5hbWUiOiJhZG1pbiIsImxldmVsIjowLCJ0eXBlIjowLCJjcmVhdHRpbWUiOiIyMDIxLTA1LTA5VDEyOjIxOjQ5LjY5NVoifSwiaWF0IjoxNjIwNTYyOTA5LCJleHAiOjE2MjA1ODA5MDl9.Xeo2ts4Pq6aUU49OCqmVncwwFYqByOpstBs27AP3jGU","user-agent":"PostmanRuntime/7.26.8","accept":"*/*","postman-token":"106215d5-3923-44fb-ad0a-ca4bc1f9f19f","host":"localhost:3001","accept-encoding":"gzip, deflate, br","connection":"keep-alive","content-type":"multipart/form-data; boundary=--------------------------238168142971589820783855","content-length":"20948"},"body":{},"params":{}}}
    at Object.exports.LogError (G:\REACT\serve-xemphim\api\FuncLib\FuncLog.js:23:19)
    at G:\REACT\serve-xemphim\api\controller\uploadfile.js:30:17
    at processTicksAndRejections (internal/process/task_queues.js:97:5)}
{"timestamp":"2021-05-09 19:27:05","level":"info",message:{"data":"Server Start"}}
{"timestamp":"2021-05-09 19:27:08","level":"error",message:{"data":{},"request":{"url":"/User/ChangeAvatar","header":{"authorization":"Bearer eyJhbGciOiJIUzI1NiIsInR5cCI6IkpXVCJ9.eyJkYXRhIjp7ImlkIjoiNjA5N2QzZGQzNjVjYTEyMGI4YWUzOTk3IiwidXNlcm5hbWUiOiJhZG1pbiIsImxldmVsIjowLCJ0eXBlIjowLCJjcmVhdHRpbWUiOiIyMDIxLTA1LTA5VDEyOjIxOjQ5LjY5NVoifSwiaWF0IjoxNjIwNTYyOTA5LCJleHAiOjE2MjA1ODA5MDl9.Xeo2ts4Pq6aUU49OCqmVncwwFYqByOpstBs27AP3jGU","user-agent":"PostmanRuntime/7.26.8","accept":"*/*","postman-token":"4603ffd3-5962-4b6a-9410-5a72ae573faf","host":"localhost:3001","accept-encoding":"gzip, deflate, br","connection":"keep-alive","content-type":"multipart/form-data; boundary=--------------------------828758043133714833303525","content-length":"20948"},"body":{},"params":{}}},"stack" : Error: {"data":{},"request":{"url":"/User/ChangeAvatar","header":{"authorization":"Bearer eyJhbGciOiJIUzI1NiIsInR5cCI6IkpXVCJ9.eyJkYXRhIjp7ImlkIjoiNjA5N2QzZGQzNjVjYTEyMGI4YWUzOTk3IiwidXNlcm5hbWUiOiJhZG1pbiIsImxldmVsIjowLCJ0eXBlIjowLCJjcmVhdHRpbWUiOiIyMDIxLTA1LTA5VDEyOjIxOjQ5LjY5NVoifSwiaWF0IjoxNjIwNTYyOTA5LCJleHAiOjE2MjA1ODA5MDl9.Xeo2ts4Pq6aUU49OCqmVncwwFYqByOpstBs27AP3jGU","user-agent":"PostmanRuntime/7.26.8","accept":"*/*","postman-token":"4603ffd3-5962-4b6a-9410-5a72ae573faf","host":"localhost:3001","accept-encoding":"gzip, deflate, br","connection":"keep-alive","content-type":"multipart/form-data; boundary=--------------------------828758043133714833303525","content-length":"20948"},"body":{},"params":{}}}
    at Object.exports.LogError (G:\REACT\serve-xemphim\api\FuncLib\FuncLog.js:23:19)
    at G:\REACT\serve-xemphim\api\controller\uploadfile.js:31:17
    at processTicksAndRejections (internal/process/task_queues.js:97:5)}
{"timestamp":"2021-05-09 19:28:33","level":"info",message:{"data":"Server Start"}}
{"timestamp":"2021-05-09 19:28:38","level":"error",message:{"data":{},"request":{"url":"/User/ChangeAvatar","header":{"authorization":"Bearer eyJhbGciOiJIUzI1NiIsInR5cCI6IkpXVCJ9.eyJkYXRhIjp7ImlkIjoiNjA5N2QzZGQzNjVjYTEyMGI4YWUzOTk3IiwidXNlcm5hbWUiOiJhZG1pbiIsImxldmVsIjowLCJ0eXBlIjowLCJjcmVhdHRpbWUiOiIyMDIxLTA1LTA5VDEyOjIxOjQ5LjY5NVoifSwiaWF0IjoxNjIwNTYyOTA5LCJleHAiOjE2MjA1ODA5MDl9.Xeo2ts4Pq6aUU49OCqmVncwwFYqByOpstBs27AP3jGU","user-agent":"PostmanRuntime/7.26.8","accept":"*/*","postman-token":"739bd700-36b9-4711-b158-afea557f3b2a","host":"localhost:3001","accept-encoding":"gzip, deflate, br","connection":"keep-alive","content-type":"multipart/form-data; boundary=--------------------------028105001628211276662721","content-length":"20948"},"body":{},"params":{}}},"stack" : Error: {"data":{},"request":{"url":"/User/ChangeAvatar","header":{"authorization":"Bearer eyJhbGciOiJIUzI1NiIsInR5cCI6IkpXVCJ9.eyJkYXRhIjp7ImlkIjoiNjA5N2QzZGQzNjVjYTEyMGI4YWUzOTk3IiwidXNlcm5hbWUiOiJhZG1pbiIsImxldmVsIjowLCJ0eXBlIjowLCJjcmVhdHRpbWUiOiIyMDIxLTA1LTA5VDEyOjIxOjQ5LjY5NVoifSwiaWF0IjoxNjIwNTYyOTA5LCJleHAiOjE2MjA1ODA5MDl9.Xeo2ts4Pq6aUU49OCqmVncwwFYqByOpstBs27AP3jGU","user-agent":"PostmanRuntime/7.26.8","accept":"*/*","postman-token":"739bd700-36b9-4711-b158-afea557f3b2a","host":"localhost:3001","accept-encoding":"gzip, deflate, br","connection":"keep-alive","content-type":"multipart/form-data; boundary=--------------------------028105001628211276662721","content-length":"20948"},"body":{},"params":{}}}
    at Object.exports.LogError (G:\REACT\serve-xemphim\api\FuncLib\FuncLog.js:23:19)
    at G:\REACT\serve-xemphim\api\controller\uploadfile.js:33:17
    at processTicksAndRejections (internal/process/task_queues.js:97:5)}
{"timestamp":"2021-05-09 19:28:55","level":"error",message:{"data":{},"request":{"url":"/User/ChangeAvatar","header":{"authorization":"Bearer eyJhbGciOiJIUzI1NiIsInR5cCI6IkpXVCJ9.eyJkYXRhIjp7ImlkIjoiNjA5N2QzZGQzNjVjYTEyMGI4YWUzOTk3IiwidXNlcm5hbWUiOiJhZG1pbiIsImxldmVsIjowLCJ0eXBlIjowLCJjcmVhdHRpbWUiOiIyMDIxLTA1LTA5VDEyOjIxOjQ5LjY5NVoifSwiaWF0IjoxNjIwNTYyOTA5LCJleHAiOjE2MjA1ODA5MDl9.Xeo2ts4Pq6aUU49OCqmVncwwFYqByOpstBs27AP3jGU","user-agent":"PostmanRuntime/7.26.8","accept":"*/*","postman-token":"b7550f03-f068-4d40-8f22-b28b657bdb61","host":"localhost:3001","accept-encoding":"gzip, deflate, br","connection":"keep-alive","content-type":"multipart/form-data; boundary=--------------------------954198372051123948444171","content-length":"20948"},"body":{},"params":{}}},"stack" : Error: {"data":{},"request":{"url":"/User/ChangeAvatar","header":{"authorization":"Bearer eyJhbGciOiJIUzI1NiIsInR5cCI6IkpXVCJ9.eyJkYXRhIjp7ImlkIjoiNjA5N2QzZGQzNjVjYTEyMGI4YWUzOTk3IiwidXNlcm5hbWUiOiJhZG1pbiIsImxldmVsIjowLCJ0eXBlIjowLCJjcmVhdHRpbWUiOiIyMDIxLTA1LTA5VDEyOjIxOjQ5LjY5NVoifSwiaWF0IjoxNjIwNTYyOTA5LCJleHAiOjE2MjA1ODA5MDl9.Xeo2ts4Pq6aUU49OCqmVncwwFYqByOpstBs27AP3jGU","user-agent":"PostmanRuntime/7.26.8","accept":"*/*","postman-token":"b7550f03-f068-4d40-8f22-b28b657bdb61","host":"localhost:3001","accept-encoding":"gzip, deflate, br","connection":"keep-alive","content-type":"multipart/form-data; boundary=--------------------------954198372051123948444171","content-length":"20948"},"body":{},"params":{}}}
    at Object.exports.LogError (G:\REACT\serve-xemphim\api\FuncLib\FuncLog.js:23:19)
    at G:\REACT\serve-xemphim\api\controller\uploadfile.js:33:17
    at processTicksAndRejections (internal/process/task_queues.js:97:5)}
{"timestamp":"2021-05-09 19:29:36","level":"info",message:{"data":"Server Start"}}
{"timestamp":"2021-05-09 19:29:49","level":"error",message:{"data":{},"request":{"url":"/User/ChangeAvatar","header":{"authorization":"Bearer eyJhbGciOiJIUzI1NiIsInR5cCI6IkpXVCJ9.eyJkYXRhIjp7ImlkIjoiNjA5N2QzZGQzNjVjYTEyMGI4YWUzOTk3IiwidXNlcm5hbWUiOiJhZG1pbiIsImxldmVsIjowLCJ0eXBlIjowLCJjcmVhdHRpbWUiOiIyMDIxLTA1LTA5VDEyOjIxOjQ5LjY5NVoifSwiaWF0IjoxNjIwNTYyOTA5LCJleHAiOjE2MjA1ODA5MDl9.Xeo2ts4Pq6aUU49OCqmVncwwFYqByOpstBs27AP3jGU","user-agent":"PostmanRuntime/7.26.8","accept":"*/*","postman-token":"0a695944-3e6b-42ca-a362-da7aaac88640","host":"localhost:3001","accept-encoding":"gzip, deflate, br","connection":"keep-alive","content-type":"multipart/form-data; boundary=--------------------------802657609631502885091207","content-length":"578806"},"body":{},"params":{}}},"stack" : Error: {"data":{},"request":{"url":"/User/ChangeAvatar","header":{"authorization":"Bearer eyJhbGciOiJIUzI1NiIsInR5cCI6IkpXVCJ9.eyJkYXRhIjp7ImlkIjoiNjA5N2QzZGQzNjVjYTEyMGI4YWUzOTk3IiwidXNlcm5hbWUiOiJhZG1pbiIsImxldmVsIjowLCJ0eXBlIjowLCJjcmVhdHRpbWUiOiIyMDIxLTA1LTA5VDEyOjIxOjQ5LjY5NVoifSwiaWF0IjoxNjIwNTYyOTA5LCJleHAiOjE2MjA1ODA5MDl9.Xeo2ts4Pq6aUU49OCqmVncwwFYqByOpstBs27AP3jGU","user-agent":"PostmanRuntime/7.26.8","accept":"*/*","postman-token":"0a695944-3e6b-42ca-a362-da7aaac88640","host":"localhost:3001","accept-encoding":"gzip, deflate, br","connection":"keep-alive","content-type":"multipart/form-data; boundary=--------------------------802657609631502885091207","content-length":"578806"},"body":{},"params":{}}}
    at Object.exports.LogError (G:\REACT\serve-xemphim\api\FuncLib\FuncLog.js:23:19)
    at G:\REACT\serve-xemphim\api\controller\uploadfile.js:33:17
    at processTicksAndRejections (internal/process/task_queues.js:97:5)}
{"timestamp":"2021-05-09 19:31:33","level":"info",message:{"data":"Server Start"}}
{"timestamp":"2021-05-09 19:31:45","level":"info",message:{"data":"Server Start"}}
{"timestamp":"2021-05-09 19:31:48","level":"error",message:{"data":{},"request":{"url":"/User/ChangeAvatar","header":{"authorization":"Bearer eyJhbGciOiJIUzI1NiIsInR5cCI6IkpXVCJ9.eyJkYXRhIjp7ImlkIjoiNjA5N2QzZGQzNjVjYTEyMGI4YWUzOTk3IiwidXNlcm5hbWUiOiJhZG1pbiIsImxldmVsIjowLCJ0eXBlIjowLCJjcmVhdHRpbWUiOiIyMDIxLTA1LTA5VDEyOjIxOjQ5LjY5NVoifSwiaWF0IjoxNjIwNTYyOTA5LCJleHAiOjE2MjA1ODA5MDl9.Xeo2ts4Pq6aUU49OCqmVncwwFYqByOpstBs27AP3jGU","user-agent":"PostmanRuntime/7.26.8","accept":"*/*","postman-token":"b65b349a-6e54-4ac5-b6ed-46c0f827208c","host":"localhost:3001","accept-encoding":"gzip, deflate, br","connection":"keep-alive","content-type":"multipart/form-data; boundary=--------------------------752689055909417548353062","content-length":"578806"},"body":{},"params":{}}},"stack" : Error: {"data":{},"request":{"url":"/User/ChangeAvatar","header":{"authorization":"Bearer eyJhbGciOiJIUzI1NiIsInR5cCI6IkpXVCJ9.eyJkYXRhIjp7ImlkIjoiNjA5N2QzZGQzNjVjYTEyMGI4YWUzOTk3IiwidXNlcm5hbWUiOiJhZG1pbiIsImxldmVsIjowLCJ0eXBlIjowLCJjcmVhdHRpbWUiOiIyMDIxLTA1LTA5VDEyOjIxOjQ5LjY5NVoifSwiaWF0IjoxNjIwNTYyOTA5LCJleHAiOjE2MjA1ODA5MDl9.Xeo2ts4Pq6aUU49OCqmVncwwFYqByOpstBs27AP3jGU","user-agent":"PostmanRuntime/7.26.8","accept":"*/*","postman-token":"b65b349a-6e54-4ac5-b6ed-46c0f827208c","host":"localhost:3001","accept-encoding":"gzip, deflate, br","connection":"keep-alive","content-type":"multipart/form-data; boundary=--------------------------752689055909417548353062","content-length":"578806"},"body":{},"params":{}}}
    at Object.exports.LogError (G:\REACT\serve-xemphim\api\FuncLib\FuncLog.js:23:19)
    at G:\REACT\serve-xemphim\api\controller\uploadfile.js:34:17
    at processTicksAndRejections (internal/process/task_queues.js:97:5)}
{"timestamp":"2021-05-09 19:32:59","level":"info",message:{"data":"Server Start"}}
{"timestamp":"2021-05-09 19:33:02","level":"error",message:{"data":{},"request":{"url":"/User/ChangeAvatar","header":{"authorization":"Bearer eyJhbGciOiJIUzI1NiIsInR5cCI6IkpXVCJ9.eyJkYXRhIjp7ImlkIjoiNjA5N2QzZGQzNjVjYTEyMGI4YWUzOTk3IiwidXNlcm5hbWUiOiJhZG1pbiIsImxldmVsIjowLCJ0eXBlIjowLCJjcmVhdHRpbWUiOiIyMDIxLTA1LTA5VDEyOjIxOjQ5LjY5NVoifSwiaWF0IjoxNjIwNTYyOTA5LCJleHAiOjE2MjA1ODA5MDl9.Xeo2ts4Pq6aUU49OCqmVncwwFYqByOpstBs27AP3jGU","user-agent":"PostmanRuntime/7.26.8","accept":"*/*","postman-token":"ee710a72-095d-4e04-b8d7-9efaa12b718c","host":"localhost:3001","accept-encoding":"gzip, deflate, br","connection":"keep-alive","content-type":"multipart/form-data; boundary=--------------------------449396675739022059228065","content-length":"578806"},"body":{},"params":{}}},"stack" : Error: {"data":{},"request":{"url":"/User/ChangeAvatar","header":{"authorization":"Bearer eyJhbGciOiJIUzI1NiIsInR5cCI6IkpXVCJ9.eyJkYXRhIjp7ImlkIjoiNjA5N2QzZGQzNjVjYTEyMGI4YWUzOTk3IiwidXNlcm5hbWUiOiJhZG1pbiIsImxldmVsIjowLCJ0eXBlIjowLCJjcmVhdHRpbWUiOiIyMDIxLTA1LTA5VDEyOjIxOjQ5LjY5NVoifSwiaWF0IjoxNjIwNTYyOTA5LCJleHAiOjE2MjA1ODA5MDl9.Xeo2ts4Pq6aUU49OCqmVncwwFYqByOpstBs27AP3jGU","user-agent":"PostmanRuntime/7.26.8","accept":"*/*","postman-token":"ee710a72-095d-4e04-b8d7-9efaa12b718c","host":"localhost:3001","accept-encoding":"gzip, deflate, br","connection":"keep-alive","content-type":"multipart/form-data; boundary=--------------------------449396675739022059228065","content-length":"578806"},"body":{},"params":{}}}
    at Object.exports.LogError (G:\REACT\serve-xemphim\api\FuncLib\FuncLog.js:23:19)
    at G:\REACT\serve-xemphim\api\controller\uploadfile.js:34:17
    at processTicksAndRejections (internal/process/task_queues.js:97:5)}
{"timestamp":"2021-05-09 19:33:23","level":"info",message:{"data":"Server Start"}}
{"timestamp":"2021-05-09 19:33:26","level":"error",message:{"data":{},"request":{"url":"/User/ChangeAvatar","header":{"authorization":"Bearer eyJhbGciOiJIUzI1NiIsInR5cCI6IkpXVCJ9.eyJkYXRhIjp7ImlkIjoiNjA5N2QzZGQzNjVjYTEyMGI4YWUzOTk3IiwidXNlcm5hbWUiOiJhZG1pbiIsImxldmVsIjowLCJ0eXBlIjowLCJjcmVhdHRpbWUiOiIyMDIxLTA1LTA5VDEyOjIxOjQ5LjY5NVoifSwiaWF0IjoxNjIwNTYyOTA5LCJleHAiOjE2MjA1ODA5MDl9.Xeo2ts4Pq6aUU49OCqmVncwwFYqByOpstBs27AP3jGU","user-agent":"PostmanRuntime/7.26.8","accept":"*/*","postman-token":"92dd3322-bc50-4bdf-9ca3-53c28f2d6f4c","host":"localhost:3001","accept-encoding":"gzip, deflate, br","connection":"keep-alive","content-type":"multipart/form-data; boundary=--------------------------360948197825697887847413","content-length":"578806"},"body":{},"params":{}}},"stack" : Error: {"data":{},"request":{"url":"/User/ChangeAvatar","header":{"authorization":"Bearer eyJhbGciOiJIUzI1NiIsInR5cCI6IkpXVCJ9.eyJkYXRhIjp7ImlkIjoiNjA5N2QzZGQzNjVjYTEyMGI4YWUzOTk3IiwidXNlcm5hbWUiOiJhZG1pbiIsImxldmVsIjowLCJ0eXBlIjowLCJjcmVhdHRpbWUiOiIyMDIxLTA1LTA5VDEyOjIxOjQ5LjY5NVoifSwiaWF0IjoxNjIwNTYyOTA5LCJleHAiOjE2MjA1ODA5MDl9.Xeo2ts4Pq6aUU49OCqmVncwwFYqByOpstBs27AP3jGU","user-agent":"PostmanRuntime/7.26.8","accept":"*/*","postman-token":"92dd3322-bc50-4bdf-9ca3-53c28f2d6f4c","host":"localhost:3001","accept-encoding":"gzip, deflate, br","connection":"keep-alive","content-type":"multipart/form-data; boundary=--------------------------360948197825697887847413","content-length":"578806"},"body":{},"params":{}}}
    at Object.exports.LogError (G:\REACT\serve-xemphim\api\FuncLib\FuncLog.js:23:19)
    at G:\REACT\serve-xemphim\api\controller\uploadfile.js:34:17
    at processTicksAndRejections (internal/process/task_queues.js:97:5)}
{"timestamp":"2021-05-09 19:35:31","level":"info",message:{"data":"Server Start"}}
{"timestamp":"2021-05-09 19:36:42","level":"info",message:{"data":"Server Start"}}
{"timestamp":"2021-05-09 19:36:45","level":"error",message:{"data":{},"request":{"url":"/User/ChangeAvatar","header":{"authorization":"Bearer eyJhbGciOiJIUzI1NiIsInR5cCI6IkpXVCJ9.eyJkYXRhIjp7ImlkIjoiNjA5N2QzZGQzNjVjYTEyMGI4YWUzOTk3IiwidXNlcm5hbWUiOiJhZG1pbiIsImxldmVsIjowLCJ0eXBlIjowLCJjcmVhdHRpbWUiOiIyMDIxLTA1LTA5VDEyOjIxOjQ5LjY5NVoifSwiaWF0IjoxNjIwNTYyOTA5LCJleHAiOjE2MjA1ODA5MDl9.Xeo2ts4Pq6aUU49OCqmVncwwFYqByOpstBs27AP3jGU","user-agent":"PostmanRuntime/7.26.8","accept":"*/*","postman-token":"2de5c3aa-56be-4b9e-af20-b8bd6730e4e6","host":"localhost:3001","accept-encoding":"gzip, deflate, br","connection":"keep-alive","content-type":"multipart/form-data; boundary=--------------------------033328850361962461828625","content-length":"578806"},"body":{},"params":{}}},"stack" : Error: {"data":{},"request":{"url":"/User/ChangeAvatar","header":{"authorization":"Bearer eyJhbGciOiJIUzI1NiIsInR5cCI6IkpXVCJ9.eyJkYXRhIjp7ImlkIjoiNjA5N2QzZGQzNjVjYTEyMGI4YWUzOTk3IiwidXNlcm5hbWUiOiJhZG1pbiIsImxldmVsIjowLCJ0eXBlIjowLCJjcmVhdHRpbWUiOiIyMDIxLTA1LTA5VDEyOjIxOjQ5LjY5NVoifSwiaWF0IjoxNjIwNTYyOTA5LCJleHAiOjE2MjA1ODA5MDl9.Xeo2ts4Pq6aUU49OCqmVncwwFYqByOpstBs27AP3jGU","user-agent":"PostmanRuntime/7.26.8","accept":"*/*","postman-token":"2de5c3aa-56be-4b9e-af20-b8bd6730e4e6","host":"localhost:3001","accept-encoding":"gzip, deflate, br","connection":"keep-alive","content-type":"multipart/form-data; boundary=--------------------------033328850361962461828625","content-length":"578806"},"body":{},"params":{}}}
    at Object.exports.LogError (G:\REACT\serve-xemphim\api\FuncLib\FuncLog.js:23:19)
    at G:\REACT\serve-xemphim\api\controller\uploadfile.js:34:17
    at processTicksAndRejections (internal/process/task_queues.js:97:5)}
{"timestamp":"2021-05-09 19:36:58","level":"info",message:{"data":"Server Start"}}
{"timestamp":"2021-05-09 19:37:19","level":"info",message:{"data":"Server Start"}}
{"timestamp":"2021-05-09 19:38:07","level":"info",message:{"data":"Server Start"}}
{"timestamp":"2021-05-09 19:38:20","level":"error",message:{"data":{},"request":{"url":"/User/ChangeAvatar","header":{"authorization":"Bearer eyJhbGciOiJIUzI1NiIsInR5cCI6IkpXVCJ9.eyJkYXRhIjp7ImlkIjoiNjA5N2QzZGQzNjVjYTEyMGI4YWUzOTk3IiwidXNlcm5hbWUiOiJhZG1pbiIsImxldmVsIjowLCJ0eXBlIjowLCJjcmVhdHRpbWUiOiIyMDIxLTA1LTA5VDEyOjIxOjQ5LjY5NVoifSwiaWF0IjoxNjIwNTYyOTA5LCJleHAiOjE2MjA1ODA5MDl9.Xeo2ts4Pq6aUU49OCqmVncwwFYqByOpstBs27AP3jGU","user-agent":"PostmanRuntime/7.26.8","accept":"*/*","postman-token":"bc04106a-1135-41fc-bbe0-1860036ec1c4","host":"localhost:3001","accept-encoding":"gzip, deflate, br","connection":"keep-alive","content-type":"multipart/form-data; boundary=--------------------------162169217483743132686934","content-length":"578806"},"body":{},"params":{}}},"stack" : Error: {"data":{},"request":{"url":"/User/ChangeAvatar","header":{"authorization":"Bearer eyJhbGciOiJIUzI1NiIsInR5cCI6IkpXVCJ9.eyJkYXRhIjp7ImlkIjoiNjA5N2QzZGQzNjVjYTEyMGI4YWUzOTk3IiwidXNlcm5hbWUiOiJhZG1pbiIsImxldmVsIjowLCJ0eXBlIjowLCJjcmVhdHRpbWUiOiIyMDIxLTA1LTA5VDEyOjIxOjQ5LjY5NVoifSwiaWF0IjoxNjIwNTYyOTA5LCJleHAiOjE2MjA1ODA5MDl9.Xeo2ts4Pq6aUU49OCqmVncwwFYqByOpstBs27AP3jGU","user-agent":"PostmanRuntime/7.26.8","accept":"*/*","postman-token":"bc04106a-1135-41fc-bbe0-1860036ec1c4","host":"localhost:3001","accept-encoding":"gzip, deflate, br","connection":"keep-alive","content-type":"multipart/form-data; boundary=--------------------------162169217483743132686934","content-length":"578806"},"body":{},"params":{}}}
    at Object.exports.LogError (G:\REACT\serve-xemphim\api\FuncLib\FuncLog.js:23:19)
    at G:\REACT\serve-xemphim\api\controller\uploadfile.js:34:17
    at processTicksAndRejections (internal/process/task_queues.js:97:5)}
{"timestamp":"2021-05-09 19:39:20","level":"info",message:{"data":"Server Start"}}
{"timestamp":"2021-05-09 19:39:32","level":"info",message:{"data":"Server Start"}}
{"timestamp":"2021-05-09 19:41:27","level":"info",message:{"data":"Server Start"}}
{"timestamp":"2021-05-09 19:41:32","level":"error",message:{"data":{},"request":{"url":"/User/ChangeAvatar","header":{"authorization":"Bearer eyJhbGciOiJIUzI1NiIsInR5cCI6IkpXVCJ9.eyJkYXRhIjp7ImlkIjoiNjA5N2QzZGQzNjVjYTEyMGI4YWUzOTk3IiwidXNlcm5hbWUiOiJhZG1pbiIsImxldmVsIjowLCJ0eXBlIjowLCJjcmVhdHRpbWUiOiIyMDIxLTA1LTA5VDEyOjIxOjQ5LjY5NVoifSwiaWF0IjoxNjIwNTYyOTA5LCJleHAiOjE2MjA1ODA5MDl9.Xeo2ts4Pq6aUU49OCqmVncwwFYqByOpstBs27AP3jGU","user-agent":"PostmanRuntime/7.26.8","accept":"*/*","postman-token":"ef0c8f2f-6129-4efd-8e86-ba659059aed6","host":"localhost:3001","accept-encoding":"gzip, deflate, br","connection":"keep-alive","content-type":"multipart/form-data; boundary=--------------------------470837100531571595495794","content-length":"578806"},"body":{},"params":{}}},"stack" : Error: {"data":{},"request":{"url":"/User/ChangeAvatar","header":{"authorization":"Bearer eyJhbGciOiJIUzI1NiIsInR5cCI6IkpXVCJ9.eyJkYXRhIjp7ImlkIjoiNjA5N2QzZGQzNjVjYTEyMGI4YWUzOTk3IiwidXNlcm5hbWUiOiJhZG1pbiIsImxldmVsIjowLCJ0eXBlIjowLCJjcmVhdHRpbWUiOiIyMDIxLTA1LTA5VDEyOjIxOjQ5LjY5NVoifSwiaWF0IjoxNjIwNTYyOTA5LCJleHAiOjE2MjA1ODA5MDl9.Xeo2ts4Pq6aUU49OCqmVncwwFYqByOpstBs27AP3jGU","user-agent":"PostmanRuntime/7.26.8","accept":"*/*","postman-token":"ef0c8f2f-6129-4efd-8e86-ba659059aed6","host":"localhost:3001","accept-encoding":"gzip, deflate, br","connection":"keep-alive","content-type":"multipart/form-data; boundary=--------------------------470837100531571595495794","content-length":"578806"},"body":{},"params":{}}}
    at Object.exports.LogError (G:\REACT\serve-xemphim\api\FuncLib\FuncLog.js:23:19)
    at G:\REACT\serve-xemphim\api\controller\uploadfile.js:34:17
    at processTicksAndRejections (internal/process/task_queues.js:97:5)}
{"timestamp":"2021-05-09 19:42:55","level":"info",message:{"data":"Server Start"}}
{"timestamp":"2021-05-09 19:43:25","level":"info",message:{"data":"Server Start"}}
{"timestamp":"2021-05-09 19:46:04","level":"info",message:{"data":"Server Start"}}
{"timestamp":"2021-05-09 19:46:07","level":"error",message:{"data":{},"request":{"url":"/User/ChangeAvatar","header":{"authorization":"Bearer eyJhbGciOiJIUzI1NiIsInR5cCI6IkpXVCJ9.eyJkYXRhIjp7ImlkIjoiNjA5N2QzZGQzNjVjYTEyMGI4YWUzOTk3IiwidXNlcm5hbWUiOiJhZG1pbiIsImxldmVsIjowLCJ0eXBlIjowLCJjcmVhdHRpbWUiOiIyMDIxLTA1LTA5VDEyOjIxOjQ5LjY5NVoifSwiaWF0IjoxNjIwNTYyOTA5LCJleHAiOjE2MjA1ODA5MDl9.Xeo2ts4Pq6aUU49OCqmVncwwFYqByOpstBs27AP3jGU","user-agent":"PostmanRuntime/7.26.8","accept":"*/*","postman-token":"4c9b579d-1db9-450c-b337-4b13a855cb0b","host":"localhost:3001","accept-encoding":"gzip, deflate, br","connection":"keep-alive","content-type":"multipart/form-data; boundary=--------------------------211245760467389698233702","content-length":"578806"},"body":{},"params":{}}},"stack" : Error: {"data":{},"request":{"url":"/User/ChangeAvatar","header":{"authorization":"Bearer eyJhbGciOiJIUzI1NiIsInR5cCI6IkpXVCJ9.eyJkYXRhIjp7ImlkIjoiNjA5N2QzZGQzNjVjYTEyMGI4YWUzOTk3IiwidXNlcm5hbWUiOiJhZG1pbiIsImxldmVsIjowLCJ0eXBlIjowLCJjcmVhdHRpbWUiOiIyMDIxLTA1LTA5VDEyOjIxOjQ5LjY5NVoifSwiaWF0IjoxNjIwNTYyOTA5LCJleHAiOjE2MjA1ODA5MDl9.Xeo2ts4Pq6aUU49OCqmVncwwFYqByOpstBs27AP3jGU","user-agent":"PostmanRuntime/7.26.8","accept":"*/*","postman-token":"4c9b579d-1db9-450c-b337-4b13a855cb0b","host":"localhost:3001","accept-encoding":"gzip, deflate, br","connection":"keep-alive","content-type":"multipart/form-data; boundary=--------------------------211245760467389698233702","content-length":"578806"},"body":{},"params":{}}}
    at Object.exports.LogError (G:\REACT\serve-xemphim\api\FuncLib\FuncLog.js:23:19)
    at G:\REACT\serve-xemphim\api\controller\uploadfile.js:34:17
    at processTicksAndRejections (internal/process/task_queues.js:97:5)}
{"timestamp":"2021-05-09 19:46:22","level":"info",message:{"data":"Server Start"}}
{"timestamp":"2021-05-09 19:46:27","level":"error",message:{"data":{},"request":{"url":"/User/ChangeAvatar","header":{"authorization":"Bearer eyJhbGciOiJIUzI1NiIsInR5cCI6IkpXVCJ9.eyJkYXRhIjp7ImlkIjoiNjA5N2QzZGQzNjVjYTEyMGI4YWUzOTk3IiwidXNlcm5hbWUiOiJhZG1pbiIsImxldmVsIjowLCJ0eXBlIjowLCJjcmVhdHRpbWUiOiIyMDIxLTA1LTA5VDEyOjIxOjQ5LjY5NVoifSwiaWF0IjoxNjIwNTYyOTA5LCJleHAiOjE2MjA1ODA5MDl9.Xeo2ts4Pq6aUU49OCqmVncwwFYqByOpstBs27AP3jGU","user-agent":"PostmanRuntime/7.26.8","accept":"*/*","postman-token":"a018fb21-658e-4760-9e04-686e5b070a37","host":"localhost:3001","accept-encoding":"gzip, deflate, br","connection":"keep-alive","content-type":"multipart/form-data; boundary=--------------------------906585391152893256221012","content-length":"578806"},"body":{},"params":{}}},"stack" : Error: {"data":{},"request":{"url":"/User/ChangeAvatar","header":{"authorization":"Bearer eyJhbGciOiJIUzI1NiIsInR5cCI6IkpXVCJ9.eyJkYXRhIjp7ImlkIjoiNjA5N2QzZGQzNjVjYTEyMGI4YWUzOTk3IiwidXNlcm5hbWUiOiJhZG1pbiIsImxldmVsIjowLCJ0eXBlIjowLCJjcmVhdHRpbWUiOiIyMDIxLTA1LTA5VDEyOjIxOjQ5LjY5NVoifSwiaWF0IjoxNjIwNTYyOTA5LCJleHAiOjE2MjA1ODA5MDl9.Xeo2ts4Pq6aUU49OCqmVncwwFYqByOpstBs27AP3jGU","user-agent":"PostmanRuntime/7.26.8","accept":"*/*","postman-token":"a018fb21-658e-4760-9e04-686e5b070a37","host":"localhost:3001","accept-encoding":"gzip, deflate, br","connection":"keep-alive","content-type":"multipart/form-data; boundary=--------------------------906585391152893256221012","content-length":"578806"},"body":{},"params":{}}}
    at Object.exports.LogError (G:\REACT\serve-xemphim\api\FuncLib\FuncLog.js:23:19)
    at G:\REACT\serve-xemphim\api\controller\uploadfile.js:34:17
    at processTicksAndRejections (internal/process/task_queues.js:97:5)}
{"timestamp":"2021-05-09 19:46:44","level":"info",message:{"data":"Server Start"}}
{"timestamp":"2021-05-09 19:47:26","level":"info",message:{"data":"Server Start"}}
{"timestamp":"2021-05-09 19:48:32","level":"info",message:{"data":"Server Start"}}
{"timestamp":"2021-05-09 19:50:15","level":"info",message:{"data":"Server Start"}}
